#"Step","Potential Energy (kJ/mole)","Kinetic Energy (kJ/mole)","Total Energy (kJ/mole)","Temperature (K)","Box Volume (nm^3)","Speed (ns/day)"
5000,-776846.5250114007,148635.00667776002,-628211.5183336406,301.46684252559925,685.2565026849501,0
10000,-782568.4124406958,148429.237440489,-634139.1750002068,301.0494939908528,664.4150023999964,195
15000,-784780.8335189447,148263.9856431107,-636516.847875834,300.7143243784524,650.4839581775635,190
20000,-784065.8807622958,147708.13828946988,-636357.7424728259,299.5869348732896,636.2845902783802,186
25000,-788120.2319303984,148040.94799529447,-640079.2839351039,300.2619514351304,621.2521801242555,183
30000,-788797.6707649305,148953.00961015857,-639844.6611547719,302.11182745941034,608.9696873979104,185
35000,-791212.166200615,147894.41041300527,-643317.7557876097,299.96473866384946,598.154929970981,182
40000,-792194.2150596711,147545.78889943613,-644648.426160235,299.25765202738813,590.7435445917238,182
45000,-791439.4218565794,148510.4531075211,-642928.9687490582,301.21421851471183,586.6729257890108,183
50000,-793805.257214326,147585.92866285914,-646219.3285514668,299.3390649327954,583.8581471959848,181
55000,-792961.0612563761,148515.05932623518,-644446.0019301409,301.2235610124366,582.5161584006014,182
60000,-793148.129086433,148377.5439107914,-644770.5851756416,300.9446473229966,580.5355812798377,182
65000,-793705.5776547743,148559.05764943408,-645146.5200053402,301.31279998693975,580.6188847621436,182
70000,-793610.9597172383,147694.98791982443,-645915.9717974139,299.56026282271637,580.1083405566998,182
75000,-795040.8500883151,148495.14492272303,-646545.705165592,301.18316990618393,579.9740825484783,182
80000,-795512.9153766236,149300.66934129747,-646212.2460353262,302.8169633743094,579.5499771344997,181
85000,-793129.1160253431,147015.02889677713,-646114.0871285659,298.18114558575706,581.4831355095251,182
90000,-794118.998023767,146778.5972817801,-647340.4007419869,297.70160651861846,581.1980783135683,182
95000,-794510.9743470214,147887.63711644383,-646623.3372305776,299.9510008212409,581.1638170498904,182
100000,-793871.5399188343,147911.113012205,-645960.4269066293,299.9986154735947,581.4189060183603,182
105000,-793341.0306656533,148734.1249814179,-644606.9056842354,301.6678778180793,580.5504477227902,182
110000,-793283.1087752222,149952.29743106687,-643330.8113441553,304.1386187979853,580.7653090344793,182
115000,-794104.2537396704,149087.3047000938,-645016.9490395766,302.38420956934795,579.7625537719431,182
120000,-795145.1851031329,148401.76781025785,-646743.417292875,300.99377910324836,578.983061994308,182
125000,-793994.6752432669,148001.7236980833,-645992.9515451835,300.182395311073,579.8873886417874,182
130000,-795657.6414864948,148153.23651907124,-647504.4049674235,300.4896990396246,578.5017380873202,182
135000,-793367.8779848246,147742.62141055503,-645625.2565742696,299.6568747741671,579.5932424662154,182
140000,-795054.1886078268,147327.0893242493,-647727.0992835775,298.81407771830095,578.8323355301435,182
145000,-793765.8595744958,146906.37944750086,-646859.4801269949,297.9607788824644,581.0298483461063,182
150000,-793981.9335006773,147822.74182161217,-646159.1916790651,299.8193778606413,580.4896043761944,182
155000,-793575.5958955749,149670.44283226956,-643905.1530633053,303.5669512087009,580.2386546296065,182
160000,-793601.4822976743,147884.41180689604,-645717.0704907782,299.94445913293157,580.708850801142,182
165000,-793765.9364112611,147248.60822712013,-646517.328184141,298.65489954703224,580.9425841587826,182
170000,-792988.7483800538,147900.27896231937,-645088.4694177344,299.97664146569593,580.668638919832,182
175000,-795959.1787185976,146054.7159133798,-649904.4628052178,296.23340440814354,580.2261576086656,182
180000,-792675.2622217825,148131.16276274284,-644544.0994590396,300.4449282566729,581.120243833114,182
185000,-795073.7824736298,147325.13065474248,-647748.6518188873,298.8101050746756,580.3236826700349,182
190000,-793310.253565562,147505.82893757353,-645804.4246279884,299.17660380194366,578.5599279985055,182
195000,-794730.7073380775,147786.5201533197,-646944.1871847578,299.74591177606794,579.9956035058614,182
200000,-793298.092664957,148756.00149927658,-644542.0911656804,301.7122485549045,581.2973106199553,182
205000,-794722.1285347086,148277.8281232511,-646444.3004114575,300.7424001923129,580.233729703529,182
210000,-794370.3062328771,148323.88633052655,-646046.4199023505,300.8358170974558,579.9430071113601,182
215000,-792696.4719419042,147242.91942627664,-645453.5525156276,298.6433613174699,580.2950865476025,182
220000,-794525.5889861267,147730.03234995325,-646795.5566361735,299.6313411906943,579.6367562226493,182
225000,-793849.1626683879,148453.33300542802,-645395.8296629598,301.0983654784209,580.5305089051769,182
230000,-793418.4863504288,147763.06532683523,-645655.4210235935,299.6983398571755,579.7275144792497,182
235000,-793023.4927532258,147543.64463489107,-645479.8481183348,299.2533029532609,580.5184128764346,182
240000,-793932.8997980519,148213.10180517007,-645719.7979928819,300.61111995640925,580.3437088457757,182
245000,-795008.1905749193,148971.72881624394,-646036.4617586754,302.14979442344713,579.8474035679665,182
250000,-794561.2945393296,147531.6463131002,-647029.6482262294,299.2289675273963,580.0578458353948,182
255000,-793819.3759872643,147842.575346415,-645976.8006408494,299.8596049257998,580.9895420163496,182
260000,-793218.5511603183,147581.5700217454,-645636.9811385729,299.3302245808243,579.5671710282115,182
265000,-794378.8746493142,147579.82087860457,-646799.0537707097,299.3266769060767,579.7443400341682,181
270000,-795322.2216856303,148119.91510754672,-647202.3065780835,300.4221153596739,578.9024575080082,182
275000,-794347.8523919135,146859.16829793877,-647488.6840939748,297.86502353849386,580.4640991965678,181
280000,-795059.737814913,149008.6328777392,-646051.1049371739,302.2246445623479,581.9196253407234,181
285000,-794015.3968997756,147183.81645826215,-646831.5804415134,298.5234865615193,582.1991497896942,182
290000,-793113.6913477043,148080.351525278,-645033.3398224262,300.34187108551436,581.7370260449997,181
295000,-794597.3763899324,147386.82021882467,-647210.5561711077,298.9352260573857,580.3849816820391,181
300000,-793998.4838016159,148392.26033267938,-645606.2234689365,300.97449569680174,580.1047080837451,182
305000,-793724.7551065846,148171.46668659808,-645553.2884199866,300.5266741181467,580.4032921173741,181
310000,-794468.6578881689,148064.1632079339,-646404.494680235,300.30903736064283,580.229300624863,181
315000,-795162.3831620766,148639.91069617606,-646522.4724659005,301.4767890313425,578.7280593876412,182
320000,-794876.7596876756,147540.66001266503,-647336.0996750107,299.24724943559556,580.8936901831644,181
325000,-795352.3568845345,148117.27042002082,-647235.0864645137,300.4167513097389,581.7498370090663,181
330000,-794667.3851247351,147652.06806496478,-647015.3170597702,299.4732112363142,579.3664222992668,181
335000,-794773.8006289639,147613.4029560465,-647160.3976729173,299.39478927797455,581.3415406783331,181
340000,-793893.3483239803,147598.57015083413,-646294.7781731462,299.3647048513437,581.1072125263762,181
345000,-793397.254272176,148602.3590905103,-644794.8951816657,301.40062552016934,580.9701354293792,182
350000,-795771.0341215227,149280.6504773933,-646490.3836441294,302.77636039774933,579.1936208557244,182
355000,-794183.3977782531,147391.21600785758,-646792.1817703955,298.9441417540966,579.063800495976,182
360000,-794520.4064355148,147673.30036723375,-646847.106068281,299.51627535201374,580.569213752354,182
365000,-795355.5686441334,148446.25274924102,-646909.3158948924,301.0840050493088,580.5447109892376,182
370000,-794262.7876397013,147432.78002020065,-646830.0076195006,299.0284433721597,580.4361265028499,182
375000,-793545.0793860452,148132.1355173291,-645412.9438687161,300.4469012323549,579.713501256376,182
380000,-792583.5264280732,147489.0810360983,-645094.4453919749,299.14263510850117,579.947499855918,182
385000,-794005.3770801141,147410.81205712288,-646594.5650229913,298.9838871628669,581.1785410124853,182
390000,-794237.6045258483,148160.56012274796,-646077.0444031004,300.5045530348286,581.4469955203679,182
395000,-794142.2943716501,147158.8994073979,-646983.3949642521,298.4729489067837,580.7372546059007,182
400000,-793885.4406026257,148190.44459398824,-645694.9960086375,300.5651657894328,580.7151524986397,182
405000,-794030.1834477969,148767.25260081032,-645262.9308469866,301.73506844188887,579.848477542322,182
410000,-793446.0761838132,148597.86849303346,-644848.2076907797,301.3915175295778,580.8458296635662,182
415000,-794679.840432385,148928.0631626621,-645751.7772697229,302.06123018137276,580.4659051960094,182
420000,-793450.1875813943,147636.51509703667,-645813.6724843576,299.4416661498774,580.8289860069414,182
425000,-795512.8830730696,148659.94320598769,-646852.9398670819,301.5174196850207,580.0444954781756,182
430000,-794000.113445777,148368.8509577969,-645631.2624879801,300.92701596447586,579.3320761309486,182
435000,-794650.1071811505,147774.89283229542,-646875.2143488551,299.72232882724205,580.9167550232137,182
440000,-793028.5418807701,148076.00602353303,-644952.5358572371,300.3330573832814,581.2671424229311,182
445000,-794253.8687902656,148155.4711011834,-646098.3976890822,300.4942312990753,578.9179125308605,182
450000,-794480.9111370235,149341.81705487327,-645139.0940821501,302.9004206403069,578.9491048417482,182
455000,-794030.6156285363,147633.08855940448,-646397.5270691318,299.43471632356216,579.181366660558,182
460000,-794383.6273916932,147912.0528222284,-646471.5745694648,300.0005216299348,581.5571922147502,182
465000,-793079.1180928922,148928.81424248044,-644150.3038504118,302.0627535483533,579.1058349637417,183
470000,-794668.1916084266,147982.24814750504,-646685.9434609215,300.1428943020543,579.7719136209406,182
475000,-794633.002107942,148350.32050936803,-646282.6815985739,300.88943184547657,579.9511658982636,183
480000,-794789.0295340866,147461.63507472846,-647327.3944593582,299.0869682269287,579.194310570484,182
485000,-794178.4477666887,148252.02594022726,-645926.4218264613,300.69006728083855,580.7140697282782,183
490000,-796245.1524488064,148412.0356935648,-647833.1167552416,301.0146047918204,578.7626931046136,183
495000,-793727.4082774394,147757.1097058485,-645970.2985715909,299.68626045344496,580.7956189714071,183
500000,-792850.8619211358,148046.08825400594,-644804.7736671299,300.2723770918996,582.0525875214352,183
505000,-792824.1599089364,148862.33821279195,-643961.8216961444,301.9279244847177,581.7417944589879,183
510000,-793906.4791907188,149341.32992330223,-644565.1492674167,302.8994326226124,580.0300022086561,182
515000,-793880.3042130223,148469.28931510105,-645411.0148979214,301.13072863702666,578.9276125415927,182
520000,-795796.834266163,147493.4297817138,-648303.4044844492,299.1514553900684,578.6978738592758,182
525000,-794143.4366689478,148360.915202077,-645782.5214668708,300.91092038057946,580.4513729037601,182
530000,-792541.7759235757,147949.06713309104,-644592.7087904847,300.07559538055,579.7592119194503,182
535000,-792961.45318603,148902.43582308124,-644059.0173629487,302.0092518936298,580.1470341313423,182
540000,-794146.4032707214,148254.36406423204,-645892.0392064895,300.6948095476632,579.4389206164802,182
545000,-793497.4762867806,149052.02550021728,-644445.4507865633,302.3126550329616,580.2944308159308,182
550000,-793381.1645621527,147678.2104855567,-645702.9540765961,299.5262342298066,579.3243872895664,182
555000,-795440.042287284,148359.56616309335,-647080.4761241907,300.90818421140943,579.6437881549795,182
560000,-794321.3262999323,146921.39265228336,-647399.9336476489,297.9912292019627,578.3990415108045,182
565000,-794421.4126485791,147200.0522763374,-647221.3603722417,298.5564166290745,577.2264708760272,182
570000,-793358.0205556848,147171.47718420695,-646186.5433714779,298.498459604064,579.5717783617091,182
575000,-793319.9885612009,148202.15258577775,-645117.8359754232,300.58891235759324,581.5024519972052,182
580000,-794193.3137714704,147970.03307094192,-646223.2807005285,300.1181192463995,581.8701600834488,183
585000,-793616.2503285753,148646.26872673456,-644969.9816018407,301.48968461657506,580.9329163250154,183
590000,-794426.9452029616,147325.11441215652,-647101.830790805,298.81007213088117,580.0351270298667,183
595000,-795862.6300234967,148085.93412037843,-647776.6959031182,300.3531939047858,578.6534866905698,183
600000,-795684.4479319006,147976.04862148972,-647708.399310411,300.13032020141156,578.4557781522835,183
605000,-795165.1665735794,147069.78074952494,-648095.3858240545,298.2921952539291,580.9077723906166,183
610000,-796262.7130200728,147707.91429321066,-648554.7987268621,299.5864805560563,579.9193743218873,183
615000,-795873.2441581162,148207.15621577983,-647666.0879423363,300.599060899122,580.480443910168,183
620000,-794234.7229502527,147357.7704018394,-646876.9525484133,298.8763061784269,580.9748736037409,183
625000,-793613.2483884734,148073.08365203775,-645540.1647364356,300.3271301247771,581.5767469290311,183
630000,-793553.1341582984,147754.7789832179,-645798.3551750805,299.6815331983524,581.3667563608152,183
635000,-793694.3504521949,147756.48746807483,-645937.8629841201,299.68499840851274,580.2002467419505,183
640000,-794245.2987019615,147987.81258011505,-646257.4861218465,300.1541802835123,580.2835020856913,183
645000,-794935.1023191833,147363.73890010954,-647571.3634190738,298.8884117003247,579.1833676236225,183
650000,-795396.427367982,149026.705207137,-646369.722160845,302.2612995079251,578.1590829941297,183
655000,-794756.9512394387,147447.23106546723,-647309.7201739715,299.05775349959936,579.958834020265,183
660000,-792974.1676771538,148171.56055996811,-644802.6071171857,300.5268645154769,580.6052836604265,183
665000,-794473.4804144427,147592.263304665,-646881.2171097777,299.3519130801223,580.6335771098131,183
670000,-794685.7528823991,147792.5077886306,-646893.2450937685,299.75805611239707,580.8191127485395,183
675000,-794998.9960688944,147902.60568711627,-647096.3903817781,299.98136061223903,580.8957497910801,183
680000,-794780.6869556876,147218.18998623308,-647562.4969694545,298.5932041817184,579.5843641845297,183
685000,-794580.8683950827,148472.78965277367,-646108.078742309,301.1378281472264,579.858280412825,183
690000,-792774.1081261821,147447.11215410026,-645326.9959720818,299.0575123193071,581.7496486779195,183
695000,-793351.0260156426,147958.3719917899,-645392.6540238527,300.0944678281301,582.5215178027452,183
700000,-793601.6860890207,147647.8279767254,-645953.8581122953,299.4646113375278,580.904820895933,183
705000,-794011.7059982778,149278.20781733797,-644733.4981809398,302.77140610716395,579.6567820404955,183
710000,-793818.9604172888,147862.21562152653,-645956.7447957622,299.89944003501495,579.5808320293152,183
715000,-793850.9450355791,147967.20485826774,-645883.7401773115,300.11238296418753,579.9597692288204,183
720000,-793365.1391164106,147296.4813653903,-646068.6577510203,298.75199756020345,580.6095987136752,183
725000,-792990.9863468637,148059.09875741834,-644931.8875894453,300.29876546077094,580.7838165729269,183
730000,-794024.3114763522,149116.67579965235,-644907.6356766998,302.4437810851256,580.1306996619762,183
735000,-793737.3062288379,147666.8992081841,-646070.4070206538,299.50329229203123,579.2654802018955,183
740000,-793906.8550181272,147763.81439086684,-646143.0406272605,299.6998591356652,580.917082168531,183
745000,-792734.5335977352,146759.8272520525,-645974.7063456827,297.6635364722508,580.625541386659,183
750000,-793452.7474507522,147371.62365257263,-646081.1237981796,298.9044038375895,581.1224794425372,183
755000,-794075.2559552998,148107.52965481702,-645967.7263004829,300.39699474097756,579.6869078818017,183
760000,-794449.3996768049,147637.9961616387,-646811.4035151661,299.4446700981338,580.4192100405558,183
765000,-795443.4318831749,146955.13391778976,-648488.2979653851,298.0596644447927,578.233322021054,183
770000,-793644.0436693751,148208.47620847003,-645435.5674609051,300.60173815555953,580.4729669507842,183
775000,-792296.9188542725,147684.59598260373,-644612.3228716687,299.5391855235547,579.4741967768559,183
780000,-794425.3901971332,148265.95071687447,-646159.4394802587,300.7183100114209,580.9873923227723,183
785000,-792798.8628279637,147897.04255599852,-644901.8202719651,299.97007727051414,582.4702994994014,183
790000,-793963.1196426675,148205.36799799686,-645757.7516446706,300.5954339717861,580.4237447928476,183
795000,-794609.6076884819,148482.5846327049,-646127.023055777,301.1576946762391,580.8032671773834,183
800000,-793453.3629310736,148334.65503248162,-645118.707898592,300.85765856434205,579.5578720558134,183
805000,-794669.3238038514,147707.81147213993,-646961.5123317115,299.58627201067907,580.69502123933,183
810000,-793180.4160090415,148060.5864979906,-645119.8295110508,300.3017829494692,579.3617761573315,183
815000,-792765.9277854525,148154.92865452688,-644610.9991309256,300.4931310893439,578.8339606327836,183
820000,-795589.7747337432,147093.33382850583,-648496.4409052373,298.3399664520528,581.0426853140028,183
825000,-793512.2330827201,147810.69272916933,-645701.5403535508,299.79493945992243,581.4275171567932,183
830000,-793004.1013821792,147640.59178453893,-645363.5095976403,299.44993463343815,581.0689163175595,183
835000,-794060.9314896609,148479.52975525364,-645581.4017344073,301.1514986644104,580.3389251590721,183
840000,-794583.643921318,148040.27578822582,-646543.3681330922,300.2605880406849,580.6844246536272,183
845000,-794022.0005780025,147943.59932767373,-646078.4012503289,300.064505381824,580.2530375975759,183
850000,-793653.2412980222,148562.34242163884,-645090.8988763834,301.31946227953904,581.957040885467,183
855000,-796174.6742458646,148960.96559079457,-647213.70865507,302.12796406420586,579.7745292826854,183
860000,-795698.6256752694,147703.8782153799,-647994.7474598895,299.57829443848533,579.4806950377476,183
865000,-794387.038064369,147395.80098785902,-646991.23707651,298.953441174704,580.3228388289517,183
870000,-794544.9595674565,147921.00918776926,-646623.9503796872,300.0186872512138,579.5809599712393,183
875000,-795432.1051392178,147301.1149119521,-648130.9902272657,298.7613954852475,580.3127150440496,183
880000,-793475.8481431399,147753.7323071233,-645722.1158360166,299.6794102924204,580.7291271087682,183
885000,-793980.7487508194,147380.65017479315,-646600.0985760263,298.9227117531582,580.970970658247,183
890000,-794321.5520028002,147549.05763182347,-646772.4943709767,299.2642817874554,581.1142230240157,183
895000,-793389.9668258578,147750.73770350555,-645639.2291223522,299.67333653013895,581.0892785819545,183
900000,-793906.1720306268,147553.69633708807,-646352.4756935388,299.2736901755652,581.8158024728956,183
905000,-794697.7813973678,148467.96475578033,-646229.8166415875,301.1280421183856,579.6454279878981,183
910000,-793598.7007778152,147800.57053994678,-645798.1302378684,299.77440927330906,581.2052310092138,183
915000,-794972.4838448032,147633.01291124927,-647339.4709335539,299.43456289126516,580.0293004527111,183
920000,-793513.2222443768,148192.37356001884,-645320.848684358,300.5690781874041,580.4837532823785,183
925000,-794249.7513198294,148885.44204137952,-645364.3092784499,301.97478449710803,581.1597341220765,183
930000,-793862.0468057296,148476.61669993424,-645385.4301057954,301.14559030130755,582.1004374448518,183
935000,-792562.5938766748,148322.71017965645,-644239.8836970183,300.8334315861481,582.8916353212536,183
940000,-794188.6155762379,148262.79130021017,-645925.8242760277,300.7119019694172,581.1802824829057,183
945000,-793511.4739197944,148266.86387127786,-645244.6100485165,300.720162103878,581.845859992863,183
950000,-794227.9694088637,148037.25451830158,-646190.7148905621,300.25446019284584,582.7583446050376,183
955000,-793532.5640315018,147744.43001495773,-645788.1340165441,299.660543050375,580.9232812386647,183
960000,-794850.641517071,147356.9401207511,-647493.70139632,298.8746221725948,579.1398919680178,183
965000,-793622.1838976708,148460.80961775256,-645161.3742799183,301.11352981124287,579.697760300526,183
970000,-792917.1447854126,148542.54305793927,-644374.6017274733,301.2793045011534,580.3067313047326,183
975000,-794245.4970224719,149622.07104214164,-644623.4259803302,303.46884181197726,580.4045126361451,183
980000,-795009.6317205727,146842.93349188872,-648166.698228684,297.8320955235644,578.1284701755734,183
985000,-794431.321742238,147380.5402919632,-647050.7814502749,298.9224888848681,578.3997248750999,183
990000,-794754.2722847722,148937.56762708287,-645816.7046576894,302.0805074764251,578.2572388828468,183
995000,-794655.1003989354,147281.93111388478,-647373.1692850506,298.72248621911785,578.3204707563175,183
1000000,-793051.4574344535,148909.41828015447,-644142.0391542991,302.0234139630776,578.7544385115701,183
1005000,-794424.3521183063,147386.3211973681,-647038.0309209382,298.9342139241996,581.5989206124939,183
1010000,-793943.5907965889,147014.34016088158,-646929.2506357073,298.179748666953,581.5627392822865,183
1015000,-792992.0760715324,147853.6568197142,-645138.4192518182,299.8820807667252,579.8269865626642,183
1020000,-794069.2431879933,147316.24968456384,-646752.9935034295,298.7920923729699,579.8394755133229,183
1025000,-794349.3191381451,147485.40898358717,-646863.9101545579,299.1351873201176,580.091837756805,183
1030000,-794888.7924527614,148827.87149046833,-646060.9209622932,301.85801784439553,581.0778338677864,183
1035000,-795237.1341294288,147050.4518506913,-648186.6822787374,298.25299168922976,580.723687950821,183
1040000,-793887.6434654691,147367.85295983532,-646519.7905056338,298.89675598356735,579.1020214171298,183
1045000,-794294.0496554491,148101.60645971837,-646192.4431957307,300.38498110459426,580.849840977747,183
1050000,-793790.5862686192,148634.32981964888,-645156.2564489703,301.46546969774283,580.9955508060941,183
1055000,-794154.371921937,147916.49043927365,-646237.8814826633,300.00952216371803,580.0084815660301,183
1060000,-793494.8143111812,147645.96017371956,-645848.8541374616,299.4608229925933,580.3566130461882,183
1065000,-794791.1132776402,148645.75812468893,-646145.3551529513,301.4886489952236,581.0671162588494,183
1070000,-793152.6745792096,147370.0970423607,-645782.577536849,298.90130751209625,580.377706753055,183
1075000,-794290.6281369226,147232.5269579831,-647058.1011789395,298.6222829411672,580.8757773743162,183
1080000,-794746.3940692791,149148.75956206117,-645597.6345072179,302.50885452082497,581.2516687465119,183
1085000,-794654.3121632845,147865.30048170075,-646789.0116815837,299.9056968588759,580.5456899278172,183
1090000,-794487.7257750062,146505.7576933087,-647981.9680816976,297.14822349606595,580.9366301449268,183
1095000,-796143.7103716941,148422.67257022028,-647721.0378014738,301.03617888591396,578.716469926511,183
1100000,-794047.1698695729,148080.1663321416,-645967.0035374312,300.34149547016415,580.1143505925374,183
1105000,-794599.7218772899,149072.19879516296,-645527.523082127,302.3535712320895,580.0688032945304,183
1110000,-793840.637743061,149261.83201824676,-644578.8057248142,302.73819212510006,582.2385216946674,183
1115000,-794610.4505366455,147330.45046733026,-647280.0000693152,298.8208949090458,581.318835699528,183
1120000,-794034.1672121002,148840.334707,-645193.8325051002,301.8832961864194,582.0441924613694,183
1125000,-794384.1317387521,149131.65339226404,-645252.4783464881,302.47415917474393,583.0381812009197,183
1130000,-793418.0138332858,148309.263313815,-645108.7505194708,300.8061581713739,581.119999931652,183
1135000,-792071.8163189618,148488.8930348625,-643582.9232840993,301.17048960337195,580.2053965205664,183
1140000,-793448.5290906513,147768.19134950562,-645680.3377411456,299.7087366398965,580.4374173628905,183
1145000,-795447.0311265425,147356.71132359141,-648090.3198029511,298.87415811800327,579.645468769641,183
1150000,-793605.6587215369,147828.08397142426,-645777.5747501126,299.8302130001696,581.4387838723475,183
1155000,-794312.4202058599,147916.48068125837,-646395.9395246016,300.009502372162,582.0816983353374,183
1160000,-794358.6542180255,149001.37053883623,-645357.2836791893,302.20991482655177,581.1744328846818,183
1165000,-795083.8191994792,148693.33425180858,-646390.4849476706,301.5851445997447,578.8878115576604,183
1170000,-793977.4401992722,148949.65916618827,-645027.781033084,302.1050319689848,581.0933081238356,183
1175000,-793114.0486021149,148453.68972061935,-644660.3588814955,301.0990889809444,580.4722220419659,183
1180000,-793156.9093067725,148186.64969394723,-644970.2596128252,300.55746883729057,580.5687800104969,183
1185000,-793922.0349216159,147278.74382163188,-646643.291099984,298.7160216388472,580.9276840778659,183
1190000,-794371.0453860713,147920.12891897227,-646450.916467099,300.01690185852107,578.2912445394484,183
1195000,-794346.583317189,148113.6554160131,-646232.9279011759,300.4094192291726,579.0359188477787,183
1200000,-794450.6102405777,147159.4059543864,-647291.2042861914,298.47397630352305,580.0856389535438,183
1205000,-794293.283402036,147189.56859096198,-647103.714811074,298.5351532430202,579.1937290294538,183
1210000,-795056.9430475384,147829.4299447548,-647227.5131027836,299.83294295147215,578.2316490423776,183
1215000,-796077.3423691746,147796.0694519739,-648281.2729172007,299.7652800055178,578.5466060179806,183
1220000,-793780.0718792654,147999.6071513202,-645780.4647279452,300.1781024551436,581.300458476386,183
1225000,-793565.6282439241,148157.4354300173,-645408.1928139068,300.4982154211504,580.3847017894643,183
1230000,-794665.2056319145,148018.68776319595,-646646.5178687186,300.21680243534485,582.3421756279952,183
1235000,-794704.6143778814,147637.1062124462,-647067.5081654352,299.4428650713163,578.8059429339182,183
1240000,-794666.258446605,148315.31072349902,-646350.9477231059,300.81842374422683,579.5736013271327,183
1245000,-794406.507676179,148283.5996648635,-646122.9080113156,300.7541062396653,579.8749655376688,183
1250000,-794241.1750998362,147079.55713783053,-647161.6179620057,298.312024074741,581.9291435781147,183
1255000,-794311.4656592542,148176.39853454658,-646135.0671247076,300.5366770687441,581.8850481338295,183
1260000,-794395.3945924048,148889.89325613718,-645505.5013362677,301.98381261025844,583.2648375873598,183
1265000,-794514.1353448583,148457.56075347163,-646056.5745913866,301.1069403483804,582.0869920821021,183
1270000,-793728.9264995554,148012.11015634786,-645716.8163432075,300.2034614976196,580.7550716296821,183
1275000,-793823.974951304,148649.3784181023,-645174.5965332018,301.4959918039518,580.1060429072033,183
1280000,-794294.5486500934,147963.34026519587,-646331.2083848976,300.1045446581447,581.6449299739807,183
1285000,-794186.0998514029,147645.39551825298,-646540.70433315,299.45967773815806,580.7666580115696,183
1290000,-793934.2534244624,147319.4646320768,-646614.7887923856,298.7986130446291,580.8946373852758,183
1295000,-794799.3084418154,149002.66566741304,-645796.6427744024,302.2125416527042,578.9269773336,183
1300000,-793296.4591855863,147456.18846046162,-645840.2707251247,299.0759212088528,582.3036411823929,183
1305000,-794680.3029822623,147484.75094044104,-647195.5520418213,299.13385265344687,581.7200947222032,183
1310000,-793098.9506037929,146924.88393588027,-646174.0666679126,297.9983103483618,582.0391225772561,183
1315000,-794476.0864709415,146478.7384617409,-647997.3480092007,297.09342212315744,580.3155326610315,183
1320000,-793371.1866869451,147694.60465372447,-645676.5820332207,299.55948546868933,579.4338923256407,183
1325000,-793705.96606977,147730.29786984232,-645975.6681999278,299.6318797276404,580.5602053344286,183
1330000,-793314.3118287562,147404.2194114098,-645910.0924173464,298.9705157227773,579.8291326360361,183
1335000,-795376.4719107356,147711.18186307867,-647665.290047657,299.5931079582602,579.0150936153343,183
1340000,-791432.1326657333,148827.8312809763,-642604.301384757,301.85793629006406,581.5185008473021,183
1345000,-795280.186615014,149145.9222406596,-646134.2643743544,302.5030997639661,580.0741210063502,183
1350000,-794944.1795649831,147588.78109008307,-647355.3984749,299.3448503278241,580.8301980803926,183
1355000,-794004.8441281803,147124.9039511701,-646879.9401770101,298.4039981052311,581.8276215184009,183
1360000,-794951.7608834454,147443.73978880062,-647508.0210946448,299.0506723672565,579.9121601814232,183
1365000,-793019.0211271988,147695.8972496395,-645323.1238775593,299.56210715800654,580.9297704919657,183
1370000,-794319.3493902343,147874.401176771,-646444.9482134633,299.92415521447424,580.9557470693078,183
1375000,-793621.4893332208,148005.97402131086,-645615.5153119098,300.19101596882894,581.1237080459599,183
1380000,-794195.6040033549,147900.63616200245,-646294.9678413525,299.9773659508829,579.4839566259275,183
1385000,-796183.1776472558,147380.46042517142,-648802.7172220844,298.92232689618123,578.4963144044757,183
1390000,-794544.8367847633,146640.08563378814,-647904.7511509751,297.4206722346535,578.8100859947505,183
1395000,-794026.2971959207,148101.66557893308,-645924.6316169876,300.38510101230236,578.5533826612041,183
1400000,-795893.7053455571,148011.83298602243,-647881.8723595346,300.2028993308413,578.005120782881,183
1405000,-793741.0993541535,147081.4427826553,-646659.6565714981,298.3158486070914,579.7858119537624,183
1410000,-795130.8511848412,148822.5143390969,-646308.3368457444,301.8471522781674,580.8042504338435,183
1415000,-793350.3521129633,147003.05402402408,-646347.2980889393,298.1568577200705,580.2754416856341,183
1420000,-793628.7138936291,146636.7421400143,-646991.9717536148,297.41389084086524,581.5061903799034,183
1425000,-792599.0176997413,149406.88786643994,-643192.1298333013,303.0323995902329,582.104857553628,183
1430000,-793787.9157465524,146055.123828341,-647732.7919182114,296.23423175587357,580.681126367934,183
1435000,-795667.2909399294,148205.44508805743,-647461.845851872,300.5955903286073,580.6622075461875,183
1440000,-793215.5753470198,148679.2942606348,-644536.281086385,301.5566681869342,581.7925433294569,183
1445000,-793248.0565269659,149004.45812732942,-644243.5983996366,302.21617718408686,581.3406473348857,183
1450000,-794674.3559755175,146780.5545830998,-647893.8013924178,297.70557638723767,580.1239876921054,183
1455000,-793728.0855999077,146731.9895937206,-646996.0960061871,297.6070751368749,581.4498632046901,183
1460000,-792941.1154409079,146740.2427664518,-646200.8726744561,297.6238145173191,582.7741694607612,183
1465000,-794110.6371108708,147354.75521677453,-646755.8818940963,298.8701906721175,580.5343692233549,183
1470000,-794161.2814021329,149109.00556244486,-645052.275839688,302.42822403538304,580.8526010664813,183
1475000,-795431.6075544422,147968.6597145582,-647462.9478398841,300.11533375580797,582.2810948241458,183
1480000,-794066.1350466204,148020.32793380012,-646045.8071128202,300.22012908809165,579.6298205803513,183
1485000,-795505.7815454896,148705.68210102228,-646800.0994444673,301.6101889496434,579.2691922501415,183
1490000,-793677.0266509932,147182.1153330704,-646494.9113179228,298.52003627849535,580.2491032365485,183
1495000,-794424.9348352947,148117.89244244035,-646307.0423928543,300.41801291788215,580.7160241710019,183
1500000,-794155.1829163316,148020.63477626094,-646134.5481400706,300.2207514369574,580.9053007280123,183
1505000,-794754.2936630868,148265.03989548422,-646489.2537676026,300.7164626508646,580.2088147277324,183
1510000,-793618.0583676859,146282.90576817276,-647335.1525995131,296.6962272421341,580.4707473174694,183
1515000,-795216.0582691925,147842.27233820804,-647373.7859309844,299.858990353705,579.603738763426,183
1520000,-794301.0624475144,149581.8207145111,-644719.2417330033,303.38720465628546,582.4019408857235,183
1525000,-795695.3761928966,148746.39589850028,-646948.9802943964,301.6927661314747,582.0883818505922,183
1530000,-794376.7664113352,148428.8042265625,-645947.9621847727,301.0486153308555,580.2129263916465,183
1535000,-794247.4825955736,148247.24637765094,-646000.2362179228,300.68037320088564,579.954107246912,183
1540000,-794446.5243979739,147957.10732569164,-646489.4170722823,300.0919027870674,580.9670909719016,183
1545000,-794020.2495687115,148143.96114229603,-645876.2884264155,300.47088638833776,580.6684592956283,183
1550000,-795245.2490136912,149037.35053928057,-646207.8984744106,302.28289075174234,581.1979284480788,183
1555000,-793286.2536009937,146501.76104315754,-646784.4925578361,297.14011734712653,581.045882927239,183
1560000,-793883.4815278524,148584.81558977015,-645298.6659380822,301.3650431638107,580.7845450886607,183
1565000,-793685.14539397,147031.43238533952,-646653.7130086304,298.2144157285978,581.3650543997403,183
1570000,-794601.9337005923,147834.2927672487,-646767.6409333436,299.84280590217105,581.094291611944,183
1575000,-794395.1588956402,147882.73223242455,-646512.4266632156,299.9410525598501,578.9494415459789,183
1580000,-793727.3794190525,148578.80355238135,-645148.5758666712,301.3528493343135,580.6488376082667,183
1585000,-794845.7703289748,147274.7108550442,-647571.0594739306,298.70784183161095,580.8542754544313,183
1590000,-793922.2260700674,148490.07857598114,-645432.1474940863,301.17289416031787,581.4285796489924,183
1595000,-794285.8165309462,147291.30739106343,-646994.5091398827,298.7415035202158,581.2255559758737,183
1600000,-793428.1093410631,147288.52867207566,-646139.5806689875,298.73586762287084,580.7652234988439,183
1605000,-793641.1798581034,148284.39341395907,-645356.7864441443,300.7557161500017,580.3769098320874,183
1610000,-794734.8294396852,147969.01420177225,-646765.8152379129,300.11605273946816,578.6235622141654,183
1615000,-793319.9224109752,147917.8087601415,-645402.1136508337,300.0121960293056,582.2712396746343,183
1620000,-794050.0623103543,147403.7152010685,-646646.3471092859,298.96949306530945,580.7723330061397,183
1625000,-794759.7690757047,148527.70500910148,-646232.0640666033,301.2492094392137,581.5736110048757,183
1630000,-793775.3170995833,148887.73251381092,-644887.5845857724,301.9794301153054,580.1298514811491,183
1635000,-793588.6112981946,147337.75244069065,-646250.858857504,298.8357050328677,581.3323515186061,183
1640000,-792780.5334368469,148939.3802487874,-643841.1531880596,302.08418390066845,581.0413684506092,183
1645000,-793096.8184336745,147778.35512562236,-645318.4633080522,299.7293511745376,580.5447427792541,183
1650000,-795576.0114433574,147786.42343427206,-647789.5880090854,299.7457156070324,579.9874464318112,183
1655000,-795090.293869162,149084.36748299107,-646005.9263861709,302.378252200451,578.3289444389853,183
1660000,-794169.9051981368,148276.86306779116,-645893.0421303457,300.7404428322746,580.2297065150699,183
1665000,-794223.3870419813,147668.78665649844,-646554.6003854829,299.50712048228377,580.2701705732435,183
1670000,-794026.6394293839,148115.32199086307,-645911.3174385208,300.4127994359563,580.6851034909209,183
1675000,-794163.1025968194,147905.90550723724,-646257.1970895822,299.98805342556074,581.8263366672883,183
1680000,-795119.5806064103,147283.5042929413,-647836.076313469,298.72567699720906,578.2110366547612,183
1685000,-793569.1541381571,148215.9036360899,-645353.2505020673,300.6168027302025,581.5910345201668,183
1690000,-794621.6638529166,147435.375849277,-647186.2880036396,299.0337083256379,581.0594631726827,183
1695000,-793029.4482439859,147326.47669396136,-645702.9715500246,298.81283515961525,580.3363962110529,183
1700000,-794669.5848314497,146972.34751067153,-647697.2373207782,298.0945776702204,579.1108342979633,183
1705000,-792840.797133245,148287.13655861898,-644553.6605746261,300.76127989422116,581.9865139813285,183
1710000,-794120.3466668976,149319.1857948164,-644801.1608720813,302.8545191083312,580.1253917320411,183
1715000,-794301.2795128403,148822.45845844827,-645478.821054392,301.84703893903503,581.4962458622697,183
1720000,-793113.8425363866,147527.883453445,-645585.9590829415,299.2213355607118,581.6382758438715,183
1725000,-794201.9285386773,148769.02640215377,-645432.9021365235,301.7386661292859,580.5281118136947,183
1730000,-792684.1780611258,148470.7598260669,-644213.4182350589,301.1337111800203,581.2086702145431,183
1735000,-792683.502131457,147484.42911261655,-645199.0730188404,299.13319991073,581.0082798108115,183
1740000,-794825.7460692329,146967.61186706048,-647858.1342021725,298.0849726682854,580.593440250763,183
1745000,-794443.4696014398,147744.3605965476,-646699.1090048922,299.66040225347,580.63521092634,183
1750000,-795035.9430093826,148381.74297836714,-646654.2000310154,300.95316402220436,580.3371863353314,183
1755000,-792811.1455007386,148322.8153691087,-644488.33013163,300.8336449351615,581.8198274267731,183
1760000,-793200.9938517231,148079.3035131261,-645121.690338597,300.33974546974304,582.1464480916073,183
1765000,-794203.7665909985,148523.02155528218,-645680.7450357163,301.239710290483,580.590339919412,183
1770000,-794802.3765319851,148001.53602027666,-646800.8405117085,300.18201465622565,582.0883303583357,183
1775000,-794231.8420336857,147466.60440041637,-646765.2376332693,299.09704719121913,580.2769627598003,183
1780000,-794888.4330962594,148993.69156842981,-645894.7415278296,302.19434006382244,577.5595996712002,183
1785000,-793768.8685770854,147989.90143019496,-645778.9671468905,300.15841696403714,579.8205820043885,183
1790000,-792459.0750543275,148996.4711038404,-643462.6039504871,302.19997761706543,580.9216140655275,183
1795000,-794467.5633451543,148391.27800068224,-646076.285344472,300.97250329587206,581.7564410715544,183
1800000,-791126.6161013525,148109.6756450783,-643016.9404562742,300.40134731526416,581.4073641408431,183
1805000,-793887.5235064295,147403.8648041014,-646483.6587023281,298.9697964955375,580.6648419669151,183
1810000,-793795.2215805096,148269.32815527823,-645525.8934252313,300.725160252923,581.7703604434738,183
1815000,-794555.34172568,147287.24800713267,-647268.0937185474,298.7332701323784,579.5987015496034,183
1820000,-793824.962584157,148260.10630637466,-645564.8562777824,300.7064561687819,579.2795633721641,183
1825000,-794142.4588628868,148063.7849513489,-646078.6739115379,300.30827016709344,579.3553294774798,183
1830000,-794349.4863499175,146825.24274101947,-647524.243608898,297.79621450922156,581.3891470589175,183
1835000,-793998.3975802967,147396.56656881416,-646601.8310114825,298.95499395340937,579.8915577265348,183
1840000,-794514.9681612803,148700.84129112575,-645814.1268701545,301.60037064568263,580.7487741029902,183
1845000,-793988.0398106333,148324.9493071324,-645663.0905035009,300.83797306466835,579.6065179244171,183
1850000,-794891.6073898827,148347.82712157164,-646543.780268311,300.8843746670704,579.1450220319865,183
1855000,-794144.9873703881,147843.7819541401,-646301.205416248,299.8620522107913,579.2758357183274,183
1860000,-793127.3219892662,147904.9575319481,-645222.3644573181,299.9861307081364,580.2422619107634,183
1865000,-794143.8097334411,147438.8145187708,-646704.9952146703,299.0406827582292,579.9424794446255,183
1870000,-794191.7548616002,147204.97620963678,-646986.7786519635,298.56640352689715,581.4999816900652,183
1875000,-794420.5856494782,148203.22499547445,-646217.3606540038,300.59108745733846,580.5799071338072,183
1880000,-794376.269072257,147903.08743259835,-646473.1816396586,299.982337705675,581.3463204749754,183
1885000,-795286.2482587504,147860.27800663107,-647425.9702521194,299.89551009510626,581.576766593537,183
1890000,-793408.4726239038,148237.23606962687,-645171.2365542769,300.660069935725,581.0127441032688,183
1895000,-795214.1429238808,148777.61245086615,-646436.5304730147,301.75608066071385,580.3070122600765,183
1900000,-794225.6652000868,147591.4893144674,-646634.1758856194,299.35034324549036,580.0773505224912,183
1905000,-794503.5457263901,147988.5127348412,-646515.0329915489,300.1556003623975,580.283951143898,183
1910000,-794282.1562418472,147896.61983337323,-646385.536408474,299.96921988934963,580.0787014964362,183
1915000,-792948.0425977889,148586.24654097436,-644361.7960568145,301.36794547027927,581.6079440513637,183
1920000,-794866.4247634569,147124.32047586225,-647742.1042875947,298.40281467971994,579.3604591830702,183
1925000,-795568.8576350571,147655.56897356943,-647913.2886614876,299.4803119044987,580.4255578010005,183
1930000,-794256.9767552642,148020.70046408306,-646236.2762911811,300.2208846673503,580.0303694340271,183
1935000,-793208.6630723663,147413.561081226,-645795.1019911403,298.98946283198364,579.4374457094273,183
1940000,-792587.1137703047,147900.43426287707,-644686.6795074276,299.9769564518477,580.7645539511154,183
1945000,-794712.2915346073,146984.85457270406,-647727.4369619032,298.119944941259,580.9644987146725,183
1950000,-793094.3382926984,147064.43349444383,-646029.9047982546,298.2813497597113,581.4873381296732,183
1955000,-792805.862811958,147970.64545459184,-644835.2173573661,300.1193613048451,580.991535213687,183
1960000,-793307.0598595082,147931.5264266487,-645375.5334328595,300.0400186916862,580.6215734492995,183
1965000,-793730.7098635095,148304.43337135913,-645426.2764921504,300.79636190914545,581.6583924440768,183
1970000,-794632.7528062346,148120.59577336698,-646512.1570328677,300.42349591046224,580.2149791108736,183
1975000,-793262.0808680905,147635.0110187068,-645627.0698493837,299.43861552435413,580.6561739897678,183
1980000,-793013.231903425,147873.1934361587,-645140.0384672662,299.9217056317204,581.6550505330385,183
1985000,-793487.9393598083,147532.82148028363,-645955.1178795247,299.23135104355543,582.5346968203389,183
1990000,-795064.4786939239,147565.21102781774,-647499.2676661061,299.2970446835948,580.5205363595607,183
1995000,-793724.8594831969,148230.58188418671,-645494.2775990102,300.64657367855744,580.8029958429455,183
2000000,-794097.23183225,148375.38511929853,-645721.8467129515,300.9402687847937,582.1862477389163,183
2005000,-794268.2835361827,147522.1971461001,-646746.0863900826,299.20980238855253,581.571418998248,183
2010000,-793078.9665315892,148350.5670687324,-644728.3994628568,300.8899319260076,582.226551329721,183
2015000,-794181.7271730606,148006.0164325692,-646175.7107404915,300.19110198886165,581.959184872685,183
2020000,-793320.8722431734,148050.0683897137,-645270.8038534597,300.2804497456537,582.1649192381199,183
2025000,-793344.5248870626,148313.03342184785,-645031.4914652148,300.81380483947754,581.6864419252869,183
2030000,-794356.4140438847,148692.48737379984,-645663.9266700849,301.5834269314443,581.2486442308584,183
2035000,-793549.2263430064,147808.46434868872,-645740.7619943176,299.79041977884293,578.9393096637707,183
2040000,-791870.066035029,148542.47317653423,-643327.5928584947,301.2791627651855,579.9415295606016,183
2045000,-794039.6481264001,149553.93154318043,-644485.7165832196,303.3306388404011,579.9668407089349,183
2050000,-793322.9124327954,148452.40966771368,-644870.5027650817,301.09649273180787,580.3418016862776,183
2055000,-793714.5843774755,146954.797667766,-646759.7867097096,298.05898245045483,579.1109025327517,183
2060000,-795415.0663130498,149012.40137494262,-646402.6649381071,302.23228796330966,579.1136177284799,183
2065000,-793377.530095831,148144.04728520644,-645233.4828106246,300.47106110647303,579.0814864769878,183
2070000,-795054.2677753172,146841.8034647829,-648212.4643105343,297.829803562127,578.2579146828043,183
2075000,-793997.6200760221,147105.8026400943,-646891.8174359278,298.3652561421712,580.7636007480012,183
2080000,-793314.1027761851,147401.80687597647,-645912.2959002086,298.9656225320289,581.447260630549,183
2085000,-793167.42447145,148654.86702901952,-644512.5574424305,301.5071240011377,582.2329414781362,183
2090000,-792754.2782246144,147805.66384287414,-644948.6143817403,299.78473969267566,581.6480269790354,183
2095000,-792773.8657010696,148331.50540667993,-644442.3602943897,300.85127038051644,582.4318515656278,183
2100000,-794962.0048259813,147257.85566565488,-647704.1491603265,298.67365553297947,579.6117853630255,183
2105000,-793594.9028228046,147880.4506123745,-645714.4522104302,299.93642489636954,579.2885512058663,183
2110000,-792748.9641027595,147452.41172850248,-645296.552374257,299.06826110586474,580.7116007235197,183
2115000,-794585.794709092,147046.18788653673,-647539.6068225553,298.2443433644572,580.1332287686887,183
2120000,-792204.7166449362,148190.30463239958,-644014.4120125367,300.56488191432726,581.9987325187326,183
2125000,-794681.1639809553,146743.83239481924,-647937.331586136,297.6310951301031,579.8137408961201,183
2130000,-793751.8637877987,148172.95721489182,-645578.9065729069,300.52969726100144,580.3491445055457,183
2135000,-794164.5657532881,148985.24615029304,-645179.3196029951,302.1772107643633,583.0482343290378,183
2140000,-795120.7973822057,146896.41278274416,-648224.3845994616,297.94056413614135,581.4177752752219,183
2145000,-795119.8363748868,148497.88125075822,-646621.9551241286,301.1887198246811,580.6553418659472,183
2150000,-795179.8418502803,148039.83638790046,-647140.0054623799,300.25969683321205,580.9190737405572,183
2155000,-794213.874530036,147227.46453190513,-646986.4099981309,298.61201514733216,580.0080883385261,183
2160000,-794454.8002150916,147290.57834479853,-647164.221870293,298.74002484247734,581.0010052302988,183
2165000,-794790.5110498057,146917.42965713632,-647873.0813926694,297.98319131330766,581.9919915687382,183
2170000,-795300.0297751417,147801.09501130483,-647498.9347638369,299.77547302489654,579.9469953188861,183
2175000,-794766.4294546177,147884.22048323037,-646882.2089713872,299.9440710834224,579.8867539546511,183
2180000,-793912.1226120219,147180.29758471728,-646731.8250273046,298.51634945619975,580.3100778853453,183
2185000,-793552.9672978716,148852.39214475043,-644700.5751531211,301.9077515133899,583.3681226506328,183
2190000,-793694.4203475709,147419.18687254103,-646275.2334750299,299.0008732633642,581.929864839839,183
2195000,-793514.74245376,147624.35213026026,-645890.3903234997,299.41699678515783,581.9948145512753,183
2200000,-796121.9453900759,147674.40848584886,-648447.536904227,299.5185228778659,580.5255665544853,183
2205000,-794867.150181267,148570.2796886526,-646296.8704926143,301.3355609286958,579.1385895640645,183
2210000,-794233.7597053084,147692.74018719356,-646541.0195181149,299.5557038909128,579.4229052248611,183
2215000,-794356.8762713303,148052.93225330047,-646303.9440180298,300.28625833632304,580.6870919926486,183
2220000,-794250.7860847311,147972.15959385986,-646278.6264908712,300.1224323363233,580.7007217463888,183
2225000,-793490.3943422786,147680.83912620723,-645809.5552160714,299.53156573289436,581.7820768844423,183
2230000,-795100.2019960214,147750.32751956745,-647349.874476454,299.67250458038876,580.2980968128675,183
2235000,-794415.7060474316,148320.12278458086,-646095.5832628508,300.8281837388123,581.242284238724,183
2240000,-794118.6410130044,147934.78007613448,-646183.8609368699,300.0466178600725,580.9872688968868,183
2245000,-794053.2856855509,147122.844874335,-646930.4408112159,298.3998218118674,580.4364215684166,183
2250000,-795924.0058016405,148209.54547549412,-647714.4603261463,300.6039068812236,580.5542035484461,183
2255000,-794118.7128278501,147981.23683818674,-646137.4759896634,300.1408431282842,581.2791134074105,183
2260000,-793034.3831835184,147686.21630261713,-645348.1668809013,299.5424719146226,580.2330282504091,183
2265000,-796216.7257951056,147466.10969395452,-648750.6161011511,299.0960438098599,579.2399809699228,183
2270000,-793292.8986963029,147335.16455722565,-645957.7341390772,298.830456194963,581.6676674251338,183
2275000,-793921.4077881724,147674.98450043515,-646246.4232877372,299.5196911712744,581.7800372126421,183
2280000,-794367.1609616997,147005.0814921247,-647362.079469575,298.1609699034671,580.6818494640659,183
2285000,-794116.3558757068,147798.85471586694,-646317.5011598398,299.77092917747404,580.5768515930421,183
2290000,-794148.3951429357,148228.7019072784,-645919.6932356573,300.64276064207814,580.4953972986316,183
2295000,-794493.0668622633,148283.66320216886,-646209.4036600944,300.7542351083031,582.2872782961398,183
2300000,-794274.4253676566,148226.84447775793,-646047.5808898987,300.6389933370181,580.982071733572,183
2305000,-795937.000818966,148529.26515137719,-647407.7356675888,301.2523737756393,579.9136771212297,183
2310000,-792342.7585630789,149377.6315667276,-642965.1269963514,302.97306091561376,580.214110524196,183
2315000,-794760.8987397468,148051.31743495102,-646709.5813047958,300.282983103927,580.5703763041085,183
2320000,-795029.6195590221,148240.8003447106,-646788.8192143115,300.6672991260712,579.7827679836759,183
2325000,-794785.9389518108,147579.92450332225,-647206.0144484886,299.32688708143945,583.0675539735839,183
2330000,-792260.1123754391,147711.4315504555,-644548.6808249836,299.5936143831382,582.9268891820607,183
2335000,-792356.8988086819,148518.4522010961,-643838.4466075858,301.23044256271385,583.1117653900484,183
2340000,-793059.9989476646,147910.0025642811,-645149.9963833835,299.99636322335516,582.3735907506559,183
2345000,-794008.5100341728,148557.4432951935,-645451.0667389793,301.3095256958659,579.9876588817982,183
2350000,-794613.2041301769,147556.777590624,-647056.4265395529,299.27993968431326,579.5817785528101,183
2355000,-793172.58901673,146960.6863019265,-646211.9027148035,298.0709259891059,579.2981476551744,183
2360000,-794707.7797591556,147942.255665206,-646765.5240939496,300.0617801174962,578.1062954407088,183
2365000,-793746.2123171319,148048.09900909226,-645698.1133080397,300.2764553773622,580.0702450002395,183
2370000,-793530.0599829741,148480.1241587924,-645049.9358241817,301.1527042549507,579.3401181363453,183
2375000,-794808.7924008043,147481.52232838023,-647327.2700724241,299.12730426686244,580.2844530252996,183
2380000,-795080.2229045997,147795.14760867768,-647285.0752959221,299.7634102899372,578.9398261695487,183
2385000,-795055.0984954042,147716.08270370573,-647339.0157916985,299.60304801869813,578.7332631397636,183
2390000,-793434.3755572634,147201.57881054503,-646232.7967467183,298.55951280041296,577.9422084621428,183
2395000,-794570.4456924684,148039.9949262631,-646530.4507662053,300.2600183863957,580.9411803068356,183
2400000,-794430.7825092142,148675.93690616006,-645754.8456030542,301.549858680376,580.4369011777942,183
2405000,-794207.5071900897,148587.3936556374,-645620.1135344523,301.3702720893121,581.0831701560303,183
2410000,-794717.0885183271,148250.5497958928,-646466.5387224343,300.68707331204496,579.7874444413796,183
2415000,-794808.2075726395,148172.97243284583,-646635.2351397936,300.5297281266007,581.1285151185718,183
2420000,-793443.1684673405,148136.30392648233,-645306.8645408582,300.45535574905233,580.9831156042248,183
2425000,-796335.4905078863,147495.30819718455,-648840.1823107017,299.1552652595842,578.9747381498064,183
2430000,-794076.9895352316,147327.72059756162,-646749.2689376699,298.81535808943613,582.2230564722167,183
2435000,-793561.1398270684,147736.14387180202,-645824.9959552664,299.6437367981353,579.8550507649591,183
2440000,-793018.3010222167,148716.01202694024,-644302.2889952764,301.6311404752605,580.8118344099112,183
2445000,-796187.1068402813,147116.44942566767,-649070.6574146136,298.3868503338868,580.5389414908767,183
2450000,-795084.735633824,147466.832389734,-647617.90324409,299.09750960731645,579.8782873925462,183
2455000,-794676.7643558136,148235.61506289302,-646441.1492929206,300.6567821518261,581.233455670945,183
2460000,-793594.2604935621,148557.87941119177,-645036.3810823703,301.31041024194906,579.761536340654,183
2465000,-793923.9115238455,147962.3254418587,-645961.5860819868,300.1024863571157,580.870728545896,183
2470000,-794028.6643440076,147762.7336602309,-646265.9306837767,299.69766715909304,580.6057872400448,183
2475000,-794160.7186915479,147847.72893768374,-646312.9897538641,299.87005762413906,580.0692837149364,183
2480000,-795625.9000849272,147357.76343360197,-648268.1366513253,298.8762920451982,579.1386040458335,183
2485000,-793875.292168532,147988.73483019194,-645886.5573383401,300.1560508241401,579.530891329483,183
2490000,-795605.2678855532,146902.47790913784,-648702.7899764153,297.95286564265916,581.0815516047641,183
2495000,-793960.323870122,147761.57765335537,-646198.7462167665,299.69532250455643,580.9974265239974,183
2500000,-794063.9096760233,147460.8489300941,-646603.0607459291,299.0853737402328,582.8054912563032,183
