#"Step","Potential Energy (kJ/mole)","Kinetic Energy (kJ/mole)","Total Energy (kJ/mole)","Temperature (K)","Box Volume (nm^3)","Speed (ns/day)"
5000,-627114.5166671299,120130.8797597411,-506983.6369073888,302.1355434235715,549.2363647487173,0
10000,-631263.3952635652,119895.19396471628,-511368.20129884896,301.5427811304837,535.7397267589835,121
15000,-631878.7813480282,118542.75563023007,-513336.02571779815,298.1413268836315,522.7016423018661,117
20000,-634546.2292547468,119705.63138316025,-514840.59787158656,301.0660211691336,507.9168035546445,117
25000,-635683.7708125771,118996.45197629766,-516687.31883627945,299.2823972923605,499.00090502366993,116
30000,-636698.1851610066,120006.0655899462,-516692.1195710604,301.8216291569536,490.3311448724085,115
35000,-638963.7657939834,120498.261829747,-518465.50396423636,303.0595288433679,478.29492846130796,114
40000,-640068.9020974576,119263.28851639328,-520805.6135810643,299.95350536389293,470.1007879476751,113
45000,-641491.0521242395,120263.47927325964,-521227.57285097986,302.4690382431778,467.478214944714,112
50000,-640883.2369155763,119375.14445037709,-521508.0924651992,300.234828979161,466.66505711534467,111
55000,-642312.9247384248,119182.02524532798,-523130.89949309686,299.74912392081353,464.77766146816407,110
60000,-641947.0121797449,118759.41612732183,-523187.59605242306,298.68623954187694,466.5119733376716,109
65000,-642689.472867257,119034.85275146284,-523654.6201157941,299.3789772815824,464.2525829280968,109
70000,-642810.7507873038,118955.37106357963,-523855.37972372415,299.17907661483594,466.17807218722345,109
75000,-641836.5022297981,119009.627654307,-522826.8745754911,299.3155348223885,468.0484435872867,108
80000,-642462.867759157,118828.71777002409,-523634.1499891329,298.8605368542738,466.8322748209407,108
85000,-639893.8302270821,119337.27948822622,-520556.5507388559,300.1395965881302,467.5489543071974,108
90000,-640579.1547837267,118914.48738675902,-521664.66739696765,299.0762519960697,468.4014071982395,108
95000,-641796.0510672498,119330.99028421869,-522465.06078303116,300.1237789059962,467.29109640547694,108
100000,-641152.5914200768,119704.16393576935,-521448.42748430744,301.0623304610011,468.2229172272985,107
105000,-642186.7287704498,118530.95008674124,-523655.7786837085,298.1116353146982,467.78917906114566,107
110000,-640631.9012204967,119604.92774515369,-521026.9734753431,300.81274617060956,467.5008337202583,107
115000,-641687.3365097251,118866.69425542225,-522820.64225430286,298.95604973219525,468.1109127779357,107
120000,-641999.6387584833,119206.08376552945,-522793.5549929539,299.8096323770038,465.97128826869624,107
125000,-641574.4959324119,119863.49589380634,-521711.00003860553,301.46305879848205,466.4024772381325,107
130000,-641699.4360711863,118681.42929417995,-523018.0067770064,298.49009851420504,466.2622577462174,107
135000,-641846.979330115,119759.23602231138,-522087.74330780364,301.20083968384307,467.1521196653864,107
140000,-641777.3456142591,119168.7037133436,-522608.64190091554,299.71561956029126,465.45707252971226,107
145000,-642130.6220535422,119086.66348286497,-523043.9585706772,299.5092840230186,467.3179073139468,107
150000,-641200.0471364623,118658.37651737686,-522541.67061908543,298.4321195560824,468.0792603536826,106
155000,-642081.0991819417,118914.257300067,-523166.8418818747,299.07567331581805,467.35878125193653,106
160000,-641766.401312653,119131.71061048261,-522634.69070217037,299.62257994168374,467.0141650018961,106
165000,-641653.42844975,119461.28603950515,-522192.1424102448,300.45147965128325,468.2098318616787,106
170000,-641904.6769112227,119107.75204460241,-522796.92486662033,299.5623228759206,468.097326957628,106
175000,-639499.6462829094,118691.57975592813,-520808.0665269813,298.5156274646499,467.5765341092568,106
180000,-642161.1897159745,119320.24818737159,-522840.9415286029,300.0967619618524,466.00093092319736,106
185000,-640443.9919551862,119594.15100447886,-520849.8409507074,300.78564209539894,469.7842458596372,106
190000,-640508.4884944339,118968.13582141694,-521540.35267301695,299.21118065880495,469.36888662620305,106
195000,-641884.9435288729,119395.66623953788,-522489.27728933503,300.28644236892825,467.6444319743838,106
200000,-641584.6074775141,119616.68481833418,-521967.9226591799,300.8423158341429,467.882441903685,106
205000,-641160.7563946294,118712.99071650766,-522447.7656781217,298.56947716776415,467.5600240383169,106
210000,-640994.1519754026,119277.43336893717,-521716.71860646544,299.9890804193536,468.13864762206333,106
215000,-639870.1705600396,119028.41820776009,-520841.7523522795,299.36279406239515,467.83544015588035,106
220000,-640583.9812284913,119678.31774756574,-520905.66348092555,300.99732592483235,467.2266836713344,106
225000,-641139.4005600368,120758.60582978849,-520380.7947302483,303.7143078318088,466.23027904861965,106
230000,-641874.877025234,118562.23943523226,-523312.6375900018,298.19032968810666,466.6441311993878,106
235000,-641084.3690017709,118874.39775336819,-522209.97124840267,298.97542443870543,464.7859192692178,106
240000,-642309.9004770014,119018.81758994656,-523291.0828870549,299.33864799865125,464.8553463111582,106
245000,-641952.0564525872,119379.61762490438,-522572.43882768287,300.2460792506927,466.2070393775262,106
250000,-640918.4571112781,118409.18355444854,-522509.27355682955,297.8053860182755,468.58169522385793,106
255000,-639688.6356782829,119528.91663181793,-520159.719046465,300.6215741831917,467.46569207371783,106
260000,-642675.8058076268,119945.0682582471,-522730.7375493797,301.6682176278184,466.8041693597105,106
265000,-641487.7023460427,118884.3493599644,-522603.35298607836,299.00045325788085,465.0329823948606,106
270000,-642109.5195953939,118933.82726960156,-523175.69232579233,299.1248928286688,465.8401537893022,106
275000,-641468.4663351178,119050.03634524971,-522418.4299898681,299.4171648264427,465.7364790238359,106
280000,-641389.0213263393,119051.03191932023,-522337.9894070191,299.41966874811055,466.1750108851242,106
285000,-641563.5857283454,118555.29661085035,-523008.28911749506,298.1728681160136,467.43571179705555,106
290000,-640877.7775388132,119147.60192746425,-521730.17561134894,299.6625474479699,467.4444319089534,106
295000,-642065.4548253301,118702.62572559924,-523362.8290997308,298.5434086650864,466.14766251213604,106
300000,-642234.2956220647,119646.90895007784,-522587.3866719869,300.9183311308521,466.91780644691175,105
305000,-639200.6805278123,119152.92594050366,-520047.7545873087,299.6759376235524,469.94496257372344,105
310000,-640748.6822865456,119342.61656677185,-521406.06571977376,300.1530196241547,468.0213920952399,105
315000,-640769.8651512843,119443.18504079862,-521326.68011048564,300.40595467809027,468.4073709294132,105
320000,-640851.0458660359,119511.52629214094,-521339.5195738949,300.5778365552051,466.84302076054337,105
325000,-641293.193390476,118626.45774595457,-522666.7356445215,298.35184215056955,466.74625244341604,105
330000,-641022.4941179226,119564.26327120734,-521458.2308467153,300.71047285871515,467.4119776494187,105
335000,-641137.1437044516,119584.26363259595,-521552.8800718557,300.7607748299394,468.17747033514877,105
340000,-641097.8555308706,119141.54288919254,-521956.3126416781,299.64730864488695,469.1246854770058,105
345000,-640042.3873831537,118997.21327533369,-521045.17410781997,299.284311999873,467.57786858304644,105
350000,-639775.3069210793,119077.28247856279,-520698.0244425165,299.48569029892064,469.32077846088345,105
355000,-640231.7053408418,119595.4763500063,-520636.2289908355,300.78897540979705,468.16820470552733,105
360000,-640577.2953573493,119068.08643723035,-521509.208920119,299.462561766516,469.1337681927184,105
365000,-641360.4299409166,119302.42548727489,-522058.0044536417,300.0519369244452,467.15951198628545,105
370000,-642263.7833184367,118707.55008670926,-523556.23323172744,298.5557936948387,467.0318157271314,105
375000,-641245.0794265945,118719.34036459547,-522525.7390619991,298.58544686997055,468.0368452578342,105
380000,-642142.806129117,119123.76169812228,-523019.0444309948,299.602588004886,467.9276909774286,105
385000,-641785.564998277,119921.6195855625,-521863.9454127145,301.60924297052554,466.6533949323069,105
390000,-640293.7705759704,119026.73966744848,-521267.03090852196,299.3585724443547,469.2507467213845,105
395000,-640538.3091638805,119616.63139671081,-520921.6777671697,300.84218147592264,468.1525981018159,105
400000,-640635.271250519,119496.74366492219,-521138.5275855968,300.54065746256134,468.9110952545333,105
405000,-642330.6299211006,119605.56476441934,-522725.06515668123,300.81434830789834,467.50402643667616,105
410000,-641365.9494313993,119813.19367565186,-521552.7557557475,301.3365460479894,469.0350597650749,105
415000,-641524.8025010233,119794.86209529801,-521729.94040572527,301.29044114970594,469.01950898356876,105
420000,-642309.1213646713,119498.60754712357,-522810.5138175477,300.54534522529906,469.16003298610707,105
425000,-641159.7484008204,118428.1080966313,-522731.6403041891,297.8529822470542,467.37387924925747,105
430000,-641719.038465166,119194.2534629411,-522524.7850022249,299.77987853762005,466.69469965884025,105
435000,-642740.9061631723,118813.9528834945,-523926.95327967784,298.8234023804056,468.0253166429844,105
440000,-640813.075469825,119930.67103193217,-520882.4044378928,301.6320078389186,468.11257194274646,105
445000,-640974.786493679,118950.62778654438,-522024.15870713466,299.16714702115013,466.732342073708,105
450000,-641392.7839727178,118872.70778311754,-522520.0761896003,298.97117407376123,467.8559442682151,105
455000,-639728.0487229065,119771.24419975793,-519956.8045231486,301.2310408879431,467.51619820573234,105
460000,-640197.377830348,119931.65091660965,-520265.7269137383,301.63447230092964,467.0550771888974,105
465000,-641722.1413822002,119383.43087516224,-522338.71050703793,300.2556697776344,467.5023084463447,105
470000,-641248.2206326807,118661.17356720346,-522587.04706547724,298.43915428496337,467.4154966820397,105
475000,-642966.0185961705,119353.70425259962,-523612.31434357085,300.18090574294104,466.697667698719,105
480000,-641270.6923623807,119894.2000049522,-521376.4923574285,301.54028126888227,467.6071128838553,105
485000,-641113.5411510235,119026.86863265914,-522086.6725183643,299.35889679870957,467.8924004298842,105
490000,-642325.5023171194,119093.28483336882,-523232.21748375054,299.52593707123305,467.3732925311241,105
495000,-641402.866221936,119977.30643075006,-521425.5597911859,301.74929834401433,466.9446323213815,105
500000,-640342.9155025687,119211.94382653601,-521130.9716760327,299.82437074169616,466.7877760698608,105
505000,-640208.9015749507,119702.82449458062,-520506.07708037004,301.0589616952662,468.13870781214996,105
510000,-641072.509677784,119391.26652828854,-521681.2431494955,300.27537686144274,468.4232428992331,105
515000,-641817.9586384231,118252.58105112104,-523565.37758730206,297.41152240436566,468.4309238420971,105
520000,-641443.2884207135,119594.91708861018,-521848.3713321033,300.7875688376803,466.58269854688103,105
525000,-642457.3085801383,118591.83804124082,-523865.47053889744,298.2647717543669,467.02803672329577,105
530000,-641517.1175349518,119490.53512109898,-522026.5824138528,300.52504264507525,466.5335643898933,105
535000,-641750.4635736402,120128.00661156996,-521622.45696207025,302.12831730331203,467.3041999514987,105
540000,-639594.9490502146,119066.85314271151,-520528.0959075031,299.4594599652939,468.2067345813017,105
545000,-642167.0045582908,119061.16876468998,-523105.8357936008,299.44516345264043,467.18576424518864,105
550000,-641235.1348498687,119481.51928346785,-521753.61556640087,300.50236733455097,466.979234161607,105
555000,-640705.8091556015,119868.25843968475,-520837.5507159168,301.4750368543319,468.3029618875451,105
560000,-641254.1941126836,119675.26567123592,-521578.92844144773,300.98964979074987,468.0947419575273,105
565000,-642440.4623229033,120004.89345739578,-522435.56886550755,301.81868118133076,466.70607403050013,105
570000,-641092.4532673038,119780.5778665982,-521311.87540070555,301.2545155558101,468.5446295356891,105
575000,-640245.2158417986,117867.22696654999,-522377.9888752486,296.44233641334296,465.848154234076,105
580000,-642162.5826915898,119768.9841134256,-522393.59857816424,301.2253566507714,466.31495359317444,105
585000,-640753.692781473,120206.73782852478,-520546.95495294826,302.3263304958119,466.783699570413,105
590000,-642897.1506186165,118744.66777860047,-524152.482840016,298.6491466614748,466.75264318224,105
595000,-641164.0306295468,120174.42303932039,-520989.60759022646,302.2450570845423,467.2192874492215,105
600000,-641607.4585960112,119177.67431894771,-522429.78427706345,299.738181109865,465.06913763673657,105
605000,-641295.1871853843,118481.5254319997,-522813.66175338463,297.9873296828013,466.41124201908076,105
610000,-640574.5456568226,118617.89681955817,-521956.64883726445,298.3303109659636,468.5683615353252,105
615000,-641499.1654616119,118471.52164382406,-523027.6438177879,297.962169624182,467.72364920462326,105
620000,-641808.5023662825,119930.91480391915,-521877.58756236336,301.63262093841394,467.9357646746518,105
625000,-642694.3668479426,119678.66613060096,-523015.7007173416,300.9982021266705,468.14392752518137,105
630000,-642077.898162392,119091.2312846292,-522986.66687776276,299.52077228707736,468.10164733651936,105
635000,-641748.4192699916,119613.35656893102,-522135.06270106055,300.83394511011187,467.086282052149,105
640000,-641027.3661137717,120059.46865623794,-520967.89745753375,301.955940705215,465.6398336357744,105
645000,-641737.0687858067,118814.6085434868,-522922.46024231985,298.825051400112,466.2424704627427,105
650000,-641462.7132169032,118827.43586793513,-522635.277348968,298.857312802431,467.4166078744582,105
655000,-641029.0153642921,119938.18184400216,-521090.8335202899,301.65089793021616,468.0464701722348,105
660000,-641703.4015336456,119396.50140363979,-522306.9001300058,300.2885428510049,468.2138787602944,105
665000,-642140.6108171702,119710.72940976341,-522429.8814074068,301.07884297682546,465.1207331204484,105
670000,-641612.0649202899,118452.51059377479,-523159.5543265151,297.91435582352415,465.4244885031198,105
675000,-641524.189136296,119483.56484483217,-522040.6242914639,300.5075120300336,466.7468880720284,105
680000,-640654.5653169085,118292.40604229562,-522362.1592746129,297.51168437249936,468.1516732158058,105
685000,-642153.9079035395,119158.76987707935,-522995.13802646013,299.69063543444463,466.2664576594894,105
690000,-639982.0697160172,119410.64097556123,-520571.428740456,300.3241046254196,466.3541761530852,105
695000,-640474.5784187289,119297.31232531983,-521177.26609340904,300.0390770505394,468.3376697853449,105
700000,-639985.4196427707,118452.90285965928,-521532.5167831114,297.9153423930591,468.51205298756577,105
705000,-641805.8595331782,118763.54171029886,-523042.3178228793,298.69661560219714,467.8821332647695,105
710000,-641178.959305061,118841.5670506513,-522337.39225440973,298.8928534775489,467.15511688416086,105
715000,-640934.1334365276,118979.94370318513,-521954.18973334244,299.2408781086351,467.4285626320521,105
720000,-642098.4771624301,118884.64547913289,-523213.8316832972,299.0011980133182,466.554519633278,105
725000,-641418.4071157929,119114.99516525929,-522303.41195053357,299.5805397090956,466.63963730359666,105
730000,-642126.6557865366,119078.77340272069,-523047.88238381594,299.48944005236916,466.527854401547,105
735000,-641894.6843165029,119063.89651386708,-522830.7878026358,299.45202388670697,465.74124237728756,105
740000,-641612.2506834157,118831.98994795297,-522780.2607354627,298.8687665555687,466.36447339420215,105
745000,-641762.7689333083,119216.2742840976,-522546.4946492107,299.83526207247854,466.8470465507672,105
750000,-641595.1733083907,119092.74374390929,-522502.42956448137,299.524576202502,467.12308825971974,105
755000,-641601.914585561,119200.65760243608,-522401.25698312494,299.7959852886099,466.26546133547544,105
760000,-641770.1663765097,118860.34366137985,-522909.8227151298,298.9400776508628,467.8360681492316,105
765000,-641284.2420684034,118732.83993889607,-522551.40212950733,298.61939901637504,466.2166371643994,105
770000,-641361.6274792831,118787.28411038086,-522574.3433689023,298.75632899949596,467.5043924606801,105
775000,-641192.0483703781,120257.62761780119,-520934.4207525769,302.4543210188855,466.9173955129372,105
780000,-642104.9038742366,120101.16525885765,-522003.73861537897,302.06080987554515,467.0885857349293,105
785000,-642534.0958746229,119887.78445534594,-522646.311419277,301.5241458208565,467.3218283922491,105
790000,-641389.913156447,118733.74248076172,-522656.1706756853,298.62166895710624,467.4990445756913,105
795000,-642003.5400606836,119184.85736373425,-522818.68269694934,299.75624684903505,467.3676380761544,105
800000,-640181.1682858481,120159.55689807993,-520021.6113877682,302.2076679496981,468.32415118344636,105
805000,-640847.0136151477,119843.99229562754,-521003.02131952014,301.4140062131164,468.27221097578,105
810000,-641352.2619509771,118799.29022614309,-522552.97172483406,298.7865250183504,465.7668865698201,105
815000,-641691.4940874497,119629.27271691171,-522062.221370538,300.8739750676796,466.6266489464928,105
820000,-642549.4268463012,118777.15742729162,-523772.26941900956,298.73085985364133,466.6366906838338,105
825000,-640597.6931080217,118077.46975140733,-522520.2233566144,296.9711081844379,466.037662552358,105
830000,-642761.5455263704,119745.55346779828,-523015.9920585721,301.1664273324851,466.581637619118,105
835000,-641525.162363647,119789.69439115009,-521735.46797249693,301.277444099288,467.38676923089713,105
840000,-640817.5749319405,119154.9779729147,-521662.59695902583,299.6810985940611,467.3624140500831,105
845000,-641955.4771628808,118752.36583667301,-523203.1113262078,298.6685076864145,467.45198136055734,105
850000,-640193.7027649409,119280.86304395983,-520912.8397209811,299.997706234205,468.7329885086424,105
855000,-641420.6071840487,118725.92898100009,-522694.67820304865,298.60201759018673,465.6783409637904,105
860000,-641297.0985923246,120630.73391216365,-520666.364680161,303.39270316698435,466.4990755309547,105
865000,-640693.007505876,119296.82617249218,-521396.18133338384,300.03785435035553,467.67233487797273,105
870000,-640208.4008587697,120509.51031513809,-519698.89054363157,303.0878193815969,466.6032385259535,105
875000,-641605.8151016375,118918.79447285486,-522687.02062878263,299.08708454637434,464.83094950320987,105
880000,-640063.1308404161,119237.75598498597,-520825.3748554301,299.88928969122696,468.02912097587415,105
885000,-641468.8971698331,119352.09859647218,-522116.7985733609,300.17686743249504,466.566462017178,105
890000,-641159.8927087262,120087.00692858786,-521072.8857801384,302.02520092288785,468.8927798618098,105
895000,-641917.31667451,119063.44325017877,-522853.87342433125,299.45088390445545,468.07632444490775,105
900000,-641177.1581271766,119289.83030831406,-521887.3278188625,300.0202593803578,467.1627770290319,105
905000,-640527.5520881573,118977.43982946525,-521550.11225869204,299.2345807332348,466.61798751609876,105
910000,-641089.6574455597,119398.94902808918,-521690.70841747057,300.29469875650216,466.56492788258333,105
915000,-638902.1177242007,119164.05887382687,-519738.05885037384,299.70393754219305,468.78348029678034,105
920000,-640030.0540051698,118828.8126360079,-521201.2413691619,298.860775447262,469.62354485905456,105
925000,-641257.4939877638,118753.32917264104,-522504.1648151227,298.6709305275423,468.87750849799494,105
930000,-642254.1246119137,119591.78373645182,-522662.3408754619,300.779688290572,468.405947317978,105
935000,-642785.0374631938,119195.68399335175,-523589.353469842,299.7834763975864,466.8069109440074,105
940000,-641937.0471156547,118194.41667890467,-523742.63043675,297.2652359188039,467.96659022898365,105
945000,-641177.1992437164,119000.9624408408,-522176.23680287565,299.2937413502627,467.4187016542327,105
950000,-640926.9780819607,120339.81657781359,-520587.1615041471,302.66103061883535,467.5642691078051,105
955000,-640978.1558112204,118707.31018971841,-522270.845621502,298.5551903411644,466.86395632027256,105
960000,-642868.9462010651,120277.40380058845,-522591.54240047664,302.5040591690199,466.9326725841746,105
965000,-641303.6754753045,119844.31536911275,-521459.3601061917,301.414818760092,467.7596592667597,105
970000,-640740.1987930443,118600.23971524544,-522139.9590777989,298.28590241074875,468.1691890005787,105
975000,-641437.4948105183,119289.69934759696,-522147.7954629214,300.01993000719824,467.3369663904693,105
980000,-641407.6679215655,119650.57578566886,-521757.0921358966,300.9275534171298,466.82477728659256,105
985000,-641273.4242433631,119001.60687167011,-522271.817371693,299.29536212802776,466.71176268045315,105
990000,-642087.1892721024,118723.43876185379,-523363.75051024865,298.59575455676423,465.62895488054914,105
995000,-640350.7699671723,118639.22758204845,-521711.54238512384,298.3839589666236,467.5954752347306,105
1000000,-640776.3253186177,119270.90337833515,-521505.42194028257,299.97265714614497,467.8497373460017,105
1005000,-641084.2165770996,118805.91625443584,-522278.3003226638,298.80318983145236,465.84804479330506,105
1010000,-640945.8910676418,118154.50133224024,-522791.38973540155,297.164846701814,467.6898019657616,105
1015000,-641671.5700184889,119262.99493468087,-522408.57508380804,299.95276699029245,466.91415866414,105
1020000,-639842.1552095958,120126.08243015234,-519716.07277944346,302.12347788484254,467.01358208196837,105
1025000,-640758.1367202383,118668.5889921168,-522089.54772812146,298.4578044724954,468.1033668873448,105
1030000,-641044.3599005118,118828.0375604406,-522216.3223400712,298.8588260910415,467.0951656940386,105
1035000,-640275.7569016363,119634.81528371735,-520640.9416179189,300.8879149175927,467.07317007118576,105
1040000,-642848.7609931692,120045.379483231,-522803.38150993816,301.9205056867472,466.1765510183661,105
1045000,-642157.8540139017,118744.34993344953,-523413.50408045214,298.6483472640377,467.02124025000387,105
1050000,-640334.4323103139,120651.83143438445,-519682.60087592946,303.4457645559779,467.30888230516587,105
1055000,-642254.1383286454,120000.50986760389,-522253.6284610415,301.80765622016696,466.30665622406207,105
1060000,-641149.0918425992,119744.43352311349,-521404.6583194857,301.16361061211626,465.5691011277801,105
1065000,-642602.773873203,119702.80414177512,-522899.96973142785,301.05891050687933,467.03322869492814,105
1070000,-642898.5412288862,119353.19431646558,-523545.34691242065,300.1796232264783,467.0680340194485,105
1075000,-642450.3359833946,118934.86581906717,-523515.4701643275,299.127504835738,466.16537414300603,105
1080000,-641195.5878845556,118595.05843805993,-522600.52944649564,298.2728712234204,467.2855826537556,105
1085000,-640053.1870419788,118936.69236857933,-521116.4946733995,299.1320987047795,467.04621868679453,105
1090000,-640797.3053952483,118569.12850507931,-522228.17689016904,298.2076560646893,467.3278915221834,105
1095000,-641018.8172075222,119461.16580689186,-521557.65140063036,300.45117725987456,468.5274746278667,105
1100000,-641719.2739647492,119587.24067157973,-522132.03329316946,300.7682622411109,467.93252114625403,105
1105000,-640940.761022192,119567.60233911534,-521373.1586830766,300.71887079186047,467.2596553435656,105
1110000,-640405.1867588637,120537.63495219214,-519867.5518066716,303.15855433764574,467.34566216491874,105
1115000,-642552.5623703916,118454.9775917976,-524097.58477859397,297.9205604545877,467.28940363558837,105
1120000,-642569.474633819,119654.8532429724,-522914.62139084656,300.93831144944807,466.9284210193128,105
1125000,-640648.638806846,119350.52852967646,-521298.1102771695,300.17291863110876,469.30840868441624,105
1130000,-641378.1102224304,119127.83099078073,-522250.2792316497,299.61282249206505,468.25768255278797,105
1135000,-641496.2269200492,119144.58536055684,-522351.64155949233,299.65496062197093,468.2401340182587,105
1140000,-640695.601992581,120163.20061512265,-520532.40137745836,302.2168320915988,466.4985680285167,105
1145000,-640725.197686214,119739.0907473045,-520986.1069389095,301.1501732471717,467.3440252915104,105
1150000,-641137.6489885361,119323.83323196555,-521813.81575657055,300.1057785394282,466.0814784760399,105
1155000,-640974.3913510651,119389.78443185269,-521584.60691921244,300.2716493101841,467.3524641944302,105
1160000,-641482.297358281,118869.14111834367,-522613.1562399373,298.9622037224093,466.73071886855206,105
1165000,-640010.9791633729,118941.6923550985,-521069.2868082744,299.1446739364526,469.4836468128776,105
1170000,-640428.3117595832,120110.89091173996,-520317.4208478432,302.0852704091283,468.45302912907385,105
1175000,-641578.3281288622,118834.47241811408,-522743.8557107481,298.8750100998819,467.7742677285532,105
1180000,-641159.8427556446,119048.9265717885,-522110.9161838561,299.4143736872414,468.373124004772,105
1185000,-641769.8448173725,118473.31668781873,-523296.5281295538,297.96668425517356,467.39688942738576,105
1190000,-640623.2880357644,119376.9590208655,-521246.32901489886,300.23939272032146,467.0685117703943,105
1195000,-641397.3902896396,119233.01976431359,-522164.370525326,299.87737784466856,468.66706841047204,105
1200000,-640302.6132713333,118567.16231747495,-521735.4509538583,298.20271099842904,469.0857855777819,105
1205000,-640387.8377985768,119350.52167965367,-521037.31611892313,300.17290140293755,467.2855955297892,105
1210000,-642626.9706160482,118798.09154834168,-523828.8790677065,298.78351028001134,466.8916423971459,105
1215000,-641818.3504390735,119531.55864571914,-522286.7917933544,300.62821898848546,466.7974993030336,105
1220000,-642290.9543392886,119135.41314886393,-523155.5411904247,299.6318920223754,465.8498662518569,105
1225000,-640179.5136194816,119422.33715130063,-520757.17646818096,300.353521128654,468.00917376576075,105
1230000,-641641.0802007793,119143.101930945,-522497.97826983425,299.65122971770387,468.22460416039746,105
1235000,-640081.8926101034,118623.18582487447,-521458.7067852289,298.343613095263,468.40323902011625,105
1240000,-641103.352317689,118986.98270789074,-522116.36960979825,299.2585815793509,467.65811296826047,105
1245000,-641782.240967257,119264.76851617295,-522517.472451084,299.95722764194994,467.3749929083307,105
1250000,-642173.4522236753,118618.69828037557,-523554.75394329976,298.33232668248945,467.90575300507277,105
1255000,-641937.740698941,118614.74691713881,-523322.99378180224,298.3223887940698,467.8999757924721,105
1260000,-639155.9695239584,119601.72416327783,-519554.24536068056,300.8046889920315,467.15358738179134,105
1265000,-641549.2539835712,120284.60320174973,-521264.65078182146,302.5221660453413,467.1858502773029,105
1270000,-641078.2390849143,118814.81941006833,-522263.419674846,298.82558174076485,466.5900648841303,105
1275000,-642052.9171868428,118824.84782722197,-523228.0693596208,298.850803742572,466.45152877175235,105
1280000,-641151.2984817442,119579.52194311272,-521571.77653863153,300.74884922903124,466.8800013283568,105
1285000,-642213.7433195217,118814.85616951741,-523398.8871500043,298.8256741927318,467.3746405033263,105
1290000,-641093.7569043115,119330.32172870869,-521763.4351756028,300.12209745337776,468.12287678186595,105
1295000,-640320.9513082751,119330.04546316381,-520990.9058451113,300.12140263085837,467.6432651594189,105
1300000,-639913.2126974766,119592.56504586012,-520320.6476516165,300.7816533252336,466.3701397570208,105
1305000,-641275.205683107,119699.24533550575,-521575.96034760127,301.0499599200836,466.96864046094106,105
1310000,-641287.4964292641,119503.00720532064,-521784.48922394344,300.55641059935533,466.92516198718903,105
1315000,-641184.8782263496,119829.23117371742,-521355.6470526322,301.3768812074661,468.7065502121992,105
1320000,-640448.1525309463,119314.83790969802,-521133.3146212483,300.08315482613307,466.75235744858975,105
1325000,-641809.6213292591,119354.72362057783,-522454.8977086813,300.18346950755057,466.122849830532,105
1330000,-640886.5589382607,119938.54053373775,-520948.0184045229,301.6518000539532,467.28991763367935,105
1335000,-640479.1369661991,119804.6236973037,-520674.51326889545,301.3149920972439,466.00878738163095,105
1340000,-641154.232858235,119205.83042522019,-521948.4024330148,299.8089952126697,467.7135373057295,105
1345000,-641597.5643001478,119425.70627555373,-522171.8580245941,300.36199465510373,465.9451486362336,105
1350000,-640012.5956939422,119930.81906006008,-520081.7766338821,301.6323801375229,467.8091521665382,105
1355000,-640717.1818277086,119048.11567862766,-521669.066149081,299.4123342478707,467.4962458661259,105
1360000,-641122.5417314051,119124.48747163141,-521998.0542597737,299.6044133638114,467.967398916897,105
1365000,-640838.642187133,118718.62704939872,-522120.01513773424,298.58365284436263,466.15699764019837,105
1370000,-641607.5263246438,118902.90292098295,-522704.62340366084,299.0471164493266,468.72190426539976,105
1375000,-639939.8581829546,119807.3883002451,-520132.4698827095,301.3219452204852,469.08655348721135,105
1380000,-640137.2763006752,119243.23434571881,-520894.0419549564,299.90306805945664,468.6842408861604,105
1385000,-640703.8224963667,119961.43055960193,-520742.39193676476,301.7093696848198,467.92523312253303,105
1390000,-640284.3697750317,118068.31334662123,-522216.05642841046,296.9480793400527,468.1810676781002,105
1395000,-641419.3209321946,118836.94048506033,-522582.38044713426,298.88121741934464,467.1758286785657,105
1400000,-642711.9740821733,119891.3544776898,-522820.6196044835,301.5331246166753,466.2938680473941,105
1405000,-639499.7944560046,118790.55907747336,-520709.2353785313,298.76456571568553,467.77932111644793,105
1410000,-641845.5875756601,120216.10806290235,-521629.47951275774,302.3498971329774,466.3515121952465,105
1415000,-640322.4042776143,119083.1393147714,-521239.2649628429,299.50042055307483,468.476732506175,105
1420000,-639989.5595447109,120115.9281129035,-519873.6314318074,302.0979392376087,467.73954140356085,105
1425000,-642289.4422406815,119737.78153430042,-522551.6607063811,301.1468805069268,466.97065085067345,105
1430000,-640562.0093321302,119783.28933742095,-520778.71999470924,301.26133504895074,464.9874553984367,105
1435000,-641690.6589858145,119129.33332082164,-522561.3256649929,299.6166009319151,466.6766970370545,105
1440000,-640916.6884233565,118676.49504275715,-522240.1933805994,298.4776886097908,469.6032136002478,105
1445000,-640636.820076657,119799.12857453933,-520837.69150211767,301.3011715716146,468.9037323039384,105
1450000,-641865.0472556916,119224.02941522666,-522641.01784046495,299.8547666391869,467.741385367536,105
1455000,-641468.7926949565,118875.95450970723,-522592.8381852493,298.97933976358627,468.0048060254272,105
1460000,-640529.8495755414,119061.87023880135,-521467.9793367401,299.44692769728977,467.5460534710813,105
1465000,-642028.3984335959,119107.3121608845,-522921.0862727114,299.5612165450053,466.71561844477935,105
1470000,-641015.1424634857,119363.67729398867,-521651.46516949707,300.2059884717589,466.9407082046261,105
1475000,-640974.2910497305,118220.48668159288,-522753.8043681376,297.3308033602895,468.98352155038566,105
1480000,-640733.1348510673,119547.41327620635,-521185.721574861,300.66809422628955,468.70555206681644,105
1485000,-640387.8878246355,119569.02504531469,-520818.8627793208,300.7224489735198,469.42187752688585,105
1490000,-641495.5383949354,119553.32805048977,-521942.21034444566,300.6829701977793,467.85528038895615,105
1495000,-641011.2509440617,118650.50717285037,-522360.7437712113,298.412327736613,468.0862016579923,105
1500000,-641852.5345483827,119634.44865397073,-522218.085894412,300.8869928243062,468.79601686317585,105
1505000,-643136.5837153541,119426.28622345906,-523710.29749189503,300.36345325488986,465.7562092685544,105
1510000,-641393.2631320655,118258.21767572989,-523135.04545633565,297.42569881464976,466.92266447932593,105
1515000,-641592.45323266,119151.96364760259,-522440.48958505737,299.6735174057934,467.0437964984636,105
1520000,-641547.9633762166,118855.46943943328,-522692.4939367833,298.9278187237698,467.4165840026115,105
1525000,-641806.9414691837,120440.00713998839,-521366.9343291953,302.9130152043902,466.6718451119018,105
1530000,-640381.9305894836,119440.91578118646,-520941.01480829716,300.40024736963255,468.0592076048161,105
1535000,-641442.5314725111,119186.6266145414,-522255.9048579697,299.76069660878994,466.3225923533354,105
1540000,-641665.9891940374,118378.18530106673,-523287.80389297067,297.7274237645284,464.620010723534,105
1545000,-641705.0464831116,119643.6146659709,-522061.43181714066,300.9100458313452,466.80556290898886,105
1550000,-641398.9405853092,119832.6213730413,-521566.3192122679,301.38540773883824,467.4574631113502,105
1555000,-642055.3666482316,120290.2906157056,-521765.07603252603,302.5364701935309,466.98195644557023,105
1560000,-641924.2728949543,119466.80411220371,-522457.4687827506,300.46535789721605,466.36116016266004,105
1565000,-640601.9655093821,118406.54061945359,-522195.4248899285,297.798738896382,467.2290371523948,105
1570000,-641418.7141277962,118873.72757488402,-522544.9865529122,298.9737389042208,467.4164713844234,105
1575000,-640163.2281723148,120041.48643650796,-520121.74173580686,301.9107144674571,470.05137065731776,105
1580000,-641596.47164363,119448.82121176738,-522147.65043186257,300.42012994744556,466.6673381526723,105
1585000,-642508.6087809848,117715.43049396714,-524793.1782870176,296.06056022203126,467.1701632498659,105
1590000,-641094.2417780673,119773.51718376193,-521320.7245943054,301.23675756344414,466.3285125135524,105
1595000,-640229.202392485,119392.10835600534,-520837.09403647966,300.2774941028647,467.6431025417126,105
1600000,-641003.2960772994,120644.6521318857,-520358.6439454137,303.4277082288604,468.38014714288363,105
1605000,-641852.1563848224,119872.74747503488,-521979.40890978754,301.48632701667543,466.22941067748525,105
1610000,-641609.9520788989,120165.49916634406,-521444.45291255484,302.2226130700097,467.2310479968047,105
1615000,-640920.0087052463,119458.8990977204,-521461.10960752587,300.4454763659106,466.92332640251874,105
1620000,-642324.0641605305,119728.82177335961,-522595.24238717085,301.12434623225727,465.72192631158134,105
1625000,-642796.5357954795,119534.7302415361,-523261.80555394344,300.63619572042643,465.8749535248703,105
1630000,-641724.8044977603,119522.19375823271,-522202.61073952756,300.6046657990351,468.6799928687374,105
1635000,-640614.6405248158,119074.05911633009,-521540.58140848565,299.4775833716945,466.82887211738847,105
1640000,-641863.1882891413,118028.83960649313,-523834.34868264815,296.8488007869577,467.7202242115354,105
1645000,-640253.9316241024,119425.04480317429,-520828.88682092814,300.3603310169349,468.51024926274397,105
1650000,-641608.2071517743,119694.70809855117,-521913.4990532232,301.0385485281446,469.9030667832794,105
1655000,-640895.2755932645,120432.5901566873,-520462.6854365772,302.8943610974302,468.12006793923825,105
1660000,-640520.3403544757,120273.12654956424,-520247.2138049114,302.49330165550515,467.50995747240194,105
1665000,-641800.0015077177,119230.72324485877,-522569.27826285886,299.8716019762586,466.4389464222448,105
1670000,-641727.5915536569,119583.6876505446,-522143.9039031123,300.75932620448657,465.68066567723525,105
1675000,-640262.6868037158,120570.00286162045,-519692.6839420953,303.2399613491,467.00885616373034,105
1680000,-643372.9601958198,119418.76623474516,-523954.1939610747,300.34454008384546,465.2172882094159,105
1685000,-641089.4024277665,119345.6241454925,-521743.77828227397,300.1605838443866,467.4631817838021,105
1690000,-641392.6260328195,118903.22689670854,-522489.39913611097,299.0479312654847,467.842124262028,105
1695000,-641846.0765740187,118871.81236436008,-522974.2642096586,298.9689220480255,468.1124059950957,105
1700000,-641906.2421334148,119957.62330845112,-521948.6188249637,301.699794245951,467.1876241824776,105
1705000,-641429.5415619584,120245.30910647131,-521184.2324554871,302.4233393085853,466.84366411121175,105
1710000,-641687.9687236929,119244.80015419691,-522443.168569496,299.907006150948,467.07888239733273,105
1715000,-641493.6966688945,119930.70300684014,-521562.99366205436,301.6320882575105,466.82048066988114,105
1720000,-641028.8691284638,120041.57784349856,-520987.29128496523,301.9109443608936,466.9441976808715,105
1725000,-640819.8005083133,119380.17885033216,-521439.6216579812,300.24749076245337,469.2084750701601,105
1730000,-641897.237509992,119217.67055441439,-522679.5669555776,299.8387737664891,467.63783542225684,105
1735000,-640633.001339457,119551.34333184664,-521081.65800761036,300.6779785249722,467.63576123457614,105
1740000,-642675.72145771,119041.05438952544,-523634.6670681846,299.39457473071377,465.8845307339012,105
1745000,-641045.7282723836,119246.66471892281,-521799.06355346076,299.91169563027114,466.6663480708828,105
1750000,-640734.33447727,118866.89978374436,-521867.43469352566,298.95656664684213,466.94937945289695,105
1755000,-640811.5689001367,119675.98529469973,-521135.583605437,300.9914596819846,468.5272197962635,105
1760000,-641696.499539163,119192.8812184988,-522503.61832066416,299.77642726996004,466.88731826903677,105
1765000,-640670.6180473445,118901.42065757292,-521769.1973897716,299.0433884781191,467.88085494595197,105
1770000,-640011.9882440078,119198.53598390118,-520813.4522601066,299.79064930530353,468.05054492512676,105
1775000,-639661.0374289947,118707.212313532,-520953.82511546265,298.55494417735684,467.5553709788291,105
1780000,-642972.8327486184,119542.54286552256,-523430.2898830959,300.65584488472484,467.54857626141813,105
1785000,-639973.3821387268,119067.46690629562,-520905.91523243114,299.46100361330843,469.2716544835479,105
1790000,-640887.391635566,118625.11236223544,-522262.2792733306,298.34845843905504,468.1402017595125,105
1795000,-642095.0612891284,119627.08535056861,-522467.97593855974,300.86847372514336,466.54196071400054,105
1800000,-643189.2545761089,118735.93134232925,-524453.3232337796,298.62717406021136,466.2893207436049,105
1805000,-642389.5397793497,119055.7397355983,-523333.80004375137,299.4315091561085,465.65118522249725,105
1810000,-640990.1009062426,118752.7450523455,-522237.3558538971,298.6694614339731,466.23768167109466,105
1815000,-640123.1868460197,119754.15509295347,-520369.0317530662,301.1880608766312,468.17098494293396,105
1820000,-640013.0887536597,118675.12559756316,-521337.9631560966,298.474244382389,469.54267255610625,105
1825000,-641563.8268582067,119476.33473163989,-522087.49212656677,300.48932791132296,468.3755158804488,105
1830000,-640795.8676837869,119390.7532114487,-521405.11447233823,300.2740858423254,468.3317630942671,105
1835000,-641252.679163164,118931.45331474353,-522321.22584842046,299.11892220610673,467.1222120717729,105
1840000,-640582.6098271715,119405.8929742765,-521176.71685289504,300.3121631499954,468.6339985531191,105
1845000,-640676.37536682,118451.14023236209,-522225.23513445794,297.9109092917836,468.5940054400969,105
1850000,-640420.1940929489,118810.54020963993,-521609.653883309,298.814819324395,467.98206421939716,105
1855000,-642168.5762361703,119929.8020005816,-522238.7742355886,301.6298221789128,466.76375742004234,105
1860000,-641580.1541410917,119122.10693659456,-522458.04720449715,299.59842619175004,467.68784073142444,105
1865000,-642120.9111888236,119390.39915998385,-522730.5120288398,300.2731953840856,466.7884207129555,105
1870000,-639887.7135986527,118842.81896335375,-521044.894635299,298.89600210449174,466.85531795886834,105
1875000,-642700.8961401512,118893.02481752913,-523807.87132262206,299.02227249445855,465.8957428757179,105
1880000,-642207.0633485098,118122.18117806374,-524084.8821704461,297.08355979735455,467.3267002449275,105
1885000,-641898.2702817922,119095.65760548237,-522802.6126763098,299.53190471912995,466.4361450498425,105
1890000,-640668.8140471466,119298.38045298273,-521370.43359416386,300.0417634483459,467.3640446770282,105
1895000,-640667.2298781849,118912.05328818609,-521755.17658999877,299.07013010887005,466.9650219957644,105
1900000,-641666.7203483265,119237.9208430975,-522428.799505229,299.889704318134,466.9664472153411,105
1905000,-641440.1574443677,119704.11997315241,-521736.03747121524,301.06221989268437,468.25058134287013,105
1910000,-641702.6310974546,119043.83066873753,-522658.80042871705,299.40155722039606,467.878895613108,105
1915000,-640667.7611104837,119288.69644924771,-521379.06466123596,300.0174076645803,467.634295755626,105
1920000,-642447.6204660283,119283.32946719194,-523164.2909988364,300.0039094196394,467.3181450898708,105
1925000,-642121.5516043808,119187.58844116202,-522933.9631632188,299.76311565382883,465.7237941396999,105
1930000,-642109.8150470708,118897.01566941901,-523212.7993776518,299.03230969893826,466.2057582228398,105
1935000,-641281.6813331987,118843.65544352075,-522438.0258896779,298.8981058965419,468.1718136651056,105
1940000,-640473.650543753,119529.19133417797,-520944.4592095751,300.62226507421815,466.0067651394314,105
1945000,-640770.0854273066,118640.7984504822,-522129.2869768244,298.3879097841721,466.65034381386005,105
1950000,-641098.4330732101,119247.22109183145,-521851.2119813786,299.9130949376885,468.2467273812773,105
1955000,-640368.9352024593,119602.18703134172,-520766.7481711176,300.8058531297977,466.9343172323506,105
1960000,-643352.9568099021,119025.7001435096,-524327.2566663926,299.3559579864335,466.55755807777064,105
1965000,-640614.0121996924,118530.35683657776,-522083.65536311467,298.1101432590262,468.12208091302,105
1970000,-640628.3873515017,119472.16219776764,-521156.2251537341,300.4788337670075,467.8404251647409,105
1975000,-641761.4105897062,119873.55118117144,-521887.8594085347,301.48834838029825,467.16240843962726,105
1980000,-641925.5798338642,118726.06313352409,-523199.51670034014,298.6023549909102,467.436595111842,105
1985000,-641702.5140901767,119195.56294044515,-522506.9511497315,299.7831719430965,466.6609983376422,105
1990000,-640629.3893380701,119193.03361747853,-521436.3557205915,299.77681056148884,467.690061431462,105
1995000,-640206.6081389044,119264.58858049358,-520942.01955841086,299.9567750941589,465.93862113372353,105
2000000,-641029.927550138,119339.54030071264,-521690.38724942534,300.145282651618,467.5343634207451,105
2005000,-639926.974341583,118995.34467626945,-520931.6296653135,299.2796123739746,469.40880254616786,105
2010000,-640938.4105493878,119725.79167077434,-521212.61887861346,301.1167253633095,468.0622187346284,105
2015000,-641888.00881036,120088.32901873733,-521799.6797916227,302.02852604983747,467.44723856898594,105
2020000,-640695.8237585751,119439.230059903,-521256.59369867214,300.39600769106653,467.54992411223225,105
2025000,-639255.0443104263,119466.15046117373,-519788.8938492526,300.4637139301566,468.79454545719454,105
2030000,-641279.491545538,119901.28377897706,-521378.2077665609,301.5580973368139,468.23793478679164,105
2035000,-640491.314789223,118927.21914697695,-521564.0956422461,299.1082730492733,469.5084966049391,105
2040000,-643143.2197435438,119251.47820556513,-523891.74153797864,299.92380180484804,468.0908902576147,105
2045000,-641875.152470313,119320.61184395291,-522554.5406263601,300.0976765774703,467.20104670706274,105
2050000,-642260.3321460132,119504.08937635914,-522756.242769654,300.55913231699736,466.68817472626864,105
2055000,-642639.8936218107,118659.06344681111,-523980.8301749996,298.43384722009625,467.23980053503635,105
2060000,-641574.9438611022,119963.34344727464,-521611.6004138276,301.714180698921,467.38205023904106,105
2065000,-641398.8631237317,118147.90472264079,-523250.95840109093,297.14825587828824,466.42229213976117,105
2070000,-641117.0211898196,119106.92665479332,-522010.09453502623,299.56024697670966,467.1458545035793,105
2075000,-642382.200467878,119157.89070730942,-523224.3097605686,299.68842427577556,467.8309507134361,105
2080000,-641714.0866470006,119858.73119984486,-521855.3554471558,301.4510753400892,468.11089214712916,105
2085000,-641994.9160815803,119460.10051765238,-522534.815563928,300.44849800085376,466.6009654521357,105
2090000,-642169.4886403177,119045.53517648019,-523123.9534638375,299.4058441479048,464.0655514003489,105
2095000,-641819.5220368067,119002.5834561832,-522816.9385806235,299.29781828995004,466.39858269054145,105
2100000,-641971.6034423946,119889.6434136917,-522081.960028703,301.5288211998358,465.9765474861638,105
2105000,-642346.9716078457,119564.2600269384,-522782.71158090734,300.71046469920645,465.95895093533255,105
2110000,-641523.9773215177,118924.02369153698,-522599.9536299807,299.10023630911314,467.00279556141686,105
2115000,-641569.710437553,119580.63258310675,-521989.07785444625,300.7516425476086,467.26723008084696,105
2120000,-642094.9257998336,119364.69247694622,-522730.2333228874,300.20854171081925,466.41294072799263,105
2125000,-640474.2896599774,118401.82719199162,-522072.4624679858,297.78688437595844,468.0803838266441,105
2130000,-641130.5153127769,120413.35777802183,-520717.15753475507,302.84599064354654,467.371345604728,105
2135000,-641817.6300244452,119922.23724927672,-521895.3927751685,301.61079642757437,466.9051867436517,105
2140000,-642492.6797734955,120436.1468956616,-522056.53287783393,302.903306484869,465.8535226330297,105
2145000,-642064.3601367432,118365.29367426364,-523699.06646247953,297.69500063837165,466.05002221574506,105
2150000,-640066.5960797458,119349.66490833228,-520716.9311714135,300.1707465775563,467.6965510222523,105
2155000,-642540.0537341866,119155.09155791893,-523384.96217626764,299.6813842663799,466.09567058847176,105
2160000,-641840.1450441196,120217.45534537884,-521622.6896987407,302.35328561996755,466.41752950106087,105
2165000,-641391.6698122909,119898.95333610114,-521492.7164761898,301.552236149198,466.30196107716716,105
2170000,-642413.2392874574,119567.55595457426,-522845.68333288317,300.71875413227593,466.2916006003252,105
2175000,-639992.695176987,119133.20991451025,-520859.4852624767,299.6263507709497,468.69646296354165,105
2180000,-640067.9082392296,118472.15824283552,-521595.74999639404,297.9637707045093,466.7888614993224,105
2185000,-642666.7431705585,119331.1699104312,-523335.5732601273,300.12423067546155,468.68923218541755,105
2190000,-640032.2632944761,120119.88684535457,-519912.3764491215,302.1078956599938,468.836905913049,105
2195000,-641797.5391219896,118851.480119155,-522946.0590028346,298.91778537137463,468.6446486611049,105
2200000,-640697.0283095939,119809.2329168925,-520887.7953927014,301.32658452933134,466.8830170472624,105
2205000,-639953.7602173258,119518.1544420569,-520435.60577526886,300.5945067043021,467.6344297129961,105
2210000,-641234.6914006774,119730.12231709706,-521504.5690835804,301.1276171688362,466.74654974444144,105
2215000,-640634.0012963163,119827.30192824011,-520806.69936807617,301.37202905261756,467.4483646387536,105
2220000,-641784.1449284293,119202.23830286157,-522581.9066255677,299.7999608341399,468.17728633433654,105
2225000,-641858.6531866752,119131.70079603855,-522726.9523906366,299.62255525783564,467.1260995718871,105
2230000,-641232.7483523651,118794.73167573684,-522438.01667662826,298.77506002194843,467.411343165488,105
2235000,-641058.6034800336,119640.49607523705,-521418.1074047965,300.9022024100036,467.05872027530717,105
2240000,-640939.074658907,120217.1952372918,-520721.8794216152,302.35263143431285,466.83871700078413,105
2245000,-640972.2777779885,119734.33341047939,-521237.9443675091,301.13820829236766,467.3320282138509,105
2250000,-642713.742600305,119518.1317509875,-523195.6108493175,300.59444963505734,466.14203299331126,105
2255000,-640649.6194265205,119685.73396336194,-520963.8854631586,301.0159781014768,467.2059935419678,105
2260000,-641332.131648351,118390.0529354666,-522942.07871288434,297.75727149540097,467.4288305899325,105
2265000,-640971.3851627652,119553.74668335117,-521417.638479414,300.6840230816617,468.29152986565896,105
2270000,-640947.8586610514,119224.90554111748,-521722.9531199339,299.85697014233824,466.94576297545774,105
2275000,-641702.432982842,119291.80612015445,-522410.6268626875,300.0252286520829,466.635774239963,105
2280000,-641258.9558530604,119455.39589706287,-521803.5599559975,300.4366656301823,467.4926446600229,105
2285000,-640765.0225170106,118884.38645479083,-521880.63606221974,299.00054655333963,467.2579340996935,105
2290000,-641240.6540177511,119278.14807095722,-521962.5059467939,299.9908779328959,465.1885199845952,105
2295000,-642282.234011576,118908.62181020714,-523373.6122013689,299.0614997594879,467.11400396915326,105
2300000,-642098.6603298103,119824.16105549567,-522274.4992743147,301.3641295908359,467.0502149850735,105
2305000,-640766.4499777299,119135.99414966337,-521630.45582806657,299.6333532702463,466.26018425067645,105
2310000,-642423.4496190548,118684.79659438145,-523738.65302467335,298.49856745306806,465.96222528483804,105
2315000,-642611.190747208,118649.60039991606,-523961.5903472919,298.4100471545195,465.0347027131587,105
2320000,-640444.4013675759,119443.28756348384,-521001.11380409205,300.4062125280892,466.9393767171223,105
2325000,-641120.6549987784,119365.72947922384,-521754.9255195545,300.21114982662846,467.8753071304924,105
2330000,-640690.8035911596,120419.65300845599,-520271.15058270365,302.8618234824636,467.777950165248,105
2335000,-641652.8705368717,119792.17952465266,-521860.69101221906,301.28369434204643,467.84294928742327,105
2340000,-639902.4590810034,119107.83498315362,-520794.6240978498,299.5625314707823,467.9047233397953,105
2345000,-641399.4600417893,119017.03036707087,-522382.42967471847,299.3341530381894,466.8184819649142,105
2350000,-641059.8373180442,119406.66546233109,-521653.17185571307,300.3141059984839,468.59973557396296,105
2355000,-641574.5586050306,119785.10936727992,-521789.4492377507,301.26591252071813,467.1402546933878,105
2360000,-641224.201062208,119676.93548410124,-521547.2655781068,300.99384945879933,467.9434693935429,105
2365000,-641109.4268174255,119583.2900663219,-521526.1367511036,300.7583262590486,468.0973410534115,105
2370000,-643027.2028918061,120246.49304979578,-522780.70984201034,302.42631698893223,465.7756739227557,105
2375000,-642473.015766703,119691.72539078887,-522781.2903759142,301.031046859694,464.912369047836,105
2380000,-641784.8459830894,120288.0271732319,-521496.81880985753,302.53077751548534,465.3827354555903,105
2385000,-641824.213067784,119133.10816235445,-522691.1049054295,299.6260948588733,468.09189345714543,105
2390000,-641334.4950495372,118999.03592346341,-522335.45912607375,299.2888960567304,467.22461438980963,105
2395000,-640281.9388306229,118976.85200226132,-521305.0868283616,299.23310231659406,467.23303157765895,105
2400000,-641283.5766411019,119576.12819603505,-521707.4484450668,300.7403137748699,467.3247092308575,105
2405000,-642564.2444482362,119219.92229540009,-523344.32215283613,299.84443701467075,466.1417576038223,105
2410000,-641121.6531588486,119399.10605526657,-521722.54710358207,300.29509368819396,467.57550310178476,105
2415000,-641124.7406375618,118703.8423298357,-522420.8983077261,298.5464684893618,467.0382006770839,105
2420000,-641185.4934191545,118562.68095723959,-522622.81246191496,298.19144013940684,467.59945632210224,105
2425000,-642038.2050040392,119514.16510623298,-522524.03989780624,300.5844733128088,467.86779964862774,105
2430000,-641604.0637272359,118536.01881418808,-523068.0449130478,298.12438343345565,468.07676731832566,105
2435000,-640809.2351428368,118849.11428719357,-521960.12085564324,298.911835178329,470.1260942734107,105
2440000,-640788.4123053881,119624.53983061318,-521163.87247477495,300.86207160724854,468.8521309182181,105
2445000,-641503.0359408525,119193.09975715436,-522309.9361836981,299.7769769062866,467.10623298301726,105
2450000,-640483.347455448,119662.21071491227,-520821.13674053573,300.95681588217366,466.3127517731408,105
2455000,-640454.9728649361,118849.23256555991,-521605.7402993762,298.91213265470276,467.79006536806287,105
2460000,-643499.9971248149,119470.62864183146,-524029.36848298344,300.4749767923721,466.4022993405868,105
2465000,-641742.2744181887,120330.53752565003,-521411.7368925387,302.63769330978124,466.6967979989648,105
2470000,-641148.3598144804,119507.37718685005,-521640.98262763035,300.56740133501614,465.6407703737369,105
2475000,-640325.1124897096,119240.32565629302,-521084.7868334166,299.89575255105393,467.0573723177519,105
2480000,-640868.3413799116,119102.1342010101,-521766.20717890153,299.54819370089064,467.92239743003466,105
2485000,-641617.6971847541,120015.41455921135,-521602.2826255427,301.8451423112319,468.7715043349731,105
2490000,-642043.2079852959,119595.93845804571,-522447.2695272502,300.79013763606133,467.19273604904186,105
2495000,-640754.5996525157,119458.17689753213,-521296.4227549836,300.44365999407705,469.2010547536458,105
2500000,-640148.9616355421,120110.24979800731,-520038.7118375348,302.0836579740375,469.18414723703336,105
