#"Step","Potential Energy (kJ/mole)","Kinetic Energy (kJ/mole)","Total Energy (kJ/mole)","Temperature (K)","Box Volume (nm^3)","Speed (ns/day)"
5000,-873911.996447457,164766.8502297572,-709145.1462176999,300.47909978779734,760.5043912761342,0
10000,-882745.8153832499,164506.50573938742,-718239.3096438625,300.004319345057,735.4560464824665,241
15000,-885211.1962413881,164719.92733716854,-720491.2689042196,300.39352827565875,718.4416560079462,236
20000,-887302.168568762,164633.13845544495,-722669.0301133171,300.2352546604532,704.0316437290139,234
25000,-888668.9449241608,164961.75736974023,-723707.1875544207,300.83454459895114,689.8309980204049,236
30000,-890311.909615201,164312.32129062264,-725999.5883245782,299.65019247866206,675.159629807611,235
35000,-892597.3241040288,164618.75835638918,-727978.5657476396,300.20903021534724,667.3538929600411,234
40000,-895035.9577583773,164072.09925589152,-730963.8585024858,299.2121086004757,657.7100869418676,233
45000,-894947.1333774887,164311.6511007331,-730635.4822767556,299.6489702785993,653.2087711529031,233
50000,-896605.5529269148,164978.13407765905,-731627.4188492557,300.86441018445015,648.8849444513841,232
55000,-897169.285382498,164880.1241587384,-732289.1612237596,300.6856731862828,648.3112428428187,231
60000,-896354.3123070961,164878.78003636646,-731475.5322707297,300.6832219609316,649.8850148225478,231
65000,-895977.8563465597,163665.13652971608,-732312.7198168436,298.46994600261166,647.801642229376,231
70000,-895724.0886774436,164396.87388356507,-731327.2147938785,299.80438785823407,648.3414523075692,230
75000,-895526.823080848,164854.3128897412,-730672.5101911067,300.63860214704255,648.6127342658251,230
80000,-895847.2659581061,164002.7978879913,-731844.4680701148,299.0857263056653,649.6993243201865,230
85000,-894753.7611803655,164089.8623437829,-730663.8988365825,299.2445024749208,648.8529078581396,230
90000,-897133.7112859543,164481.3365067506,-732652.3747792037,299.95841916334865,649.2068868106236,230
95000,-896155.4808411663,164969.36044885457,-731186.1203923118,300.8484100480066,648.0126157604639,229
100000,-896391.1720968541,163304.3694146684,-733086.8026821857,297.8120286010749,649.4054761166758,229
105000,-897791.2141754869,164245.40108943632,-733545.8130860506,299.5281526279151,647.7851093514473,229
110000,-897468.8787899688,163201.6686083161,-734267.2101816527,297.6247370081532,646.383021358782,229
115000,-896318.8758446369,164835.05175839723,-731483.8240862397,300.603476347168,649.9909647840913,229
120000,-896791.6069278028,163769.42741153663,-733022.1795162661,298.660137356284,649.4155181156958,229
125000,-895283.4062861437,163895.01222058613,-731388.3940655575,298.8891616431329,647.9856985537775,229
130000,-895864.9413255574,163773.84066543577,-732091.1006601217,298.66818564122053,649.9036848430976,229
135000,-896127.725695624,163804.61592013465,-732323.1097754894,298.72430931424555,648.7814607195925,229
140000,-896643.7613939196,163965.34688004345,-732678.4145138762,299.01742831284315,647.7778698476471,229
145000,-898294.2758201128,165503.2022361396,-732791.0735839732,301.8219572114611,648.235934932659,229
150000,-896281.5753004476,163928.79755385034,-732352.7777465973,298.9507746830806,650.1917880757866,228
155000,-894449.6559743416,163861.7337472039,-730587.9222271377,298.82847294446407,650.3338205267793,229
160000,-896251.5061629871,165036.95965750056,-731214.5465054866,300.9716881790869,648.8921387980536,228
165000,-896359.3425061852,164187.93373147503,-732171.4087747101,299.42335157137177,648.4176655431693,228
170000,-895591.9410762126,165488.40903465298,-730103.5320415596,301.79497940700907,649.4025516166066,228
175000,-896691.5603067307,164230.45015813515,-732461.1101485955,299.5008871775402,649.1916384718645,228
180000,-898015.7161994139,164385.74457009084,-733629.971629323,299.7840917483714,648.8982870778277,228
185000,-896518.009978381,165152.5526423707,-731365.4573360103,301.18249075246337,648.9300154371822,228
190000,-895856.5476738019,164574.35915259324,-731282.1885212087,300.12806105941996,648.8088404143024,228
195000,-895858.705144478,164286.85934379988,-731571.8458006781,299.6037584851161,649.3233496484729,228
200000,-895226.4864005577,163988.87298564028,-731237.6134149174,299.0603319856474,648.7798143782361,228
205000,-897761.2535658153,163442.5905616497,-734318.6630041655,298.06409730153655,648.5465698021733,228
210000,-896627.5169262979,165524.64397639193,-731102.8729499059,301.861059705682,649.2753231554526,228
215000,-897501.0821205713,165323.5492210434,-732177.5328995279,301.4943307734064,648.957382434356,228
220000,-895552.4063813817,164369.51928990742,-731182.8870914743,299.75450231593084,649.2153419462683,228
225000,-896620.4834646536,165083.3581064595,-731537.1253581941,301.0563032831281,650.6697118780777,228
230000,-896402.849175022,164588.3556701289,-731814.493504893,300.15358598135305,649.7636105643161,228
235000,-897528.3944355249,163509.49801517758,-734018.8964203474,298.18611390485887,645.9229860735251,228
240000,-898079.7634269847,164223.32156327757,-733856.441863707,299.48788702755513,644.87756523385,228
245000,-895897.7776887976,165567.4447070966,-730330.332981701,301.93911378642986,647.6604045603469,228
250000,-895908.6624149699,164861.26176331786,-731047.400651652,300.65127454609575,647.5248379236383,228
255000,-895440.778556589,164701.32579467562,-730739.4527619134,300.35960534313233,650.2376271128015,228
260000,-896530.1289248923,164160.13751789852,-732369.9914069937,299.37266066345353,649.9904892943193,228
265000,-895518.5458726799,163073.82498881806,-732444.7208838619,297.3915934137541,648.8091174380021,228
270000,-894439.0615785057,163935.95719645437,-730503.1043820513,298.9638314536717,650.1166850154673,228
275000,-895628.4435193138,165131.0402893573,-730497.4032299565,301.1432594844093,649.2866300387208,228
280000,-895749.9524973528,165557.8962317249,-730192.056265628,301.9217005914818,649.0158028152026,228
285000,-896739.4171370547,164949.5861968635,-731789.8309401912,300.8123484893316,648.2142386131549,228
290000,-896957.5155540388,165551.18814298976,-731406.327411049,301.90946730267626,647.8922405152239,228
295000,-896952.6482643271,165027.49593300512,-731925.152331322,300.95442954112025,647.4887082951037,228
300000,-897634.9957723934,164031.95893878082,-733603.0368336126,299.1389062158104,647.6269823284086,228
305000,-895199.1162069654,165140.0533870734,-730059.0628198921,301.1596963312887,648.5676800476273,228
310000,-897890.1726431428,165174.25533488765,-732715.9173082551,301.222069135502,648.1750145775522,228
315000,-896818.0343709905,163856.7304544953,-732961.3039164952,298.81934862797107,646.7411143391449,228
320000,-896901.8235717211,164870.3294263677,-732031.4941453533,300.66781090171946,646.3151289227093,228
325000,-896001.3460451141,163509.00889256134,-732492.3371525528,298.18522191036357,647.8415564446731,228
330000,-896875.8751762304,163679.9647734444,-733195.910402786,298.49698771228026,646.765444569272,228
335000,-897132.5917669553,163367.13178381283,-733765.4599831426,297.92648597010736,648.763610233452,228
340000,-896324.0910752844,165247.5023038973,-731076.5887713871,301.35564687446777,648.8790756742444,228
345000,-897260.0733657964,164638.34584307595,-732621.7275227203,300.24475117717014,647.6534040818731,228
350000,-897104.0809103735,163177.74451806606,-733926.3363923074,297.58110754572465,647.8822168467314,228
355000,-894649.6975651337,164954.03157665773,-729695.665988476,300.82045536105323,649.7869986188686,228
360000,-897553.2632463509,164044.28642882145,-733508.9768175294,299.16138739515486,650.1627587731945,228
365000,-895042.2745616492,164561.36588568537,-730480.9086759638,300.1043657278752,648.6970598584488,228
370000,-896184.7161263777,164091.67122025866,-732093.044906119,299.2478012548289,649.1676450512991,228
375000,-897494.9559323294,165326.41662109917,-732168.5393112302,301.49955994290434,646.5239338286129,228
380000,-896961.0256048599,164418.73963385634,-732542.2859710036,299.8442636035951,648.1208374416176,228
385000,-896174.0177468052,165009.0441495732,-731164.973597232,300.92077971855355,647.2789977044719,228
390000,-896087.0285141952,165214.99328687205,-730872.0352273232,301.29636140438015,647.6985958430148,228
395000,-896514.104101534,164029.02318576042,-732485.0809157735,299.1335523935849,648.1855362817153,228
400000,-895705.4058646495,165212.9839263431,-730492.4219383064,301.29269700925425,649.3694570336131,228
405000,-897185.3638425646,164703.74297898167,-732481.6208635829,300.3640134711222,647.2260211227851,227
410000,-897097.7718440285,164748.9880745838,-732348.7837694447,300.44652524808083,646.2085719131131,228
415000,-897442.3725334238,164790.53293783637,-732651.8395955875,300.5222890506512,648.0675951771873,228
420000,-897582.9637373192,164548.4310249564,-733034.5327123628,300.08077690947937,647.900187840164,227
425000,-895809.8937486988,164832.11545967055,-730977.7782890282,300.59812152975854,649.6025154649102,228
430000,-895363.502054451,164897.58285578212,-730465.9191986689,300.7175119546021,650.8989514890918,228
435000,-894673.0905515524,164295.69556978275,-730377.3949817696,299.6198727776765,649.1099975650739,228
440000,-895897.6420892589,163835.4980501717,-732062.1440390872,298.7806278918,647.4130725926826,227
445000,-896216.4683961393,164394.57210695336,-731821.896289186,299.8001901949102,648.8210340350362,228
450000,-896871.0341685563,164229.16529305629,-732641.8688755,299.49854401748274,649.5037888274659,228
455000,-896234.0850684121,164871.08931940107,-731362.995749011,300.6691966900275,649.4188865324121,228
460000,-896646.4730305551,163736.99649193682,-732909.4765386182,298.60099430953,649.1280903049228,227
465000,-894381.0018741433,165183.27149652923,-729197.730377614,301.238511569947,650.3576345048521,228
470000,-895195.4820035733,163642.45498329727,-731553.0270202761,298.42858252057505,649.2036964181486,228
475000,-896585.4185274038,165094.18533444122,-731491.2331929626,301.0760484910544,649.8300486932511,227
480000,-895612.6952387793,163829.13761859888,-731783.5576201804,298.7690286122689,647.4049331064818,228
485000,-896662.2600722257,163726.75562070403,-732935.5044515217,298.58231841832503,649.6616771158143,228
490000,-896399.8445837749,163953.72677158122,-732446.1178121937,298.99623715864374,648.6094289993878,227
495000,-896410.2420391673,164435.81419372687,-731974.4278454405,299.87540183541796,647.2064003794757,227
500000,-896173.6037417855,163386.86478862358,-732786.738953162,297.9624723078529,649.1849500770531,228
505000,-895961.4848723896,163743.923212762,-732217.5616596276,298.6136263094446,648.2038397558754,227
510000,-895741.342808241,164037.57754949923,-731703.7652587418,299.1491526645855,649.3406555271914,227
515000,-897334.6995394249,166372.87537720645,-730961.8241622184,303.407947367691,648.6317247669416,227
520000,-897649.1890889071,163963.26585763122,-733685.9232312759,299.01363323063947,648.7102018281907,228
525000,-897132.9109854456,164433.68156831147,-732699.2294171341,299.8715126467607,648.5992224519945,227
530000,-897752.446514125,163707.86363286956,-734044.5828812554,298.5478658115672,647.9028294692333,227
535000,-896545.8603211623,164907.13955177553,-731638.7207693867,300.7349401411884,649.222435248483,228
540000,-897186.5888615996,163388.25652741315,-733798.3323341864,297.9650103694718,648.3798224515014,227
545000,-895923.440541612,164753.7450454001,-731169.6954962119,300.4552003566152,648.4026056184292,227
550000,-896568.4186139796,164605.53397207026,-731962.8846419093,300.1849134036836,648.0605239670273,227
555000,-895113.4715089658,164691.95179242094,-730421.5197165449,300.3425103282372,648.82055524556,227
560000,-897416.4484393662,164704.2411692498,-732712.2072701163,300.3649220019528,648.1326810274313,227
565000,-897581.8106033225,164241.1611887241,-733340.6494145984,299.5204204806572,648.6915183848828,227
570000,-896062.8431929965,163816.67976909375,-732246.1634239027,298.7463097012782,649.8802486442361,227
575000,-897459.9098810926,165608.09049086535,-731851.8193902273,302.01323797160404,647.4869288335381,227
580000,-896527.4603615385,165480.0342558655,-731047.426105673,301.7797066383212,648.6300611722979,227
585000,-896356.0361025399,165306.57258044498,-731049.4635220949,301.4633711132726,649.2723695024617,227
590000,-895448.9752302002,164245.08629178343,-731203.8889384167,299.52757854329053,649.1662432813422,228
595000,-898431.4745277399,164378.72456834296,-734052.7499593969,299.77128963555094,649.0508902123668,227
600000,-895577.7572814096,164339.7450181177,-731238.0122632919,299.70020409774105,647.9318546944808,227
605000,-897169.7495548008,164004.76028091274,-733164.9892738881,299.0893050477341,647.4731929027686,227
610000,-895838.142059044,165153.90363465587,-730684.2384243881,301.1849545062166,647.6428764069988,227
615000,-895065.700977195,165512.7034342124,-729552.9975429827,301.83928418857965,649.0929980972284,227
620000,-896221.513254555,165475.93696026714,-730745.5762942878,301.7722345546391,648.3530363107615,227
625000,-895820.031284526,164347.24854526005,-731472.7827392659,299.7138879976143,648.8113611953765,227
630000,-895412.891960267,165246.4867947257,-730166.4051655412,301.3537949286347,650.9159943720091,227
635000,-896490.7446057526,163159.59093894245,-733331.1536668101,297.5480015471249,648.6632291483818,227
640000,-896984.0781370075,164656.00077995064,-732328.0773570569,300.27694782067897,648.5735311418681,227
645000,-896678.2265779963,164712.1290996059,-731966.0974783904,300.37930692349056,647.5533090238614,227
650000,-896620.7061298126,165125.8308844691,-731494.8752453435,301.13375928889633,651.2545518072266,227
655000,-897321.9945400208,164436.75052540065,-732885.2440146202,299.87710938823,648.0488732070141,227
660000,-897023.4304511165,166127.79867247766,-730895.6317786388,302.96101021065255,647.6369927280904,227
665000,-896409.299517097,165191.3660470703,-731217.9334700266,301.253273296935,646.7005952986174,227
670000,-897015.4551960807,164500.559231709,-732514.8959643717,299.99347492294413,647.2120391648572,227
675000,-895278.2934625521,164521.1186655527,-730757.1747969994,300.03096838819454,648.9248634828829,227
680000,-896787.3390545547,164937.36110770842,-731849.9779468463,300.7900540546257,649.8423108460877,227
685000,-895739.26342142,165014.5979225447,-730724.6654988753,300.9309079251714,647.4710689105376,227
690000,-896342.9845673479,163952.0232579009,-732390.961309447,298.99313052489777,649.4343736649369,227
695000,-895646.5633334005,165056.4685053184,-730590.0948280821,301.00726573016607,649.8848564466243,227
700000,-898429.5165565545,164244.9590049781,-734184.5575515764,299.5273464151371,647.7387512540264,227
705000,-896866.83945012,164535.83467662957,-732331.0047734904,300.0578054234033,647.919251029365,227
710000,-896491.0075332355,164689.86430048075,-731801.1432327547,300.33870344779905,647.2422928780541,227
715000,-896656.7194464114,164559.6604326635,-732097.0590137478,300.10125555742513,648.5902367298556,227
720000,-895368.9487821823,164082.51936919626,-731286.429412986,299.23111136869716,651.7985320560749,227
725000,-894587.1279032938,164280.98672337516,-730306.1411799187,299.59304880840534,651.2666746312489,227
730000,-897598.6448301151,165190.3648871024,-732408.2799430127,301.2514475192043,648.140909387077,227
735000,-898028.5658163046,164474.69771215116,-733553.8681041535,299.9463122436489,644.907593160042,227
740000,-896405.0878767753,164312.43072469794,-732092.6571520774,299.65039204946396,648.034551368072,227
745000,-895777.2955386862,165019.00927447312,-730758.286264213,300.93895274155557,647.7343083463767,227
750000,-895520.611933073,163941.92603363888,-731578.6858994341,298.9747165972638,649.7230802584788,227
755000,-897072.603289092,164259.48809368006,-732813.115195412,299.5538425670501,647.4190147025444,227
760000,-896872.5946607236,164571.0122439327,-732301.5824167909,300.12195742813736,649.1093649630498,227
765000,-896533.1759708375,164943.19975293003,-731589.9762179074,300.80070177203805,650.0990202487778,227
770000,-898010.4962671809,164826.80748579634,-733183.6887813846,300.5884415776979,647.5119921892951,227
775000,-896962.5278653884,164151.53196166328,-732810.9959037252,299.35696703462503,648.0437596017484,227
780000,-896551.9323572721,164576.7939308175,-731975.1384264546,300.1325012727759,648.2886726662023,227
785000,-897971.340162959,164169.0013311447,-733802.3388318142,299.38882526586707,647.4593144277453,227
790000,-897424.4746531239,165021.23505195402,-732403.2396011698,300.94301180812664,647.9752101263683,227
795000,-896529.6163835712,164775.0591747125,-731754.5572088587,300.49407013157065,647.6851274870337,227
800000,-895343.5334273521,164297.8359136455,-731045.6975137065,299.62377604217556,648.6188295880905,227
805000,-896267.0960115287,164990.68346675747,-731276.4125447713,300.8872960327498,647.6499334422964,227
810000,-897813.9616550123,164113.8626813417,-733700.0989736706,299.2882709866949,647.6705251972901,227
815000,-896139.8608610593,164418.2912240317,-731721.5696370276,299.8434458554847,648.1461233268342,227
820000,-896593.9235480111,164784.91367327032,-731809.0098747408,300.5120414094787,649.8292740612075,227
825000,-896795.2866509007,165499.5231194016,-731295.7635314991,301.8152477448184,647.927349721106,227
830000,-896637.8609302156,163837.50789857178,-732800.3530316438,298.7842931766381,647.800939422851,227
835000,-895419.8321070205,165433.68116034992,-729986.1509466707,301.6951742436467,649.9591262130482,227
840000,-894917.2595013743,165318.18474438254,-729599.0747569918,301.48454777934154,648.776261668016,227
845000,-896942.5374646559,164140.72696367995,-732801.8105009759,299.3372623667097,649.1181703406362,227
850000,-897168.2788003832,164704.6339905407,-732463.6448098426,300.3656383753477,649.3120031412168,227
855000,-898178.590033289,164839.28995560776,-733339.3000776813,300.611205387814,646.5034539438251,227
860000,-895400.9021658404,165138.4987368125,-730262.4034290279,301.15686117415476,649.5241358103634,227
865000,-894860.5802643821,164116.9239645656,-730743.6562998164,299.29385373362504,650.8481489834523,227
870000,-895800.4787035706,163634.4192761694,-732166.0594274012,298.41392810410366,650.013679320735,227
875000,-896658.9499639487,163817.59949215566,-732841.350471793,298.74798696559026,650.2883934816127,227
880000,-896670.5116685368,165124.24914145464,-731546.2625270821,301.13087472372797,650.1630024647657,227
885000,-896544.139111693,165547.75085284235,-730996.3882588507,301.9031988460798,646.7251074903212,227
890000,-895882.1842970895,165037.4442550684,-730844.740042021,300.9725719214219,648.2499871916732,227
895000,-898454.852022999,164533.7436296338,-733921.1083933652,300.053992059744,647.0748089056381,227
900000,-897661.4225603594,163881.4803399999,-733779.9422203595,298.8644840621066,646.7199959124542,227
905000,-895956.32694453,163958.06150648487,-731998.2654380451,299.00414225144516,646.6964041888033,227
910000,-898772.6513440413,163106.30204402638,-735666.349300015,297.45082059627987,647.1820201113336,227
915000,-897870.9367642524,163056.60254823335,-734814.334216019,297.3601854974419,648.134472995782,227
920000,-896536.1717422046,164762.4917995041,-731773.6799427005,300.4711514826795,648.4823100602198,227
925000,-897338.6571016908,164407.2052366268,-732931.451865064,299.823228757743,647.2576657284708,227
930000,-897964.3449334996,164042.39826304134,-733921.9466704582,299.15794401832835,647.3437291455186,227
935000,-895769.9342934266,163982.17551344025,-731787.7587799863,299.04811805781725,648.2883753512714,227
940000,-895784.5612673564,163737.69463736424,-732046.8666299921,298.6022674910545,647.2723355742754,227
945000,-897467.2006764859,164724.7983469208,-732742.402329565,300.40241135270594,648.8622151241643,227
950000,-895899.3538816823,164504.44237369264,-731394.9115079896,300.000556462744,649.377466255089,227
955000,-895149.0979862288,163544.11208188612,-731604.9859043426,298.2492382747796,649.802361045333,227
960000,-897265.3705838807,165263.83970399603,-732001.5308798847,301.3854407757756,650.5325126213811,227
965000,-896843.7699847091,164486.50314222332,-732357.2668424858,299.9678413618892,650.7800985887924,227
970000,-896157.9055367475,163417.89909093268,-732740.0064458149,298.0190683962493,649.2924806509188,227
975000,-896762.4065741291,164997.67909715755,-731764.7274769716,300.9000537004611,648.4078235277307,227
980000,-896442.0376335653,164649.5827089153,-731792.45492465,300.26524342623077,648.0039022840034,227
985000,-897429.119940877,164443.76183495543,-732985.3581059215,299.88989564942517,649.721845137943,227
990000,-894580.9057158725,164538.1583194834,-730042.7473963891,300.06204296336944,649.2154444339155,227
995000,-896808.5220207553,164612.34295554855,-732196.1790652068,300.1973306904326,649.6212843466069,227
1000000,-895516.3800543193,164261.44150191185,-731254.9385524074,299.55740492407875,648.9884771877875,227
1005000,-897522.4213838754,164773.00506421248,-732749.4163196629,300.4903241276078,648.789813602851,227
1010000,-896620.2230228642,163557.13083810074,-733063.0921847634,298.2729800902132,649.0126438664869,227
1015000,-896793.6595616937,165257.53351535278,-731536.1260463409,301.3739404170325,646.4928360837226,227
1020000,-897385.7503145635,164347.0595791263,-733038.6907354372,299.7135433871925,647.7795685138889,227
1025000,-893599.0041628676,163830.39499419497,-729768.6091686726,298.7713216407919,647.2428087615316,227
1030000,-895758.6701413644,164679.7294185575,-731078.940722807,300.3202208453064,648.7131152036318,227
1035000,-896385.1693479689,165887.08802587178,-730498.0813220971,302.5220352693909,648.5595128125277,227
1040000,-896084.8181614922,165139.4589604005,-730945.3592010918,301.158612297751,648.5366427726916,227
1045000,-895426.433596422,165240.74578016798,-730185.687816254,301.3433252565875,647.8281309155399,227
1050000,-895196.5008126749,164459.11216630627,-730737.3886463686,299.9178894706296,646.0592395258718,227
1055000,-897291.8247786816,164248.28091943596,-733043.5438592457,299.53340446543353,648.5356258637137,227
1060000,-895674.8618213618,164847.299565365,-730827.5622559967,300.6258122114934,648.5299333192688,227
1065000,-896352.5110102622,164029.40117569978,-732323.1098345624,299.1342417196026,648.1614499976254,227
1070000,-897670.521234476,164619.60229849466,-733050.9189359813,300.21056928078286,648.8513612677292,227
1075000,-895978.0228246702,164811.51425556256,-731166.5085691076,300.56055188965024,650.1226697030271,227
1080000,-896049.0393340457,164712.56305063725,-731336.4762834085,300.3800983036443,650.9318819974911,227
1085000,-896629.9067307943,163534.71211652167,-733095.1946142727,298.2320959119389,649.4078438685026,227
1090000,-896392.5131105185,164454.9975578113,-731937.5155527071,299.9103858140699,648.583525516108,227
1095000,-896839.7155522592,164441.54791610938,-732398.1676361498,299.88585820899993,647.9382556184208,227
1100000,-896335.3269285113,164269.06792466788,-732066.2590038434,299.57131294405445,647.614545691278,227
1105000,-895693.9300482059,165944.2979770242,-729749.6320711817,302.62636690283057,647.7520131872956,227
1110000,-895577.406149568,164889.65734412376,-730687.7488054442,300.7030584974586,648.715266600076,227
1115000,-895995.9022093266,165039.64118718362,-730956.2610221431,300.9765783837858,650.2185252667107,227
1120000,-896999.148880343,165102.68872647302,-731896.4601538699,301.09155580687246,648.6395122850603,227
1125000,-895335.343678127,163896.51376678946,-731438.8299113376,298.89189995639697,651.1944998016698,227
1130000,-895354.256283083,164264.36488791136,-731089.8913951716,299.56273619303386,648.5077340775721,227
1135000,-897319.3982532611,164503.25547790888,-732816.1427753522,299.99839196560055,647.9102316549317,227
1140000,-896110.3853866877,164479.37097517215,-731631.0144115156,299.95483469742925,649.0646111756982,227
1145000,-896188.1879171561,164490.3399495089,-731697.8479676472,299.97483840284514,648.4414144935602,227
1150000,-896919.0821265765,164837.6941382672,-732081.3879883093,300.6082951558271,646.8484543110344,227
1155000,-896952.2142960737,165339.41430752457,-731612.7999885491,301.52326333415675,650.2861790550147,227
1160000,-895474.3958038418,162446.0251279174,-733028.3706759244,296.2466984498261,649.178473236341,227
1165000,-895620.0274694236,164070.67894102272,-731549.3485284009,299.2095184257373,648.6197454187812,227
1170000,-896403.4468944333,164033.87546128593,-732369.5714331474,299.14240130572836,648.2096701627601,227
1175000,-897619.7117712405,164296.8546680127,-733322.8571032278,299.6219865814678,646.4848632598855,227
1180000,-897048.9364343816,164278.6387815628,-732770.2976528188,299.5887669553436,647.138394022269,227
1185000,-896627.6417975891,163588.07795847201,-733039.5638391171,298.3294171881926,648.6790349639788,227
1190000,-897794.8774421439,164034.98729624675,-733759.8901458972,299.1444289172756,647.4536045381248,227
1195000,-895303.3762382381,164358.51238298925,-730944.8638552488,299.73442943429467,649.0660193762122,227
1200000,-895772.2321871342,165680.6059525262,-730091.626234608,302.1454816881658,648.7035751391516,227
1205000,-896467.0110066682,164153.8593560143,-732313.1516506539,299.36121141605537,646.7828945857075,227
1210000,-895965.9512361987,163829.06488977198,-732136.8863464267,298.7688959794462,647.2891794194903,227
1215000,-896934.4200678095,164071.98343454202,-732862.4366332674,299.2118973814423,646.5294112744413,227
1220000,-896551.4229341103,164859.57341325804,-731691.8495208522,300.64819556567346,647.9064461186816,227
1225000,-897396.9534864649,165052.04163892596,-732344.911847539,300.9991926206381,647.2123008216818,227
1230000,-895739.2303847307,164451.81610266608,-731287.4142820647,299.90458391413244,648.0510452875193,227
1235000,-898055.129082365,164680.90210557732,-733374.2269767877,300.3223594304621,647.3385005767266,227
1240000,-895770.6805139985,164832.46822001337,-730938.2122939851,300.59876484551114,649.5197660997342,227
1245000,-895369.8584511969,164293.5840773459,-731076.274373851,299.6160221284364,650.7664093800894,227
1250000,-896441.2551126815,165927.6289112132,-730513.6262014683,302.59596815525356,650.7050374900857,227
1255000,-895790.4541482627,164124.23871713493,-731666.2154311278,299.30719337241857,650.1332755520208,227
1260000,-896759.4415803468,165102.0703890912,-731657.3711912555,301.0904281682753,648.5560959817732,227
1265000,-897866.4621455753,164623.5674567636,-733242.8946888117,300.2178003905935,649.0912788312518,227
1270000,-895750.5195115283,164727.4465147247,-731023.0729968036,300.40724071660225,648.5441192452291,227
1275000,-895793.9048031718,163597.9424785236,-732195.9623246482,298.3474067419215,649.2155849889285,227
1280000,-895713.4332191609,163718.92850785953,-731994.5047113013,298.5680444073928,648.211769627488,227
1285000,-895545.3469400713,164793.2009862815,-730752.1459537898,300.5271546701242,649.0320489398722,227
1290000,-897695.5489044767,164980.12547867722,-732715.4234257995,300.86804182749256,649.3474193408538,227
1295000,-900090.0812338758,164816.68349655293,-735273.3977373228,300.5699788397753,645.8945116106036,227
1300000,-896465.3195655011,165260.8199445958,-731204.4996209053,301.3799337542789,647.9990031719169,227
1305000,-897072.081268399,164361.1004849309,-732710.9807834681,299.73914925834,648.5730498641857,227
1310000,-896636.4717243323,164142.9102937678,-732493.5614305645,299.3412440235686,647.6689819072315,227
1315000,-896715.1983130062,164609.0285031963,-732106.1698098099,300.1912862484972,648.8625787019597,227
1320000,-897182.4271004889,164535.30733887438,-732647.1197616146,300.05684373739814,646.9103798549705,227
1325000,-896677.4970321935,163933.21295634157,-732744.2840758519,298.95882688632366,648.2787413619569,227
1330000,-896963.1265774714,165199.17770805233,-731763.948869419,301.26751912888756,648.4892497575656,227
1335000,-894413.9878939735,165027.46676850237,-729386.5211254711,300.95437635491487,649.4338610227937,227
1340000,-897663.8541102083,164380.282937114,-733283.5711730943,299.77413157399184,647.5720730349525,227
1345000,-897356.0309498459,165318.1091511646,-732037.9217986814,301.48440992283673,646.0165199559154,227
1350000,-897047.0477791941,165439.74118910043,-731607.3065900936,301.70622568986363,646.5099068449383,227
1355000,-897171.0104543287,164055.3501846391,-733115.6602696896,299.1815639499881,647.931367998784,227
1360000,-896317.0667039519,163923.76072242943,-732393.3059815224,298.941589203301,648.191277264112,227
1365000,-896417.729214305,164794.58720387117,-731623.1420104338,300.52968266293874,648.435069992412,227
1370000,-895737.5266586924,163135.10604105977,-732602.4206176326,297.50334936093617,650.0448720839809,227
1375000,-895721.9066573782,164124.4656632796,-731597.4409940985,299.30760724555597,648.5230432651637,227
1380000,-895328.2082935125,164693.21651495912,-730634.9917785533,300.3448167551017,649.5540217257658,227
1385000,-895126.2248315914,164933.48450271145,-730192.7403288799,300.7829844360823,649.782792242708,227
1390000,-896399.6511361133,164421.29478676798,-731978.3563493453,299.8489233397352,650.6437758668638,227
1395000,-894902.0133537054,165729.8976273444,-729172.115726361,302.2353730592502,648.9679642170181,227
1400000,-896523.7162339957,165091.15708044157,-731432.5591535541,301.07052597827663,648.2450835948262,227
1405000,-897692.1497697104,164065.4655077533,-733626.6842619571,299.2000108838172,648.8700462819361,227
1410000,-897463.6024360852,164367.53052086453,-733096.0719152207,299.7508754727226,647.9556073871317,227
1415000,-897145.6929635089,164606.588039667,-732539.1049238419,300.1868356670645,648.7096060723395,227
1420000,-896080.1050501,164202.27433647693,-731877.8307136231,299.449503992659,648.1853906666925,227
1425000,-896032.7495601103,165677.55926583696,-730355.1902942733,302.13992556038613,647.5880926317491,227
1430000,-895087.4682076955,164950.3732538622,-730137.0949538334,300.81378381554026,649.2058208994137,227
1435000,-896079.8111222265,163975.29609178728,-732104.5150304392,299.0355723156217,649.8466207357159,227
1440000,-897342.7934966302,165423.74882676787,-731919.0446698623,301.67706102093615,647.4664622471018,227
1445000,-896480.4715937646,165051.3271038058,-731429.1444899589,300.99788954984825,649.3208156427328,227
1450000,-897831.6981877265,163944.24308601063,-733887.4551017159,298.978942118416,648.0943504846423,227
1455000,-897437.4060368333,165064.72912108502,-732372.6769157483,301.02233030405205,649.5620776971557,227
1460000,-896095.4419074971,163644.07930525567,-732451.3626022415,298.43154473536,648.9020243755624,227
1465000,-896798.9514576048,165760.15051419855,-731038.8009434062,302.29054410970866,646.6009887802433,227
1470000,-896116.0840747477,164983.61342890674,-731132.470645841,300.8744026709729,646.7335183343974,227
1475000,-897938.4025835451,165032.98436269863,-732905.4182208464,300.9644385836628,647.2966275691576,227
1480000,-896270.8490204168,165442.5381107941,-730828.3109096228,301.7113263306267,647.3048276530424,227
1485000,-897150.2554173637,163202.19001051923,-733948.0654068445,297.6256878697155,646.2492247264651,227
1490000,-895777.2481873827,164580.2702521386,-731196.9779352441,300.13884090905395,648.0866772493038,227
1495000,-896256.0158913331,164672.0277808195,-731583.9881105137,300.30617565860064,648.4294353869066,227
1500000,-895904.287392946,165703.6508954824,-730200.6364974636,302.1875078827825,649.1566718736437,227
1505000,-896535.245078194,165615.80011763866,-730919.4449605553,302.02729772761273,648.3174324465809,227
1510000,-898218.8503947621,163764.34853810573,-734454.5018566564,298.650875206074,647.2280794045671,227
1515000,-895389.267576268,165389.31113635126,-729999.9564399167,301.61425830181685,648.1220696731963,227
1520000,-896586.3093052823,164656.79932324874,-731929.5099820336,300.27840409401927,648.345963451421,227
1525000,-895359.4959925255,164602.74328888312,-730756.7527036424,300.1798241398499,646.517815703714,227
1530000,-896546.0715607945,165504.45523095448,-731041.61632984,301.8242422509183,645.8578812541497,227
1535000,-897641.9783218857,165027.6123214199,-732614.3660004658,300.95464179428916,646.7496802893306,227
1540000,-895781.4690341102,164531.84678410806,-731249.6222500021,300.0505328539923,647.9760721469028,227
1545000,-895470.6193836918,164395.5970359515,-731075.0223477404,299.8020593193262,649.4135987447496,227
1550000,-898365.7826815257,163879.08278857503,-734486.6998929507,298.86011173786284,646.6649678222624,227
1555000,-896572.349668853,164724.8500412412,-731847.4996276118,300.40250562569133,647.61106097038,227
1560000,-896266.7443242865,165068.83461018436,-731197.909714102,301.0298173299134,649.0093655348069,227
1565000,-896359.9438577509,163691.80750434764,-732668.1363534032,298.5185848546416,649.2095706766881,227
1570000,-895836.0561307641,163624.72786265437,-732211.3282681097,298.3962542382465,649.3463060493327,227
1575000,-897720.3065993907,164712.77355135404,-733007.5330480366,300.3804821858742,646.2032691301337,227
1580000,-897539.4722727612,165156.60556924366,-732382.8667035175,301.1898819225719,648.2825433167826,227
1585000,-896229.8832624797,165069.48479650787,-731160.3984659718,301.0310030502261,647.5293040569837,227
1590000,-895135.1099385768,164499.62957318244,-730635.4803653944,299.9917795396994,649.6848301643498,227
1595000,-895391.0710109146,163340.3603727104,-732050.7106382042,297.8776639558679,648.4977879302767,227
1600000,-895559.3580540027,164103.37584336224,-731455.9822106406,299.26914653519697,648.6842228998828,227
1605000,-895607.0295507181,164016.05734533374,-731590.9722053844,299.1099070786811,649.0424211350901,227
1610000,-896928.3118270123,164792.5881509841,-732135.7236760282,300.5260370654712,648.6528949103982,227
1615000,-896774.6280371323,164806.3154638047,-731968.3125733277,300.55107104890345,647.5684069645752,227
1620000,-896412.0857237214,164313.4706513831,-732098.6150723384,299.65228852459694,648.9952993540765,227
1625000,-895555.4281817861,165062.78955114097,-730492.6386306451,301.01879318338763,648.7503212267562,227
1630000,-894915.0733206319,165272.35755174857,-729642.7157688832,301.40097445394713,650.0376678995706,227
1635000,-895885.0528514124,164680.5999800607,-731204.4528713517,300.32180845553523,650.4656803563975,227
1640000,-896631.717583552,164810.4443083715,-731821.2732751805,300.5586006672512,651.5628585045008,227
1645000,-897430.6113556102,165276.27341011306,-732154.3379454971,301.4081156573787,649.1067948177792,227
1650000,-897508.2309017293,165396.61862744793,-732111.6122742814,301.6275846981361,647.2463692369939,227
1655000,-897336.8685488049,163954.7532417223,-733382.1153070827,298.99810909358405,648.6826093588502,227
1660000,-895400.8240540242,165514.17305445625,-729886.6509995679,301.84196427967373,649.3435447845173,227
1665000,-895492.5437724739,164029.6980924101,-731462.8456800638,299.1347831954256,650.583049582637,227
1670000,-895187.1271761134,164426.03444797551,-730761.092728138,299.8575668813879,649.9521697829595,227
1675000,-895253.6855656207,164622.40644003812,-730631.2791255825,300.21568308811413,652.033508619216,227
1680000,-896336.160570058,164633.50076198322,-731702.6598080748,300.2359153852429,649.3687320623795,227
1685000,-896145.5424094815,165048.14003299503,-731097.4023764865,300.992077408833,647.3134945574184,227
1690000,-899647.0333347879,164674.95404635547,-734972.0792884325,300.3115121788579,646.3975937003823,227
1695000,-898029.5444942163,164828.4665717741,-733201.0779224422,300.59146719031577,648.7324353804036,227
1700000,-894546.8918864364,164176.8495476913,-730370.0423387451,299.40313776282613,649.0636106876103,227
1705000,-895903.838582607,164235.10502303392,-731668.7335595731,299.5093760793579,650.1125148839802,227
1710000,-897048.3833938595,165011.37276786147,-732037.010625998,300.92502633203213,648.9879632620375,227
1715000,-894313.1669777902,165269.50142978237,-729043.6655480078,301.39576585187643,650.2934901610357,227
1720000,-895193.3925968362,164804.29103846074,-730389.1015583754,300.5473791806417,649.7954787030316,227
1725000,-897398.1376491291,164078.25077256496,-733319.8868765642,299.2233268897723,651.0715057177474,227
1730000,-896099.5416812655,165351.36386685874,-730748.1778144067,301.5450552955045,649.5411669531982,227
1735000,-897746.7522587534,165295.03190406685,-732451.7203546865,301.4423248163736,650.3189420354515,227
1740000,-895889.1634969926,165933.3696846048,-729955.7938123877,302.6064373874953,649.2527480385608,227
1745000,-896437.2098207492,164114.4530465835,-732322.7567741657,299.2893476135538,648.2844554125335,227
1750000,-897276.279240407,165301.11405213422,-731975.1651882728,301.4534166007557,648.1586516942161,227
1755000,-895753.7733484935,164452.3574932717,-731301.4158552218,299.9055712277916,649.3898747123602,227
1760000,-895872.0478532519,164918.5901824372,-730953.4576708147,300.7558222251053,648.7319188622629,227
1765000,-896222.0212566108,164440.7062796278,-731781.314976983,299.88432334824375,648.9282801328268,227
1770000,-896421.4647956854,164452.1041588651,-731969.3606368203,299.90510923137464,648.7062491939729,227
1775000,-896391.567871944,164906.0682357692,-731485.4996361749,300.73298642253246,649.691317818858,227
1780000,-897299.846330544,164218.1462865423,-733081.7000440017,299.47844907026945,648.7629084241893,227
1785000,-895847.3626795495,164147.26245983853,-731700.100219711,299.349180904933,649.8386656120352,227
1790000,-896174.3616924062,165257.53630388022,-730916.8253885261,301.37394550236496,647.035085792296,227
1795000,-897422.7268830491,164474.4186023646,-732948.3082806845,299.9458032416422,645.7199303601324,227
1800000,-895940.6718720356,164109.03767069915,-731831.6342013364,299.27947179649186,647.178878608303,227
1805000,-896337.2265782338,164505.1891738431,-731832.0374043906,300.0019183740545,647.2470310188262,227
1810000,-896489.8151323795,165298.23903419287,-731191.5760981867,301.4481735388067,647.1569556017076,227
1815000,-895470.5335777327,164817.97666809827,-730652.5569096345,300.5723371480228,648.5035399155354,227
1820000,-895651.3379648356,163862.99157094123,-731788.3463938944,298.8307667902453,647.5745468437932,227
1825000,-896362.9762622006,164303.98653693532,-732058.9897252653,299.634992702242,648.4739330963582,227
1830000,-895665.7778419713,165261.74410554155,-730404.0337364296,301.3816191117926,647.8520154209209,227
1835000,-896605.0418029586,164910.1493237918,-731694.8924791669,300.74042894906904,650.1969622236746,227
1840000,-897219.9995596819,163946.28404365544,-733273.7155160264,298.98266413601215,650.4352721183523,227
1845000,-895613.8568454813,164484.93080972828,-731128.926035753,299.9649739583307,648.607544238178,227
1850000,-896982.6889114864,164992.10405067162,-731990.5848608147,300.8898866981361,647.9039955404616,227
1855000,-897272.4350086376,164202.63180192834,-733069.8032067092,299.4501558889409,647.6746092308758,227
1860000,-896171.5630512573,163495.91004080256,-732675.6530104547,298.1613340277024,647.348610745543,227
1865000,-896645.6866906481,164605.99098414357,-732039.6957065045,300.185746839391,648.2112366741744,227
1870000,-896496.0953926146,163818.2121938296,-732677.883198785,298.74910432655923,649.6485200605235,227
1875000,-896757.9657001141,164590.71940259793,-732167.2462975162,300.1578966312407,648.8214487161365,227
1880000,-896009.9236808559,163400.0186498048,-732609.905031051,297.9864605091262,649.3667120656245,227
1885000,-896527.978373508,165045.86153888283,-731482.1168346251,300.98792220492663,648.7426029158798,227
1890000,-897117.5989603326,163376.32529128966,-733741.2736690429,297.94325182347336,649.7250811789003,227
1895000,-894179.3443953916,164678.4160985978,-729500.9282967938,300.31782579315444,651.2718675147204,227
1900000,-896466.1531488132,164414.07864252315,-732052.07450629,299.8357635292296,651.1078273373603,227
1905000,-897187.5745691322,164714.3453208771,-732473.229248255,300.38334856276197,650.1532876853886,227
1910000,-896708.9078969182,163493.14183782352,-733215.7660590947,298.15628576017764,648.9457224387619,227
1915000,-894475.190079757,164275.5200073141,-730199.6700724429,299.5830793641965,649.3256703796427,227
1920000,-896078.6122882785,164738.48040185636,-731340.1318864222,300.42736280103765,647.9540960457465,227
1925000,-895851.0540071903,163987.62728489857,-731863.4267222917,299.05806024811676,649.2311078455789,227
1930000,-896372.5573932724,164133.16189719993,-732239.3954960725,299.3234662398639,648.0775914073051,227
1935000,-896281.2347011194,164541.55285605585,-731739.6818450636,300.06823345188127,648.5110504527396,227
1940000,-896107.8721531993,165485.790095123,-730622.0820580763,301.7902033456152,647.1482301681817,227
1945000,-895656.3550224612,163609.57231164406,-732046.7827108171,298.3686156306138,650.8056262071517,227
1950000,-895272.414748136,163084.16808213142,-732188.2466660045,297.41045572351777,648.8677420814806,227
1955000,-896504.9772920683,164051.9335725647,-732453.0437195036,299.1753332032147,648.4353653038231,227
1960000,-897115.214201089,164331.85844918597,-732783.355751903,299.6858216589816,649.0909624054796,227
1965000,-895884.368168924,163991.6894923983,-731892.6786765257,299.06546834295483,648.029903396586,227
1970000,-898553.4239285942,164926.32476777543,-733627.0991608188,300.7699274971089,646.4906421211898,227
1975000,-897557.0852704626,164570.3625692606,-732986.7227012019,300.120772640904,648.9953691080489,227
1980000,-896657.19213547,164345.28772328486,-732311.9044121851,299.71031212042095,646.5642246450159,227
1985000,-897153.1765670972,164977.32721841324,-732175.849348684,300.86293874562915,645.6514304566468,227
1990000,-898389.5694595138,164082.75834910583,-734306.8111104079,299.23154718735844,647.2710815333346,227
1995000,-896655.2132390374,164711.64929932274,-731943.5639397147,300.37843192978306,648.7833764630911,227
2000000,-896645.4517130805,164513.1308273814,-732132.3208856991,300.0164012685366,648.2857004092984,227
2005000,-898005.94907194,164387.00598577806,-733618.943086162,299.78639214465636,646.868796089883,227
2010000,-894994.2495750953,164823.41744380724,-730170.832131288,300.5822592857884,647.8563502553934,227
2015000,-897410.7014443185,164783.82363631536,-732626.8778080032,300.51005355013376,648.4777463218085,227
2020000,-897203.4438606882,164344.99713423272,-732858.4467264556,299.7097821841099,647.6732524899803,227
2025000,-896778.161150475,164381.0948760457,-732397.0662744293,299.77561227644475,649.8697619864269,227
2030000,-896140.1082050195,164178.50164719878,-731961.6065578207,299.40615063448126,649.3382835328156,227
2035000,-897491.6662257956,163723.58734639417,-733768.0788794014,298.57654055578064,648.598416975683,227
2040000,-897222.5150335701,163604.76378353988,-733617.7512500302,298.3598464989953,647.5474172433138,227
2045000,-896728.1137502538,164376.18853024195,-732351.9252200118,299.7666647583711,647.5322933455391,227
2050000,-896654.3149701729,164992.2022400333,-731662.1127301396,300.89006576237733,647.731329569348,227
2055000,-896514.6044052402,164320.5092377483,-732194.0951674918,299.6651245294841,647.8019398900191,227
2060000,-896392.1580804801,164182.95685097302,-732209.2012295071,299.41427542182527,647.8703817052702,227
2065000,-898181.2265374707,163663.7643429619,-734517.4621945089,298.46744359730343,646.7117473770212,227
2070000,-894201.5718243942,164719.73831539694,-729481.8335089972,300.39318356377225,646.9264777459449,227
2075000,-897525.484345586,164953.66826144513,-732571.8160841409,300.8197927967821,647.897027049482,227
2080000,-896836.3130465569,163984.90388361295,-732851.409162944,299.0530936837531,650.0778539176013,227
2085000,-898162.7530851979,165612.69486602372,-732550.0582191742,302.02163479718365,648.4698118387166,227
2090000,-896383.6363725904,164428.6189374664,-731955.017435124,299.86228011754287,646.1910981010595,227
2095000,-896972.9525253661,163884.29130043008,-733088.661224936,298.8696103047849,646.1047331158863,227
2100000,-895657.4860137003,165718.7457281925,-729938.7402855078,302.21503576073763,647.2455867677041,227
2105000,-895647.6802806184,165209.60311503086,-730438.0771655876,301.28653155098255,649.3271799530452,227
2110000,-897129.9741006568,164576.20290016884,-732553.771200488,300.13142343243965,649.2819195443475,227
2115000,-895979.9570407551,164801.17877152626,-731178.7782692288,300.54170345663863,649.6313038700484,227
2120000,-898172.1888913345,164361.89272089535,-733810.2961704391,299.7405940292335,649.1718386297564,227
2125000,-895727.3452219581,163369.81196160405,-732357.5332603541,297.931373709412,649.1862620011854,227
2130000,-895797.7200536532,165187.94415166904,-730609.7759019842,301.2470329151573,651.020026714274,227
2135000,-896423.048042899,165192.3864631859,-731230.6615797131,301.255134191377,650.1573845349384,227
2140000,-895868.7223885218,164282.0211306696,-731586.7012578521,299.5949352180333,648.4745282776072,227
2145000,-896558.5484417919,165348.36045028002,-731210.1879915119,301.5395780777959,649.6557601697872,227
2150000,-896224.5194173418,163828.34170496813,-732396.1777123737,298.76757713455396,647.5467456121198,227
2155000,-897397.4383223346,165119.20481200697,-732278.2335103275,301.1216755700793,647.2146217021059,227
2160000,-898237.1496297056,165452.05339563265,-732785.0962340729,301.7286789972494,646.4943528016223,227
2165000,-896985.5817498276,163544.8568196249,-733440.7249302027,298.2505964249476,648.1122204196653,227
2170000,-896149.1979516363,164539.93121613606,-731609.2667355002,300.0652761282291,646.1435647528734,227
2175000,-897012.7254906148,165236.0322400786,-731776.6932505362,301.3347293510343,648.0901604036055,227
2180000,-898507.0067902971,164815.23927683226,-733691.7675134649,300.56734507065875,646.1727267915055,227
2185000,-896416.6350677982,164664.68452613964,-731751.9505416586,300.29278404158157,647.7972384610454,227
2190000,-898038.0260306485,164255.2909830234,-733782.7350476251,299.54618845440507,646.2842298830863,227
2195000,-895410.6926240139,164666.3082251031,-730744.3843989108,300.29574512023413,649.4793660858072,227
2200000,-897007.0467084805,162717.87219940475,-734289.1745090757,296.7424557165734,650.3120736052676,227
2205000,-896868.9667058019,165424.91711089882,-731444.0495949031,301.6791915767092,650.7109793374964,227
2210000,-897366.1914036227,164968.3394967793,-732397.8519068435,300.8465481761551,649.4795541776816,227
2215000,-897231.0664638868,165517.34909240546,-731713.7173714812,301.8477563004749,647.3480882225139,227
2220000,-896338.6027422836,164298.92524766544,-732039.6774946181,299.6257626196043,647.8788685666636,227
2225000,-895321.8041455401,164832.84564226394,-730488.9585032761,300.59945313625616,649.5777859929108,227
2230000,-897332.9423630377,165340.1754046108,-731992.7669584269,301.5246513182507,648.8634939964935,227
2235000,-896976.1699637901,164635.53452650725,-732340.6354372829,300.2396242850156,649.0208099085787,227
2240000,-895810.492636947,164227.24961025472,-731583.2430266922,299.4950504589005,648.6250997894476,227
2245000,-895727.8201599838,164969.65709869648,-730758.1630612874,300.8489510371518,647.6155829050836,227
2250000,-895504.9201816134,164575.6402319565,-730929.2799496569,300.13039731561037,648.9823020040853,227
2255000,-896214.6851967704,164848.41115582676,-731366.2740409436,300.62783937715693,649.05694412804,227
2260000,-897207.9543293649,164844.32477432163,-732363.6295550433,300.6203871970956,646.8297727212673,227
2265000,-897822.0015730476,164464.5045230555,-733357.4970499921,299.9277233085618,644.8034009943442,227
2270000,-897891.9807949392,164541.01787755266,-733350.9629173866,300.0672578317318,647.820893503824,227
2275000,-896297.6919807736,164004.32897219318,-732293.3630085804,299.08851848626495,647.6352258008188,227
2280000,-895901.2241088534,164368.0449144123,-731533.1791944411,299.75181355286406,649.4745135458203,227
2285000,-895855.8488949742,164304.65202086695,-731551.1968741072,299.6362063202266,649.1856964117954,227
2290000,-896419.0845653266,165425.98356779342,-730993.1009975332,301.681136433986,648.957006243988,227
2295000,-896020.3472268237,163936.22576839454,-732084.1214584291,298.9643212382048,650.1884012900853,227
2300000,-895568.450972938,164952.90317905808,-730615.5477938799,300.81839754484525,648.6699372007728,227
2305000,-898220.5738598723,164096.68124169981,-734123.8926181725,299.2569378422581,646.6586761873965,227
2310000,-896660.5908667492,163968.91415322034,-732691.6767135288,299.0239338145954,647.1147643894752,227
2315000,-896037.4912120644,164634.3927130618,-731403.0984990026,300.2375420028348,648.8944389403938,227
2320000,-895763.2577710841,164301.77891360983,-731461.4788574743,299.6309667427205,651.2465491669265,227
2325000,-896030.4417529926,165222.00487564353,-730808.436877349,301.30914817477236,650.4055645728731,227
2330000,-896080.9929818995,164755.1424892036,-731325.8504926959,300.4577488222531,648.4713641683168,227
2335000,-897068.1090896269,163671.45853397303,-733396.650555654,298.4814752036939,648.0312965002646,227
2340000,-897508.5750780925,165332.5346065848,-732176.0404715077,301.5107170826365,648.9969376624709,227
2345000,-896841.3927845433,164211.80483478948,-732629.5879497539,299.46688440352136,649.2174358516725,227
2350000,-896368.4242475284,164579.72306803463,-731788.7011794938,300.13784303001,648.5971839863887,227
2355000,-896057.4947184632,165093.330025832,-730964.1646926312,301.07448869695395,648.4326881131756,227
2360000,-896402.7115029069,164308.6874841355,-732094.0240187714,299.64356564261743,648.3609849498097,227
2365000,-895586.3250545133,164687.4038564181,-730898.9211980952,300.33421642862015,649.5745624530745,227
2370000,-895931.596828917,165069.49997773976,-730862.0968511773,301.031030735667,649.2245130919433,227
2375000,-896323.8538623406,164855.75398093637,-731468.0998814042,300.64123021078495,647.4572161417692,227
2380000,-896488.0760787129,165918.64732680027,-730569.4287519127,302.5795887779984,649.6900521337327,227
2385000,-897939.6518680593,163529.15322570957,-734410.4986423497,298.2219583721079,648.3317473457165,227
2390000,-894646.8689335827,164154.76564803993,-730492.1032855427,299.3628641866923,649.221108918574,227
2395000,-894856.4224149259,165176.9312839262,-729679.4911309996,301.22694916298974,649.0589115640449,227
2400000,-895207.1275883857,163679.29523540905,-731527.8323529767,298.49576670097946,647.8750580530326,227
2405000,-896502.4791752361,165679.2504885769,-730823.2286866591,302.143009779607,648.0128713623002,227
2410000,-897029.8776115244,164913.0756103503,-732116.8020011741,300.74576550766443,646.4977152323527,227
2415000,-896311.311232348,165833.60542186018,-730477.7058104877,302.4245010585633,648.0002816670232,227
2420000,-895895.4837178299,164982.6116364149,-730912.872081415,300.8725757397322,647.7437854437302,227
2425000,-896608.2990949135,164134.8164618765,-732473.482633037,299.32648360715507,648.5395728828531,227
2430000,-896935.9134582765,164532.42509347643,-732403.4883648001,300.0515874950088,649.0987738446272,227
2435000,-897574.1109630149,164655.157548095,-732918.9534149199,300.27541005049926,646.8058291370056,227
2440000,-896473.6996754827,163688.82631817018,-732784.8733573125,298.5131481776786,648.9777632715894,227
2445000,-896298.7046878627,164606.13965823624,-731692.5650296265,300.1860179707349,648.5540815420287,227
2450000,-895566.6675533727,164117.87746177014,-731448.7900916026,299.29559259056913,648.6750751752945,227
2455000,-895901.3532171687,164551.18342270178,-731350.1697944669,300.08579635359473,648.0705593649769,227
2460000,-894655.8593633566,164596.82642943144,-730059.0329339252,300.1690337860917,649.6849188758766,227
2465000,-897038.2879825998,164458.4938211069,-732579.794161493,299.91676181777586,648.310843544559,227
2470000,-895937.1771606198,163858.03907250625,-732079.1380881135,298.8217351053562,648.9812280177579,227
2475000,-896367.2777958652,166346.66411947203,-730020.6136763932,303.3601468840539,648.2740174832861,227
2480000,-895901.1881890623,164136.82481980138,-731764.3633692609,299.33014617386965,648.4413727200533,227
2485000,-896231.7893078225,164375.11780671013,-731856.6715011124,299.7647121201886,648.0803668058472,227
2490000,-895874.9858891219,163823.8479556006,-732051.1379335213,298.75938205306306,649.4726979533601,227
2495000,-896778.503303091,164388.18144469353,-732390.3218583975,299.78853578481375,648.5081919935686,227
2500000,-894595.3192531476,163933.2835926111,-730662.0356605365,298.95895570302827,646.9268709282002,227
