#"Step","Potential Energy (kJ/mole)","Kinetic Energy (kJ/mole)","Total Energy (kJ/mole)","Temperature (K)","Box Volume (nm^3)","Speed (ns/day)"
5000,-672011.26901678,127925.73720111826,-544085.5318156617,300.8237141468612,580.5456201269508,0
10000,-676431.2547682538,128489.75236191106,-547941.5024063427,302.15002376380784,565.6455518200331,119
15000,-679265.2603702857,126901.13070326718,-552364.1296670185,298.4143011626859,555.5060712327388,114
20000,-680197.8779296628,126871.70896048096,-553326.1689691818,298.34511447566524,539.2261447517986,115
25000,-681831.2448090948,127803.11362975289,-554028.1311793419,300.53535873858175,528.0441817805525,112
30000,-681238.4031218621,127541.80816088122,-553696.5949609808,299.9208859718602,518.8476636536366,112
35000,-683703.4381399709,127644.12822115305,-556059.3099188178,300.1614966670662,512.3886500853979,111
40000,-683296.2070482797,128099.97722693812,-555196.2298213416,301.23344820716034,506.3614258071611,110
45000,-685951.4701164984,127039.46933204419,-558912.0007844542,298.73961130769027,504.05049265615133,109
50000,-685441.5676300558,127556.57197843984,-557884.995651616,299.955603820904,502.5080296341,108
55000,-686592.0770530957,126749.61979000858,-559842.4572630872,298.05801573758356,500.1571607598151,107
60000,-686827.7499525198,127341.7202598622,-559486.0296926575,299.4503693513793,501.56828901837747,107
65000,-684864.2396718282,127921.32849376695,-556942.9111780613,300.8133468529216,503.05350572391984,106
70000,-687712.3704391243,127166.39988929726,-560545.970549827,299.0380948068439,501.92956931207226,106
75000,-686083.6713843765,127615.99091425224,-558467.6804701242,300.095330394718,501.5043574423817,105
80000,-686811.0037797973,128805.17593550181,-558005.8278442955,302.89175793718897,500.69683394196176,105
85000,-685808.6750923204,127197.06949633738,-558611.6055959831,299.1102159085322,503.1396866452351,105
90000,-685100.2540747537,128090.80050352897,-557009.4535712248,301.2118686870416,502.44157258385525,104
95000,-686819.4402140141,128079.57838266419,-558739.86183135,301.1854793133861,500.93334650435514,104
100000,-686496.3547619847,127843.63123335311,-558652.7235286315,300.63063789248787,501.0976686992911,104
105000,-686420.3555283863,127715.9875259602,-558704.3680024261,300.3304773854193,501.70402795250766,104
110000,-686781.8739949726,127364.41805578745,-559417.4559391851,299.5037443439537,501.5874000508892,104
115000,-686766.4338348149,128367.9084144648,-558398.5254203501,301.8635016798313,501.23716869795953,103
120000,-686812.0984625332,127237.45914946723,-559574.6393130659,299.205194180563,500.75812275598,103
125000,-687272.3363827509,126683.56975509773,-560588.7666276532,297.90269580544066,501.36560749104615,103
130000,-686449.1856916226,127736.60306619533,-558712.5826254273,300.378955850491,501.04755917677744,103
135000,-687282.0172288362,128090.95983621234,-559191.0573926239,301.21224336574693,501.6036003882007,103
140000,-685622.3576303986,128752.36064420926,-556869.9969861894,302.76756016090104,502.4638695773928,103
145000,-684861.7009209613,128134.4773845619,-556727.2235363994,301.3145770384816,503.2502718954162,103
150000,-686461.6452732654,128312.97708924103,-558148.6681840244,301.7343279448319,500.90231551541467,103
155000,-687504.2939380938,128293.42976758454,-559210.8641705093,301.68836144871483,500.1244419609905,103
160000,-686865.0405773385,127438.0110340284,-559427.0295433102,299.67680188134955,501.6759386628461,103
165000,-686064.3811597126,127864.5996498735,-558199.781509839,300.6799461636416,501.47254041801705,102
170000,-686686.7203550087,127938.54137836292,-558748.1789766458,300.8538238045392,499.5704762717263,102
175000,-686119.4626532583,128142.84001085802,-557976.6226424003,301.3342421688726,501.7636744034491,102
180000,-686467.5644572419,128248.21863714617,-558219.3458200957,301.5820452337231,501.6343711546499,102
185000,-686489.9282362703,126844.27159875284,-559645.6566375175,298.28059415909695,499.27596152990515,102
190000,-687670.1617588354,128140.50132797373,-559529.6604308616,301.32874264010803,500.1820995669,102
195000,-685160.7875978905,127187.29540612438,-557973.4921917662,299.0872316507541,501.79025594358217,102
200000,-684088.7230474576,127796.72528128626,-556291.9977661713,300.52033622040017,502.4082364244159,102
205000,-685806.3315697233,127561.21616447298,-558245.1154052503,299.96652485464006,502.5820623082195,102
210000,-685482.8239076398,128801.33767726365,-556681.4862303762,302.8827320826243,501.48122354826467,102
215000,-684804.9011143143,127671.5679237874,-557133.3331905269,300.22602248839155,502.53338947308043,102
220000,-686414.4177458296,127605.24673555838,-558809.1710102712,300.07006492577597,502.1884079810185,102
225000,-686221.031902012,127264.49261235408,-558956.5392896578,299.26876470897895,500.27715214924194,102
230000,-685768.5131162521,128044.77685234929,-557723.7362639029,301.10364178923834,501.6042244389086,102
235000,-686584.012803684,127306.40636940452,-559277.6064342795,299.36732698695073,499.3384240452964,102
240000,-687259.4480596804,128363.60271950808,-558895.8453401723,301.85337662464536,500.70525860008297,102
245000,-685440.8070962876,127762.21899895894,-557678.5880973287,300.4391929865348,500.2733493518942,102
250000,-687379.8736689808,127381.4699167572,-559998.4037522236,299.54384264053004,499.7355973927168,102
255000,-686836.5373047176,127402.1903835017,-559434.3469212159,299.59256784549126,499.5603996088808,102
260000,-685938.758757682,128298.02852664146,-557640.7302310406,301.69917565866376,501.71871840122026,102
265000,-685599.8670175546,127480.70383190113,-558119.1631856535,299.77719611244316,501.5505285166641,102
270000,-686107.9133590613,127502.61046627404,-558605.3028927873,299.828710649398,499.88027488362604,102
275000,-688598.220709756,127544.69596308653,-561053.5247466695,299.9276767819359,500.28638868433626,102
280000,-688036.8607057179,129081.38612895142,-558955.4745767665,303.54127990279704,500.6050875367783,102
285000,-687047.7765704123,126673.22426942684,-560374.5523009854,297.878367882911,501.6401209327237,102
290000,-686457.8352803253,126632.38082440235,-559825.4544559229,297.782322496739,502.4672726783582,102
295000,-686994.5369496001,128032.46576926939,-558962.0711803307,301.0746916669385,500.9943824904821,102
300000,-685561.6254759999,127531.06899206861,-558030.5564839313,299.89563228390233,501.28389556417306,102
305000,-686180.9914597515,129340.1258504613,-556840.8656092902,304.1497191873764,500.0192443776522,102
310000,-686138.8143355288,127397.89578876225,-558740.9185467665,299.5824688930166,500.8389120603899,102
315000,-687099.4944366519,127730.6424975521,-559368.8519390998,300.36493927777536,501.1522407309082,102
320000,-687341.6105654244,127345.33177006722,-559996.2787953572,299.458861996701,501.36194148242856,102
325000,-686306.3287101616,127683.87927823869,-558622.449431923,300.2549732488346,498.39047786684677,102
330000,-687265.5052450649,127786.86858993932,-559478.6366551255,300.49715772195987,499.18923108704524,102
335000,-686473.0999995945,127666.25056394178,-558806.8494356527,300.21351845305657,500.38009974184206,102
340000,-685447.7765051303,128084.83810887509,-557362.9383962553,301.19784782037135,499.33636371022584,102
345000,-686016.0217149188,128648.20947046537,-557367.8122444535,302.5226435115709,500.3919211808069,102
350000,-685296.2146216948,127877.75651748548,-557418.4581042093,300.7108851902063,499.7595532060975,102
355000,-688374.7232963117,127684.06264514755,-560690.6606511641,300.25540444521295,499.53240797444977,102
360000,-688224.7663524258,127791.17186614877,-560433.5944862771,300.50727708934164,499.5259284996777,102
365000,-685658.2162395138,128443.30344690627,-557214.9127926076,302.0407968370334,500.7403119225948,102
370000,-688315.6643544054,127110.87826901895,-561204.7860853864,298.9075329637543,500.37038221140523,102
375000,-684820.9336027196,127350.17874270288,-557470.7548600168,299.4702598931878,500.40522730080215,102
380000,-685969.2215708192,128093.33214714656,-557875.8894236726,301.21782197253833,501.1178393974898,102
385000,-685493.5834385762,127231.99307372211,-558261.5903648541,299.19234043241636,500.5714263927126,102
390000,-686168.9147780412,128662.94127315655,-557505.9735048846,302.5572860760665,501.0885802955538,102
395000,-687889.9125298779,127059.41808802047,-560830.4944418573,298.7865217965152,499.20316511515745,102
400000,-685666.1181622795,127274.71916625462,-558391.3989960249,299.2928129575534,500.8307693217276,102
405000,-685846.347759245,128310.88732708176,-557535.4604321632,301.72941376549477,502.8081990006508,102
410000,-684958.4290666454,127334.19431248319,-557624.2347541623,299.43267171294815,502.26274493415394,102
415000,-685285.0280825314,126623.53462658392,-558661.4934559475,297.76152022393575,501.8296676182657,102
420000,-686329.4080746421,128293.21522846108,-558036.192846181,301.6878569493282,501.84789488313544,102
425000,-686516.9746066681,128010.47792898188,-558506.4966776862,301.02298617024906,500.9281417009087,102
430000,-687020.2398423725,126524.65118392534,-560495.5886584471,297.5289909054498,500.2457675814953,102
435000,-687731.6311215246,127451.25651517155,-560280.374606353,299.7079492870267,499.5839075182803,102
440000,-686361.7062212918,126935.71614607936,-559425.9900752124,298.49563054635655,501.6128579392563,102
445000,-686488.5171618233,127200.30417971918,-559288.2129821042,299.11782242689435,500.5814421845617,102
450000,-686964.5524207121,127087.36865192954,-559877.1837687825,298.8522489334588,500.4627990332229,102
455000,-687368.7996324031,127783.08360908169,-559585.7160233214,300.4882571517972,498.9197083980754,102
460000,-686824.1181397443,127785.96850378177,-559038.1496359624,300.49504112473016,498.87189799404644,102
465000,-686582.0058357194,127756.13936107844,-558825.866474641,300.42489641660376,498.55125034749307,101
470000,-688285.6558555006,128015.50262268414,-560270.1532328165,301.0348019866362,500.2961783445897,102
475000,-686375.0508844364,128587.03703793674,-557788.0138464996,302.3787935032826,499.29510789948637,102
480000,-686751.418930192,128044.53156543022,-558706.8873647618,301.10306498488575,500.82308955693867,102
485000,-685228.3441015584,127471.06861533073,-557757.2754862277,299.75453842292166,500.7209774088974,102
490000,-686429.5894234516,127344.32831869705,-559085.2611047545,299.45650233104845,500.07987257135505,102
495000,-687137.6367728068,127527.72914434574,-559609.907628461,299.8877784663777,501.5096074330462,102
500000,-686430.3104012599,127644.94599112315,-558785.3644101368,300.16341969369955,501.10438658308976,102
505000,-686454.2749644769,127721.41603337094,-558732.858931106,300.3432427897649,501.79217439179143,101
510000,-685367.4701501252,126510.48130966036,-558856.9888404649,297.4956697435113,502.1424178320479,101
515000,-686045.4095367095,127129.74417538987,-558915.6653613197,298.9518970780398,501.8097033660284,101
520000,-686494.0344856651,127206.4272258738,-559287.6072597913,299.13222107353437,502.8178465876946,102
525000,-685751.9686019165,128353.8593915251,-557398.1092103913,301.8304647057765,502.4089131645775,102
530000,-685298.6232405561,128207.95048735006,-557090.672753206,301.48735268280626,501.2842343418651,102
535000,-684344.4340058765,126700.11823729129,-557644.3157685853,297.941610381865,502.6807277535665,102
540000,-685098.0716262669,127433.5534264734,-557664.5181997935,299.66631959615626,501.74712865866263,102
545000,-686257.1252638595,128914.47975644167,-557342.6455074179,303.1487912918913,501.89085452173794,101
550000,-686650.3611894799,128025.28944166214,-558625.0717478178,301.0578161767363,502.9968110670089,102
555000,-686384.4321695524,127359.58296960767,-559024.8491999448,299.49237439905716,502.3383545493344,102
560000,-686711.5876712883,127059.75856223283,-559651.8291090555,298.7873224385078,500.60856893948676,102
565000,-685804.8882524804,126651.88530459249,-559153.0029478879,297.8281882490237,502.99268167502754,102
570000,-685769.0765378103,128370.22732308676,-557398.8492147236,301.8689547084375,503.19290691351057,102
575000,-686457.37930064,128081.26853436243,-558376.1107662775,301.1894537889097,501.776330853304,101
580000,-685174.5474972613,126917.87615317645,-558256.6713440849,298.4536789184603,502.4349616382277,102
585000,-686154.2592598991,126918.73719727201,-559235.5220626271,298.4557037063454,502.1744894799882,102
590000,-686723.8389012781,128484.35515897116,-558239.4837423069,302.13733197347767,499.8161536001765,102
595000,-685875.4636303727,126394.6160804538,-559480.8475499188,297.22320691192647,500.5517528792057,101
600000,-685808.2630836717,127731.65621624544,-558076.6068674263,300.3673230875474,500.9601541921032,102
605000,-687760.8490630123,128203.54634562822,-559557.3027173841,301.47699612517073,499.5887330781844,102
610000,-686669.7268379428,127416.91428519232,-559252.8125527506,299.6271918303923,497.5831279407536,102
615000,-686084.7877324568,126817.6628202427,-559267.1249122141,298.2180222970506,498.99656772365876,101
620000,-685884.473858105,128123.9094070145,-557760.5644510905,301.28972591527224,500.1350136074625,102
625000,-687869.1628387864,129005.50276149635,-558863.66007729,303.3628364015967,500.6349945435098,102
630000,-687350.4180082399,128144.70628412534,-559205.7117241146,301.33863080299864,501.77045332449535,102
635000,-686701.2010441078,126737.92673863191,-559963.2743054759,298.03051894747864,500.66701064819364,101
640000,-686682.0759669105,128326.58746897336,-558355.4884979371,301.7663334276347,500.45924235495573,102
645000,-687445.6415333445,127530.73765534547,-559914.903877999,299.89485312916867,500.147432962599,101
650000,-685995.7662721658,127803.32914303418,-558192.4371291316,300.5358655287488,502.9350088510328,101
655000,-686791.663018201,128412.96630141011,-558378.6967167909,301.9694575351506,501.05099207721594,102
660000,-685910.8244578349,127719.83380626104,-558190.9906515739,300.3395221042622,500.34620834542903,102
665000,-685443.6390534122,128023.93099961313,-557419.7080537991,301.0546217329006,501.1303367896674,101
670000,-687468.8819704768,127902.96489181096,-559565.9170786659,300.77016393237426,498.41995195603124,102
675000,-686702.6042320109,127613.52758399793,-559089.076648013,300.0895377514823,500.30397111283736,102
680000,-686143.1164341425,128188.45137787666,-557954.6650562658,301.4414995600283,503.1868146314967,102
685000,-686025.5518869446,128054.55137793964,-557971.0005090049,301.12662707082785,503.6934587880367,102
690000,-685605.7946968628,126829.73659129202,-558776.0581055707,298.24641436834355,502.2451534966284,102
695000,-686341.0636793766,127073.92473075632,-559267.1389486203,298.82063488621145,501.4448605975583,102
700000,-687088.6174488962,127584.22923641512,-559504.388212481,300.0206412344009,499.0221402340044,101
705000,-688153.3834121805,127404.8225204653,-560748.5608917151,299.598757446074,499.05729121753706,101
710000,-687605.5146728479,126957.19920438848,-560648.3154684594,298.5461490231945,499.7143612122407,102
715000,-685371.3108209562,128335.83489184611,-557035.4759291101,301.7880792010477,499.6697650864427,101
720000,-686484.4183183899,128296.72472635144,-558187.6935920385,301.69610970763364,500.25656229625326,101
725000,-686780.9483096227,127420.36642457568,-559360.581885047,299.63530970732444,500.93212134778946,101
730000,-686152.2570733731,127724.41152835102,-558427.845545022,300.3502868447403,501.26395301299027,102
735000,-686561.1038124519,127118.74275635285,-559442.3610560991,298.9260266956757,501.89411334229504,102
740000,-685441.9041808858,127263.48951546353,-558178.4146654222,299.2664058769029,502.34261408084353,101
745000,-686923.7516824114,127624.75413962197,-559298.9975427894,300.11593755369404,500.4327019381781,101
750000,-685382.1699848394,126902.1405379423,-558480.0294468971,298.4166758389965,501.23926725421904,102
755000,-686610.2862176038,127188.51397381292,-559421.7722437909,299.0900971730957,499.8240911560939,101
760000,-686234.0232968703,127200.51318669983,-559033.5101101705,299.11831391717277,500.39168229144383,101
765000,-686496.9931631535,127857.46487636352,-558639.52828679,300.6631683899595,499.34137749124,101
770000,-686218.8592600785,127940.90179966867,-558277.9574604098,300.8593744522797,499.81308632057033,101
775000,-687128.3448603167,128046.62153145508,-559081.7233288616,301.10797964362285,501.62975722095234,101
780000,-688505.3315902855,128380.79664038745,-560124.534949898,301.89380898214307,500.6094880247821,101
785000,-686269.3365036766,127892.59129384422,-558376.7452098324,300.74576990238705,500.6087454125809,101
790000,-686241.1534333131,127767.41462626419,-558473.7388070489,300.4514107617651,499.50530044322534,101
795000,-686773.848646766,126423.05610155614,-560350.7925452099,297.29008503172946,500.60691010976774,101
800000,-686642.9200595696,127496.78865535842,-559146.1314042113,299.815020372359,501.23925593101796,101
805000,-686086.3276788928,127809.03024457746,-558277.2974343153,300.54927195171337,503.61302093699453,101
810000,-685712.5768356924,127309.92538241704,-558402.6514532753,299.3756021205378,501.67043523688216,101
815000,-687600.5823962637,127791.19104361173,-559809.391352652,300.5073221860967,499.74181369752466,102
820000,-686750.3253121148,127176.79422971961,-559573.5310823952,299.06253761374404,501.0264207816781,101
825000,-688496.9231017837,128970.08526834531,-559526.8378334384,303.2795504102976,501.2387949715256,101
830000,-686113.6293649408,127533.26911525079,-558580.36024969,299.90080598265695,500.5267106714903,101
835000,-687237.9411104014,128105.40632374864,-559132.5347866528,301.2462149975087,502.5272979575809,101
840000,-684859.5534096458,127756.02874048566,-557103.5246691601,300.4246362867948,501.86379289075154,101
845000,-687178.5708217551,127524.00000821997,-559654.5708135351,299.87900921787104,501.74725080640394,101
850000,-686888.1202902202,126608.16539023911,-560279.9548999812,297.72537870259686,501.13317859176857,101
855000,-686735.8724149601,126507.74461841387,-560228.1277965462,297.4892342783481,501.2464752037125,101
860000,-686991.5370135014,128730.83900367754,-558260.6980098239,302.7169509560535,500.23864856165284,101
865000,-687437.5396842789,126829.78216848621,-560607.7575157927,298.2465215453756,500.3892076540873,101
870000,-686689.2289396133,126840.13911960373,-559849.0898200097,298.2708764294714,500.05883147991034,101
875000,-687198.632839716,126951.92488823389,-560246.7079514822,298.5337462072333,499.62128220302344,101
880000,-686414.0403705137,127521.72503043135,-558892.3153400824,299.8736594947977,498.47113622639176,101
885000,-687089.270093591,128060.23232860398,-559029.037764987,301.1399861080015,499.37492404160287,101
890000,-685690.2339790538,127326.56250130502,-558363.6714777488,299.41472513054407,500.43537576078666,101
895000,-685972.002489252,128494.49014250113,-557477.5123467508,302.16116488978525,500.2438589071293,101
900000,-686260.897757981,128870.5066560565,-557390.3911019245,303.04538636595663,500.03337355168657,101
905000,-686220.4949989221,128247.29636441299,-557973.1986345091,301.5798764636607,499.9810175228058,101
910000,-686018.4892840986,127881.23356453708,-558137.2557195616,300.7190616387553,499.86883318934645,101
915000,-686834.511042255,128773.78410252178,-558060.7269397331,302.81793848539184,499.9785988184266,101
920000,-685488.1759197251,127385.55715539778,-558102.6187643274,299.55345398485656,499.5771644919908,101
925000,-686317.7689892906,128140.50526695559,-558177.263722335,301.3287519028192,501.11065807685156,101
930000,-686068.2296543149,126731.91559741055,-559336.3140569044,298.01638345083785,501.7990550915441,101
935000,-686502.3321927167,127258.64047530555,-559243.6917174112,299.2550031185348,500.53383805820675,101
940000,-687076.9713595929,127357.31058256721,-559719.6607770256,299.48703076825666,501.6485000687585,101
945000,-688210.3441902124,127324.02212113375,-560886.3220690787,299.4087513006081,498.9880897001989,101
950000,-686765.7521104007,127437.75197389547,-559328.0001365052,299.67619268860165,498.1399222294359,101
955000,-687706.3522325302,127502.62565762279,-560203.7265749074,299.82874637260784,498.4618662357544,101
960000,-686818.919479676,128206.12205801059,-558612.7974216655,301.48305304055293,501.9221182577672,101
965000,-686178.8121905765,127600.86579426331,-558577.9463963131,300.05976292509433,500.6502085965807,101
970000,-685543.7616925696,128023.2837270429,-557520.4779655267,301.0530996393571,501.946092682315,101
975000,-687627.25856638,127964.98420014099,-559662.2743662391,300.9160054111013,499.7152808521452,101
980000,-686660.0241350229,128467.50849185132,-558192.5156431716,302.0977162004138,499.33672011046735,101
985000,-687331.085847348,127822.44531850296,-559508.640528845,300.5808181632273,500.231278819586,101
990000,-685973.9477049331,127457.74107188772,-558516.2066330453,299.7231980436774,501.8039069665339,101
995000,-685578.4724535733,128733.95714043186,-556844.5153131414,302.7242834092421,501.4586949652571,101
1000000,-686702.6783271334,127332.98019096139,-559369.698136172,299.4298166459882,500.67044492016726,101
1005000,-685942.7523554568,128713.69572977186,-557229.056625685,302.6766376974257,500.3193504905576,101
1010000,-686098.246869552,128399.37853601886,-557698.868333533,301.93750523109213,501.26549926544055,101
1015000,-686713.0560896941,127147.27520556818,-559565.780884126,298.9931221647694,501.6735841258011,101
1020000,-687302.2813029122,127144.70231552579,-560157.5789873863,298.98707188625957,501.79121186625713,101
1025000,-686866.8907718901,128133.285956115,-558733.6048157751,301.3117753354125,498.60597958081394,101
1030000,-687420.3578581638,127904.20597194918,-559516.1518862146,300.77308239385746,499.6626826157657,101
1035000,-687308.4837757917,128359.55630306239,-558948.9274727294,301.84386127573424,500.09580697211226,101
1040000,-687611.1400060738,127432.17697841387,-560178.9630276599,299.663082810294,501.66084729305356,101
1045000,-686401.7538040965,128471.87799290288,-557929.8758111936,302.1079912987956,500.810251035769,101
1050000,-685875.6226746109,127988.02729174914,-557887.5953828618,300.9701923835953,499.9994599932928,101
1055000,-685909.6800046521,128361.32823697064,-557548.3517676815,301.8480280661798,502.30064024068645,101
1060000,-686068.8214469864,126913.21432086205,-559155.6071261243,298.442716388619,502.73598561000455,101
1065000,-685603.42064087,127546.78528795927,-558056.6353529107,299.932589932972,502.91146129031625,101
1070000,-687030.434155426,127260.60450313741,-559769.8296522886,299.25962162736647,501.1235059409138,101
1075000,-686648.5756285577,127086.97630844865,-559561.599320109,298.85132631830936,500.5348298718686,101
1080000,-687394.9178239345,127976.88324261433,-559418.0345813201,300.943986599484,500.6342410090755,101
1085000,-685642.7646219246,126868.30024739623,-558774.4643745284,298.33709871782753,502.89712640345505,101
1090000,-685909.0218791068,127718.7280967448,-558190.293782362,300.3369219735088,501.6787767962757,101
1095000,-686129.0191670437,127887.38065765108,-558241.6385093926,300.7335168330127,501.90697278064056,101
1100000,-687056.2552291746,127822.97698390274,-559233.2782452719,300.58206840077725,501.7951713273891,101
1105000,-686622.3104281113,127684.09316348605,-558938.2172646252,300.25547621059917,501.7867890953485,101
1110000,-685831.890981162,127923.52863208501,-557908.3623490769,300.818520587269,500.7138889369731,101
1115000,-687920.4851160608,127876.58016926635,-560043.9049467945,300.70811894904045,499.681164520223,101
1120000,-685774.0383864627,128366.06318593223,-557407.9752005305,301.8591625334425,499.2218236633825,101
1125000,-687119.5110270581,127287.31606503087,-559832.1949620272,299.3224351896352,498.7754235666694,101
1130000,-688168.7801869283,127347.92632439098,-560820.8538625373,299.4649632198426,498.7725489270055,101
1135000,-686063.0408827076,127453.78639465215,-558609.2544880554,299.71389842406774,501.60001113843293,101
1140000,-687264.6685005571,128403.85010714347,-558860.8183934136,301.9480203523118,502.2263199507671,101
1145000,-687291.5291037234,127446.39264991769,-559845.1364538057,299.6965116667105,499.86283269076307,101
1150000,-686508.7598550604,128529.66121169677,-557979.0986433636,302.24387140293453,500.280479940237,101
1155000,-688345.8556738347,127880.28435644612,-560465.5713173886,300.7168295288635,499.437258958868,101
1160000,-687119.467424552,127303.64286202966,-559815.8245625223,299.360828462332,501.19420287994484,101
1165000,-687080.3015570836,127964.47077325382,-559115.8307838298,300.9147980623182,502.39628528403995,101
1170000,-686180.9235256426,127426.31256808882,-558754.6109575538,299.64929235863144,502.07348350732195,101
1175000,-686890.2086602221,128271.74984736473,-558618.4588128574,301.6373800413325,502.22021099463313,101
1180000,-687906.5139529258,128807.77753006548,-559098.7364228603,302.8978757158039,500.4686097419141,101
1185000,-686805.9513536002,128138.77370545443,-558667.1776481458,301.32468005009076,500.5536079780435,101
1190000,-687036.3122661393,126983.54915770807,-560052.7631084312,298.60811224497166,501.02839585305964,101
1195000,-688372.2349479576,128040.0516965983,-560332.1832513593,301.092530351196,498.92941915088244,101
1200000,-686395.1917773597,127611.0033569815,-558784.1884203781,300.0836019064909,499.12363574671485,101
1205000,-686541.6642385228,128579.77495824103,-557961.8892802817,302.36171636279244,500.2194488982639,101
1210000,-687773.846698205,128626.31954745203,-559147.527150753,302.47116827220674,499.7396595881354,101
1215000,-686565.0270253681,126577.93222004251,-559987.0948053256,297.6542839037865,500.92020913854424,101
1220000,-687147.0036431914,127482.17853493697,-559664.8251082544,299.7806639497542,502.365525309343,101
1225000,-686469.59045914,126875.70497418768,-559593.8854849524,298.3545113000365,501.3649895209724,101
1230000,-686894.6525768037,126614.59590795054,-560280.0566688532,297.74050038384854,499.91957804216213,101
1235000,-688330.4999024263,126719.27013479825,-561611.229767628,297.9866470184876,498.81460454850907,101
1240000,-686908.8051353996,128046.55421755888,-558862.2509178407,301.10782135165823,499.97195142479643,101
1245000,-686619.2482292824,127627.30937045092,-558991.9388588315,300.12194630568786,501.07594358244745,101
1250000,-686082.1481572911,127221.75261862273,-558860.3955386684,299.16825949448355,500.52387133788307,101
1255000,-687818.3866072823,128068.00799711264,-559750.3786101697,301.15827097805123,498.64409024352904,101
1260000,-687530.6604341478,126640.8977535519,-560889.762680596,297.8023504779408,498.4156875229561,101
1265000,-687122.1402088776,127046.13844579132,-560076.0017630863,298.75529405935055,499.77076210527,101
1270000,-686756.3207385829,126421.99717537477,-560334.3235632081,297.2875949143077,499.592996648336,101
1275000,-686864.731860362,128008.26810530026,-558856.4637550617,301.01778966028894,499.6063756261592,101
1280000,-687443.1292906278,126728.08433950797,-560715.0449511198,298.0073740579094,498.6077010107769,101
1285000,-686077.3652829668,128481.45833082852,-557595.9069521383,302.13051993846284,501.4749483330298,101
1290000,-686128.5593722891,127460.93313953187,-558667.6262327572,299.7307043490194,502.0148316417377,101
1295000,-686139.5376931285,126891.62452710967,-559247.9131660188,298.39194691809365,500.6539117876778,101
1300000,-685073.2443644456,129112.35979881173,-555960.8845656338,303.6141160232838,502.4430509727136,101
1305000,-686614.8700618404,127757.45098140475,-558857.4190804356,300.4279807568369,503.03360637929626,101
1310000,-685707.1996710007,126919.19669010864,-558788.0029808921,298.45678422653435,501.3863335219518,101
1315000,-686892.5653231665,127282.59359623119,-559609.9717269354,299.311330070092,500.0081071674742,101
1320000,-687014.745404446,127939.38808630186,-559075.3573181442,300.8558148802411,500.5847302629233,101
1325000,-688033.7352540507,127015.5327056608,-561018.2025483899,298.6833231438669,500.88870021211847,101
1330000,-687309.203401017,126089.56084052555,-561219.6425604915,296.5058543892601,501.1205911893484,101
1335000,-686239.6094024195,127570.21473503666,-558669.3946673828,299.9876854395091,500.07685934014285,101
1340000,-686454.0424309564,128101.17300702381,-558352.8694239326,301.2362601433239,501.67565731096295,101
1345000,-686184.662667043,127069.51449535019,-559115.1481716929,298.81026399897513,500.10653258323174,101
1350000,-685443.5155490623,127763.310953571,-557680.2045954913,300.44176077194896,501.9834966926496,101
1355000,-686135.84453204,127209.20288790902,-558926.6416441309,299.1387481804396,501.4780955158796,101
1360000,-686037.6307931254,127498.52812865603,-558539.1026644693,299.81911083006906,502.61264929932236,101
1365000,-686371.214399844,126534.34910382886,-559836.865296015,297.55179604496834,501.0432126366858,101
1370000,-686718.0079478631,126822.77655146387,-559895.2313963992,298.2300474895784,502.5551953329276,101
1375000,-686182.296494218,127517.43589168787,-558664.8606025302,299.86357337236814,501.52330168775944,101
1380000,-686568.917710803,127023.93945708498,-559544.978253718,298.7030920366845,500.10577179796536,101
1385000,-685809.9569799467,127359.52902077802,-558450.4279591687,299.4922475357092,501.1200491628935,101
1390000,-686309.3659879053,127249.22473939776,-559060.1412485075,299.2328615486741,501.55068472429946,101
1395000,-685755.7078878339,128739.69459567178,-557016.0132921622,302.737775319727,501.1199116642078,101
1400000,-686036.450740708,127907.21910074475,-558129.2316399633,300.7801679156244,500.5537005903348,101
1405000,-687141.9450794007,127264.2514046689,-559877.6936747318,299.2681974971471,500.7435117690118,101
1410000,-687302.4951526145,128514.48406021291,-558788.0110924016,302.2081815786706,500.0186875517984,101
1415000,-685450.1428625337,128564.59469683637,-556885.5481656974,302.32601922539556,501.3191501946569,101
1420000,-686772.9202853353,127918.80358868185,-558854.1166966534,300.8074094134181,500.709458075482,101
1425000,-685491.210239403,128357.54685499994,-557133.663384403,301.83913595897815,500.2125072191946,101
1430000,-686667.6633785474,127822.15962209553,-558845.5037564519,300.58014633395914,501.2402682496362,101
1435000,-686764.8370398153,128048.63319952658,-558716.2038402887,301.11271018084034,501.1760825440393,101
1440000,-686679.8347398248,127156.79495259421,-559523.0397872305,299.01550832193186,501.06284428349375,101
1445000,-685579.2427703394,127935.90710705105,-557643.3356632884,300.84762918493067,500.62291269332843,101
1450000,-687442.8832317037,127156.64959165096,-560286.2336400527,299.01516649846616,501.73777537717683,101
1455000,-687766.9380671117,126861.6473721941,-560905.2906949176,298.3214541519111,502.7563171877816,101
1460000,-686088.4274659068,128020.33207757969,-558068.0953883271,301.04615868928863,500.2174528242114,101
1465000,-687256.6150528928,126991.68673414638,-560264.9283187464,298.6272481594631,500.18914678671723,101
1470000,-686267.9554593018,128683.31795435381,-557584.6375049481,302.6052028522669,499.7609333220879,101
1475000,-687916.1765120905,127355.63121051376,-560560.5453015767,299.4830816416024,499.6147076501957,101
1480000,-685723.2154889754,127650.15379896246,-558073.0616900129,300.1756661120596,500.92952151404563,101
1485000,-685942.8239683099,128148.34375970834,-557794.4802086016,301.34718450719413,503.0024905480829,101
1490000,-685319.8083421695,126941.47750998096,-558378.3308321885,298.5091786792448,502.47137443823254,101
1495000,-686960.5596074574,126680.02300290321,-560280.5366045542,297.89435544179173,501.6730501865261,101
1500000,-687020.4357042345,127604.79267308104,-559415.6430311535,300.06899717534606,500.8961976742694,101
1505000,-688805.0275913919,127456.30653750294,-561348.721053889,299.71982466494114,499.4113981033501,101
1510000,-687291.2976091155,128342.25399810294,-558949.0436110125,301.803174047698,501.52313256566026,101
1515000,-684917.3734502802,126584.85057162051,-558332.5228786597,297.67055275056435,501.7772192091039,101
1520000,-686266.3774751639,128282.09000749991,-557984.287467664,301.6616954406008,500.0364320777734,101
1525000,-685333.3532548533,127130.51635178874,-558202.8369030645,298.95371288912963,500.75739801230065,101
1530000,-685677.5458555454,126985.34545590199,-558692.2003996435,298.612336329243,500.7282726994908,101
1535000,-687980.5404392765,126859.66602340271,-561120.8744158738,298.3167949119842,499.8987996676008,101
1540000,-687453.549019625,128220.50172906503,-559233.0472905599,301.51686755004454,500.1991105462709,101
1545000,-687494.61871211,127177.06205955651,-560317.5566525535,299.06316742888566,500.5283202205134,101
1550000,-685425.6184409875,127162.23099233944,-558263.3874486481,299.02829143893547,500.67949852204526,101
1555000,-685797.3515956462,128867.44315306714,-556929.9084425791,303.03818238677525,501.8185028144674,101
1560000,-687996.2117201625,127839.59528640367,-560156.6164337589,300.6211471631164,499.1582030452537,101
1565000,-686321.8897272535,127490.80840639013,-558831.0813208633,299.8009575203832,501.9646258563201,101
1570000,-686408.6638899008,127928.01145590976,-558480.652433991,300.82906216977096,503.9825043784076,101
1575000,-686785.1692354213,127572.88255547942,-559212.2866799419,299.99395895156243,500.9743587633301,101
1580000,-686864.712626399,127835.97999577125,-559028.7326306277,300.6126456279323,501.61188598431215,101
1585000,-686278.2366179125,128854.8932700979,-557423.3433478146,303.008670714695,501.76003567437516,101
1590000,-684617.0723355673,126984.87421989825,-557632.1981156691,298.61122819441425,502.58346898935713,101
1595000,-687867.9651564732,127616.29669747391,-560251.6684589994,300.0960494591258,500.2117652290624,101
1600000,-686450.647570176,126982.11024601478,-559468.5373241613,298.6047285727774,502.15345514336093,101
1605000,-686092.4509208933,127740.51106923155,-558351.9398516618,300.38814571340663,501.9173413026927,101
1610000,-685062.0391022032,126993.1737257067,-558068.8653764965,298.6307448938487,501.2969856991106,101
1615000,-685743.3448284944,128375.55753780254,-557367.7872906919,301.88148897263704,499.4012846293554,101
1620000,-686803.213955354,126750.88955462552,-560052.3244007285,298.06100165204083,499.38336715929734,101
1625000,-687440.8264190033,128295.95651140629,-559144.8699075971,301.69430321209865,499.51688941685137,101
1630000,-686115.1111110584,127950.12833746988,-558164.9827735885,300.88107111341145,500.6428136271939,101
1635000,-686390.0841834461,127443.84798680639,-558946.2361966397,299.6905277652287,500.68467773263114,101
1640000,-687111.6889327131,128022.89570767144,-559088.7932250417,301.0521871925654,499.76342271388927,101
1645000,-686506.8234242965,128222.10673136616,-558284.7166929303,301.52064179253875,501.481296855794,101
1650000,-686839.0732560037,127730.5174536391,-559108.5558023646,300.3646452308137,500.91321322917463,101
1655000,-686868.973399783,126261.50798961429,-560607.4654101687,296.9101966362351,500.2482491283477,101
1660000,-688449.4851806466,127698.60148630774,-560750.8836943388,300.28959325110054,501.6084634777378,101
1665000,-686580.7143068286,128066.60515079345,-558514.1091560351,301.15497211537246,501.87732788713726,101
1670000,-686295.6211825148,127583.00004654191,-558712.6211359729,300.01775073346545,501.6257626646447,101
1675000,-686288.9610238117,127893.21984671068,-558395.741177101,300.7472479756189,501.99178311351824,101
1680000,-687178.8466262594,127389.47092461368,-559789.3757016457,299.5626574072296,503.38079026397793,101
1685000,-685169.5619115871,127964.42329155252,-557205.1386200346,300.91468640674316,503.347892786906,101
1690000,-686517.7247813931,127323.90119253407,-559193.823588859,299.40846693100985,501.2688464627377,101
1695000,-686862.6079496355,127970.54099263519,-558892.0669570003,300.9290724841815,501.1729150814369,101
1700000,-686855.8107967419,127303.77642762967,-559552.0343691122,299.36114254846314,501.6349266733855,101
1705000,-686266.3978661774,128231.35852347355,-558035.0393427038,301.54239784042363,500.10876511360397,101
1710000,-686294.3706407915,127417.57560787059,-558876.7950329209,299.62874696346154,499.73605347928054,101
1715000,-687511.0490611321,127496.87151410512,-560014.177547027,299.8152152188104,500.0482567909317,101
1720000,-687811.0300010284,128118.01559072142,-559693.014410307,301.2758663140179,500.01343301796646,101
1725000,-686508.6158499904,127883.25603056945,-558625.359819421,300.72381756791316,500.6043100426698,101
1730000,-685666.1839563288,127100.17632570746,-558566.0076306213,298.8823668134081,501.19927316525184,101
1735000,-686686.0859173182,127307.96555979038,-559378.1203575279,299.3709935004545,500.7600199818063,101
1740000,-685997.5839327718,127335.2217747473,-558662.3621580245,299.43508784140835,499.7792393820019,101
1745000,-687270.9564979095,127947.90740603261,-559323.049091877,300.8758484830132,500.02451613717665,101
1750000,-687694.6123470729,127203.56385079023,-560491.0484962827,299.1254877050467,500.9829695941123,101
1755000,-688143.8679856332,127182.39133436081,-560961.4766512724,299.07569948283674,499.3226078980936,101
1760000,-686910.2182462034,127547.70624633145,-559362.5119998719,299.9347556122493,501.04263028814387,101
1765000,-686462.5028517144,128660.0632439226,-557802.4396077918,302.5505182476175,500.01752665215764,101
1770000,-686696.7356933267,127158.88062089494,-559537.8550724317,299.0204128743576,500.2841269895411,101
1775000,-687046.4274911359,127189.10981889779,-559857.3176722381,299.0914983323574,499.91582287260746,101
1780000,-685949.8217169074,128589.61499786831,-557360.2067190391,302.3848557038882,501.40573341066437,101
1785000,-687261.3676985493,126658.0461838455,-560603.3215147038,297.8426758620705,500.1510287491752,101
1790000,-685938.3001848371,127056.25174122641,-558882.0484436107,298.77907597502764,500.72761805761087,101
1795000,-687578.2771978648,127221.60560489271,-560356.6715929721,299.1679137844078,499.6748278943789,101
1800000,-686161.7945791963,127733.15391646227,-558428.6406627339,300.3708450038698,502.93069070242217,101
1805000,-685879.7311648089,127904.91360573482,-557974.817559074,300.77474642979195,502.7497474697557,101
1810000,-685736.179953604,127085.56007681748,-558650.6198767865,298.8479959794057,501.5789094928223,101
1815000,-687334.5716796927,128443.9199587389,-558890.6517209539,302.0422465951772,501.06482178557644,101
1820000,-685649.2690196554,127559.5521186312,-558089.7169010242,299.9626117683324,501.4137235940302,101
1825000,-687064.057486685,127391.85380270547,-559672.2036839796,299.568260863216,500.688713944437,101
1830000,-686678.5805213978,127635.68475876126,-559042.8957626366,300.14164144658804,501.97362294369503,101
1835000,-687155.4752093814,126730.16151179702,-560425.3136975844,298.0122586315424,500.5500032294811,101
1840000,-685648.3214055318,128433.79400249728,-557214.5274030345,302.0184349069857,502.4313217505335,101
1845000,-685741.9117025454,127899.39105569167,-557842.5206468537,300.7617598795333,501.54374947266484,101
1850000,-685934.0556248529,127373.13720281655,-558560.9184220363,299.5242478505262,501.18084142247994,101
1855000,-685988.862131393,127352.674996563,-558636.18713483,299.47612995791513,502.310968291438,101
1860000,-686265.4919491834,128550.04763950847,-557715.4443096749,302.2918110987821,499.6048569039923,101
1865000,-687287.5582724093,127935.75822113157,-559351.8000512777,300.8472790723086,500.7642008007224,101
1870000,-686137.1316228197,126786.68506734452,-559350.4465554752,298.1451765750978,501.77597823964135,101
1875000,-686544.1618026127,128725.90081445017,-557818.2609881626,302.70533855922827,502.5698403975281,101
1880000,-685525.095879931,126944.1144469189,-558580.981433012,298.51537956720523,502.73226138592764,101
1885000,-685819.9908029223,127717.20750128882,-558102.7833016334,300.3333462178963,500.62321006628633,101
1890000,-686241.5205962714,127587.41095356067,-558654.1096427108,300.02812320003216,500.3920901070418,101
1895000,-685854.8152281321,127829.24155074317,-558025.573677389,300.59679984032715,500.3476018661282,101
1900000,-686081.8720817356,128344.8689238918,-557737.0031578438,301.80932317535,500.4900411034154,101
1905000,-687141.0781799033,127272.51522164699,-559868.5629582563,299.2876302725273,500.4589080826478,101
1910000,-687300.4031922123,127574.73673844412,-559725.6664537683,299.99831915474243,501.5071168727724,101
1915000,-684987.7339667426,127467.07636834239,-557520.6575984003,299.7451504561755,501.7984002077931,101
1920000,-686332.8045974481,128267.2784064342,-558065.5261910139,301.62686522627075,501.78767449720283,101
1925000,-687336.8263783692,126971.82328173576,-560365.0030966335,298.5805382662025,501.0262593587433,101
1930000,-685939.5070470022,127940.57751481642,-557998.9295321858,300.85861188037023,501.4534487914836,101
1935000,-688518.4607771542,128658.32836501556,-559860.1324121386,302.54643859384475,500.3633726438849,101
1940000,-686546.743162842,127393.06938130374,-559153.6737815383,299.5711193565635,500.73624061801286,101
1945000,-686095.4919163594,128220.86944675632,-557874.6224696031,301.5177322564287,501.9490976727363,101
1950000,-686453.0637772321,127611.1982384855,-558841.8655387466,300.0840601800107,502.052162526152,101
1955000,-686404.6218876052,127951.60185015714,-558453.020037448,300.88453615155873,500.4523061307159,101
1960000,-685716.706249279,127888.90570609365,-557827.8005431853,300.737103060044,501.4990691365397,101
1965000,-686503.5395615296,127003.7103484543,-559499.8292130753,298.6555222846916,501.3348079665842,101
1970000,-686452.1897300105,128022.44058402226,-558429.7491459881,301.0511169467373,501.34994078337604,101
1975000,-686857.7779764915,127208.72937228263,-559649.0486042089,299.1376346849652,500.08914023932465,101
1980000,-686824.3629575567,127187.9107139695,-559636.4522435872,299.0886785776616,500.26491791718297,101
1985000,-687141.3797520348,127229.25106425962,-559912.1286877752,299.18589246120445,501.0938843441672,101
1990000,-687795.0064428397,127120.24605123897,-560674.7603916008,298.9295617681404,501.6811198326526,101
1995000,-686423.8499977039,126673.92146767222,-559749.9285300317,297.88000737915513,501.1362520559262,101
2000000,-686290.6256916164,127186.77318655403,-559103.8525050625,299.08600362554057,500.867451598209,101
2005000,-687451.9203679208,127618.71875872387,-559833.2016091968,300.10174505625156,501.50451161997745,101
2010000,-685946.0779740317,127776.07693204656,-558170.0010419851,300.47178060332743,502.20206224716765,101
2015000,-685471.4180926746,127702.68061720199,-557768.7374754726,300.29918552965955,500.5586339857335,101
2020000,-685890.2799403677,128153.04356756725,-557737.2363728004,301.35823633841136,501.86735787663014,101
2025000,-687314.3474027505,128068.4293282486,-559245.9180745019,301.159261759109,499.4385032117447,101
2030000,-687684.9750417038,128210.98055438022,-559473.9944873236,301.4944780356717,500.2102735459033,101
2035000,-685803.1334859882,126670.52336387642,-559132.6101221119,297.8720165695865,501.35846685466146,101
2040000,-685517.1545105306,127293.88864307466,-558223.265867456,299.3378909328024,500.37186860501066,101
2045000,-686197.313100961,128000.6629936959,-558196.6501072651,300.9999058632565,500.6878651316332,101
2050000,-685834.1396997571,127597.89954763593,-558236.2401521212,300.0527876490706,500.03458867860087,101
2055000,-685435.0750891501,127650.57110257872,-557784.5039865714,300.17664742220495,501.8225284310875,101
2060000,-686660.1802526978,128206.97125632479,-558453.208996373,301.48504997249574,500.5190221218496,101
2065000,-685328.979916139,127128.53412179422,-558200.4457943449,298.9490515770099,501.15444014233236,101
2070000,-684750.5366262961,127659.00000850047,-557091.5366177957,300.196468412422,502.58890881966437,101
2075000,-686567.7581585152,127005.52006221564,-559562.2380962996,298.6597779163349,501.5670440061939,101
2080000,-687154.7305040625,126784.63612107706,-560370.0943829855,298.1403583763542,501.912846729362,101
2085000,-685476.7766234609,127604.94806980586,-557871.8285536551,300.06936259844974,503.00971496014427,101
2090000,-686905.8807453224,127569.9501878887,-559335.9305574337,299.98706334377323,501.51052171183994,101
2095000,-688571.2118718461,129319.09158266091,-559252.1202891852,304.10025606367265,499.83529284635773,101
2100000,-685784.9932108782,127898.90133486959,-557886.0918760087,300.7606082767377,501.3797325218684,101
2105000,-686319.6469487678,127501.25574758003,-558818.3912011879,299.8255249612161,501.84958479122935,101
2110000,-687173.7044819533,127548.22279387592,-559625.4816880773,299.9359702994128,501.8028777915586,101
2115000,-686361.7711938536,126933.58565864421,-559428.1855352094,298.4906205995139,500.0524592676344,101
2120000,-685922.270683812,128222.53718368901,-557699.733500123,301.5216540225196,501.33766944819394,101
2125000,-687309.6533395932,128486.84066297514,-558822.8126766181,302.14317675938526,500.2210936096065,101
2130000,-685243.0303507792,128061.74990196072,-557181.2804488185,301.1435547569978,503.62026033753915,101
2135000,-686096.1444427986,127859.91594535465,-558236.228497444,300.6689322002269,503.3352824376126,101
2140000,-686468.2050383766,126986.27770570907,-559481.9273326675,298.61452856088937,500.28875422234785,101
2145000,-685117.1030220347,127871.0792243913,-557246.0237976435,300.69518320440585,501.74236193428163,101
2150000,-686066.651068266,127516.36246817012,-558550.2886000959,299.86104916374114,501.58329220600035,101
2155000,-687495.2119634445,127429.52497986116,-560065.6869835833,299.65684650419956,500.3631935234471,101
2160000,-687104.1405900065,127732.80572589033,-559371.3348641162,300.3700262164751,501.05438789500533,101
2165000,-687604.6372936768,128196.69827929574,-559407.9390143811,301.46089255763275,499.7712012359845,101
2170000,-687175.7644635467,127571.39353655407,-559604.3709269926,299.9904574497274,500.3552665528434,101
2175000,-686877.4386996059,128061.34548611465,-558816.0932134913,301.142603753083,500.6310855534079,101
2180000,-686174.5648542149,128058.04980626988,-558116.5150479451,301.1348537985138,502.62269546979803,101
2185000,-684386.2786799623,128148.42894449102,-556237.8497354712,301.3473848234344,502.0955047809442,101
2190000,-686942.6694566649,127609.82851591636,-559332.8409407486,300.08083920947246,501.31511936751,101
2195000,-684214.5238403133,127016.42827954364,-557198.0955607697,298.6854291302589,502.6670379013716,101
2200000,-685603.2431575074,128526.92915969924,-557076.3139978081,302.2374468471952,501.0767115643999,101
2205000,-688158.2185229794,128117.3126940041,-560040.9058289754,301.2742134175344,500.77777434566724,101
2210000,-686816.021056449,128154.52204586675,-558661.4990105823,301.36171305344203,499.6381111349185,101
2215000,-688459.4522882476,127410.10270721634,-561049.3495810314,299.6111740670339,497.8482427924626,101
2220000,-687926.257042306,129197.85606056039,-558728.4009817457,303.81516472206494,499.4520969056409,101
2225000,-685735.8851229236,127906.78113489086,-557829.1039880328,300.7791380172027,501.2445496297174,101
2230000,-686043.4916214305,128069.3368054002,-557974.1548160303,301.16139573662764,500.6986722140883,101
2235000,-685888.5057293791,127328.57282742325,-558559.9329019559,299.4194525120918,500.99910843972714,101
2240000,-686684.2414359888,127650.31296946552,-559033.9284665233,300.1760404093899,501.2663226530107,101
2245000,-686428.9443569784,127544.89568549581,-558884.0486714826,299.9281464390844,501.0841011934455,101
2250000,-688530.2977107079,127143.7139433974,-561386.5837673105,298.9847476801918,500.5012764812036,101
2255000,-686839.3205207367,128044.3682088177,-558794.9523119191,301.1026808437114,500.53560164241316,101
2260000,-685874.8629720476,126444.55245537404,-559430.3105166736,297.3406347736156,502.2347670096883,101
2265000,-687014.9867464239,128088.22345931412,-558926.7632871098,301.20580863978927,500.62382320259564,101
2270000,-686105.0704267332,128252.25231620367,-557852.8181105296,301.59153063003424,499.55541453381124,101
2275000,-685804.9207734885,128099.76970922138,-557705.1510642671,301.23296021895976,501.95990811249936,101
2280000,-687541.5881716083,128456.82203669832,-559084.7661349099,302.0725864712403,500.0800613757178,101
2285000,-687601.4052572139,128363.4798131818,-559237.9254440321,301.85308760432486,500.5983542015619,101
2290000,-685311.0968385027,127643.05101856717,-557668.0458199355,300.1589635717731,501.5156649292284,101
2295000,-686620.85734013,127847.14981187542,-558773.7075282546,300.63891200434966,500.34124376781705,101
2300000,-688534.3609726047,127622.55715895724,-560911.8038136475,300.11077124472496,501.0210221071169,101
2305000,-687372.5015953509,127384.17562375835,-559988.3259715926,299.55020524470405,500.69716421621007,101
2310000,-686747.1170834615,126487.9040382813,-560259.2130451802,297.44257817038346,500.2265649468135,101
2315000,-687302.9559765998,128121.7149524545,-559181.2410241454,301.2845655465637,500.7796718964717,101
2320000,-684840.92016953,127745.1803291823,-557095.7398403477,300.3991257097032,501.54246498901915,101
2325000,-687170.5064983824,127626.6258441055,-559543.8806542769,300.12033895959433,500.3942190306649,101
2330000,-686891.7923408397,126854.09569209671,-560037.696648743,298.3036960017167,500.7288041672247,101
2335000,-685748.4933362659,128407.41100086298,-557341.082335403,301.9563939704579,502.51934403519914,101
2340000,-685469.7531135133,127565.28917275905,-557904.4639407543,299.97610273558234,501.71957525081524,101
2345000,-686446.1828686367,128158.05030871788,-558288.1325599188,301.37000993848324,500.2543662711448,101
2350000,-686197.3607240794,127870.30935163377,-558327.0513724457,300.69337281044284,502.4633985262485,101
2355000,-686780.2909336286,126995.30695587269,-559784.9839777559,298.6357612903589,501.5620714333685,101
2360000,-686258.2746354016,128171.47801322845,-558086.7966221732,301.4015858514443,499.5999365430047,101
2365000,-686690.7671745489,127193.72079807194,-559497.046376477,299.10234127851794,499.22501191815917,101
2370000,-685795.1315423348,127525.45225991216,-558269.6792824226,299.8824242597342,500.82874527081304,101
2375000,-686112.642881399,126936.44815442787,-559176.1947269712,298.49735190028423,500.97834776877824,101
2380000,-686730.7878863169,127115.76942572539,-559615.0184605916,298.91903476127453,501.48668687292513,101
2385000,-686213.0874915281,127472.7768637081,-558740.31062782,299.7585554536835,502.04855766890034,101
2390000,-686773.3346319254,127906.70031383395,-558866.6343180914,300.7789479624799,501.517516531759,101
2395000,-685748.3305332321,127702.71966666587,-558045.6108665662,300.2992773564101,501.4423047985522,101
2400000,-686648.4754691813,127875.47701776959,-558772.9984514117,300.70552483359677,502.141608976505,101
2405000,-686856.4679336194,127582.20310881027,-559274.2648248092,300.0158766948738,500.8913209688473,101
2410000,-686240.7409162628,128068.87828032929,-558171.8626359336,301.1603174921877,500.9635093076141,101
2415000,-686775.8766012886,126742.77021469892,-560033.1063865896,298.04190862161096,501.8147051960055,101
2420000,-685546.8831825135,127699.35446756042,-557847.5287149531,300.2913639238524,502.07961678632415,101
2425000,-686062.7081778916,127286.13443498989,-558776.5737429017,299.3196565280034,503.44015944562403,101
2430000,-686590.0457557002,127475.83432964026,-559114.21142606,299.7657452364255,500.9552092473304,101
2435000,-687222.383886314,127613.97030754964,-559608.4135787643,300.0905788378663,501.0554028994695,101
2440000,-685903.4600932407,128644.87663890643,-557258.5834543343,302.5148061929036,501.4605694649494,101
2445000,-686237.0430519464,128714.62222574066,-557522.4208262058,302.67881639863606,502.245403737838,101
2450000,-686486.3918924881,127509.67503189703,-558976.7168605911,299.8453233257526,501.0541906870123,101
2455000,-685513.0530234366,127808.22062785216,-557704.8323955844,300.5473680978395,500.99194935430467,101
2460000,-687019.1901745703,127269.67275109992,-559749.5174234704,299.2809460620938,500.44199188394947,101
2465000,-687092.4439734952,127105.87029632542,-559986.5736771697,298.89575646764825,500.47918075305,101
2470000,-686881.3700817879,127164.41305887321,-559716.9570229147,299.033422676586,500.90612745740714,101
2475000,-686197.3358959784,126951.77022488567,-559245.5656710927,298.5333825087011,500.38222942824444,101
2480000,-687590.1286527547,127960.50061484205,-559629.6280379127,300.90546203795503,501.5108391237042,101
2485000,-686041.7819766914,127400.3870434328,-558641.3949332586,299.5883272019017,500.50365351477075,101
2490000,-686775.1202927344,127898.21967049976,-558876.9006222346,300.7590053091721,501.0574611128426,101
2495000,-688155.292164424,127869.3767301681,-560285.9154342558,300.69117970482284,499.7478733790968,101
2500000,-687470.2558401539,127637.10700931255,-559833.1488308413,300.1449859392808,501.0747911280382,101
