#"Step","Potential Energy (kJ/mole)","Kinetic Energy (kJ/mole)","Total Energy (kJ/mole)","Temperature (K)","Box Volume (nm^3)","Speed (ns/day)"
2505000,-593623.634185514,109033.80918795773,-484589.8249975562,297.03061213184515,430.7317598619202,0
2510000,-593376.5843944675,110500.99273771726,-482875.5916567503,301.02752310047504,431.2989149857648,120
2515000,-593542.0964452508,109772.61497727432,-483769.48146797647,299.0432716682002,433.28652484741855,120
2520000,-593021.9485620102,109674.89111295156,-483347.05744905863,298.7770516814286,432.3680523080125,120
2525000,-593159.40581025,109886.15835271038,-483273.2474575396,299.3525872700348,432.8631833097681,120
2530000,-593989.4494421817,110012.3001844564,-483977.14925772534,299.6962236684877,432.6685247245255,120
2535000,-593614.2784251524,110095.8433516369,-483518.4350735155,299.9238125078749,433.52316912360897,121
2540000,-594569.5645147245,110516.62706805853,-484052.937446666,301.07011424487445,431.5261899692633,121
2545000,-594458.5316672642,110573.99170797493,-483884.53995928925,301.226387370027,431.53110445352723,121
2550000,-595024.1493400172,110498.01718262467,-484526.13215739257,301.0194170739392,430.28277953071614,121
2555000,-594739.2178945113,110147.10568014067,-484592.11221437063,300.06346167658853,429.3449262119259,121
2560000,-591571.4576215022,110613.73123129073,-480957.7263902115,301.3346460379047,433.3074655865358,121
2565000,-593931.0923954444,110352.83368886285,-483578.25870658155,300.62390725597834,430.17971036970823,121
2570000,-593276.478295756,110085.22385385665,-483191.25444189936,299.8948828029541,432.814641085074,121
2575000,-594019.5841722288,109962.28131133188,-484057.3028608969,299.5599619290055,432.61066644497595,121
2580000,-594568.9964186675,109716.96003305202,-484852.0363856155,298.89165610717714,432.21072362940134,121
2585000,-593615.5859752959,110976.35755403701,-482639.22842125886,302.32251502480557,430.8507765723472,121
2590000,-594261.3035153612,110216.11371551151,-484045.18979984964,300.25145381536527,433.2930003505219,121
2595000,-593708.7747907178,110201.15593133558,-483507.6188593822,300.2107057224297,432.544422293769,121
2600000,-594204.8877976122,110317.8639468527,-483887.02385075955,300.5286424573555,431.1788749125007,121
2605000,-594499.374564595,109728.49309889495,-484770.8814657001,298.92307456015607,429.61810619047276,121
2610000,-592028.4251216701,109898.40024826472,-482130.0248734054,299.38593672152365,434.5605050363665,121
2615000,-594471.0315051088,109913.8371285086,-484557.1943766002,299.42798997108355,431.83057049260526,121
2620000,-593612.571467869,110151.10252538935,-483461.46894247964,300.07434990841,430.2571765740451,121
2625000,-592916.8369617295,110350.4200522975,-482566.4169094319,300.617332011549,433.099490108984,121
2630000,-593840.029694024,109384.94160080753,-484455.0880932165,297.9871693346511,432.6188583015913,121
2635000,-594170.7007270767,109298.10909163451,-484872.5916354422,297.7506196484144,431.39364123626854,121
2640000,-593325.0094966278,109978.42671851141,-483346.58277811646,299.6039453522516,432.02123302933137,121
2645000,-593799.5107028466,110553.23806210357,-483246.272640743,301.16985015296524,432.1335491744465,121
2650000,-593356.9502601377,110218.5367203672,-483138.41353977047,300.25805458095203,431.5058815591199,121
2655000,-594126.4929729104,110300.02807027253,-483826.4649026379,300.48005384637355,430.75281050460484,121
2660000,-594070.0238087932,110628.49165336811,-483441.53215542505,301.3748564757278,431.9816011763306,121
2665000,-592893.3194343629,110199.57134007226,-482693.74809429067,300.2063889686042,430.0716403398905,121
2670000,-593907.0399136716,109568.27482890508,-484338.7650847665,298.4866069070104,430.5595521079993,121
2675000,-594705.7879620371,110889.4106874459,-483816.37727459124,302.0856538053467,429.63094916852725,121
2680000,-593395.1035206979,110359.33993106033,-483035.7635896376,300.64163160328843,431.819781042316,121
2685000,-593474.8687776909,109457.99213384179,-484016.87664384913,298.1861740718544,433.43404328058244,121
2690000,-594246.0224729846,110268.72558538202,-483977.2968876026,300.39477941344745,430.934836898226,121
2695000,-592612.9484559139,109577.00847258989,-483035.93998332403,298.51039915593907,431.7306678517703,121
2700000,-594700.8205288905,110412.69668500421,-484288.12384388625,300.78698641940787,431.2636261458576,121
2705000,-594651.0483692405,110237.60890479392,-484413.43946444656,300.31001114981035,429.07399493100894,121
2710000,-594027.2481696503,110292.49461521866,-483734.75355443166,300.45953115911914,431.64836090923984,121
2715000,-594171.5181357102,109865.22803113126,-484306.2901045789,299.2955687518608,431.53312901420975,121
2720000,-594045.2301856205,110581.43136073323,-483463.79882488726,301.24665452045775,432.6263031211587,121
2725000,-594541.0791725661,109974.72395711951,-484566.35521544656,299.59385826558554,429.2174045616058,121
2730000,-593440.0922907661,109701.13737794885,-483738.9549128172,298.8485519272366,430.4772945100533,121
2735000,-594971.418978713,110367.73369473583,-484603.6852839772,300.66449794888524,430.5031000044244,121
2740000,-594420.5608662427,111282.11878108227,-483138.44208516047,303.15547174815435,430.1843982276102,121
2745000,-594222.276573739,110571.04639516713,-483651.2301785719,301.21836372972007,431.2701945360026,121
2750000,-593520.8699947856,109779.10117961734,-483741.7688151683,299.06094142280847,430.6593557110287,121
2755000,-593817.8269150695,109460.23272715276,-484357.5941879167,298.19227791072467,433.28947073713726,121
2760000,-593696.1639695168,110265.6876199193,-483430.47634959745,300.38650336817534,431.6609659002471,121
2765000,-593061.1959828828,110017.71924764768,-483043.4767352351,299.71098631567827,430.7598157908276,121
2770000,-594402.3571003126,109952.53618900123,-484449.82091131137,299.5334142033713,431.9691136730595,121
2775000,-593825.295606392,109254.82202392828,-484570.4735824637,297.63269673703553,432.57887614871123,121
2780000,-592936.7124172077,109979.14191036148,-482957.5705068462,299.6058936825411,430.3105865974618,121
2785000,-594256.6683332706,109403.28101693068,-484853.3873163399,298.037129691331,430.98768239420724,121
2790000,-593959.8443734474,110171.26437621284,-483788.5799972345,300.1292749535535,432.3086104049563,121
2795000,-593674.0538764466,109902.84274815954,-483771.211128287,299.3980390086306,431.6026019511315,121
2800000,-593789.3669665982,110692.41550437233,-483096.9514622259,301.5489982463861,432.00511774411063,121
2805000,-593641.8150754599,108794.16360579256,-484847.6514696673,296.37776807828646,432.68873533806857,121
2810000,-594334.3833608478,109751.82511296688,-484582.55824788095,298.98663578463925,431.7029791030797,121
2815000,-594693.915948662,109823.88159409445,-484870.0343545675,299.18293251917316,430.5780167581671,121
2820000,-593915.5009972579,110927.81111948052,-482987.68987777736,302.19026451204695,431.12462955082475,121
2825000,-594815.3426366397,109565.0488143377,-485250.293822302,298.4778185771444,432.04625632056434,121
2830000,-593310.6847315636,110510.2819071043,-482800.40282445925,301.0528287161348,433.0470852466957,121
2835000,-593585.9224849488,109836.215806772,-483749.70667817676,299.2165334615695,432.1092775449963,121
2840000,-594355.0415722481,110561.02325776336,-483794.01831448474,301.1910586336155,430.41041263785,121
2845000,-594228.4222163092,110556.25086150903,-483672.17135480023,301.17805764070044,431.8469452839682,121
2850000,-593249.7353173676,109968.42205917166,-483281.31325819594,299.57669059420925,432.2499155342865,121
2855000,-594212.9843740552,109321.96730981738,-484891.0170642378,297.81561436155897,431.5381804400171,121
2860000,-593753.5923700542,110407.3241149967,-483346.2682550575,300.77235042925093,430.99901947836224,121
2865000,-594212.2266072407,109602.98002312193,-484609.2465841188,298.58115102281414,431.20295373153857,121
2870000,-594370.680071291,109515.76155103045,-484854.9185202606,298.3435498938847,432.2206818494643,121
2875000,-594385.9334672713,109348.5416252925,-485037.39184197877,297.8880082846123,431.0227367566719,121
2880000,-593061.5832696408,110265.0885034223,-482796.4947662185,300.3848712511176,432.83646983609515,121
2885000,-593276.0861662016,109411.94747682055,-483864.13868938107,298.06073891772854,430.62714573209996,121
2890000,-593168.9298110111,109595.16298930306,-483573.766821708,298.5598558084438,431.0232825081116,121
2895000,-592954.9752544402,111334.25311801815,-481620.72213642206,303.29749644791013,432.5142905787163,121
2900000,-593692.6045598537,110543.31789518363,-483149.28666467004,301.1428255697224,432.94618565534205,121
2905000,-593773.0732305823,109364.82051588618,-484408.2527146961,297.9323553442434,430.3312946544091,121
2910000,-594043.3244256163,109616.5168218062,-484426.8076038101,298.61802805783145,431.26304385250575,121
2915000,-594075.2572691967,110271.22824085597,-483804.0290283407,300.4015971637665,430.7134133858547,121
2920000,-594421.475978089,110350.91967925873,-484070.5562988303,300.6186930985663,431.68911138947567,121
2925000,-593826.3160168026,110684.17788922522,-483142.1381275774,301.52655728162597,431.2643003955582,121
