#"Step","Potential Energy (kJ/mole)","Kinetic Energy (kJ/mole)","Total Energy (kJ/mole)","Temperature (K)","Box Volume (nm^3)","Speed (ns/day)"
5000,-659484.4329795451,124241.01824605768,-535243.4147334874,297.3032740566175,579.8152383959786,0
10000,-664533.4085694379,125906.00559960707,-538627.4029698309,301.28751531977866,559.0479269736142,301
15000,-667758.4860906843,125049.74915712408,-542708.7369335602,299.2385314384803,539.6074915379676,291
20000,-669249.443614299,125024.31795005844,-544225.1256642404,299.1776756822207,524.8655561555676,293
25000,-670621.5360975848,125519.0904494808,-545102.445648104,300.36164443962514,514.9052969795763,289
30000,-673087.8737112302,125418.81201682115,-547669.0616944091,300.1216825754368,502.8997929709554,291
35000,-672642.2852534791,125463.0965725159,-547179.1886809632,300.2276535629904,499.58390251992967,288
40000,-674259.6605150262,125584.76701049431,-548674.8935045318,300.5188055519031,494.0993182025581,289
45000,-675260.3984548333,125189.48719750787,-550070.9112573254,299.57291840264764,493.26512437987117,287
50000,-675033.2061690493,125716.6604476723,-549316.545721377,300.8344207267718,492.49881727248464,288
55000,-675475.0157408174,125316.95698880975,-550158.0587520077,299.87794798814497,491.09450743469466,289
60000,-676174.6186677129,125637.88157326682,-550536.7370944461,300.6459063567361,490.7032982971533,287
65000,-675882.0165429511,125362.10405067791,-550519.9124922731,299.98598291491015,492.48968424978597,286
70000,-674544.7776625319,125453.63672457892,-549091.140937953,300.2050165643288,494.08148173520647,287
75000,-675266.5123602822,125004.65398259045,-550261.8583776918,299.130620675817,492.41469261698177,287
80000,-675142.0139856013,124521.48876989004,-550620.5252157112,297.9744276433226,492.8306680021633,287
85000,-676239.9825851293,125913.65065448266,-550326.3319306467,301.3058095987289,493.82204188799085,286
90000,-675651.0018816646,124414.73773447401,-551236.2641471906,297.71897712636644,491.9630155017634,286
95000,-675923.3872421919,125383.03506305104,-550540.3521791409,300.03606990385873,492.0180633246316,287
100000,-677644.3007848617,125323.46938070061,-552320.831404161,299.8935318545558,490.30083866916704,286
105000,-676646.1186234839,125467.23056784645,-551178.8880556375,300.2375460313881,490.06588543291025,286
110000,-674912.2553458461,124482.24129035335,-550430.0140554927,297.8805101567352,492.75624745729226,286
115000,-674585.8319618758,126115.79154097411,-548470.0404209017,301.78952381986954,492.66894288240155,286
120000,-674311.062960546,125942.72806259978,-548368.3348979462,301.37539055320224,491.38841199965873,286
125000,-676861.9609119906,124957.6343482621,-551904.3265637285,299.01810476578896,490.91480073118265,285
130000,-675263.8960110606,126514.90976065327,-548748.9862504073,302.7445961069564,491.82808531598306,286
135000,-674569.5645833258,125283.79985308257,-549285.7647302432,299.7986044255342,492.1423013358468,286
140000,-675688.4783201576,124893.20409330731,-550795.2742268504,298.86392600891156,491.62716809694746,286
145000,-674067.0723605128,125362.97258734767,-548704.0997731651,299.9880612848334,492.7460992772428,285
150000,-674830.0354276341,126165.42066713492,-548664.6147604992,301.90828412869894,493.3961220556921,286
155000,-674800.0214728005,125771.59878309054,-549028.42268971,300.9658857390652,492.82953383565064,286
160000,-673573.2757134591,125955.58759537555,-547617.6881180836,301.40616284765895,492.75316310014335,285
165000,-675335.1594436932,124636.62752842449,-550698.5319152687,298.2499496115611,492.5058858528914,285
170000,-677184.8114643022,125475.93810238334,-551708.8733619188,300.2583827772819,490.2617581432096,285
175000,-674632.0336121344,125291.33340610145,-549340.700206033,299.8166318854618,491.204655770142,286
180000,-675018.6096105604,126425.74153402483,-548592.8680765355,302.5312204755208,491.306102606737,285
185000,-676054.2880710163,125752.58203989035,-550301.706031126,300.9203795117731,489.928203539609,285
190000,-675631.3834401276,125973.33600844175,-549658.0474316858,301.4486340169104,491.7168579531514,285
195000,-675751.4917861009,125152.90354535001,-550598.5882407508,299.4853753374263,493.2130299518514,286
200000,-673793.6032900955,125829.01416191367,-547964.5891281818,301.1032782069176,493.8036844149071,285
205000,-675437.6989649166,125919.1174215267,-549518.5815433899,301.3188913310234,492.0087444831462,285
210000,-677337.8314041775,125100.50752749195,-552237.3238766855,299.35999397886496,491.9887501139502,285
215000,-676713.2444968903,126312.91671095532,-550400.327785935,302.2612356527388,491.5870473176031,285
220000,-675215.1034236634,125372.17421507122,-549842.9292085922,300.01008037391915,493.385798509825,285
225000,-673990.9468740346,125015.33651234373,-548975.6103616909,299.1561834981094,493.82747328874166,285
230000,-674687.3601200394,125205.07126212161,-549482.2888579178,299.6102103815623,493.346829291949,285
235000,-675163.7319300333,125482.4044992851,-549681.3274307481,300.2738565797135,492.79765575385505,285
240000,-675913.727805486,125334.91190953902,-550578.8158959469,299.92091332112113,490.4992731061788,285
245000,-675619.6981327031,125056.46941953746,-550563.2287131656,299.2546127298785,491.33041354665363,285
250000,-674890.808451944,126022.52915296739,-548868.2792989766,301.5663510409261,492.4077224819502,285
255000,-675031.806783678,125642.3157862902,-549389.4909973878,300.6565172328246,491.87926831268896,285
260000,-675134.5639441223,126131.66661421413,-549002.8973299081,301.8275121695851,490.9744744852824,285
265000,-676884.9559722147,125924.02166799031,-550960.9343042243,301.3306269763924,490.54006542842137,285
270000,-674612.50983008,125073.7004334507,-549538.8093966292,299.29584578578897,491.99955546120054,285
275000,-675184.2165530431,125764.42999931879,-549419.7865537243,300.9487311558492,492.00608910824747,285
280000,-674386.8404648285,125372.90758130574,-549013.9328835228,300.0118352869557,491.34662458114923,285
285000,-676435.7085555396,125724.21540567058,-550711.493149869,300.8524994078705,491.5171154842881,285
290000,-676162.2408982534,124830.25870734706,-551331.9821909063,298.71330047801257,492.72057907988284,285
295000,-675445.845759423,125410.69963554476,-550035.1461238782,300.102270005032,491.7979520479609,285
300000,-674960.3020251337,126297.11619884765,-548663.1858262861,302.2234257245226,493.31770009527366,285
305000,-676090.5270228586,125405.80556994068,-550684.7214529179,300.0905587220106,490.2669211764124,285
310000,-674008.1533460254,125861.942344638,-548146.2110013873,301.1820738950959,492.16665876060176,285
315000,-674410.5810435112,125907.8251035593,-548502.7559399519,301.29186931244385,492.7447844221314,285
320000,-674930.0840784195,125831.80443510559,-549098.279643314,301.1099552075344,492.40384724615825,285
325000,-674583.5736876442,125361.33274271211,-549222.2409449321,299.98413720898486,492.70804397397643,285
330000,-675296.458553032,124960.24537699751,-550336.2131760345,299.02435284233127,493.29394333577295,285
335000,-674326.342622716,124768.42766213324,-549557.9149605827,298.5653415153453,494.1477258574144,285
340000,-673591.3390080812,125222.41240499454,-548368.9266030868,299.65170697121357,493.5778400154855,285
345000,-674561.8333255528,124752.42689167918,-549809.4064338736,298.5270523777434,492.7444388566907,285
350000,-676248.0304972092,125839.4006539326,-550408.6298432766,301.1281326239755,492.07193127843817,285
355000,-675085.2247380307,125209.84443760978,-549875.3803004209,299.6216323798711,492.68517514362657,285
360000,-675308.8790570991,124940.04894325972,-550368.8301138394,298.97602366764096,493.34395469039106,285
365000,-675139.3005871829,125385.96785828046,-549753.3327289023,300.043087953422,492.14441557738985,285
370000,-675372.2412341461,124921.80933372036,-550450.4319004257,298.9323770869052,491.85143690397786,285
375000,-676660.4627557364,126566.62271173269,-550093.8400440037,302.8683429168593,491.10247735117196,285
380000,-676545.0779973338,125694.95583375602,-550850.1221635778,300.7824825434686,490.07197074657506,285
385000,-676483.9010595772,123928.67043180557,-552555.2306277717,296.5558395206443,491.03655628971194,285
390000,-674743.5720895743,125925.51892321382,-548818.0531663605,301.33420984207015,492.06565028667444,285
395000,-675932.0281862128,125134.67866911623,-550797.3495170965,299.4417640128407,491.6950316235521,285
400000,-675586.4828117858,125816.63391648978,-549769.848895296,301.0736528259435,493.2143915048534,285
405000,-675332.5745183676,125122.2585153146,-550210.316003053,299.4120431328798,493.9601894305851,285
410000,-675752.6368194739,125752.25027188763,-550000.3865475863,300.91958560558305,493.34277638956644,285
415000,-674882.2181145153,125250.6936992525,-549631.5244152627,299.7193828603535,493.178694648006,285
420000,-675985.6410499187,124515.87338070158,-551469.7676692172,297.960990264795,493.0387295948715,285
425000,-675297.7463979376,124933.22525047744,-550364.5211474602,298.95969487193423,492.6062128409878,285
430000,-676485.4767443761,125481.78368380805,-551003.6930605681,300.27237099567276,491.21321355937533,285
435000,-675368.7394122225,125518.72335933086,-549850.0160528916,300.3607660090956,492.11589341139387,285
440000,-674307.5812591594,124545.81644217906,-549761.7648169803,298.03264268955945,493.5410349492013,285
445000,-675073.4427780462,124450.69821944315,-550622.744558603,297.80502898000475,494.4372261602062,285
450000,-676006.5395838516,126300.12954561313,-549706.4100382384,302.23063653035706,491.50490687319177,285
455000,-676121.7666642684,125233.85439785488,-550887.9122664136,299.679087155207,493.9689936070366,285
460000,-672463.3283930854,124784.59331027011,-547678.7350828153,298.6040251979663,493.4275578850696,285
465000,-674978.5090614026,124912.07217703038,-550066.4368843723,298.9090765006351,492.1129255776672,285
470000,-674379.7332149777,125089.021155069,-549290.7120599087,299.33250759653663,492.53254744017516,285
475000,-674843.7309337198,125817.46749924711,-549026.2634344727,301.07564755269675,490.6113677812678,285
480000,-675536.4785110066,125069.04503451486,-550467.4334764917,299.28470562157264,493.2150440073309,285
485000,-675300.8333173618,125771.06736685534,-549529.7659505064,300.9646140834651,493.9588504363046,285
490000,-674587.8226577309,125497.62995327078,-549090.1927044601,300.31029041922034,492.4055742752045,285
495000,-676217.6015625047,125767.63011649525,-550449.9714460094,300.9563888950351,492.514642361466,285
500000,-675081.1866875608,125653.04572582815,-549428.1409617326,300.68219350463966,492.16162180064094,285
505000,-674529.8276349376,124862.24181084216,-549667.5858240954,298.78983463330053,491.4991738899312,285
510000,-675829.909099259,124354.24266988106,-551475.6664293779,297.57421510636965,491.3739343422408,285
515000,-677260.6690690154,126134.11299572309,-551126.5560732924,301.83336625258016,492.84504648931016,285
520000,-674480.4678455573,125541.95731260674,-548938.5105329505,300.41636383399845,491.0265132070663,285
525000,-675043.1089619026,126354.45735961472,-548688.6516022878,302.36064059184196,492.96780012369106,285
530000,-674782.6407128256,124157.19829430676,-550625.4424185188,297.1026966109509,493.0766858777239,285
535000,-674150.0469780876,124907.31723817089,-549242.7297399167,298.897698141774,492.48508032268984,285
540000,-675308.4165742262,123944.16805408234,-551364.2485201439,296.59292464686126,491.749562890222,285
545000,-677249.8212134899,125290.63233293453,-551959.1888805553,299.81495424831087,490.63534613321184,285
550000,-674501.5224780808,123951.60843064339,-550549.9140474375,296.61072913963704,491.9599065299179,285
555000,-675715.0889911475,125089.78214871639,-550625.3068424311,299.3343286207531,491.4598001579967,285
560000,-675281.7406839654,125602.24293577264,-549679.4977481927,300.5606246699026,491.9647057798387,285
565000,-675422.9045341052,125189.2428871527,-550233.6616469525,299.5723337787488,491.67598114979114,285
570000,-676479.095418572,126307.81172646012,-550171.2836921118,302.2490196501185,491.4588319356883,285
575000,-674719.4745159657,124740.92366334185,-549978.5508526238,298.49952565995574,492.1181433822062,285
580000,-675074.5667820438,125553.00130875624,-549521.5654732876,300.4427916294259,492.2930735956565,285
585000,-674568.1668706168,124467.06875613215,-550101.0981144847,297.84420295188954,492.42913351092204,285
590000,-674989.1734782504,124727.430736674,-550261.7427415764,298.46723768186615,491.597751306128,285
595000,-675811.5932518365,125445.32842888345,-550366.264822953,300.18513517936464,491.04524958234543,285
600000,-675717.0464122025,125262.33336773195,-550454.7130444706,299.7472360733803,488.8067620727399,285
605000,-676079.5077943527,125127.03408714256,-550952.4737072102,299.4234708655238,490.19485972259804,285
610000,-673566.4515180518,125765.4632467537,-547800.9882712981,300.95120367136496,492.3860888041667,285
615000,-674892.148341414,124999.04199581905,-549893.106345595,299.1171914391232,491.4132041961386,285
620000,-675273.3134895512,124707.71798674512,-550565.5955028061,298.42006594118624,492.93680275801796,285
625000,-675045.3368887729,124746.02653642168,-550299.3103523513,298.51173661005214,492.51686231452055,285
630000,-674912.6336485511,125128.18591038417,-549784.4477381669,299.4262271277124,493.49510080491984,285
635000,-674057.0227782796,125517.39873913367,-548539.6240391459,300.35759625141753,491.99760067146735,285
640000,-676153.9636528781,125019.11093131921,-551134.8527215589,299.1652155161572,491.02714367794937,285
645000,-675297.3385007847,125236.22652845907,-550061.1119723256,299.6847635590636,491.94994085088666,285
650000,-676125.907880309,125119.32500096355,-551006.5828793455,299.40502336249017,490.2847823857426,285
655000,-674113.9332641405,124956.54950245575,-549157.3837616848,299.01550877764726,491.37029545458853,285
660000,-675935.8658418469,125397.63805272919,-550538.2277891177,300.0710142137462,492.5881364882737,285
665000,-675143.5244274265,125979.72551385267,-549163.7989135738,301.46392382139754,492.942722551128,285
670000,-676160.0296629271,126458.61193254299,-549701.4177303842,302.6098778886437,491.3934265315422,285
675000,-675874.5253209462,126080.01157924692,-549794.5137416993,301.70390395038294,490.9426976932327,285
680000,-675128.8081318787,126502.87066600006,-548625.9374658787,302.715787084722,489.551235451614,285
685000,-676701.3880940848,125439.95924800407,-551261.4288460808,300.1722869664558,489.9132303354012,285
690000,-674815.5805895668,124630.94294508634,-550184.6376444804,298.23634665448674,491.3104716205563,285
695000,-676830.421867114,126282.83833278524,-550547.5835343287,302.18925942110025,490.9206694656981,285
700000,-675162.9050884224,126082.3160566595,-549080.5890317629,301.7094184631374,490.6602885124823,285
705000,-677192.4056638232,125201.56886019348,-551990.8368036298,299.6018292883051,490.3225976168509,285
710000,-676219.2719165664,125574.26642586716,-550645.0054906993,300.4936781162684,491.8468075927144,285
715000,-676421.037470351,125326.1538790809,-551094.8835912701,299.89995574071617,493.5097097265084,285
720000,-676060.630372013,124027.56175048283,-552033.0686215302,296.79248208228444,492.8130382925125,285
725000,-674824.9613211728,125807.3264198096,-549017.6349013632,301.0513803971164,492.3846064991855,285
730000,-675656.0349881398,125017.13904914097,-550638.8959389988,299.1604968891214,493.5480644543653,285
735000,-673353.4142574319,124548.69039948913,-548804.7238579427,298.0395199425782,493.4524828544245,285
740000,-674816.9359122282,125684.61471741588,-549132.3211948123,300.7577367084076,493.22150707097467,285
745000,-676313.7107187589,125477.78552649566,-550835.9251922632,300.2628035816581,494.51073681758294,285
750000,-676111.0485165459,125595.99457969994,-550515.053936846,300.54567262955305,492.6361626526487,285
755000,-675455.2592108534,125299.98081344739,-550155.278397406,299.83732474964097,494.27468027224023,285
760000,-676198.8395316415,124709.11637769884,-551489.7231539426,298.42341222902917,492.7434990823781,285
765000,-674421.861769455,125420.32605915319,-549001.5357103018,300.12530561192455,494.6021028389592,284
770000,-675415.8836573828,125370.62911334669,-550045.2545440361,300.00638301367576,492.0563530357389,285
775000,-675181.880858331,125169.10578249767,-550012.7750758333,299.52414657593545,492.01902717432,285
780000,-674990.3149838285,124844.06989360967,-550146.2450902187,298.74635003726803,492.93657630581424,285
785000,-676075.1779926023,124971.59839500167,-551103.5795976007,299.05152011342017,492.27626460597884,284
790000,-676317.7547017522,125164.87502532579,-551152.8796764264,299.51402256072134,491.62319131074776,285
795000,-675198.0110754767,125650.67054804979,-549547.3405274269,300.67650980902977,491.697611658445,285
800000,-674657.0613859417,125614.78426514872,-549042.277120793,300.5906355176659,491.5016220355627,285
805000,-675041.098522021,126410.05160895782,-548631.0469130632,302.4936751772129,492.59075754665065,284
810000,-675458.8123646341,125746.24199331074,-549712.5703713234,300.9052080600867,492.5962294364385,285
815000,-674156.1478564534,126503.84004088704,-547652.3078155664,302.7181067560492,495.01651695036094,285
820000,-674989.3661085148,126117.72801966697,-548871.6380888479,301.79415772792714,493.99190649569823,284
825000,-675079.628296182,125519.59074261069,-549560.0375535714,300.3628416190076,491.45387933719445,284
830000,-675439.8372990489,125857.08187744945,-549582.7554215995,301.1704430116003,491.72381599525426,284
835000,-674890.1785614691,124841.0240758229,-550049.1544856462,298.7390615297125,492.04957236690706,285
840000,-676267.9292149111,126853.63688625058,-549414.2923286605,303.5551551708915,492.3894612386262,284
845000,-676064.9778469815,125030.37713960255,-551034.6007073789,299.1921750554151,491.4388838700249,284
850000,-675884.8703090157,125077.09763014014,-550807.7726788756,299.30397512755263,489.6166863727313,284
855000,-673917.4899393478,124897.25153435822,-549020.2384049896,298.8736113567377,491.70079869776896,285
860000,-674560.6795407021,124787.33561487799,-549773.3439258242,298.6105874118783,492.57849699973985,284
865000,-674507.589018953,124775.92957508564,-549731.6594438674,298.58329326199004,492.251928211389,284
870000,-675667.8326059729,124343.62794121273,-551324.2046647602,297.54881452908154,491.64913434836177,284
875000,-675120.6671515121,125556.09590312303,-549564.5712483891,300.450196857185,493.1105873386433,285
880000,-675002.1790050096,124978.3532286325,-550023.8257763771,299.06768413221613,492.6920988389944,284
885000,-676623.5903519467,126105.33400961937,-550518.2563423272,301.7644994088159,491.15850092985914,284
890000,-674564.0810421272,124542.7250926565,-550021.3559494708,298.0252452265695,492.13981511121375,284
895000,-675986.750923879,125777.61241294863,-550209.1385109304,300.98027608994136,492.07639733604543,285
900000,-675892.5806871904,124276.08767005506,-551616.4930171353,297.3871936406719,490.33384011106546,284
905000,-676651.4259815039,125527.1296663715,-551124.2963151324,300.3808819308836,490.2071209190239,284
910000,-676522.0736742052,124827.09701447209,-551694.9766597331,298.7057346864845,490.74760328151,284
915000,-675988.2543501905,126552.4635862395,-549435.790763951,302.8344607543793,491.8871804849623,285
920000,-674427.4294098909,126122.0082680888,-548305.4211418021,301.80440017351833,491.78533395774895,284
925000,-675798.1612562439,126079.84979898878,-549718.3114572552,301.70351681736435,490.8095576214959,284
930000,-674117.6694709845,125963.68452659482,-548153.9849443897,301.4255384467589,492.9965220638848,284
935000,-676223.7500319355,124612.76741899876,-551610.9826129368,298.19285342262316,492.11428939389486,285
940000,-674804.3350148201,125842.34847690084,-548961.9865379193,301.13518663425464,491.4227420610038,284
945000,-674487.7244626586,124689.8946376928,-549797.8298249658,298.3774154534269,494.7756849264718,284
950000,-675674.3915100005,126344.76203905756,-549329.6294709429,302.3374401175915,493.15239280376954,284
955000,-675140.3374755387,126064.79034967624,-549075.5471258624,301.6674802197148,493.57807287126457,284
960000,-675955.9134573084,125364.55145553371,-550591.3620017747,299.99183944672905,491.4862439165398,284
965000,-674895.2857198282,125892.88126114118,-549002.4044586871,301.256109356991,492.6380995911186,284
970000,-675912.5813152473,125088.01811008106,-550824.5632051663,299.33010735414365,491.2727282691402,284
975000,-676234.5781459678,125219.41402714804,-551015.1641188198,299.6445319853417,490.67184167935864,284
980000,-675720.0293344404,124904.15208909335,-550815.877245347,298.8901240797057,491.1676814833979,284
985000,-674242.3018321921,125490.40483909665,-548751.8969930955,300.2930010398372,491.0514785757268,284
990000,-676432.642163476,125458.31583752937,-550974.3263259466,300.2162134751356,490.6997698196193,284
995000,-675429.188200145,124490.43274450314,-550938.7554556419,297.90011194503666,490.9557942768239,284
1000000,-675947.9453340508,125345.213094913,-550602.7322391379,299.94556360314215,490.80443778496846,284
1005000,-677621.0465700747,124909.83473489969,-552711.211835175,298.90372240035197,492.14502240051945,284
1010000,-676737.2451528143,125063.33297586208,-551673.9121769522,299.2710369172828,490.30917971808645,284
1015000,-674767.5005505495,125333.64122654771,-549433.8593240017,299.9178726327966,490.6459553109541,284
1020000,-676834.0205937536,125344.05016171042,-551489.9704320431,299.94278075530724,492.3378467608164,284
1025000,-675576.4182637082,125265.68371804198,-550310.7345456663,299.7552533138253,491.33491067046083,284
1030000,-675277.0159052764,124914.19147335476,-550362.8244319216,298.9141478832173,491.99863828681623,284
1035000,-675147.6799437022,124920.17778125082,-550227.5021624514,298.928472853844,492.12487582001677,284
1040000,-673581.3195893541,126306.95148720272,-547274.3681021514,302.2469611355369,492.70866447933304,284
1045000,-675681.0977815315,125011.27302280907,-550669.8247587224,299.14645974696987,492.4395823755192,284
1050000,-675213.2954730927,125242.9035139553,-549970.3919591374,299.7007412907088,493.0911277263968,284
1055000,-675959.6377907684,125519.299146167,-550440.3386446014,300.36214384158563,492.5091615616111,284
1060000,-675171.4343483276,126376.23586977622,-548795.1984785513,302.4127556055991,492.31309187021367,284
1065000,-675479.7443359033,125058.50020468113,-550421.2441312221,299.2594723091112,493.0988823554221,284
1070000,-675029.7167594228,125769.4576328065,-549260.2591266163,300.96076206092187,491.44055395821334,284
1075000,-676082.2657155367,125585.36274626444,-550496.9029692722,300.5202311213119,490.0064137269201,284
1080000,-675166.86526149,124572.11245758622,-550594.7528039038,298.09556789401734,492.3991318241844,284
1085000,-675273.2159325951,125545.30835721066,-549727.9075753845,300.42438273585805,493.48260301312496,284
1090000,-674522.7090717508,125491.86286950359,-549030.8462022472,300.2964900422599,494.3966276099501,284
1095000,-675753.113119253,126257.84464358508,-549495.2684756679,302.12945062578564,491.83304760133575,284
1100000,-674488.0376318181,124994.04491395177,-549493.9927178663,299.10523364273,492.75135826856314,284
1105000,-673692.1617975789,126735.19772959885,-546956.9640679801,303.2717354956009,494.67076548552797,284
1110000,-676132.5074249152,125263.52337063666,-550868.9840542786,299.75008369781784,492.56671136685725,284
1115000,-674918.5620142012,124017.14386645795,-550901.4181477432,296.76755254554155,495.1060661262791,284
1120000,-674141.6841018479,125838.72035199276,-548302.9637498552,301.12650469145433,493.4115067174841,284
1125000,-675941.9216802535,125440.43591557234,-550501.4857646811,300.1734276109118,492.7689177107178,284
1130000,-675204.411466571,126073.4921335782,-549130.9193329929,301.68830320459296,490.88465810167185,284
1135000,-675093.940045476,125160.9700684858,-549932.9699769901,299.5046781713243,491.6329377725873,284
1140000,-674725.9685509577,125531.42863455167,-549194.539916406,300.3911691720305,490.83851159916225,284
1145000,-675004.8987663719,126037.1538840927,-548967.7448822792,301.60134737713724,492.3940654047194,284
1150000,-674411.978687163,125051.74149471754,-549360.2371924454,299.24329901442206,491.32581330329276,284
1155000,-674770.0841606227,125983.35430185735,-548786.7298587654,301.4726073509587,491.8751372543177,284
1160000,-675897.3603498973,124876.54853151459,-551020.8118183827,298.8240699845314,492.7782059468917,284
1165000,-673766.5624217675,125990.50432424212,-547776.0580975254,301.48971703900355,492.5962207900864,284
1170000,-674375.1980870068,126018.10907729767,-548357.0890097092,301.5557739949011,492.3866076058882,284
1175000,-675496.8313814076,125546.71682089602,-549950.1145605115,300.4277531273033,492.1020025932384,284
1180000,-675338.3301037173,125150.97775020497,-550187.3523535123,299.48076699462723,491.4234817568213,284
1185000,-675012.6494587222,124963.16837391973,-550049.4810848024,299.03134744497777,492.1294805437495,284
1190000,-676735.8788723801,125489.64989258104,-551246.2289797991,300.2911944861403,491.4914543899285,284
1195000,-675087.9988913932,124883.1533759532,-550204.84551544,298.8398750858092,492.1522248422357,284
1200000,-676157.901468413,125883.13653815119,-550274.7649302618,301.2327906648988,490.6608320567939,284
1205000,-674714.9972424535,126068.97465618467,-548646.0225862688,301.677493080541,492.15247393831373,284
1210000,-675220.2869100235,124885.90694019385,-550334.3799698297,298.8464642435256,492.7136123789158,284
1215000,-674561.5461334488,125125.02577983681,-549436.520353612,299.41866507476533,492.598685827677,284
1220000,-675751.3512484725,124704.05833350407,-551047.2929149684,298.4113085524765,491.94801672049,284
1225000,-676066.0018489771,126139.46589479162,-549926.5359541854,301.8461755038342,492.7946388332744,284
1230000,-676487.0021574493,125405.10441738006,-551081.8977400692,300.0888808948741,491.92523972896845,284
1235000,-675739.729207281,125712.17383767501,-550027.555369606,300.82368446703697,493.5565389629152,284
1240000,-675239.9153246889,125868.61475058287,-549371.300574106,301.19804066807677,492.24039673732136,284
1245000,-675271.2065821495,125555.60275372639,-549715.6038284231,300.4490167724409,493.33218691732725,284
1250000,-675099.3506132802,125537.79461936268,-549561.5559939175,300.40640269276,491.53338018704915,284
1255000,-674918.6087545264,124879.13065946935,-550039.478095057,298.8302489027809,492.6270451078095,284
1260000,-675099.7835716642,126165.23051493475,-548934.5530567295,301.9078291028751,492.3736819614776,284
1265000,-675385.3767112396,124838.02832458063,-550547.3483866589,298.73189282918867,491.6424853212664,284
1270000,-675357.544170083,125504.89911282685,-549852.6450572561,300.3276851972588,492.22092659213365,284
1275000,-675003.354875424,124955.28203300398,-550048.07284242,299.0124757791811,492.2873158185303,284
1280000,-674897.4674228816,125724.08270603989,-549173.3847168417,300.85218186351017,494.3953545227619,284
1285000,-675208.0973876226,126591.95883293124,-548616.1385546913,302.92897113683506,493.8806339659899,284
1290000,-676137.7215863261,124633.02419207565,-551504.6973942504,298.2413269866892,492.2696759183993,284
1295000,-675246.1250622803,126053.76850537016,-549192.3565569102,301.64110543267105,493.1548875889989,284
1300000,-673566.0008387147,125175.11185891193,-548390.8889798027,299.53851885175385,494.58088567202185,284
1305000,-675250.9180233655,126048.82745650131,-549202.0905668642,301.62928172077034,492.58023987962923,284
1310000,-675193.1760017443,124862.59592905617,-550330.5800726882,298.7906820225599,491.07040286118604,284
1315000,-675758.0277254637,124309.19252811145,-551448.8351973523,297.4664121051234,489.29433958057103,284
1320000,-676798.252194033,125094.27591864951,-551703.9762753835,299.34508201389843,489.4475147113809,284
1325000,-676311.7988057276,125712.32745601493,-550599.4713497127,300.82405206894543,491.2399927231041,284
1330000,-674852.5875186203,125634.90343559458,-549217.6840830257,300.6387798047081,493.19850620242073,284
1335000,-674813.542212002,126412.3697684086,-548401.1724435934,302.499222430481,492.37237554333603,284
1340000,-676688.078404814,126351.01362508122,-550337.0647797328,302.3523998870712,490.5592110111763,284
1345000,-674777.2887926092,125952.65652490978,-548824.6322676995,301.399148925379,491.9197106297259,284
1350000,-675158.1926431959,124410.43438955105,-550747.7582536448,297.70867941186725,491.51951308318604,284
1355000,-676593.0773569415,126785.05045744649,-549808.026899495,303.39103087339964,492.14037178378175,284
1360000,-675970.1790501936,125129.10498850307,-550841.0740616906,299.4284264410931,493.64013718703677,284
1365000,-676146.9014825854,125127.08464167814,-551019.8168409072,299.4235918402966,492.16694027654813,284
1370000,-676660.2450052877,125400.717166677,-551259.5278386107,300.07838239754574,492.4551268242483,284
1375000,-675229.6799484477,125201.93373197639,-550027.7462164713,299.60270241038023,491.9738739294245,284
1380000,-676114.1690251515,125938.31331318012,-550175.8557119714,301.36482625265853,491.67379631416475,284
1385000,-677387.8425971563,124972.16178495166,-552415.6808122046,299.0528682807088,493.1977357526513,284
1390000,-674490.210411876,126496.63814274705,-547993.5722691289,302.7008729316113,492.53599752518676,284
1395000,-676110.8317645816,125529.01437833135,-550581.8173862502,300.3853919634335,492.290808983613,284
1400000,-675226.92199279,125451.94598505303,-549774.976007737,300.2009706992537,492.88247889153934,284
1405000,-676318.3327243663,126370.9894937466,-549947.3432306198,302.40020125927646,491.34779006658977,284
1410000,-674657.2054014285,125288.81203684118,-549368.3933645873,299.81059836008694,492.1965646955611,284
1415000,-675487.5850294866,125595.6869488788,-549891.8980806078,300.54493648257346,491.2721691844063,284
1420000,-674783.6786414082,125282.92689040193,-549500.7517510063,299.79651546436224,491.97407123344567,284
1425000,-675428.7073460799,126450.04936509486,-548978.657980985,302.5893880425961,491.6680187070039,284
1430000,-675780.1675556949,125099.65145458328,-550680.5161011117,299.357945434172,492.42902990361716,284
1435000,-674736.8190597272,125637.71914897062,-549099.0999107566,300.6455176825629,491.19932156214185,284
1440000,-674890.991618271,124224.92548670841,-550666.0661315626,297.2647647936488,492.5312760430066,284
1445000,-674471.828625686,123991.76405422285,-550480.0645714632,296.7068197748435,492.10241879977326,284
1450000,-676401.2406900139,124776.00516038592,-551625.2355296279,298.5834741342781,492.11570041132074,284
1455000,-674716.5018599229,126386.17464145401,-548330.3272184689,302.43653864763803,490.04592926084194,284
1460000,-676667.0349651561,125561.80304576902,-551105.2319193871,300.4638537976875,490.97883128438457,284
1465000,-675657.5567407561,126020.84284254588,-549636.7138982103,301.5623157745023,490.44992091431556,284
1470000,-674183.4344231882,125389.34402446539,-548794.0903987228,300.0511669701164,491.18196229402486,284
1475000,-674888.2407109733,124070.08957013802,-550818.1511408353,296.894249278018,491.24873641902235,284
1480000,-675722.0685506687,125732.68172760308,-549989.3868230656,300.8727589426464,490.2606958567015,284
1485000,-676016.7272877214,125319.05278823245,-550697.6744994889,299.8829631436784,489.97473286521074,284
1490000,-675626.7068205117,125697.84900439245,-549928.8578161192,300.78940577312943,491.5173769092377,284
1495000,-676084.2330449969,125444.5313852661,-550639.7016597308,300.18322788916083,492.4947515892004,284
1500000,-673516.9228352038,125237.42138960701,-548279.5014455968,299.6876228090629,492.46604281418865,284
1505000,-676539.2957100198,125076.82829553765,-551462.4674144821,299.30333062173423,491.9941387047456,284
1510000,-675565.6741108787,125529.36288794543,-550036.3112229332,300.38622593156066,492.125756855097,284
1515000,-674465.8292960371,125634.72961267518,-548831.099683362,300.63836385413254,490.55907724936816,284
1520000,-675422.9419071651,125967.12799943669,-549455.8139077284,301.4337785253132,491.74574227651306,284
1525000,-676214.6586455456,124429.0700097566,-551785.588635789,297.7532736286517,489.42414064646107,284
1530000,-675691.3310652049,124687.90837879106,-551003.4226864139,298.37266242352626,490.6714033362244,284
1535000,-675422.6479357947,124572.12894716533,-550850.5189886293,298.0956073528524,492.77251367212494,284
1540000,-675415.1406097938,125865.06300890294,-549550.0776008909,301.1895415069708,492.13081718109134,284
1545000,-675078.9421134111,125458.56635264808,-549620.3757607631,300.2168129467598,491.93430204219226,284
1550000,-676422.6824349854,125580.50641890732,-550842.1760160781,300.50861014425016,492.8808967688935,284
1555000,-675762.2075300487,125152.252291327,-550609.9552387217,299.48381691528823,492.87709459583573,284
1560000,-675573.2311523021,125823.5285778554,-549749.7025744467,301.0901514463383,492.268230155307,284
1565000,-676241.063668998,124290.88064904691,-551950.183019951,297.42259258660306,490.56142268962856,284
1570000,-674215.3703059033,125428.05326728686,-548787.3170386164,300.143796479996,493.1556090394953,284
1575000,-675849.8418212449,124593.98469977686,-551255.857121468,298.1479072043839,493.767411303011,284
1580000,-674478.4208024004,125924.79900190944,-548553.621800491,301.33248710215804,491.33452843767407,284
1585000,-675042.3978535747,124795.96667537728,-550246.4311781975,298.63124115877486,492.62112730566093,284
1590000,-675236.9896663409,125238.26311436747,-549998.7265519734,299.6896370192703,490.34748907455673,284
1595000,-674826.5431904085,125061.70147691295,-549764.8417134956,299.2671328122936,492.4478389173647,284
1600000,-674088.5312270769,126127.60115138232,-547960.9300756946,301.8177836964325,493.0553802904501,284
1605000,-675295.8796234336,124950.25987821654,-550345.619745217,299.0004579843964,493.15419575212997,284
1610000,-674974.0341936839,125572.72116399382,-549401.3130296901,300.4899803727961,492.6004927805581,284
1615000,-676004.4838666781,125332.21217182482,-550672.2716948532,299.91445296790727,492.1544945508942,284
1620000,-676359.0544424984,124771.62861621816,-551587.4258262801,298.57300125721633,491.84190023070335,284
1625000,-674413.6222859398,125373.59510563329,-549040.0271803065,300.01348050233196,491.0784819003424,284
1630000,-674457.812501845,125729.6407545822,-548728.1717472627,300.8654820284019,492.7097375737915,284
1635000,-674999.2478566016,125157.60530266627,-549841.6425539353,299.4966264352013,492.56815923750713,284
1640000,-674092.1529930886,125043.40714627819,-549048.7458468104,299.2233552863914,493.7961257078619,284
1645000,-676161.4705561805,125668.14723092646,-550493.323325254,300.7183307399287,491.2517699391588,284
1650000,-674434.7888934668,125439.63334787748,-548995.1555455893,300.1715071018344,492.5241235470534,284
1655000,-674797.1528301416,126642.57253297564,-548154.580297166,303.05008748751976,491.07388791618536,284
1660000,-675464.9890283677,125075.35324479034,-550389.6357835773,299.29980089038816,493.09968722334935,284
1665000,-675411.9526693989,125400.79279498724,-550011.1598744116,300.07856337275473,491.9327088262338,284
1670000,-676294.3475561528,124925.85190774058,-551368.4956484123,298.94205078814167,491.7599722244899,284
1675000,-675915.1006057658,126581.99931607617,-549333.1012896897,302.9051384525023,492.0990990886001,284
1680000,-674977.6399039063,125335.75160382385,-549641.8883000824,299.92292267249,491.6781869853748,284
1685000,-674880.7466721348,125515.04766286575,-549365.6990092691,300.3519702296586,490.68407584097434,284
1690000,-675566.6888231966,124928.84994681763,-550637.838876379,298.94922496335323,491.4071072711881,284
1695000,-676144.928531839,125568.4991163899,-550576.4294154492,300.4798771991937,490.05691215015776,284
1700000,-674590.0856425706,125023.77847528685,-549566.3071672837,299.1763847428987,490.03338111673463,284
1705000,-675889.2617685716,125928.57408276922,-549960.6876858023,301.3415207040657,490.41916434784576,284
1710000,-674423.4534561806,125229.30082664301,-549194.1526295376,299.66819066024067,492.499227667891,284
1715000,-674389.0205642395,125573.66024274501,-548815.3603214945,300.49222754680727,491.5077725213483,284
1720000,-676218.7434720416,125371.4051024362,-550847.3383696054,300.00823992132354,491.96428492232457,284
1725000,-675270.4761447515,125818.203799013,-549452.2723457385,301.0774094855446,490.0872277153156,284
1730000,-674631.1888140487,126659.6770792316,-547971.5117348171,303.0910179119073,491.5954398423716,284
1735000,-674951.0721970764,124459.435094746,-550491.6371023303,297.8259359370567,492.2922551105243,284
1740000,-673860.5305706868,125211.3859768676,-548649.1445938192,299.6253212152888,493.47278583786544,284
1745000,-675793.2345356224,125123.50859399763,-550669.7259416247,299.41503451600374,492.7593988807765,284
1750000,-673818.2773427297,125817.11474297586,-548001.1625997538,301.07480342250636,492.71506095890425,284
1755000,-675082.0395867042,125493.65010896255,-549588.3894777417,300.30076682741645,492.29718422698943,284
1760000,-674789.1618602849,125167.35616869674,-549621.8056915881,299.5199598273182,491.67487656884765,284
1765000,-675892.7339114118,126092.78448922606,-549799.9494221858,301.7344689603099,491.51329502624833,284
1770000,-674974.1162996069,125261.08586519177,-549713.0304344151,299.7442508548524,492.28558909074076,284
1775000,-675424.935849329,125394.74147716502,-550030.194372164,300.06408283624353,492.53971386650977,284
1780000,-674369.4712112029,124982.59026278171,-549386.8809484212,299.07782316796,493.7097289583861,284
1785000,-675566.3026808565,125587.32337610191,-549978.9793047546,300.52492282199273,490.97616783481743,284
1790000,-674736.2214452312,124871.88141349652,-549864.3400317347,298.8129017770684,492.11860719680453,284
1795000,-675795.6690251408,125016.48232867534,-550779.1866964655,299.1589253860275,491.9000565123454,284
1800000,-674696.7773801847,126052.70790435659,-548644.0694758282,301.63856746124856,493.58720398205077,284
1805000,-675414.7754001636,125302.69378127903,-550112.0816188846,299.8438167619421,491.80856575338385,284
1810000,-676558.245594522,124948.98222431843,-551609.2633702036,298.9974006149995,489.971991793796,284
1815000,-676035.5528414496,124645.13750081048,-551390.4153406392,298.270313599946,490.48801412230256,284
1820000,-675914.1982437773,125925.2823072233,-549988.915936554,301.33364363044643,491.7070859411153,284
1825000,-674302.9171157856,125903.6802623038,-548399.2368534819,301.28195089022626,492.69389882547824,284
1830000,-675911.3356211716,125824.13406450051,-550087.2015566712,301.09160034916073,490.8209213871831,284
1835000,-676847.3144519101,125999.85733834846,-550847.4571135617,301.5120983890228,490.26131028323545,284
1840000,-675512.2107483698,124781.91402825806,-550730.2967201117,298.59761379434497,492.23353247709497,284
1845000,-674701.079602248,124640.21318498615,-550060.8664172619,298.25852992948245,494.34014843968265,284
1850000,-675196.3090758286,124872.58057802013,-550323.7284978086,298.81457484692015,493.69637196685346,284
1855000,-674982.6679301383,125932.69829197675,-549049.9696381616,301.351389754703,491.2973230236305,284
1860000,-677026.687914418,124826.1612081374,-552200.5267062807,298.70349534322156,489.7187336621507,284
1865000,-676327.9525521304,125520.24850218295,-550807.7040499474,300.3644156086379,491.06640969122776,284
1870000,-675239.8500840543,125261.1386064582,-549978.7114775961,299.7443770623756,491.26990311308526,284
1875000,-676698.0032060286,126129.02342791583,-550568.9797781127,301.8211871414139,491.5480584024757,284
1880000,-676682.8418188565,125724.25892031076,-550958.5828985458,300.8526035364842,491.12066941877845,284
1885000,-675687.3614787124,126124.02370481321,-549563.3377738992,301.8092230246611,492.02195317602786,284
1890000,-674789.080116678,125448.5222467765,-549340.5578699015,300.19277784464333,492.66922221173155,284
1895000,-677005.0714571644,124940.35024289059,-552064.7212142737,298.97674466436166,490.93576247020735,284
1900000,-676874.0127691189,125180.78497095444,-551693.2277981645,299.552094358524,490.9445845250905,284
1905000,-674188.6700174469,124783.81148577682,-549404.8585316701,298.6021543264548,493.71751165631724,284
1910000,-674107.9910713085,124790.42371106346,-549317.567360245,298.6179770897762,492.30451759895124,284
1915000,-675793.4381423821,126391.81006497622,-549401.6280774059,302.45002396744223,492.01037843416475,284
1920000,-677326.0551085616,125363.31799387548,-551962.7371146862,299.98888782741204,491.7663744065355,284
1925000,-674650.7305350858,125016.64853824361,-549634.0819968422,299.1593231181897,493.1009752032827,284
1930000,-673845.7257379172,124752.66731266363,-549093.0584252536,298.5276276945497,493.17753821792945,284
1935000,-674468.9377337811,125677.78103051055,-548791.1567032705,300.7413839972055,491.97269869852704,284
1940000,-675050.4807814695,125876.4584360242,-549174.0223454454,301.2168102612055,491.3631401774436,284
1945000,-675914.521258344,126784.24151577445,-549130.2797425694,303.3890951116761,491.3194039802542,284
1950000,-676455.2318777251,125089.84353927337,-551365.3883384517,299.33447552564684,492.7219449127204,284
1955000,-676006.0628191954,125774.34813013277,-550231.7146890627,300.97246480521187,492.21810860637277,284
1960000,-676233.4211680298,125249.69807983784,-550983.7230881919,299.71700038702966,492.39067801036646,284
1965000,-674799.630904708,124368.3286353453,-550431.3022693627,297.60792220012894,492.09452303048823,284
1970000,-676056.1415640595,126045.39469517313,-550010.7468688864,301.62106727439567,492.50859072548974,284
1975000,-674559.2629249711,125489.05491205916,-549070.208012912,300.28977072400716,491.0573298762073,284
1980000,-674093.0014608717,125267.28702615038,-548825.7144347213,299.75908995937664,492.4541504170774,284
1985000,-675974.9804736217,125465.06056267337,-550509.9199109484,300.23235330476865,492.4195147397023,284
1990000,-675205.9440115201,125981.14973963652,-549224.7942718836,301.4673319308489,492.9928021624437,284
1995000,-676196.030156232,125503.8463383987,-550692.1838178332,300.3251659545099,492.82821846960235,284
2000000,-674924.8708380456,125285.56502156367,-549639.3058164819,299.80282839581474,492.0205400672165,284
2005000,-676396.328499217,125964.99504220544,-550431.3334570116,301.42867445278364,491.57438701872724,284
2010000,-675323.7147969636,125303.30137303553,-550020.4134239281,299.84527070220315,493.0654525807949,284
2015000,-675152.6121472716,125860.86158766988,-549291.7505596017,301.1794876913637,491.60699553740545,284
2020000,-675575.9517734637,125209.7255343509,-550366.2262391129,299.6213478496196,493.10533686427607,284
2025000,-674845.7557905614,125133.36388989305,-549712.3919006684,299.43861780417916,494.38950565063374,284
2030000,-675992.0419320599,124645.20333288237,-551346.8385991775,298.27047113318895,493.2433529180575,284
2035000,-676917.6023009499,124673.77555198804,-552243.8267489618,298.33884319265127,493.23419302139854,284
2040000,-674937.1433496815,126195.79231111635,-548741.3510385652,301.9809621324825,491.52694055201306,284
2045000,-674702.0408216082,125233.23158720636,-549468.8092344018,299.677596796809,492.4103885768916,284
2050000,-674907.84839461,125403.63369778992,-549504.2146968201,300.08536152779595,492.43948965307465,284
2055000,-673371.4602900585,124625.03532940708,-548746.4249606514,298.2222099908622,494.8160218561399,284
2060000,-675422.0294443774,125336.54036253446,-550085.4890818429,299.9248101372776,491.61946164278714,284
2065000,-674889.8586564474,124430.99568474927,-550458.8629716982,297.75788168393143,492.7406030776792,284
2070000,-674420.3460851405,125797.89054158411,-548622.4555435564,301.0288007569167,493.84280319934015,284
2075000,-674786.7392023527,125670.76936037486,-549115.9698419778,300.7246053799873,493.3272355610943,284
2080000,-674736.3578570704,125293.52089697705,-549442.8369600934,299.82186645459575,492.40025149291705,284
2085000,-674617.5275815385,125117.95783404738,-549499.5697474912,299.40175179239117,491.2431870865545,284
2090000,-674705.266651996,125472.14207859401,-549233.1245734019,300.24929905986795,491.01917409569785,284
2095000,-676369.9449193492,124815.4314987309,-551554.5134206183,298.6778196221009,489.0455291638581,284
2100000,-675737.0429485478,125078.68528505007,-550658.3576634977,299.3077743156908,491.84363437358496,284
2105000,-675244.2957006558,125616.36359476374,-549627.9321058921,300.59441478374066,490.90205684915884,284
2110000,-676177.9700083118,124838.23818262467,-551339.7318256871,298.73239501022726,491.25185240001554,284
2115000,-674241.597799954,125590.8623367499,-548650.7354632041,300.5333913986533,492.09952285551043,284
2120000,-675990.0562510956,125053.63197630731,-550936.4242747882,299.2478228534417,492.0680420854221,284
2125000,-676657.5739850262,125516.59948885764,-551140.9744961686,300.35568368077696,493.16263513227426,284
2130000,-675096.5986794387,124678.07600195939,-550418.5226774793,298.34913397965903,492.2504682697946,284
2135000,-675041.1453921711,125124.49880673725,-549916.6465854339,299.4174040513928,492.58366461831264,284
2140000,-676344.9318165504,124363.78523050202,-551981.1465860484,297.597050032834,490.9567539290877,284
2145000,-675080.2504580771,126270.34153110045,-548809.9089269766,302.1593551261373,492.6434369639868,284
2150000,-676009.6592949391,124932.67238162516,-551076.986913314,298.9583718811682,491.5245379212204,284
2155000,-674730.5133523676,125972.085450791,-548758.4279015765,301.4456414876377,490.9444968488986,284
2160000,-674370.8045658232,124981.7835843804,-549389.0209814428,299.07589282214343,491.95506305259363,284
2165000,-676417.2331582936,125886.51800082787,-550530.7151574658,301.2408823558642,489.936424226626,284
2170000,-674374.0155964028,126167.4236690632,-548206.5919273396,301.91307722392327,491.6969299699489,284
2175000,-675913.4671933046,125851.13064851973,-550062.3365447848,301.156201983392,492.2703398649068,284
2180000,-673976.5954464488,125591.99684190424,-548384.5986045445,300.5361062194233,494.49018958989853,284
2185000,-674955.4985937215,124563.05787838902,-550392.4407153325,298.0739006855661,493.47764242177027,284
2190000,-675124.4827864724,125401.70715211786,-549722.7756343546,300.08075138901887,492.9111477644544,284
2195000,-674555.0739477742,124880.44218364492,-549674.6317641293,298.8333873222571,492.06536967786417,284
2200000,-677012.4849759904,125392.03679114397,-551620.4481848464,300.0576106419497,492.2298713661616,284
2205000,-676373.9626149372,126137.68472021178,-550236.2778947254,301.8419132316657,492.3088190394695,284
2210000,-674365.4231734956,124653.48343292432,-549711.9397405712,298.29028504719844,491.6731708660333,284
2215000,-676713.3392633651,125260.22155151318,-551453.117711852,299.7421825903607,491.2715318826396,284
2220000,-677550.7930141115,126134.10485012102,-551416.6881639904,301.8333467605139,489.5161296989184,284
2225000,-675767.9583807862,124860.99572667072,-550906.9626541155,298.7868528088665,491.4418160164866,284
2230000,-674019.8893861221,125464.80765826307,-548555.0817278591,300.23174811567515,493.30444074547165,284
2235000,-676371.9613874899,126269.21569665559,-550102.7456908344,302.15666105399254,491.7805105308202,284
2240000,-676226.1152891191,124883.53734341497,-551342.5779457041,298.84079390300116,492.2857418221474,284
2245000,-675447.1101235859,126163.27644937416,-549283.8336742118,301.90315311021914,492.967624052812,284
2250000,-675798.470813747,125713.88818856061,-550084.5826251864,300.82778683305395,492.00544585097674,284
2255000,-675156.474069966,126397.72286728557,-548758.7512026804,302.4641730424437,492.3448802476167,284
2260000,-674355.8714947002,125393.75394591619,-548962.117548784,300.06171971754367,491.8695038210375,284
2265000,-675703.8608332486,125366.72113626183,-550337.1396969868,299.99703139696607,490.74202193573916,284
2270000,-675243.4704878121,125806.60930032539,-549436.8611874867,301.04966436183634,490.3503650734298,284
2275000,-676250.287099028,125946.03302976853,-550304.2540692595,301.3832991937928,490.7530970536469,284
2280000,-675891.3617056906,125453.05324528797,-550438.3084604027,300.2036203241338,490.4416751538584,284
2285000,-676755.2906701639,125039.41027273517,-551715.8803974288,299.21379094438015,491.99489955922763,284
2290000,-675340.1718889568,124969.43976439314,-550370.7321245637,299.0463546056318,490.7704029788756,284
2295000,-676207.9989110273,125231.5055622547,-550976.4933487726,299.67346649526706,491.51103500963734,284
2300000,-675871.2514397963,125198.1454916742,-550673.1059481221,299.5936373185076,493.02199406198184,284
2305000,-674486.873514201,125446.18151430052,-549040.6919999005,300.18717657512207,493.72458149516746,284
2310000,-675274.2084441083,125392.99523633241,-549881.2132077758,300.0599041589906,492.3472426167664,284
2315000,-675314.3931983244,124839.96408860525,-550474.4291097191,298.73652502707665,493.3038621588252,284
2320000,-674609.6572292647,125728.3874084208,-548881.2698208439,300.8624828263463,493.6434535346601,284
2325000,-675838.6550770095,124835.02380828321,-551003.6312687262,298.7247031542746,492.96081076817217,284
2330000,-675858.4963441859,126784.6245369756,-549073.8718072103,303.39001166450817,492.3793108313788,284
2335000,-674405.5653210818,125319.97520368348,-549085.5901173983,299.8851704431477,492.21773055972693,284
2340000,-676492.8310864139,125370.36049962456,-551122.4705867894,300.0057402328923,490.7464899461655,284
2345000,-675341.2947394182,125830.8239723494,-549510.4707670688,301.1076090034255,491.3158688482506,284
2350000,-674992.3704391182,125207.6596517791,-549784.7107873391,299.6164042837902,490.5529022496237,284
2355000,-675119.8039799184,124357.2302549473,-550762.573724971,297.5813642655947,492.5596668172667,284
2360000,-675171.7834295519,125082.92380769344,-550088.8596218585,299.31791691333547,490.453418111397,284
2365000,-674893.0191619131,124712.13253812713,-550180.886623786,298.4306297678346,492.60276769358484,284
2370000,-675267.3208813006,125387.94240371248,-549879.3784775881,300.04781295350654,492.70846887083115,284
2375000,-675912.465539705,124859.35524792771,-551053.1102917773,298.78292721562684,491.89303712074735,284
2380000,-675932.8494005692,125229.84355005313,-550703.005850516,299.6694893734113,493.0450440927951,284
2385000,-676138.6583249792,125133.94432740874,-551004.7139975706,299.4400067655402,492.58170751346495,284
2390000,-673551.3489093627,125142.36964433914,-548408.9792650235,299.4601681771556,493.9184371688775,284
2395000,-674305.3739501345,125431.62788888556,-548873.7460612489,300.1523503917379,492.43562464775124,284
2400000,-675286.0053752889,126700.93512896102,-548585.0702463279,303.18974660424186,493.74254293847895,284
2405000,-675026.2917663185,125482.4819060923,-549543.8098602262,300.27404181078725,493.3192571896444,284
2410000,-674275.3688913551,124925.47834038036,-549349.8905509748,298.9411568579338,492.549844969036,284
2415000,-676256.6001133076,126129.25370773766,-550127.3464055699,301.8217381908656,490.81874398037746,284
2420000,-675354.5123147196,126120.24208884529,-549234.2702258744,301.800173784528,493.85554533794937,284
2425000,-675533.705984382,124620.10002567613,-550913.6059587058,298.21040002682304,492.95309531145364,284
2430000,-676796.5779593824,125102.1514137541,-551694.4265456283,299.3639277261476,490.9723674097738,284
2435000,-676025.3968842765,124482.6315667209,-551542.7653175556,297.88144407086037,491.79024014313137,284
2440000,-675481.8105152892,125734.78700767504,-549747.0235076142,300.87779678495514,492.02964797556876,284
2445000,-675746.313283972,124262.59241144499,-551483.720872527,297.3549000823475,493.20218280280795,284
2450000,-674169.3978169798,125748.98463779304,-548420.4131791868,300.91177108730324,493.9870806480554,284
2455000,-674812.9530531727,125514.78120986442,-549298.1718433083,300.35133261938466,492.9156533093604,284
2460000,-675357.5864724992,124833.4261386703,-550524.1603338289,298.7208800013941,493.08491060375485,284
2465000,-676160.3012120617,125481.23906430556,-550679.0621477561,300.27106774523673,491.88010905316605,284
2470000,-673591.2075386331,125941.7138232367,-547649.4937153964,301.37296352316355,492.19624178224086,284
2475000,-675283.3465078864,125033.32998806007,-550250.0165198264,299.19924109146825,492.62889871646087,284
2480000,-675122.7912341934,125906.27726932528,-549216.5139648682,301.2881654134259,492.97806551484183,284
2485000,-675897.8534344761,125137.64888523397,-550760.204549242,299.44887160893836,492.81711856180135,284
2490000,-676375.0680471538,126486.74508993275,-549888.322957221,302.67719929279514,490.5232462198948,284
2495000,-675920.4428184829,125042.77666944661,-550877.6661490363,299.2218465831556,491.7833114253209,284
2500000,-675117.9102978073,125279.15200178226,-549838.758296025,299.78748232247665,493.3392124967156,284
