#"Step","Potential Energy (kJ/mole)","Kinetic Energy (kJ/mole)","Total Energy (kJ/mole)","Temperature (K)","Box Volume (nm^3)","Speed (ns/day)"
5000,-651057.9943630225,123566.48860150282,-527491.5057615197,299.81707495537347,572.7675810926971,0
10000,-656767.8378290432,124110.84335329081,-532656.9944757523,301.13787682703196,553.0641483639015,122
15000,-658572.5706216525,124007.44895649928,-534565.1216651532,300.8870045560493,541.3202627514738,120
20000,-661041.4472507443,123043.12297866598,-537998.3242720783,298.54720031584094,528.9612056161144,118
25000,-661139.5085078268,123725.62251658476,-537413.885991242,300.20319149462324,517.7225512223666,118
30000,-662821.0224321806,122850.1609711831,-539970.8614609975,298.0790045670112,508.1144511076086,116
35000,-662722.890320064,124129.58258351928,-538593.3077365448,301.1833449896188,499.1190282035027,116
40000,-666171.9602356092,123975.757726465,-542196.2025091442,300.8101101488508,489.5979208964992,114
45000,-667068.5529020275,123082.51165011019,-543986.0412519174,298.64277150502363,486.5318206935019,113
50000,-668217.5914688446,122553.75676548015,-545663.8347033644,297.35982056361263,484.4498378433033,112
55000,-667318.382035757,123556.54204917711,-543761.8399865798,299.79294101535515,485.08354253296807,111
60000,-667701.308629896,124528.79623626353,-543172.5123936324,302.1519819639527,487.0622779869351,111
65000,-667960.544208142,123634.19777638488,-544326.3464317571,299.98136194766835,483.3319243938686,110
70000,-666782.4115694277,123837.26049949083,-542945.1510699368,300.47406569253593,485.003733296196,109
75000,-666190.3536485434,124052.56973585697,-542137.7839126864,300.9964839160266,485.6915462704577,109
80000,-666229.5203482322,124492.5513568417,-541736.9689913905,302.06403875335127,486.4988488784945,109
85000,-666241.7124600019,123068.50429681176,-543173.2081631902,298.60878459043755,485.6751033493257,109
90000,-667691.4092692081,124487.08566113224,-543204.3236080759,302.0507769950966,485.2679334987474,108
95000,-667491.4934161697,123549.74510086165,-543941.748315308,299.77644915590656,486.2377344727352,108
100000,-666335.2320020092,123803.34495879336,-542531.8870432158,300.3917743017023,487.7587973023973,108
105000,-668174.9092129353,123613.17735804769,-544561.7318548876,299.93035879615434,485.3811100008566,108
110000,-667998.9689258076,123938.80386230396,-544060.1650635037,300.7204466843755,485.5985839878954,108
115000,-665915.1146613257,122655.77217912453,-543259.3424822012,297.60734692181376,486.44664911607686,108
120000,-665901.0655662068,122905.35870383965,-542995.7068623672,298.2129342670177,487.4034022514571,107
125000,-668209.9224651703,122896.69045658517,-545313.2320085851,298.1919019582887,486.2106173907827,107
130000,-667376.5426068106,123453.79582392826,-543922.7467828824,299.5436414433962,485.1347137472588,107
135000,-667945.8342601843,123683.87001964194,-544261.9642405424,300.1018848082623,485.3546922799091,107
140000,-666974.5132180401,124025.70752250799,-542948.8056955321,300.93130645307303,487.2212043895071,107
145000,-666614.608206185,122694.7202460345,-543919.8879601506,297.7018490447458,485.38880836127305,107
150000,-667452.4970509014,123201.40924778441,-544251.087803117,298.9312601588436,486.5023812869422,107
155000,-666556.7613925459,123728.71239846846,-542828.0489940774,300.2106886676741,487.22148199694686,107
160000,-667106.4834334129,124073.79247123713,-543032.6909621757,301.04797796199523,485.1059440149806,107
165000,-668423.4499432505,123745.33560351399,-544678.1143397365,300.2510225864375,483.79543822231545,107
170000,-669010.2563003609,123234.35728469465,-545775.8990156662,299.01120403491996,485.85743305893794,107
175000,-666392.7282015663,124128.22845575551,-542264.4997458108,301.1800593850034,485.408430837428,107
180000,-667799.9514797148,124022.02752390475,-543777.92395581,300.92237744303526,484.8470785006202,106
185000,-668101.0802934128,124857.5460502851,-543243.5342431277,302.9496481333778,485.2044279944355,106
190000,-667083.0197195336,123559.14855968149,-543523.8711598521,299.79926535429286,484.23519937146364,106
195000,-668758.7615225692,123250.97298990039,-545507.7885326688,299.05151975635454,484.1237957403514,106
200000,-667869.9813586436,123335.28620118258,-544534.6951574611,299.2560941573334,482.4077617622894,106
205000,-667977.1156482622,123042.70860215122,-544934.407046111,298.5461948882691,485.27451404747256,106
210000,-669624.3296453147,123991.43060714111,-545632.8990381736,300.8481382363494,484.489205498598,106
215000,-667833.7602610663,123363.94162310171,-544469.8186379645,299.32562259403693,484.4996391520349,106
220000,-667489.4381646435,123472.6389393225,-544016.799225321,299.5893616690374,484.39771867966346,106
225000,-668061.9547377634,124051.16118078702,-544010.7935569764,300.993066251045,484.47039586226566,106
230000,-668555.8056933237,123472.02561222401,-545083.7800810997,299.58787351526087,484.56800587493876,106
235000,-666183.673750056,123614.2365784971,-542569.4371715588,299.9329288487671,486.4755909329724,106
240000,-666692.895865758,123056.70109787013,-543636.1947678878,298.58014575298375,486.9730502357167,106
245000,-667165.3892963207,122846.7854616961,-544318.6038346246,298.0708143578992,486.2156406053068,106
250000,-667530.3811063701,124825.57444284818,-542704.8066635219,302.87207342900734,484.93298849451725,106
255000,-668513.1559870527,123601.48088405258,-544911.6751030001,299.901978912092,485.5703279458455,106
260000,-666866.2419290291,123297.52546193518,-543568.7164670939,299.164472921532,487.1484165500958,106
265000,-667098.9789700587,122776.43001961638,-544322.5489504423,297.90010656252315,484.5419428797121,106
270000,-667783.3368691099,124415.75697593397,-543367.579893176,301.8777077592659,485.6185334436439,106
275000,-666770.2548762425,123673.94789123349,-543096.306985009,300.0778101295171,485.70647309953847,106
280000,-666397.9542815578,124098.04135751026,-542299.9129240476,301.10681454653866,486.50886623151854,106
285000,-668306.303904173,124772.66240190474,-543533.6415022683,302.74368964530413,486.30431166385625,106
290000,-667058.7376782927,123790.66363375315,-543268.0740445395,300.3610048121494,483.3778022284162,106
295000,-668537.580173153,123658.5322291347,-544879.0479440183,300.04040614748874,484.7900562674678,106
300000,-668719.24396114,124249.61188979802,-544469.6320713421,301.4745795785814,485.934922498796,106
305000,-666812.4473459022,123257.07699048985,-543555.3703554124,299.0663302735341,486.28258113478876,106
310000,-667758.2315734997,123421.95517292293,-544336.2764005768,299.4663844867801,485.0308586296944,106
315000,-667032.3073202297,123033.17261483049,-543999.1347053992,298.52305712771874,485.7363312352731,106
320000,-666821.5836287392,123800.2644590793,-543021.3191696599,300.3842998931946,485.7323548192016,106
325000,-667796.0574486507,123741.09101671178,-544054.9664319389,300.2407236808537,485.0947861193533,106
330000,-667219.9806402796,124204.45803636918,-543015.5226039104,301.3650199689233,485.63458234151983,106
335000,-667075.247559262,122848.62743150626,-544226.6201277557,298.0752836440859,485.4055089490369,106
340000,-668202.7511535892,123920.54145188263,-544282.2097017067,300.6761354594137,484.9525663231903,106
345000,-665979.6325746835,124063.59418775467,-541916.0383869288,301.02323323097727,486.33026956038526,106
350000,-667294.6079824017,123697.97055931366,-543596.6374230881,300.13609782675553,484.3721938794384,106
355000,-667455.1640632092,123794.6172941386,-543660.5467690706,300.37059782483067,483.9508093830737,106
360000,-668270.3407512256,123459.2304232496,-544811.110327976,299.5568277505457,483.5120939154269,106
365000,-667201.5496121994,123425.94129513123,-543775.6083170682,299.476056263606,485.1336575283461,106
370000,-667155.359006545,123216.7582402,-543938.600766345,298.96850237606316,484.86100480041364,106
375000,-668398.7158500175,123787.39998511516,-544611.3158649023,300.35308601798926,484.355982017094,106
380000,-667671.8809852805,124244.06073388184,-543427.8202513987,301.4611104628992,484.25604010766733,106
385000,-667818.7326245424,123865.98228452331,-543952.7503400191,300.54375515019876,483.15413830455424,106
390000,-667498.6181545896,124083.16150324018,-543415.4566513493,301.0707106284496,485.72713648681435,106
395000,-667495.1491703354,123834.14646104467,-543661.0027092907,300.4665099069116,486.32775505466304,106
400000,-666997.4635094595,123830.94062196118,-543166.5228874984,300.45873137967766,485.5238831072153,106
405000,-667130.8650187538,122955.07047492673,-544175.7945438271,298.33355303645,483.9206603538119,106
410000,-668598.106975039,123602.04207194928,-544996.0649030898,299.9033405572726,484.7107547248691,106
415000,-667940.6176336966,124482.72487111262,-543457.892762584,302.0401961384018,483.8452703065192,106
420000,-667398.8532251422,122919.53911552276,-544479.3141096195,298.2473410839517,485.8805825388576,106
425000,-665770.7984599662,124611.0923727685,-541159.7060871976,302.3516622106466,485.8510576728223,106
430000,-667289.0069853896,125101.3588467883,-542187.6481386013,303.54122632186244,487.64071211800314,106
435000,-668551.6836970444,122987.95496923382,-545563.7287278106,298.4133427351468,483.9103575242542,106
440000,-669035.748700243,123280.77930849604,-545754.9693917469,299.1238406854161,483.7881276422638,106
445000,-667550.6244769809,123231.26670477382,-544319.3577722071,299.0037051681781,484.21946383839065,106
450000,-668360.2813672614,123788.59149110329,-544571.6898761581,300.35597704325187,485.06103321564154,106
455000,-668145.8908632393,123831.92771225213,-544313.9631509872,300.46112641839,484.0293218380502,106
460000,-666388.6644806634,123547.96755652153,-542840.6969241418,299.77213618925447,484.3637023907528,106
465000,-666505.8171754428,123865.6373568587,-542640.1798185841,300.54291823070184,486.0373217681151,106
470000,-666673.6201707101,124757.70882063138,-541915.9113500788,302.70740683879063,485.1230195121026,106
475000,-667769.8842188995,123443.23268453043,-544326.6515343691,299.51801143972415,484.0678437248683,106
480000,-668064.2194397538,122933.42033549394,-545130.7991042598,298.28102195338226,484.3178732593975,106
485000,-667517.9038668866,123921.44301782933,-543596.4608490573,300.6783229850776,486.2134339715571,106
490000,-666217.6540797502,123993.76994728803,-542223.8841324621,300.8538143231923,485.72170677780684,106
495000,-668601.7247298169,124009.52402828878,-544592.2007015281,300.89203943210094,487.2270574551893,106
500000,-667064.8151434478,123297.6687757381,-543767.1463677097,299.16482065274687,484.6418059384353,106
505000,-667738.2270976384,123383.62802496593,-544354.5990726724,299.3733889382143,485.82404589523026,106
510000,-668013.7057739752,123886.812844556,-544126.8929294192,300.59429763667197,486.50863993934166,106
515000,-667186.1257075821,123610.04618422565,-543576.0795233564,299.9227614338992,485.6504364630402,106
520000,-667591.7102800049,123055.48859015811,-544536.2216898468,298.5772037699292,484.2441281907072,106
525000,-667972.6154534915,123105.05103090251,-544867.5644225889,298.6974602098411,485.68976232516843,106
530000,-667271.7816057964,123975.47976858832,-543296.3018372081,300.8094357223255,486.9144566236626,106
535000,-667406.4071345637,123965.16878727602,-543441.2383472876,300.784417545537,486.36442990703694,106
540000,-667190.9646296012,122970.81872339395,-544220.1459062073,298.3717639935189,486.20423200161747,106
545000,-666751.2673902768,123379.5887885777,-543371.6786016991,299.3635882871423,486.12053733221154,106
550000,-667429.2971581342,123230.82636980465,-544198.4707883295,299.00263675599,486.11603093526713,106
555000,-667385.0851059663,123409.4062956135,-543975.6788103528,299.43593636341376,485.8833228377967,106
560000,-668538.3456410593,123746.20405380608,-544792.1415872532,300.2531297615241,483.9985894266676,106
565000,-667675.4391166805,123526.70070106105,-544148.7384156195,299.72053509198435,484.2473073582605,106
570000,-666991.5789086455,123535.82100331658,-543455.757905329,299.7426642499454,485.05386755664426,106
575000,-669042.1670958865,123077.71933869459,-545964.447757192,298.63114362106285,484.43846778992,106
580000,-668291.4259603657,124013.19504977902,-544278.2309105867,300.9009466604099,483.76155127873665,106
585000,-667316.0555899628,122432.32919622754,-544883.7263937353,297.06519328202285,485.5854927541113,106
590000,-667230.3460150291,123254.77388904465,-543975.5721259845,299.06074211491244,484.7124043136402,106
595000,-666918.9390160572,124107.37344982405,-542811.5655662331,301.12945758392203,486.7387314997273,106
600000,-667154.0325078368,123549.97576959629,-543604.0567382405,299.7770088418383,485.28705690216646,106
605000,-666833.0814122381,123643.34203324484,-543189.7393789932,300.0035492281796,486.5654102405159,106
610000,-667328.0113648744,123211.96089781556,-544116.0504670589,298.956862285149,486.53811956577573,106
615000,-669323.3314523571,122769.5273920181,-546553.804060339,297.8833582868422,484.07576465472744,106
620000,-667053.9801912424,124325.77526860186,-542728.2049226406,301.6593795329228,484.8051098642146,106
625000,-667909.5092763626,122744.70873596275,-545164.8005403999,297.8231392343543,485.81918047403076,106
630000,-667090.1135098897,122793.50711623265,-544296.606393657,297.9415417867022,485.0486524289535,106
635000,-667368.2618329232,123192.76110223273,-544175.5007306904,298.91027662412927,484.3490713893058,106
640000,-666608.2938249619,124488.38510884764,-542119.9087161142,302.05392992610166,484.9084766137044,106
645000,-668233.1844473886,124143.92467838887,-544089.2597689998,301.2181441085482,484.21045619130024,106
650000,-668063.4144767732,123031.33502252612,-545032.0794542471,298.5185984629473,483.7632729093123,106
655000,-667914.0253156885,123605.61268820154,-544308.412627487,299.91200416609286,484.8359595047702,106
660000,-668004.4636681397,123637.87974641682,-544366.5839217228,299.99029574110654,485.90168958898346,106
665000,-668101.1211660095,123555.00385235506,-544546.1173136544,299.789208792508,484.2199611611325,106
670000,-668061.8998632622,124692.21628435352,-543369.6835789087,302.54849821493576,484.1030254709874,106
675000,-667533.83257091,123678.37447475956,-543855.4580961504,300.0885506250985,484.3008741593755,106
680000,-667980.5205846685,123026.05704750953,-544954.4635371589,298.5057921831131,484.46049532107435,106
685000,-667032.2293785526,123689.47787623852,-543342.7515023141,300.1154915003403,484.31637980660827,106
690000,-668101.0119794714,123235.5296976344,-544865.482281837,299.01404873352885,484.3114810967313,105
695000,-667778.0136452862,124355.80904433806,-543422.2046009481,301.73225235542515,485.8185199005538,105
700000,-667163.6118931496,123778.5598136785,-543385.0520794711,300.33163655889854,484.4091836956913,106
705000,-667263.314973712,123838.42467757326,-543424.8902961387,300.4768904103972,484.19085209604873,105
710000,-668271.2760101212,123577.6343610319,-544693.6416490893,299.84411860659304,485.0241617618326,105
715000,-667154.7468673168,123518.94152742531,-543635.8053398915,299.70170852525195,484.68970055393373,105
720000,-666457.3379711835,123280.60989297304,-543176.7280782105,299.1234296219705,485.5428419694267,105
725000,-666776.4097682945,123286.1082537038,-543490.3015145907,299.1367706374028,486.0233097034988,105
730000,-666198.8717323537,123407.92645579425,-542790.9452765594,299.4323457358008,486.8628033605254,105
735000,-667164.4063521284,123767.9197393877,-543396.4866127407,300.3058198832992,486.8195880472158,105
740000,-667331.2333135665,123408.2566239025,-543922.9766896641,299.43314684326594,486.05001327263,105
745000,-666694.8107516435,123455.39609293966,-543239.4146587038,299.5475242758662,485.3205149864645,105
750000,-668891.0545010399,124928.1622321906,-543962.8922688493,303.1209885780489,484.45539591612817,105
755000,-667519.2193593518,122562.35363521686,-544956.865724135,297.38067968462036,484.6562186609451,105
760000,-666814.2792473314,122604.11749017422,-544210.1617571572,297.4820139296401,485.89177095264574,105
765000,-666263.7386241737,123833.15755968797,-542430.5810644857,300.4641104738975,486.541568132414,105
770000,-667141.527960531,123866.18233229258,-543275.3456282384,300.54424053857315,485.89196557305905,105
775000,-667326.5518578007,123351.51853478642,-543975.0333230143,299.2954796803493,485.05794476007446,105
780000,-669227.1331580617,122795.16426804918,-546431.9688900125,297.9455626374685,484.06800296760787,105
785000,-667426.0349641931,123986.88183912268,-543439.1531250705,300.8371012769167,485.5508475599727,105
790000,-668229.7277449542,124079.12434181967,-544150.6034031345,301.06091501200115,485.2576037758453,105
795000,-667510.0604494782,123342.92765999521,-544167.1327894831,299.27463510525166,485.6602967326399,105
800000,-666667.8264021776,124618.38356033515,-542049.4428418424,302.36935327360334,486.1873059536195,105
805000,-667362.6359758116,124701.69966213405,-542660.9363136776,302.57150832567885,485.42235205622467,105
810000,-667510.4882856738,123567.7383060194,-543942.7499796543,299.82010719135394,486.5037103092833,105
815000,-668260.4182822234,123302.02551684098,-544958.3927653824,299.17539168530254,486.0976954678868,105
820000,-667396.0480175237,122884.33973005938,-544511.7082874643,298.16193462052223,484.5315580557839,105
825000,-666969.2015018328,124066.85077166464,-542902.3507301682,301.03113488354734,483.30838587829345,105
830000,-668543.2383820638,122729.90695700435,-545813.3314250595,297.78722475526155,486.3900036688521,105
835000,-667159.9859374454,125111.87554098887,-542048.1103964566,303.56674363265677,485.29408295715086,105
840000,-666854.3167189448,124516.36552620941,-542337.9511927355,302.12182055716494,485.0180268579838,105
845000,-666689.2120381412,123419.03579350343,-543270.1762446378,299.459301014488,486.1289170185117,105
850000,-666748.6070143743,123989.0323238793,-542759.574690495,300.8423191321521,486.10696987160907,105
855000,-667189.6664761119,123823.83359723324,-543365.8328788786,300.44148716249805,485.7954132822078,105
860000,-667006.2087049079,123423.98391896646,-543582.2247859414,299.47130695978626,484.5825953735862,105
865000,-668245.884075664,122821.92420574324,-545423.9598699207,298.0104919426242,485.15861709106287,105
870000,-667699.7416544529,122925.67955163657,-544774.0621028163,298.26224000691565,486.61694447526594,105
875000,-666874.4449167401,123176.72209944806,-543697.722817292,298.87136019173306,486.05582440007237,105
880000,-668987.09090321,123039.91990900936,-545947.1709942006,298.53942850824,486.26083504053963,105
885000,-666317.0838736859,123657.8164647941,-542659.2674088918,300.0386694438453,486.3376486877681,105
890000,-667866.7986542336,123463.41062189685,-544403.3880323367,299.56697042713495,485.5487799421278,105
895000,-667067.8498367993,124182.61444039107,-542885.2353964082,301.3120194901788,487.6646524229889,105
900000,-668518.9468520992,123156.8842020157,-545362.0626500834,298.82322626441385,486.2069242093276,105
905000,-667105.96873414,122655.22731899045,-544450.7414151495,297.6060248937015,485.0704738947511,105
910000,-667027.0563330902,124890.90391425928,-542136.1524188309,303.0305863984098,486.68298968590585,105
915000,-666932.7372961212,124030.31067841483,-542902.4266177064,300.94247537723015,485.973751441223,105
920000,-666462.595115711,123124.30142805842,-543338.2936876526,298.7441686486123,486.75298329830184,105
925000,-666609.7201618366,123404.61500687979,-543205.1051549568,299.4243109608498,484.84426510245015,105
930000,-666922.2755336743,123560.94564056216,-543361.3298931122,299.8036257236713,483.6716797243105,105
935000,-666260.1714901268,123411.50988739211,-542848.6616027346,299.4410404392931,486.17290743526434,105
940000,-667422.8174160714,123857.72596872342,-543565.091447348,300.52372233643956,485.62147230119217,105
945000,-666892.7041390534,124869.74151572387,-542022.9626233295,302.97923875148916,484.88432936924414,105
950000,-668347.6474805651,122868.51087995234,-545479.1366006128,298.12352809466955,485.6093768280665,105
955000,-666708.0470506423,123463.41916203004,-543244.6278886122,299.56699114859254,485.66232129906876,105
960000,-668005.2299705576,124833.6030594316,-543171.6269111261,302.89155376196186,484.46660188792373,105
965000,-667746.9304863368,122629.11209216769,-545117.8183941691,297.5426598907269,481.18850510293026,105
970000,-668110.6280712923,124166.1600983165,-543944.4679729758,301.27209529416945,483.1697741350859,105
975000,-668063.752178086,123481.17252463201,-544582.579653454,299.61006723909395,483.4504840957707,105
980000,-668152.5229453971,124474.5006201179,-543678.0223252792,302.0202411254785,484.42255487326884,105
985000,-668123.1190342247,124076.18516031804,-544046.9338739066,301.0537834926826,485.72700353778,105
990000,-667768.8953524767,123774.5419817465,-543994.3533707303,300.32188784279316,484.93084236623235,105
995000,-668399.6556101074,124104.58037747536,-544295.075232632,301.12268057835036,484.9669612822838,105
1000000,-668455.3805622733,122650.62006478698,-545804.7604974863,297.5948460255918,486.06556437090615,105
1005000,-667046.9333611485,123490.4567140664,-543556.476647082,299.63259404673454,486.9673540962761,105
1010000,-667164.4456455801,123151.96631191991,-544012.4793336601,298.8112936810722,486.01788061549337,105
1015000,-668219.7924931403,123599.39272397105,-544620.3997691693,299.89691227910134,485.5497104548362,105
1020000,-667574.4528510277,123949.14679543948,-543625.3060555882,300.74554238786465,486.13030787142344,105
1025000,-668637.8355282499,122950.77712221892,-545687.058406031,298.3231358071091,483.81259437338167,105
1030000,-668570.8148278962,123278.43146307813,-545292.3833648181,299.1181439617039,485.39535556332544,105
1035000,-667617.8499529948,124070.28801623202,-543547.5619367629,301.03947488433363,486.25946424220047,105
1040000,-667518.318567479,122973.23079109169,-544545.0877763873,298.3776165437525,485.0177482837672,105
1045000,-668637.9883001829,122831.27994408301,-545806.7083560999,298.0331923538346,484.0146983212524,105
1050000,-668767.7298393999,124818.85404503078,-543948.8757943691,302.85576730880473,485.4836667094339,105
1055000,-667977.48614348,123952.87615784575,-544024.6099856343,300.75459117237534,484.99249589722564,105
1060000,-668290.0605550758,123911.28320808575,-544378.7773469901,300.6536716052909,484.60488253280073,105
1065000,-666668.6525487648,123757.77868711154,-542910.8738616533,300.2812140159251,483.9900495901152,105
1070000,-668965.33229875,123664.32205733555,-545301.0102414145,300.054454368615,485.24183244498147,105
1075000,-668515.3733252003,123473.79409050656,-545041.5792346937,299.59216448437235,485.31107355929544,105
1080000,-667606.863780905,123532.62151467125,-544074.2422662338,299.73490113117543,486.5225890536774,105
1085000,-667078.1189720221,123321.96017957188,-543756.1587924502,299.22376040029843,485.9916539042201,105
1090000,-668605.873416739,123530.37547846959,-545075.4979382695,299.72945143351194,485.009482641787,105
1095000,-666280.2842666903,123528.85956012772,-542751.4247065625,299.72577326633024,487.94141026395874,105
1100000,-667818.8564168257,123480.6370212445,-544338.2193955812,299.6087679138393,485.95572978385957,105
1105000,-667209.7081357539,123895.88657377343,-543313.8215619804,300.61631379156717,486.69789027000905,105
1110000,-668456.0002480834,123323.16489813698,-545132.8353499464,299.2266834840602,485.97179188646516,105
1115000,-667048.4215542874,123751.98852555438,-543296.433028733,300.2671649859556,486.4380249078788,105
1120000,-668911.5368330483,124135.1726118009,-544776.3642212474,301.1969084237446,485.7394278281359,105
1125000,-667403.8685567179,123143.99515986576,-544259.873396852,298.7919527778876,484.6337691660529,105
1130000,-666807.8932619966,124166.48289045924,-542641.4103715373,301.2728785048696,486.06364225218675,105
1135000,-667964.0557265328,123910.73391448829,-544053.3218120446,300.6523388199901,486.3419136188391,105
1140000,-666112.6230937792,123667.25529799855,-542445.3677957807,300.06157147330634,485.83977193903905,105
1145000,-668313.5992968008,122615.48364631995,-545698.1156504808,297.5095923429111,486.5626978243158,105
1150000,-666118.7472313913,124204.82312890922,-541913.924102482,301.36590581571465,485.0284988695516,105
1155000,-666564.657979345,122802.78257573122,-543761.8754036138,297.9640474123552,485.75890469015775,105
1160000,-667117.0909009473,123283.01337114873,-543834.0775297986,299.1292613309113,486.7156808181156,105
1165000,-666739.874996731,122972.14457258693,-543767.7304241441,298.37498098407497,486.2178062206595,105
1170000,-667398.6551260715,124078.60914086434,-543320.0459852072,301.05966494780347,485.41946131251655,105
1175000,-667813.1942271669,123456.5696669964,-544356.6245601706,299.55037179176566,485.03648709117715,105
1180000,-667304.0458595385,123158.42621222313,-544145.6196473154,298.82696773991563,486.5708023389683,105
1185000,-667989.4791390337,122635.3170361931,-545354.1621028406,297.5577153332584,485.48377245751624,105
1190000,-667424.1774744047,123714.73720007276,-543709.440274332,300.1767797725332,485.4160878612922,105
1195000,-665696.4156589024,123743.43293666106,-541952.9827222413,300.2464060272319,486.4389185548214,105
1200000,-666506.3887708192,123729.5362720351,-542776.8524987841,300.21268768347267,485.3087430996648,105
1205000,-667331.2624976719,124375.41976021757,-542955.8427374543,301.77983505797926,484.4241254885487,105
1210000,-667530.7988600456,123590.39672282065,-543940.402137225,299.8750847206611,484.7571333266705,105
1215000,-668153.6183774257,123840.22244479577,-544313.3959326299,300.4812524450896,485.2741023273578,105
1220000,-666479.209537453,124377.65678430791,-542101.5527531451,301.7852628889952,485.6377706523298,105
1225000,-667991.99807258,124574.93659175816,-543417.0614808218,302.26393518507575,483.22661107413796,105
1230000,-668433.066903349,123551.88967209862,-544881.1772312503,299.7816526628005,484.45353122700556,105
1235000,-667446.4923756742,124544.19032444613,-542902.302051228,302.1893335998432,485.82173584499236,105
1240000,-668109.3869482642,124044.72837427194,-544064.6585739923,300.9774579315489,485.12049005040774,105
1245000,-666520.0366436378,124230.50914655952,-542289.5274970783,301.4282294017154,486.4205798445743,105
1250000,-667091.1519584772,124254.65740222298,-542836.4945562542,301.4868218199368,485.1936199956561,105
1255000,-666302.6593442038,122986.43110726972,-543316.228236934,298.4096452938593,486.5535911107442,105
1260000,-667094.4532549805,123601.95590266219,-543492.4973523184,299.90313147935916,486.13024671609435,105
1265000,-667053.9203993068,123498.95552441431,-543554.9648748925,299.65321524013376,486.9693231887908,105
1270000,-667847.7792391097,123586.3391161752,-544261.4401229345,299.86523949668873,486.68710086858,105
1275000,-667590.7555314098,122896.56932743813,-544694.1862039716,298.19160805508756,486.31164027428076,105
1280000,-668416.624362465,122953.88270228081,-545462.7416601842,298.33067106962835,486.48307856666,105
1285000,-667151.9665911053,123597.33735962241,-543554.629231483,299.89192522044203,486.6586738977832,105
1290000,-666921.518254213,123753.48562709271,-543168.0326271204,300.2707974967538,487.1064113010542,105
1295000,-665613.3158396394,124159.11103016883,-541454.2048094706,301.25499170065376,486.8333302012425,105
1300000,-667290.9643704756,123073.69667485403,-544217.2676956216,298.6213831809965,486.8866997337087,105
1305000,-667777.9013541704,123454.4754664466,-544323.4258877238,299.5452905024103,483.84021322351634,105
1310000,-669226.6062768926,124450.35052459888,-544776.2557522937,301.9616442431008,483.9969933408557,105
1315000,-667022.3526684856,123973.20781344548,-543049.1448550401,300.8039231359191,485.5028689618007,105
1320000,-666698.0145491059,124302.87102523667,-542395.1435238692,301.6038055392977,486.19667239947836,105
1325000,-667471.9962917808,123494.13248879532,-543977.8638029855,299.6415128081228,485.4811825827588,105
1330000,-666940.0783139761,122607.12068691646,-544332.9576270597,297.4893007731279,484.90328151697736,105
1335000,-667063.7186153452,122857.73701107615,-544205.981604269,298.09738678492636,484.3179971395347,105
1340000,-667861.4611958736,122956.43817760388,-544905.0230182697,298.33687157872396,483.3443478480351,105
1345000,-667659.5663473094,124067.9115520271,-543591.6547952823,301.03370872107433,485.20653129933993,105
1350000,-668505.2906242418,122721.99798300676,-545783.292641235,297.76803471857204,485.32355199268875,105
1355000,-667113.6886858633,124051.89654980344,-543061.7921360598,300.99485052273553,487.1565110800379,105
1360000,-668294.5738902795,123276.26905526011,-545018.3048350194,299.1128971768013,482.8789446601973,105
1365000,-667933.9431784833,124183.52015893278,-543750.4230195505,301.3142170915429,484.62254172568254,105
1370000,-667473.7411058429,123253.19563989324,-544220.5454659497,299.05691271060164,484.6153309461113,105
1375000,-667321.0511140344,123399.16101978446,-543921.89009425,299.4110776119356,484.4559051554011,105
1380000,-666847.9571593781,124118.23846592242,-542729.7186934557,301.1558200498529,485.638129945277,105
1385000,-668930.5925136353,123879.54559018195,-545051.0469234533,300.5766646443126,485.1271892782241,105
1390000,-667302.4013255504,123700.92157433857,-543601.4797512118,300.1432580584893,486.6306473400445,105
1395000,-668969.9676974816,123852.2493876412,-545117.7183098404,300.5104341663263,484.99527543545344,105
1400000,-668195.2825471931,124179.5087201157,-544015.7738270774,301.3044838874508,484.12063901922505,105
1405000,-668455.1470672716,123381.6516567301,-545073.4954105415,299.36859355274845,484.81762598727795,105
1410000,-666976.8485730435,123471.74314704715,-543505.1054259964,299.58718815239223,484.185805980117,105
1415000,-668598.8947207006,123187.11799679219,-545411.7767239084,298.89658440558367,484.4042490411377,105
1420000,-667762.3728543841,124368.22529243052,-543394.1475619536,301.7623786722537,484.74599461700683,105
1425000,-667009.6840573032,123791.51451509248,-543218.1695422108,300.36306935859056,484.3607601605336,105
1430000,-666771.1256035473,124498.11070470497,-542273.0148988423,302.07752774566535,485.952827168076,105
1435000,-667289.3929954874,123481.77778604813,-543807.6152094393,299.6115358226025,487.2394876042521,105
1440000,-668612.6621369631,123651.57580061117,-544961.0863363519,300.02352733126867,483.6512085834467,105
1445000,-666787.4450529907,122751.30027808389,-544036.1447749068,297.83913270394766,484.54704421170544,105
1450000,-668775.4878825243,124164.68916360379,-544610.7987189204,301.26852627357164,484.691052734838,105
1455000,-667117.2318791985,124242.66858638823,-542874.5632928102,301.45773260864314,486.0880688676474,105
1460000,-666775.4559445377,122665.60110450981,-544109.8548400279,297.6311954562531,486.54652399767645,105
1465000,-667363.4924938953,124157.87988843978,-543205.6126054556,301.252004504722,484.3144090447192,105
1470000,-668063.4529973185,124177.31009326054,-543886.1429040579,301.2991492220404,485.60099017567967,105
1475000,-667837.8447176227,123892.81785833405,-543945.0268592887,300.6088679759798,485.88186919105556,105
1480000,-666947.9316968927,124437.97967262323,-542509.9520242695,301.9316280737006,487.3096537432151,105
1485000,-667328.6967149153,123952.27367556491,-543376.4230393504,300.75312933205606,485.3377223922746,105
1490000,-667343.670719604,123935.41850082314,-543408.2522187808,300.71223257075667,485.7947717365121,105
1495000,-667290.9034320666,122862.28716418485,-544428.6162678817,298.1084271050899,485.94861726094194,105
1500000,-667993.1504881233,123890.45352731983,-544102.6969608035,300.60313125223746,486.2518096752377,105
1505000,-667361.4391797278,124353.81295709417,-543007.6262226336,301.7274091245007,486.511156102916,105
1510000,-667324.1459274665,122150.03953894298,-545174.1063885235,296.3802562874129,485.4963368741981,105
1515000,-668214.7062555975,123607.30777048622,-544607.3984851113,299.91611704991885,485.7138211651195,105
1520000,-669170.1095111864,123013.44821658364,-546156.6612946028,298.4751985905494,485.1246266049313,105
1525000,-667382.0601788005,123336.50811287842,-544045.5520659221,299.2590589578602,486.45490822112686,105
1530000,-668208.9033990614,122971.12755116925,-545237.7758478922,298.3725133216038,485.3819874663992,105
1535000,-667137.037779083,123883.47757270164,-543253.5602063814,300.58620505863666,487.1794548185395,105
1540000,-666989.6685791835,123676.70002438023,-543312.9685548033,300.08448780175075,485.98414816888857,105
1545000,-667301.3267507157,124612.19189379062,-542689.1348569251,302.3543300470514,485.96021781622915,105
1550000,-667571.3935253085,123296.12106033054,-544275.2724649779,299.1610653343623,485.11949847201026,105
1555000,-667512.0506738555,124523.28780818655,-542988.7628656689,302.13861652149063,485.6617738292528,105
1560000,-667659.4202041179,124473.69534495822,-543185.7248591597,302.01828723615426,485.1531694315661,105
1565000,-666584.6978986855,122814.46639718779,-543770.2315014977,297.9923965967745,485.2998219996093,105
1570000,-667560.8036932708,123023.99007368358,-544536.8136195872,298.5007769556552,484.7187742579195,105
1575000,-667379.5575824976,123947.13613813871,-543432.4214443589,300.7406638047029,484.1544182550487,105
1580000,-667923.0618628659,125534.09968438372,-542388.9621784822,304.5912123950283,484.45428906272093,105
1585000,-667467.2137016999,123858.44399053382,-543608.769711166,300.52546451752266,485.5993731488613,105
1590000,-666560.9675737983,123277.05263033957,-543283.9149434587,299.1147984138681,485.6743306111178,105
1595000,-668148.7262501353,122797.76776086004,-545350.9584892753,297.95187965438834,485.06934099072305,105
1600000,-667815.6886624331,123121.99659828679,-544693.6920641463,298.7385762964445,487.46076852853696,105
1605000,-667889.9632247118,122850.96748235659,-545038.9957423552,298.0809614553528,486.77300256748174,105
1610000,-666796.1030125674,124180.52363628134,-542615.579376286,301.30694644181773,485.72942508004473,105
1615000,-668125.7467771987,123597.21691704029,-544528.5298601585,299.8916329830962,485.6321443308261,105
1620000,-666379.0606442834,123958.10510918239,-542420.955535101,300.7672785029986,485.54696908967264,105
1625000,-666758.3562037679,122891.96791657287,-543866.388287195,298.18044336503357,485.2005203293477,105
1630000,-668056.3622945142,123963.04806417497,-544093.3142303393,300.779271902862,485.35046167160846,105
1635000,-667432.6723068384,123028.80719511383,-544403.8651117246,298.51246503770136,484.58807078600296,105
1640000,-667296.2554123644,124049.18433911516,-543247.0710732492,300.98826971685185,485.59307234930617,105
1645000,-667500.9859543536,123103.34462400287,-544397.6413303507,298.6933198483958,485.67155317294544,105
1650000,-667385.7229829314,122218.2928213675,-545167.4301615639,296.5458634817601,486.08941546228874,105
1655000,-668255.0606787344,122710.60088201775,-545544.4597967167,297.74038122189853,485.81140864072427,105
1660000,-666620.2778168074,123258.87561810564,-543361.4021987017,299.07069439585246,484.94854928973757,105
1665000,-666544.8276603846,123044.22562295379,-543500.6020374307,298.54987573041996,485.09173926276463,105
1670000,-667325.8648116621,123193.77803452735,-544132.0867771348,298.91274407035564,485.8032242269781,105
1675000,-667765.9888756787,122807.99456472998,-544957.9943109488,297.9766935862005,485.6711117419832,105
1680000,-666550.3168145558,124311.90081894246,-542238.4159956133,301.6257150907219,485.69711264924166,105
1685000,-667612.318115877,123694.18060782357,-543918.1375080534,300.12690203117336,486.52951364078694,105
1690000,-668194.7419992848,123589.79945633314,-544604.9425429517,299.8736355357463,484.57758696237875,105
1695000,-666839.0817498174,123149.0631156151,-543690.0186342022,298.80424947488024,486.5274461866708,105
1700000,-666749.0727585489,123585.41056973237,-543163.6621888166,299.86298650656494,485.65843684476965,105
1705000,-667263.8914863328,124119.90950229927,-543143.9819840335,301.1598745895935,486.5183879337092,105
1710000,-665988.9008186609,123906.37508453458,-542082.5257341263,300.6417627191254,486.36538700824724,105
1715000,-666959.0360583612,123507.11699442129,-543451.91906394,299.6730179236325,485.2865212444061,105
1720000,-666769.3647926114,122961.19756022748,-543808.167232384,298.3484195655038,487.0157539103923,105
1725000,-667689.5353359319,124094.94202281529,-543594.5933131166,301.0992944375425,485.0604350309704,105
1730000,-666487.8569952026,122936.95413992915,-543550.9028552735,298.2895962433958,485.9934660732596,105
1735000,-668342.6292864573,123786.69271926163,-544555.9365671957,300.35136993475487,484.59454256150593,105
1740000,-667561.9890208738,124287.37758147212,-543274.6114394016,301.56621283076447,485.36906521698353,105
1745000,-668293.5256580063,123539.30947207095,-544754.2161859353,299.7511285391701,486.1949901457918,105
1750000,-667432.7341308966,123714.01092448522,-543718.7232064113,300.175017564796,485.860785598062,105
1755000,-667140.8267702577,122859.57022640429,-544281.2565438533,298.1018348295675,486.37660845859597,105
1760000,-667261.1329197669,123438.36511336407,-543822.7678064029,299.50620094833806,485.5360536385063,105
1765000,-668214.1336157406,124437.76974132599,-543776.3638744146,301.93111870430613,485.08330436495555,105
1770000,-667487.2871771236,122885.74036191101,-544601.5468152126,298.1653330609052,485.32407212920924,105
1775000,-667813.5395404994,123427.62279852759,-544385.9167419719,299.48013620012864,484.45764525476085,105
1780000,-667417.9870781912,122995.37854908276,-544422.6085291085,298.4313550297519,482.5933335018629,105
1785000,-666653.337278787,123793.68049723678,-542859.6567815503,300.3683248161039,484.5632548159699,105
1790000,-666958.0455565108,123647.07871672447,-543310.9668397864,300.012615776267,485.24737468083674,105
1795000,-667152.3040388441,124262.45937145967,-542889.8446673844,301.5057522243038,486.64540656459366,105
1800000,-666620.1033276264,123373.00868137713,-543247.0946462492,299.34762256280965,484.6736792113472,105
1805000,-667014.9954669746,123326.1903019037,-543688.8051650708,299.234024209836,487.5663109423714,105
1810000,-666326.4094458353,122139.73424920032,-544186.675196635,296.3552519204347,487.12295081445524,105
1815000,-666550.6623030128,124289.38499801303,-542261.2773049998,301.57108355066856,485.4183779576675,105
1820000,-667210.5525251944,123769.35455385211,-543441.1979713422,300.30930126308664,484.90716608301875,105
1825000,-666672.1568970084,123199.00333858165,-543473.1535584268,298.9254225513503,486.70566566232407,105
1830000,-667850.3031106116,123874.55755405975,-543975.7455565518,300.56456186129384,484.41802016846066,105
1835000,-668779.007203856,124479.59145312547,-544299.4157507305,302.03259333098896,485.5928017308239,105
1840000,-667434.0659493562,124103.41572195449,-543330.6502274016,301.1198547020504,487.21318554527977,105
1845000,-667160.4254450994,122855.44459894794,-544304.9808461515,298.09182456246094,484.324484223325,105
1850000,-668317.516948483,123696.00783131015,-544621.5091171728,300.1313355374358,484.9125251077381,105
1855000,-666702.918478582,122503.46996081823,-544199.4485177639,297.2378065543677,486.2490847147199,105
1860000,-669014.7745698607,123066.9511160099,-545947.8234538508,298.60501601102607,484.53508456334754,105
1865000,-667260.1359150507,123059.42528313643,-544200.7106319143,298.5867556135327,485.80003365843436,105
1870000,-668776.8748844364,122996.67169064158,-545780.2031937948,298.43449265973607,484.1067756235072,105
1875000,-667267.536703065,123067.01518233825,-544200.5215207268,298.6051714591527,484.9095494022559,105
1880000,-666481.938223464,123831.2636781917,-542650.6745452723,300.4595152311504,486.6250498454571,105
1885000,-665067.902674763,122195.304421674,-542872.598253089,296.4900852943889,486.440886756122,105
1890000,-668539.4224452525,122894.59683420717,-545644.8256110454,298.1868220717876,487.0069940865826,105
1895000,-668737.8289017957,123236.81340889412,-545501.0154929016,299.01716348219037,484.4517272723391,105
1900000,-668799.1890320978,123676.70214038598,-545122.4868917118,300.0844929359474,485.79200321030555,105
1905000,-669093.1605589907,124110.64544778946,-544982.5151112012,301.1373966365757,483.4642023951434,105
1910000,-667810.5616502692,124444.73159737093,-543365.8300528983,301.9480106896598,484.3415847178986,105
1915000,-667465.126432836,122569.4026520634,-544895.7237807726,297.3977831536609,486.786177298307,105
1920000,-666598.5431702947,124095.57874281635,-542502.9644274784,301.10083935097686,486.4953885814165,105
1925000,-667021.7083642483,124309.87608871295,-542711.8322755353,301.6208023615357,485.8646821732936,105
1930000,-667226.1830618656,123530.00544504379,-543696.1776168218,299.7285535983414,484.7369316843136,105
1935000,-668697.2532020505,123179.44796807936,-545517.8052339711,298.8779741367355,486.19839072967915,105
1940000,-667908.5176071185,124270.06526409942,-543638.4523430191,301.52420687579945,485.8179208801803,105
1945000,-666549.8107798332,122173.79914247856,-544376.0116373547,296.43790569474623,485.62247487553816,105
1950000,-665909.9044580227,123801.65536025318,-542108.2490977695,300.3876747234275,486.36483550505943,105
1955000,-667101.2413583719,123767.68408093345,-543333.5572774385,300.3052480904997,485.18013803494574,105
1960000,-668093.6084698411,124161.8922199182,-543931.7162499229,301.2617398747339,485.4265041598624,105
1965000,-666984.755185266,123802.98136428198,-543181.7738209841,300.3908920896713,486.23595194296877,105
1970000,-666091.7251423988,123745.80935106048,-542345.9157913383,300.252172069645,487.07496617778173,105
1975000,-667763.1010094872,123038.37146804063,-544724.7295414465,298.5356714293811,486.107878878826,105
1980000,-666348.5628801412,123199.02706912742,-543149.5358110138,298.92548013025294,484.8303028509452,105
1985000,-667396.4945325879,123997.28045408428,-543399.2140785037,300.862332084692,484.6900519220394,105
1990000,-666829.2275190759,122944.23955403725,-543884.9879650386,298.3072732978501,484.91846461373115,105
1995000,-668356.4352262178,124675.21997707969,-543681.2152491382,302.50725901497503,484.73660589423923,105
2000000,-666041.4174127076,123562.6992992363,-542478.7181134713,299.80788073504294,486.32499107460427,105
2005000,-667238.1635529483,122324.24867698245,-544913.9148759658,296.80295077997823,485.7958552171587,105
2010000,-666233.7829912412,123190.40581997717,-543043.377171264,298.9045618559543,486.72446917805314,105
2015000,-666571.0903044539,123689.82503452187,-542881.265269932,300.1163338321265,485.9581673310036,105
2020000,-668599.8981749834,123922.33051946887,-544677.5676555146,300.68047638563627,486.36578762771927,105
2025000,-666807.5459104762,124184.23561479728,-542623.3102956789,301.3159530467115,487.3303114792065,105
2030000,-667072.8663375261,124383.49223908674,-542689.3740984394,301.7994218167322,485.87859947397914,105
2035000,-667945.6488744873,124294.51809675671,-543651.1307777306,301.58353830816964,484.51638984394765,105
2040000,-669020.2688515293,124119.66134747124,-544900.6075040582,301.1592724760633,483.93508769531974,105
2045000,-667786.6540938076,122660.66869958222,-545125.9853942253,297.61922765467017,484.51560491900796,105
2050000,-668194.3822357035,123656.04469070624,-544538.3375449972,300.034370477916,483.7681065851764,105
2055000,-665556.8834985928,123848.40592404097,-541708.4775745518,300.5011085309752,485.7248173877481,105
2060000,-666293.0673200381,123920.91737774515,-542372.149942293,300.6770475917707,486.9470047229237,105
2065000,-667173.6545350775,123963.62087368307,-543210.0336613944,300.7806617462829,484.96712325536686,105
2070000,-667954.1653558523,123372.38027387741,-544581.7850819749,299.34609781851543,485.3047319598086,105
2075000,-667326.8465518272,122056.10864644416,-545270.737905383,296.1523459068909,486.8286672040125,105
2080000,-667226.4348038035,124572.98401234715,-542653.4507914563,302.2591975199187,486.2844811071924,105
2085000,-668579.8234644197,123816.9860388427,-544762.837425577,300.4248725046691,487.0980194543975,105
2090000,-668422.570003679,123614.71344716873,-544807.8565565103,299.93408590495505,484.8668788045796,105
2095000,-668255.4035565075,122742.84530154579,-545512.5582549617,297.818617867254,485.79736652277035,105
2100000,-668754.9073342569,124629.2660174534,-544125.6413168035,302.3957580577681,484.21452858367735,105
2105000,-667730.5748642548,122438.32892782977,-545292.245936425,297.07975080485824,484.37717155805393,105
2110000,-668571.1018538801,124094.32227657444,-544476.7795773057,301.0977907086007,484.93739534385924,105
2115000,-666953.7385789924,123546.73047681393,-543407.0081021785,299.7691345856351,485.4823471249094,105
2120000,-666970.8363215225,123503.07480359562,-543467.7615179268,299.6632101040248,485.5053373919704,105
2125000,-666610.639694646,123565.12490943377,-543045.5147852122,299.81376614428797,485.4217906931296,105
2130000,-667524.6624326156,123109.16194346262,-544415.500489153,298.7074347732775,486.6289623602872,105
2135000,-667311.948852458,123021.6675573336,-544290.2812951244,298.4951416894397,485.26196222131637,105
2140000,-669693.8098263,124797.95802102401,-544895.851805276,302.8050659830099,485.16981322831555,105
2145000,-667685.1488014986,124229.29806732596,-543455.8507341726,301.42529088466716,484.6668361153881,105
2150000,-667322.7119600317,123082.22653217483,-544240.4854278568,298.6420797056016,484.431722998076,105
2155000,-667757.5861702194,123303.0129873075,-544454.5731829118,299.1777876464586,485.0527730770431,105
2160000,-667912.2672001063,123007.25556285039,-544905.0116372559,298.46017296872,487.5249327922989,105
2165000,-666082.7072616583,124681.93008296669,-541400.7771786916,302.5235401632253,486.6980229104367,105
2170000,-667796.5440715523,123027.19122320216,-544769.3528483502,298.5085441043055,486.8745963397552,105
2175000,-667376.0508269817,123699.1267412959,-543676.9240856858,300.13890314318036,485.7373126712618,105
2180000,-668401.1766642104,124088.28940438601,-544312.8872598244,301.08315277469495,483.38693514831704,105
2185000,-668643.5868498413,123965.28074227105,-544678.3061075702,300.78468918892116,484.1500233943162,105
2190000,-669339.8952365057,123443.19672686275,-545896.6985096429,299.5179241933933,486.8212756465823,105
2195000,-667220.5685473112,124450.59849573579,-542769.9700515755,301.9622459109298,483.85263201501783,105
2200000,-667014.3534398633,124225.2260373591,-542789.1274025042,301.4154106644909,483.99741908383885,105
2205000,-667540.6817889991,124046.22625814588,-543494.4555308532,300.9810923405767,484.7747576179735,105
2210000,-667074.7971347044,124332.98609440561,-542741.8110402988,301.67687560912407,485.5867699496756,105
2215000,-668789.4050171664,123725.25765159563,-545064.1473655708,300.20230619995294,484.6282833355023,105
2220000,-667344.6390603334,123615.820051733,-543728.8190086004,299.9367709285998,485.2332707202446,105
2225000,-667874.3760235738,123441.47523840872,-544432.9007851651,299.5137472386324,484.03154908007656,105
2230000,-668755.4239168912,123952.98447424464,-544802.4394426466,300.7548539872069,485.90770203124174,105
2235000,-667583.0076818913,124536.04388081908,-543046.9638010722,302.1695673757869,485.29080235663776,105
2240000,-667921.8370386311,123179.73213735194,-544742.1049012791,298.87866363435785,486.86807161500735,105
2245000,-667661.4244466252,124292.11369539873,-543369.3107512265,301.57770435925414,485.0771495657489,105
2250000,-667442.7767313062,124668.00624090305,-542774.7704904032,302.4897558771546,486.7254192029232,105
2255000,-666299.0755152996,123857.91945966007,-542441.1560556395,300.5241918155622,485.7335811231339,105
2260000,-667645.3017514949,123043.54862145742,-544601.7531300375,298.54823307948215,486.87343009657246,105
2265000,-668576.8441787562,124841.97137607087,-543734.8728026854,302.9118583303403,485.91976300508014,105
2270000,-668144.3802174139,124221.70259195834,-543922.6776254555,301.4068615092484,485.234604536305,105
2275000,-666989.3189411247,123928.60479833954,-543060.7141427852,300.6957000596255,485.62124190333856,105
2280000,-666207.9681191212,124151.82528272667,-542056.1428363945,301.23731383741034,487.95149945111143,105
2285000,-667787.5742967357,122673.69618161046,-545113.8781151252,297.650837046504,485.5071531792779,105
2290000,-667376.9413301502,123327.94689428213,-544048.9944358681,299.23828633943714,484.3220971966725,105
2295000,-667139.8291224404,124222.54867920029,-542917.2804432402,301.40891442347225,486.3383686038122,105
2300000,-666921.0417885706,123463.56219363806,-543457.4795949325,299.5673381951002,487.1408366746741,105
2305000,-668358.318259838,124254.04033950338,-544104.2779203346,301.48532460218996,485.16854150047186,105
2310000,-666640.9476759359,123017.76636392041,-543623.1813120155,298.4856759806443,486.43406531958396,105
2315000,-666777.8845552658,124505.10736297001,-542272.7771922958,302.0945041738153,485.80023923964364,105
2320000,-667311.0247227983,123549.16179197736,-543761.8629308209,299.77503383719466,484.0467535648032,105
2325000,-668653.995251846,123030.9243826869,-545623.0708691592,298.5176021019044,484.1637782543499,105
2330000,-668435.1498468509,124594.5250011395,-543840.6248457114,302.31146376398266,484.8925068407518,105
2335000,-666929.8106495994,123919.40889987804,-543010.4017497214,300.6733874778768,486.1896913412688,105
2340000,-666158.52301662,122933.5513592324,-543224.9716573876,298.28133986444743,486.34687000539896,105
2345000,-667356.3127103527,123316.0158873119,-544040.2968230408,299.2093373933955,485.92452299510643,105
2350000,-668355.0426505422,123658.1239320683,-544696.918718474,300.03941547086157,484.231754835434,105
2355000,-667528.7095865537,122134.87299992258,-545393.8365866311,296.3434567682411,484.65768923115,105
2360000,-666674.9208312426,124270.16687286261,-542404.75395838,301.5244534154763,483.46266427277124,105
2365000,-668229.3950119605,123338.76652822661,-544890.6284837339,299.2645386918188,485.60974975514796,105
2370000,-667654.7268233649,123889.75790964384,-543764.968913721,300.6014434317025,485.48412209996553,105
2375000,-667144.3976097195,123721.35612420255,-543423.041485517,300.1928396808012,485.79826558869667,105
2380000,-667548.6964179878,122938.83980555541,-544609.8566124324,298.29417155146524,485.86648877416746,105
2385000,-667898.0283406284,123334.28860124013,-544563.7397393882,299.25367361839847,485.8162980042099,105
2390000,-666158.8542083637,125140.86685978291,-541017.9873485807,303.63708707688915,485.57814890973884,105
2395000,-667838.8277553935,124238.18829118717,-543600.6394642063,301.446861789076,485.65768183079473,105
2400000,-668159.7742075576,123419.0337181617,-544740.7404893958,299.459295978957,484.1218911605631,105
2405000,-668156.7587803509,123050.75714407978,-545106.0016362711,298.5657235673308,485.47929696442947,105
2410000,-668883.1709908382,123272.99626645929,-545610.1747243789,299.10495620529434,484.6634970421557,105
2415000,-666117.3035597606,123657.7083100483,-542459.5952497122,300.0384070212428,486.6075539060806,105
2420000,-668776.6937985518,123967.46800573036,-544809.2257928215,300.78999628261585,484.6600649632856,105
2425000,-666692.3714061473,123814.80359461898,-542877.5678115282,300.4195771041862,485.65108638233636,105
2430000,-669698.7083525304,122783.06072736264,-546915.6476251677,297.9161950621144,485.1851153971493,105
2435000,-667471.4799937457,123907.93105249974,-543563.548941246,300.64553806120495,485.29497969527966,105
2440000,-665305.4042376173,123724.61447341926,-541580.789764198,300.2007456166451,486.2133778266636,105
2445000,-666928.3295101905,124328.2475339548,-542600.0819762357,301.6653781444802,486.3761932341927,105
2450000,-666972.0144133521,123413.54048372875,-543558.4739296234,299.4459674017807,485.9696487838212,105
2455000,-666328.5736365812,123223.40370699903,-543105.1699295822,298.98462668646437,483.81437755956705,105
2460000,-666960.6374199362,124085.16047883854,-542875.4769410978,301.0755608675686,485.95103957210745,105
2465000,-668637.0937277335,123637.4775029741,-544999.6162247594,299.9893197527639,484.1489906036515,105
2470000,-666633.7649635845,124005.57920390856,-542628.1857596759,300.8824678587701,484.9504857253706,105
2475000,-667839.9174127155,123500.97351180372,-544338.9439009118,299.6581116087466,484.85220883881635,105
2480000,-665876.9805638343,124155.00260589807,-541721.9779579362,301.245023174709,487.11214033316514,105
2485000,-666718.0045005898,123512.08810623114,-543205.9163943586,299.68507964213705,486.19819408605605,105
2490000,-667007.1604302963,123664.7978268771,-543342.3626034192,300.05560875791514,486.47761031394714,105
2495000,-668175.6036455967,123961.0998806635,-544214.5037649332,300.77454490375,484.9747908198959,105
2500000,-667857.9713789546,123557.90441683975,-544300.0669621149,299.79624661295077,484.46789370498846,105
