#"Step","Potential Energy (kJ/mole)","Kinetic Energy (kJ/mole)","Total Energy (kJ/mole)","Temperature (K)","Box Volume (nm^3)","Speed (ns/day)"
5000,-569416.3444247036,109638.50333320821,-459777.8410914954,298.6779238551903,508.31637784293986,0
10000,-573842.8282746831,109911.33578251174,-463931.49249217135,299.42117578805045,495.5689008945703,136
15000,-575750.0304609062,110651.09027186244,-465098.94018904376,301.4364197792086,480.97566953817045,132
20000,-576904.8813981605,110980.82685519732,-465924.05454296316,302.3346903240942,468.9515029181291,133
25000,-577958.3053289112,109745.95908458746,-468212.3462443237,298.97065551197613,456.6622997870557,131
30000,-579876.4293497978,109901.64611252153,-469974.78323727625,299.39477912604275,447.2072368234225,131
35000,-579811.5686341524,110373.30101606331,-469438.2676180891,300.6796644818547,439.29319549728723,130
40000,-581652.1006095666,109850.6548843736,-471801.44572519296,299.2558684906817,435.67466653117634,129
45000,-582877.1953512989,109411.68512211743,-473465.5102291815,298.06002420934,433.0078212011988,129
50000,-583513.6791111254,110255.91314752994,-473257.7659635955,300.3598756869203,432.1082834998961,128
55000,-583408.6250415114,110362.97438750434,-473045.65065400704,300.65153261317124,431.9289474139085,128
60000,-583723.0418252177,110208.8093996825,-473514.23242553516,300.2315553506776,432.35404481698293,128
65000,-582720.0836627637,110534.7139881546,-472185.3696746091,301.1193867502352,431.82275612479305,127
70000,-582808.1158130304,109376.73656777706,-473431.37924525334,297.964817130305,433.0951420716484,127
75000,-584232.1028537545,109289.16376931034,-474942.9390844442,297.72625074315965,432.15723337571205,126
80000,-583688.5592920701,109346.43590052321,-474342.1233915469,297.8822718555004,432.7272139166008,126
85000,-583238.8963220655,110473.29699702305,-472765.59932504245,300.9520741835463,430.80449466812587,126
90000,-583453.0688422541,109691.71474521064,-473761.35409704346,298.82288272984755,429.70053199749,125
95000,-583709.229024265,109633.82515491452,-474075.40386935044,298.6651795314563,429.7138569436383,125
100000,-584378.9544237107,110758.80308775294,-473620.15133595775,301.72985173280796,429.42098724791055,125
105000,-584406.3787237159,109500.97756640802,-474905.4011573079,298.3032752668231,429.7658336728395,125
110000,-582170.9638794265,111262.16314802661,-470908.80073139985,303.1011084827952,431.54124690830037,125
115000,-583347.6931523974,109688.81294670847,-473658.88020568894,298.81497763149497,432.031182047611,124
120000,-583819.5268507069,110551.38678758347,-473268.1400631234,301.1648068988771,431.23279734375024,124
125000,-584446.4044634169,110295.82485476311,-474150.5796086538,300.4686034193456,431.43794364542447,124
130000,-584145.764093345,110154.34472888899,-473991.41936445603,300.0831823402706,430.7869340812658,124
135000,-582766.1829887005,110630.41054947628,-472135.7724392242,301.3800839449859,431.65811861187933,124
140000,-583116.0632921257,110056.57105906459,-473059.4922330611,299.81682667302744,431.0033593540335,124
145000,-584042.4252224113,109289.47699665814,-474752.94822575315,297.7271040391377,430.13023087214873,124
150000,-584298.1190284682,110202.75435369683,-474095.3646747713,300.2150601550221,429.8043747283366,124
155000,-583593.1757522803,110441.01900595344,-473152.15674632683,300.86414227034254,432.4090316605327,124
160000,-583078.0257563088,110535.89708228977,-472542.128674019,301.1226097429729,431.90635749429043,123
165000,-584530.8182077166,110172.41391254173,-474358.40429517487,300.13240652789705,431.7876196096218,123
170000,-583192.3355514021,110764.71713787329,-472427.6184135288,301.74596282661,430.7762798433721,123
175000,-582604.2623638366,110652.42108692497,-471951.84127691167,301.4400451942574,430.04297163174675,123
180000,-582607.7435063506,110247.757084704,-472359.98642164655,300.3376568875239,430.52923031267363,123
185000,-583065.1150469817,110141.31120809828,-472923.8038388834,300.0476763381642,430.95832674767667,123
190000,-584436.8806917099,109613.76706865075,-474823.1136230592,298.61053716240133,431.4041133008493,123
195000,-584287.286955948,110337.06383082511,-473950.2231251229,300.5809469061467,431.3433735660998,123
200000,-582494.3025501091,110114.04267960344,-472380.25987050566,299.9733912354875,431.19160895592574,122
205000,-583701.7275834531,109936.6884878464,-473765.03909560665,299.4902417928139,430.6060768819516,122
210000,-583268.2458662209,109720.32843186424,-473547.91743435664,298.90083232112903,431.0507407989846,122
215000,-583715.0193871511,110161.02514669206,-473553.99424045905,300.1013811778983,430.7861447684746,122
220000,-583258.9257326997,109518.66909776663,-473740.25663493306,298.35147065161374,431.3973784715239,122
225000,-583982.6876872806,109823.90474038437,-474158.7829468962,299.1829955744467,432.4823643659512,122
230000,-583486.0731682698,111151.81083260698,-472334.26233566285,302.80048598741166,429.51453280100924,122
235000,-584086.6430233154,110404.83483431302,-473681.80818900233,300.7655691146225,430.24653403914573,121
240000,-583807.2254248932,110347.08622869884,-473460.13919619436,300.60824998761876,430.08561123413483,121
245000,-584641.963395142,109845.40411545779,-474796.5592796842,299.2415643118509,429.0865645050635,121
250000,-583236.8615243188,111323.248254762,-471913.6132695568,303.26751692785353,431.59397416058385,121
255000,-584648.2031875295,110251.80004221259,-474396.4031453169,300.34867073866366,430.68421362394673,121
260000,-582916.1320542837,109104.68340411468,-473811.44865016907,297.2236881324568,430.02518793180207,121
265000,-584387.0617464026,109312.83069714197,-475074.2310492607,297.79072434188527,431.3022999035093,121
270000,-583556.5153787415,110511.24114082388,-473045.2742379177,301.05544186687246,430.86130599992305,121
275000,-583619.201822482,109867.05078835753,-473752.15103412454,299.3005343189516,431.2813653680472,121
280000,-584396.3111027041,110019.47158214869,-474376.83952055546,299.7157600367229,432.3886994033468,121
285000,-582968.7867669272,109199.19370196597,-473769.59306496126,297.48115370054626,432.6929935737587,121
290000,-584637.8590034931,110369.26116831903,-474268.59783517406,300.6686591023551,431.70662631308204,121
295000,-583595.9216634133,110460.48798800152,-473135.43367541174,300.9171797978617,431.1738163386845,121
300000,-583683.440113903,109584.46588854445,-474098.9742253586,298.5307146969846,430.5744172091718,121
305000,-585036.7208806626,110041.87027465162,-474994.85060601094,299.7767787005176,430.3093274767882,121
310000,-583464.0527552222,110383.63290585467,-473080.4198493675,300.7078106832216,431.3036437154507,121
315000,-584816.1924783192,109720.0102259735,-475096.18225234566,298.8999654625719,430.5368297011689,121
320000,-585037.1824590373,109913.51811840537,-475123.6643406319,299.4271209216855,431.09753260019414,120
325000,-582659.3722427418,110430.02704902999,-472229.34519371175,300.83419790980145,432.83060354439766,120
330000,-583361.3106758054,110235.86868596019,-473125.44198984525,300.3052704343454,432.0135584839716,120
335000,-582799.8212317317,110091.12617193873,-472708.69505979295,299.91096193626123,432.19949532649014,120
340000,-583208.6445055269,110585.64848414843,-472622.99602137844,301.25814283549306,430.0976375145537,120
345000,-585181.5902209929,110959.62830204796,-474221.96191894496,302.27694108773204,431.11130570712294,120
350000,-583041.1111269863,110424.24504516815,-472616.8660818182,300.8184465372756,430.6234268348675,120
355000,-583604.2384723001,109752.13004867162,-473852.1084236285,298.98746649246937,432.1743971707893,120
360000,-583004.9951021774,110021.21946766338,-472983.775634514,299.72052163781007,431.98590519064436,120
365000,-584276.6823484949,111017.10823025415,-473259.57411824074,302.4335282819935,430.8364034066742,120
370000,-583082.2751451652,110112.09918724059,-472970.17595792457,299.9680967609524,431.60690210810367,120
375000,-583690.7214708556,110159.50302143252,-473531.2184494231,300.09723459436657,431.203721055369,120
380000,-583186.9732461199,111219.34308195073,-471967.6301641692,302.9844577802951,430.569482076307,120
385000,-583159.6347525581,109896.71807486878,-473262.9166776893,299.38135413381775,430.73167533644005,120
390000,-583897.0404816703,111264.25652310316,-472632.78395856713,303.1068112687938,430.2617853551531,120
395000,-583071.3766159564,109992.55156026117,-473078.82505569526,299.6424243380125,433.05584170903603,120
400000,-584429.242992498,109157.91757184925,-475271.32542064873,297.3687089984276,430.90193704512205,120
405000,-583876.6431997386,110630.44379530352,-473246.19940443506,301.38017451348475,430.09783158703596,120
410000,-583024.4260242665,110049.25472699461,-472975.1712972719,299.79689547361795,431.47210998754656,120
415000,-584051.4944899399,110085.66202800389,-473965.832461936,299.89607647981586,431.68633969013365,120
420000,-584046.6634145253,109833.90035403316,-474212.7630604922,299.21022569015895,431.1377091434707,120
425000,-582824.4797794977,110631.31994253388,-472193.15983696387,301.38256131946804,432.28827923828476,120
430000,-583502.4756950513,109689.29898961281,-473813.1767054384,298.81630171273616,431.9888149708748,120
435000,-582564.1817593859,109801.34589878644,-472762.8358605994,299.1215406314458,432.1829078744321,120
440000,-582851.1949603246,110327.91329475449,-472523.2816655701,300.5560189562692,430.9091026562736,120
445000,-583936.1477910564,109088.80039743171,-474847.3473936247,297.18041954235,433.05265114876437,120
450000,-582713.0577308382,109591.0043493707,-473122.0533814675,298.5485268144928,432.23904539372273,120
455000,-583308.5454301178,110354.94748527452,-472953.59794484323,300.6296656739108,433.03040692503646,120
460000,-583842.6584405536,110846.95605503465,-472995.70238551893,301.9699986196125,432.11138447068186,120
465000,-584452.2759235203,110483.57495664887,-473968.70096687146,300.9800734680055,432.3188888630877,120
470000,-584680.86915921,109452.9937794946,-475227.8753797154,298.1725575224332,430.13856467313093,120
475000,-584590.984844306,109457.84800171468,-475133.13684259134,298.1857814261763,431.98744318531436,119
480000,-583827.1999785029,110668.4932122411,-473158.70676626184,301.48382898257466,431.80533047855846,119
485000,-584766.0258044065,110386.67044153762,-474379.35536286887,300.71608555768483,431.0089545183676,119
490000,-584029.97174901,110174.21368125104,-473855.758067759,300.13730946952046,430.27200876818404,119
495000,-583806.6435809317,110268.7560227976,-473537.8875581341,300.39486233125297,430.3208277456145,119
500000,-583427.945305319,110130.1929005842,-473297.75240473484,300.0173877725222,429.71885953060183,119
505000,-583745.3680462907,109831.25140134332,-473914.1166449474,299.2030093960129,431.4807822840685,119
510000,-583631.0124296495,110227.46560739557,-473403.5468222539,300.28237871306715,431.16025906652993,119
515000,-583481.012269082,110639.47367211652,-472841.5385969655,301.40477376262794,433.0730717481523,119
520000,-584152.2941985228,110064.43438433085,-474087.85981419194,299.83824799485984,430.44723512721527,119
525000,-584363.8197269118,109225.35881535849,-475138.46091155335,297.5524328726247,430.6668464165627,119
530000,-582889.9772624909,110600.65145325533,-472289.32580923557,301.2990140215115,431.7637953176745,119
535000,-583199.7827569512,110137.84419740608,-473061.9385595451,300.0382314850875,433.06998449006085,119
540000,-582974.3475267752,110186.37258027913,-472787.9749464961,300.17043282133267,434.0418600693762,119
545000,-583551.1341204587,109831.44849896512,-473719.6856214936,299.2035463306361,432.90408794650324,119
550000,-583275.4536215211,109922.49164867867,-473352.96197284246,299.4515666712187,431.24373881378625,119
555000,-583048.2696422837,110676.34755787958,-472371.9220844041,301.5052258420467,432.3949273589564,119
560000,-583694.3173928573,109294.4397208956,-474399.8776719617,297.7406235247824,431.0773856887774,119
565000,-584031.2712040553,110283.54192906804,-473747.72927498724,300.4351421932805,430.6740773342592,119
570000,-583376.9409678625,109899.8266327345,-473477.114335128,299.3898224873733,431.24562950452616,119
575000,-583796.1486749696,110384.41895309428,-473411.7297218753,300.7099520382241,432.26292232795464,119
580000,-584669.4374466077,109293.48583483222,-475375.95161177556,297.7380249421645,430.5748145148759,119
585000,-583633.29080011,110239.2003798543,-473394.09042025567,300.3143466565206,432.95578808013073,119
590000,-582538.0652309568,109817.88564272277,-472720.179588234,299.1665983094495,432.35052957872546,119
595000,-582427.3177315718,109258.42477259372,-473168.89295897813,297.6425113683817,431.2640441541209,119
600000,-584986.4603563012,109125.15386012685,-475861.3064961743,297.2794538818624,429.7166265328231,119
605000,-583834.4012033218,111565.70460905798,-472268.6965942638,303.9280181051319,430.91563068964336,119
610000,-584065.0977885374,110406.7172912053,-473658.3804973321,300.7706973159317,430.3276407998407,119
615000,-582461.2179561877,110037.3527429217,-472423.865213266,299.76447201119754,430.6075111211589,119
620000,-583986.2592264987,110695.85819975229,-473290.4010267464,301.558376859531,430.97411787336,119
625000,-583199.713512138,110311.69535486476,-472888.01815727324,300.5118379389422,431.9531609021666,119
630000,-583710.763934765,110531.2232173133,-473179.5407174517,301.1098771696058,431.87066288278373,119
635000,-583855.9254330737,110885.59137163789,-472970.3340614358,302.0752492003822,432.1838572622602,119
640000,-583089.8381505427,109939.8820353161,-473149.9561152266,299.49894167560126,431.78463229507133,119
645000,-583768.5091991196,110429.16882003075,-473339.3403790889,300.8318599167799,430.9368174194333,119
650000,-582902.3235054538,110731.94157553272,-472170.38192992104,301.6566754265138,431.67450943897757,119
655000,-583284.2286708811,111129.0274409044,-472155.2012299767,302.7384193235552,432.0258556187314,119
660000,-582691.1676639738,110330.23312966625,-472360.9345343075,300.56233866562377,432.14750872138353,119
665000,-582125.311513213,109926.5934937353,-472198.7180194777,299.4627409441999,434.04731126354136,119
670000,-582896.4198716665,110766.57678901218,-472129.8430826543,301.7510289003376,432.1846918643974,119
675000,-585029.972473505,109963.02940021572,-475066.94307328924,299.56199987760834,431.3903896968325,119
680000,-584025.9010379459,110322.6717386969,-473703.229299249,300.54173987516674,429.98522749604797,119
685000,-584717.733064922,109798.13856849098,-474919.59449643106,299.11280320139485,430.3819125743175,119
690000,-584618.9836372356,109673.58915100712,-474945.39448622847,298.7735048682317,430.04724007139146,119
695000,-584773.3487354391,109374.46199798869,-475398.88673745043,297.958620732494,429.3255488983112,119
700000,-583886.635450372,110260.41643050895,-473626.21901986306,300.37214355970053,431.5155772895578,119
705000,-584041.3998224614,110550.49204903754,-473490.9077734239,301.16236944631095,431.81284434886066,119
710000,-583322.258400965,109350.60288787051,-473971.6555130945,297.8936235895335,430.527012171382,119
715000,-583027.0828378974,111469.12120517061,-471557.9616327267,303.6649049680958,431.2991476247409,119
720000,-582894.6528161103,110279.15621669038,-472615.4965994199,300.4231946070972,432.8260017047662,119
725000,-583546.092588264,109864.59767966298,-473681.49490860105,299.29385154429116,431.59680816143094,119
730000,-583008.4224966872,110604.47208983416,-472403.950406853,301.3094222245284,430.8751600785026,119
735000,-583490.7670689416,109465.8020794518,-474024.9649894898,298.20744997648006,430.7492183499544,119
740000,-583383.6489320374,110069.35975770373,-473314.2891743337,299.85166572903626,433.05247923264085,119
745000,-584252.6568038077,110066.02036846819,-474186.6364353395,299.84256854316186,432.41187824100115,119
750000,-580671.5519530126,111075.18093843828,-469596.3710145743,302.5917303313262,432.65310694729334,119
755000,-584344.7057227492,109880.1190038145,-474464.5867189347,299.33613483649344,431.0567336659586,119
760000,-583174.1531210565,109820.3853237424,-473353.7677973141,299.1734079567408,430.505461302594,119
765000,-585452.6651350469,109732.20053166623,-475720.4646033807,298.93317437262425,430.8762581623679,119
770000,-584907.1778389281,109987.56521868335,-474919.61262024473,299.62884051385566,430.91165694492184,119
775000,-582969.8650637413,109432.52189907967,-473537.34316466167,298.1167878926603,430.9583242468358,119
780000,-584486.7176377019,109946.68481116684,-474540.03282653505,299.5174738418183,430.6820601201406,119
785000,-584181.3562751743,109855.58587075607,-474325.77040441823,299.2693015158553,430.69865699278057,119
790000,-584064.0747959102,110185.89501282445,-473878.1797830857,300.1691318289666,431.59947102812384,119
795000,-584274.374374818,110286.2270684659,-473988.14730635216,300.44245706749194,431.36767868520843,119
800000,-583465.9980490869,110454.071765261,-473011.9262838259,300.8997006821417,429.6368684339158,119
805000,-583909.9514829987,111025.19812147785,-472884.7533615208,302.45556681628074,429.8292436161494,119
810000,-583709.4333112743,109074.24764853081,-474635.18566274346,297.140774849145,430.9108405390564,119
815000,-583982.5297057177,110335.84146820288,-473646.6882375148,300.5776169379412,431.1576787282629,119
820000,-583384.0825712834,109473.1284863493,-473910.95408493414,298.2274086218003,429.6614112574605,119
825000,-583225.1781130047,110818.0928137236,-472407.08529928105,301.89136918991005,429.79560545674315,119
830000,-584911.7015069071,109882.87849147074,-475028.8230154364,299.34365225071394,430.16348813317353,119
835000,-582675.4022969767,110400.48496614664,-472274.91733083,300.75371917547267,432.22485069214247,119
840000,-582030.2246497096,111622.25605766746,-470407.9685920422,304.08207592923725,431.8016345841409,119
845000,-582908.6409675851,109982.33771438897,-472926.3032531962,299.61459971265793,432.7149263792616,119
850000,-583491.0930444859,110613.22925613937,-472877.8637883465,301.3332785539326,431.59673988211506,119
855000,-581797.7068381845,111160.71676431317,-470636.99007387133,302.8247475844887,432.1041239945199,119
860000,-582661.5477691921,110409.38242923009,-472252.16533996206,300.7779577022725,431.60351600525985,119
865000,-583654.172295332,109809.58985782281,-473844.58243750915,299.14399887827034,431.21106751798357,119
870000,-583643.6118258662,110125.06978722115,-473518.542038645,300.0034313537785,430.95880740353033,119
875000,-583742.7484679394,109902.22095029452,-473840.5275176449,299.3963451028426,431.34912709603526,119
880000,-583685.1632300131,109970.68841928453,-473714.47481072857,299.5828646271689,431.3618697660351,119
885000,-584370.8461450445,109588.14277879841,-474782.70336624613,298.54073130532845,430.9611473158201,119
890000,-582701.031829373,110719.3563458295,-471981.6754835435,301.6223906619035,429.8173173901334,119
895000,-584388.750819556,109631.03109910159,-474757.71972045436,298.6575679464386,429.26601188568515,119
900000,-584755.6717776516,110777.60813443697,-473978.06364321464,301.78108056329023,429.4999172205624,118
905000,-584325.5141155068,110591.00958551449,-473734.5045299923,301.2727475827024,429.7457430830465,118
910000,-582337.2979440414,109627.34507629357,-472709.95286774787,298.6475264591315,431.3417309962908,118
915000,-584491.9151878837,111906.36179283186,-472585.5533950518,304.8560386207596,430.3176131091035,118
920000,-584076.7129641967,109031.54545648937,-475045.1675077073,297.02444525985607,431.20499186992754,118
925000,-582671.0529535948,110800.3202788094,-471870.7326747854,301.8429531347065,431.4531252230879,118
930000,-583331.8825371559,110198.97066989029,-473132.9118672656,300.20475261898775,432.1527793815152,118
935000,-583029.0813721134,110287.54296736023,-472741.5384047532,300.4460418478183,434.5367992178036,118
940000,-584312.0995414406,110840.65085225966,-473471.44868918095,301.9528219452046,433.92806261496173,118
945000,-583637.2794139311,110057.94593644072,-473579.33347749035,299.82057212291755,430.7473780240217,118
950000,-582574.7016042965,109234.6679244116,-473340.03367988486,297.5777928080525,430.1263093137651,118
955000,-583140.462416966,110697.89897048438,-472442.5634464816,301.56393634043235,430.794639243279,118
960000,-583184.2915267609,109416.91699711146,-473767.37452964945,298.07427691722614,432.5419065374427,118
965000,-583455.3326805285,110362.49333393096,-473092.83934659755,300.65022212389795,432.3854581725368,118
970000,-583189.1252960623,109931.03749924526,-473258.08779681707,299.4748473329133,430.24917058756785,118
975000,-583567.0480969837,110197.79743045609,-473369.2506665276,300.20155647249055,432.3906530315593,118
980000,-583291.8091340847,110193.52608902939,-473098.28304505534,300.18992045639567,431.78897879834653,118
985000,-583146.6852842197,110443.44929750159,-472703.2359867181,300.87076288638434,431.73264039401147,118
990000,-584507.1316132047,109751.40424385265,-474755.72736935207,298.98548925026097,430.1367133575555,118
995000,-584069.205713816,111154.8295483794,-472914.3761654366,302.80870959255225,430.72109788245655,118
1000000,-582893.9347928739,110167.50233043332,-472726.43246244057,300.11902636397303,431.99494770983546,118
1005000,-582427.5502044191,110541.21476444317,-471886.3354399759,301.13709620728076,431.82776889076126,118
1010000,-583551.46103225,110484.71772201633,-473066.74331023364,300.98318659685197,430.1992425241219,118
1015000,-583237.0478988835,110094.60944740026,-473142.4384514832,299.9204510979283,430.93104328910425,118
1020000,-583833.4189836471,110549.85448489373,-473283.5644987534,301.1606325899238,431.4731630988716,118
1025000,-583347.6386648137,110444.05931962712,-472903.5793451866,300.8724247126262,431.73962208154563,118
1030000,-583612.6615487919,109896.68242970237,-473715.97911908955,299.38125702902363,431.51167283727585,118
1035000,-584039.5924875219,111133.35073397506,-472906.24175354687,302.75019686665644,430.77524571132614,118
1040000,-583123.11482003,110092.74637170607,-473030.368448324,299.915375695005,433.1706566642051,118
1045000,-583424.9014439709,110402.92773593916,-473021.9737080317,300.7603737848289,430.8783003782688,118
1050000,-585209.9873899678,110649.2902046332,-474560.6971853346,301.4315160243553,430.94007148377005,118
1055000,-584203.5116733392,109801.79356699961,-474401.71810633957,299.12276017210365,428.9685102947159,118
1060000,-584675.7709465767,110334.30344741077,-474341.46749916597,300.5734270516962,429.9674161636807,118
1065000,-583118.6301425933,110536.12626003736,-472582.50388255593,301.1232340704834,430.32282709739707,118
1070000,-584101.6589184809,109978.53524250444,-474123.1236759764,299.6042409940193,431.43727738069225,118
1075000,-582314.3273595585,110444.84816324827,-471869.4791963103,300.8745736855495,430.4422986193424,118
1080000,-583448.0674896464,110034.90612785262,-473413.16136179375,299.75780692651387,432.0875252905151,118
1085000,-583556.2253811262,110407.72349791811,-473148.50188320805,300.77343843080297,430.27146850892103,118
1090000,-583719.7586638397,110313.45828750392,-473406.30037633574,300.51664053150375,429.7094596737127,118
1095000,-583384.354485116,110832.83325775829,-472551.5212273577,301.9315252034193,430.1407460321245,118
1100000,-583514.4960296717,111416.34848322652,-472098.14754644525,303.52114117574865,431.05071639835427,118
1105000,-583984.549329259,110360.67355247651,-473623.87577678246,300.64526466342414,432.24030654466577,118
1110000,-583621.2299791886,109839.48517668745,-473781.74480250117,299.2254399003567,432.32578814946373,118
1115000,-582848.8641416132,110478.02532828925,-472370.838813324,300.96495513433416,432.9070961946518,118
1120000,-583822.9574483479,109713.40951154192,-474109.547936806,298.8819837533872,431.39263626236385,118
1125000,-583731.2077094517,110657.89795675382,-473073.3097526978,301.45496531866604,429.79121291432256,118
1130000,-582482.9640230266,110136.49966778007,-472346.4643552466,300.03456870873566,431.3169059810125,118
1135000,-583950.0873720809,110588.53894344799,-473361.5484286329,301.26601704351606,431.3732108040954,118
1140000,-584128.3015612615,109812.10282857402,-474316.1987326875,299.1508447295348,431.3785648596611,118
1145000,-584397.6815019143,110140.63582861185,-474257.04567330243,300.0458364649747,430.4640125211906,118
1150000,-583091.184835156,109903.80530227534,-473187.3795328806,299.40066120481316,431.1345101163264,118
1155000,-583862.4183796197,109987.29075460567,-473875.12762501405,299.62809281703016,429.79705005199247,118
1160000,-584228.5604134612,111925.2223642639,-472303.3380491973,304.90741871212157,431.11575679538174,118
1165000,-584356.2708891458,110281.14148246468,-474075.1294066811,300.4286028810314,430.86048410836014,118
1170000,-583061.7335161502,110669.9418100079,-472391.79170614225,301.4877752620325,431.5009065315552,118
1175000,-582990.2697774703,109885.8287125281,-473104.44106494216,299.35168926210633,433.1849853854682,118
1180000,-582754.3977481048,109829.03655936659,-472925.36118873814,299.1969757090948,432.9773337273629,118
1185000,-583095.1207419042,110107.75566933447,-472987.3650725698,299.95626412122283,432.1545492479918,118
1190000,-584238.7353732712,109385.88195563096,-474852.8534176402,297.9897310553771,432.77595221541895,118
1195000,-584068.8121058852,110362.16766345559,-473706.64444242965,300.64933493027087,431.5265503648135,118
1200000,-583816.3702083388,109203.1431197382,-474613.22708860063,297.49191273012786,430.51036228227855,118
1205000,-582220.2014447153,110078.8938103618,-472141.30763435346,299.87763845729563,431.1693679693219,118
1210000,-583296.9132696134,110563.06534853979,-472733.8479210736,301.1966217105902,431.3992420142748,118
1215000,-582965.0738786836,109986.4926359154,-472978.5812427682,299.6259185769033,431.8991451595549,118
1220000,-583413.3209880176,110256.08537805543,-473157.23560996214,300.36034487843807,432.61264891885344,118
1225000,-584858.3477984611,111099.84340852045,-473758.50438994064,302.65891599272567,431.1848497847839,118
1230000,-582490.4783983133,109116.59782464139,-473373.8805736719,297.25614547434554,431.5016721414603,118
1235000,-582872.4042613744,109776.29535297956,-473096.1089083948,299.05329777163314,430.6542495985262,118
1240000,-583330.3628303031,109095.59556829819,-474234.76726200496,297.1989309910194,433.05791888899694,118
1245000,-583311.6448422004,111186.93921554089,-472124.70562665956,302.89618295667077,430.9165797110763,118
1250000,-582657.7610590165,110379.61535254458,-472278.14570647187,300.6968660383646,430.37774649893714,118
1255000,-583507.6476353845,110256.42276489513,-473251.2248704893,300.3612639898611,430.6179875791425,118
1260000,-584452.9999689762,111155.7677075424,-473297.23226143385,302.8112653318458,431.9851755001344,118
1265000,-583060.0111947758,109365.700889825,-473694.3103049508,297.9347536646534,432.4337539631923,118
1270000,-584871.1491461731,110035.88720971998,-474835.2619364532,299.76047959611776,431.4387388537622,118
1275000,-585147.2754945471,109976.06599615692,-475171.2094983902,299.59751425705974,430.63618544518965,118
1280000,-583158.2329855347,109538.6587853946,-473619.5742001401,298.40592668866014,431.35144158698813,118
1285000,-583158.7576795705,110009.10051092005,-473149.6571686504,299.6875070970297,432.32162846164084,118
1290000,-584224.9998328001,110558.87801518617,-473666.12181761395,301.18521454983437,430.1934731563411,118
1295000,-583981.8035437372,110389.0887997754,-473592.71474396175,300.7226736649249,429.8512047337982,118
1300000,-583673.8303159671,110017.53270953085,-473656.29760643624,299.7104781473272,432.0106134267884,118
1305000,-583980.1844386347,111750.5177615002,-472229.66667713446,304.4314872970162,431.1345693336775,118
1310000,-582868.2699015713,110547.0212468988,-472321.2486546725,301.152914264551,431.7948557488865,118
1315000,-583826.4443016569,110037.25319415028,-473789.19110750663,299.764200819787,432.2936060376681,118
1320000,-582328.5813925555,110263.48685614689,-472065.0945364086,300.38050803319305,431.03797345171716,118
1325000,-583140.8932536514,110635.83363780659,-472505.05961584486,301.3948575574865,430.35807441012304,118
1330000,-583320.475868687,109490.42071257532,-473830.0551561117,298.2745162169516,432.06376924387587,118
1335000,-582673.7753600078,109282.92209216079,-473390.853267847,297.70924712567376,431.38248227866336,118
1340000,-582539.7531431508,109399.61342382838,-473140.13971932244,298.0271384103482,430.52779517489785,118
1345000,-584312.9120443985,111128.97327816405,-473183.93876623444,302.73827177306566,430.20652689272396,118
1350000,-582445.0170317804,110265.97416186763,-472179.0428699128,300.3872839676146,430.04227803746926,118
1355000,-582825.3639812954,108891.7783632956,-473933.5856179998,296.6436908355502,431.9306052698452,118
1360000,-583467.463087223,109592.67053273629,-473874.7925544867,298.5530658420539,430.1989369602548,118
1365000,-584194.6932789232,110622.8729141159,-473571.82036480727,301.3595498697134,430.6856903123275,118
1370000,-582703.5508551826,110413.1776307853,-472290.3732243973,300.7882966150328,431.4908331092507,118
1375000,-584579.7024149541,110741.07512774813,-473838.62728720595,301.6815571088625,431.73007496469717,118
1380000,-582330.7170505924,110225.6508295479,-472105.0662210445,300.2774348834514,432.3652753782109,118
1385000,-583214.2746745097,109450.2318054564,-473764.04286905326,298.1650333347947,433.6747900723529,118
1390000,-583084.8318487997,109561.46124930517,-473523.37059949455,298.46804530914966,432.87431791364725,118
1395000,-583593.728869848,109864.23325446842,-473729.49561537954,299.292858774806,431.5016016014696,118
1400000,-583501.4946812349,110324.92303466285,-473176.5716465721,300.54787287027926,432.13595299180975,118
1405000,-583552.2587804459,110213.49011946656,-473338.76866097935,300.2443065979561,431.5345287389685,118
1410000,-582058.9531438225,109491.2120957364,-472567.7410480861,298.2766721081061,432.5927778327154,118
1415000,-583490.1405237224,110825.03980622406,-472665.10071749834,301.91029423206214,431.6644759309743,118
1420000,-583191.9585015578,110629.17893228817,-472562.7795692696,301.37672876543184,431.0936440558523,118
1425000,-583767.4118096288,109777.71137683652,-473989.7004327923,299.0571553130339,431.399460319558,118
1430000,-583862.9796605725,109403.34849246842,-474459.63116810407,298.0373135086298,431.23984814975023,118
1435000,-583332.7177285426,110115.61800171644,-473217.0997268262,299.97768273823345,430.53306925882515,118
1440000,-583884.3867263864,109896.80092641732,-473987.58579996903,299.3815798385452,430.061640524459,118
1445000,-584665.6701824283,109293.51134058821,-475372.1588418401,297.7380944251109,430.31687003813363,118
1450000,-584420.4933856442,109934.07059314233,-474486.42279250186,299.4831101070346,431.7613804303192,118
1455000,-584249.5230528335,109843.53521683789,-474405.9878359956,299.2364730460755,430.52483020276213,118
1460000,-584170.4112367756,109341.71785600076,-474828.6933807748,297.8694189279268,430.0208521974849,118
1465000,-583762.6093545184,109690.46571118757,-474072.1436433308,298.81948010323833,431.66914230890626,118
1470000,-583559.0679015014,109659.30592004722,-473899.7619814542,298.7345943975545,432.87641768847624,118
1475000,-583015.5286779245,109423.81621872185,-473591.7124592027,298.0930718216089,431.4567559953956,118
1480000,-584675.7738081166,110617.6661142062,-474058.10769391037,301.345365471535,431.68195007909344,118
1485000,-584251.2780089327,109914.33901499573,-474336.938993937,299.4293572135159,432.24350694621364,118
1490000,-583764.9495220864,110590.47496474051,-473174.4745573459,301.2712911653128,430.46132973033974,118
1495000,-585199.9210830764,110258.1054807551,-474941.8156023213,300.3658480553509,430.2795452165608,118
1500000,-582959.2331578718,109790.79944913171,-473168.43370874005,299.0928099247036,430.9034041903737,118
1505000,-584035.2316225576,110536.51546831653,-473498.7161542411,301.12429435420887,430.0475394323402,118
1510000,-584005.0176132182,109868.74481635552,-474136.27279686264,299.30514920104144,431.01017709928357,118
1515000,-583889.4809119329,109840.17404037202,-474049.30687156087,299.2273165072865,431.35175157507894,118
1520000,-582582.204112832,110397.5298494378,-472184.6742633942,300.74566882731466,431.4305185810656,118
1525000,-584060.7620164696,109867.5651359052,-474193.19688056444,299.3019355078862,432.47119465672574,118
1530000,-582984.1247810572,109830.36816110287,-473153.75661995437,299.20060326720534,431.89151643492,118
1535000,-584447.8060955591,111046.3597960705,-473401.44629948866,302.51321558783883,432.9158365233509,118
1540000,-583537.3378135841,110135.18586086997,-473402.1519527142,300.0309896274063,431.29840397856185,118
1545000,-584338.5465096268,109256.50283564895,-475082.04367397784,297.6372756152567,431.6785511978484,118
1550000,-583076.6668436062,109919.10732826346,-473157.5595153427,299.4423470835324,430.9879047125881,118
1555000,-584390.7587330532,110299.9909975692,-474090.76773548406,300.479952852674,430.8995888647297,118
1560000,-583356.873440363,109967.11491596489,-473389.7585243981,299.5731296661839,431.70446456452765,118
1565000,-583707.1672254903,109765.96828497972,-473941.1989405106,299.025164705822,432.7862074389819,118
1570000,-584241.7273738962,110507.89981344447,-473733.8275604517,301.04633940109386,432.5515501332569,118
1575000,-583948.646671996,110161.7471545217,-473786.8995174743,300.10334807632364,431.888235728944,118
1580000,-583726.7299578991,109252.85990635713,-474473.87005154195,297.6273515235868,430.3823749658623,118
1585000,-582745.8444849593,110022.48833730214,-472723.35614765715,299.7239783007325,430.700414217947,118
1590000,-583801.7298259004,110219.15167852468,-473582.5781473757,300.25972985396425,431.42667329510476,118
1595000,-582853.6892180596,110278.87709666992,-472574.8121213897,300.4224342265221,431.88185966582694,118
1600000,-583711.1189041645,109846.3769967255,-473864.741907439,299.2442146413279,431.66771260949145,118
1605000,-583231.6369505227,109868.00143621024,-473363.6355143124,299.3031240800148,431.1416614300069,118
1610000,-584472.7619926608,109257.09759693354,-475215.6643957273,297.6388958678165,429.5606608192795,118
1615000,-584134.4356454895,110133.21155032772,-474001.2240951618,300.0256111977865,431.39589627326984,118
1620000,-584858.5369141041,109729.33865985018,-475129.19825425395,298.9253780428097,430.18795957286744,118
1625000,-585123.8792532827,110338.94461892231,-474784.93463436037,300.58607056131353,428.95112734968643,118
1630000,-583262.8956984272,110258.9337370994,-473003.9619613278,300.368104396671,430.6182761559725,118
1635000,-583436.4779423359,109693.71729607534,-473742.7606462606,298.8283380919375,430.71778461593453,118
1640000,-584026.5637290357,110021.5620827913,-474005.0016462444,299.72145499216987,430.8168107665446,118
1645000,-583710.3789587677,110268.8941916744,-473441.4847670933,300.3952387318057,431.5165484765587,118
1650000,-582160.9695740226,110462.48432272946,-471698.4852512931,300.9226182259115,431.9147781120588,118
1655000,-584153.032042556,110758.5752153109,-473394.45682724507,301.72923096121934,432.5809154062534,118
1660000,-584687.3730772655,110051.04961781902,-474636.32345944643,299.80178512687553,430.6588963813989,118
1665000,-582319.5439764112,110683.6728262339,-471635.8711501773,301.52518138574015,431.90362673045695,118
1670000,-584489.9644921757,109787.87615932665,-474702.0883328491,299.084846279604,432.0654755753319,118
1675000,-584010.4209625646,110075.27468218331,-473935.14628038136,299.86777920477346,430.65176097462074,118
1680000,-584085.1962709879,110352.04112672224,-473733.1551442656,300.62174815304013,432.10570923470647,118
1685000,-584715.1150208544,109883.55556140648,-474831.5594594479,299.3454967290365,431.7431630696254,118
1690000,-583766.5835226276,110754.70321296807,-473011.8803096595,301.71868282725393,431.0003399459484,118
1695000,-584503.263887486,110504.32299816841,-473998.94088931754,301.0365954176557,430.786964775193,118
1700000,-582925.8560545687,109542.02527050173,-473383.83078406693,298.41509768928427,431.25831755107396,118
1705000,-584025.2284864224,110266.04409508797,-473759.1843913345,300.3874744801483,431.6513074765247,118
1710000,-583453.7927721697,109969.92509244184,-473483.86767972785,299.5807851672194,431.1930696064419,118
1715000,-583226.629617556,110770.47768716246,-472456.15193039353,301.7616557524495,429.39503254806584,118
1720000,-583949.1417326038,109976.18200889602,-473972.95972370775,299.5978302997181,430.5443873116289,118
1725000,-582802.4015263082,109360.26282931957,-473442.1386969886,297.91993926485605,431.1394845893039,118
1730000,-582802.122260937,109530.87343010586,-473271.24883083114,298.3847177731476,430.8080825402105,118
1735000,-583673.185915329,110201.18227839889,-473472.00363693014,300.21077749727095,430.5378071189724,118
1740000,-583631.9627873925,110992.95983182115,-472639.0029555714,302.36774305792426,431.09300412230607,118
1745000,-583960.7198153357,111295.95150028013,-472664.7683150556,303.1931549317594,431.5029561299021,118
1750000,-583398.1482242052,110327.00722535906,-473071.14099884615,300.5535506361293,430.84149261719307,118
1755000,-585186.9925225391,110877.46054167667,-474309.53198086243,302.05309914052,431.31264624206244,118
1760000,-585961.8429161729,110180.21720313704,-475781.6257130359,300.15366430288844,430.77518180234074,118
1765000,-583340.1739895875,110730.63679852732,-472609.53719106014,301.65312094450957,430.3907044182506,118
1770000,-582496.691224297,110079.70847779489,-472416.98274650215,299.8798577796154,431.2829492082283,118
1775000,-583890.5822042604,110013.00794369355,-473877.57426056685,299.6981517508047,430.7022445605936,118
1780000,-583295.7039435524,110749.40104704059,-472546.30289651186,301.7042386323497,430.72136175086507,118
1785000,-583673.4425432463,110163.70759857196,-473509.73494467436,300.10868873075583,429.0896490803472,118
1790000,-584711.8016540296,109991.46819142072,-474720.3334626089,299.6394730175713,432.164916109876,118
1795000,-585137.4026599922,110664.41363856348,-474472.98902142874,301.47271538142905,430.6172389915203,118
1800000,-582877.741183653,110377.78017933562,-472499.9610043174,300.691866647573,431.3502160332995,118
1805000,-583954.6263637985,109777.12539373396,-474177.50097006455,299.05555897405475,432.26627181714616,118
1810000,-583790.5228728219,110532.0494163747,-473258.4734564472,301.1121279064624,433.033805400336,118
1815000,-583723.0115761342,109361.00242943247,-474362.0091467018,297.9219540882939,431.9084827921031,118
1820000,-583601.1517358562,110474.38200861774,-473126.76972723845,300.95502997918936,431.2514915977573,118
1825000,-584558.8103704741,109935.77216102672,-474623.0382094474,299.4877455293321,431.6390497480751,118
1830000,-584817.8074424365,110413.79711742142,-474404.01032501506,300.78998422455595,430.96692267730685,118
1835000,-584183.8824402783,109949.26311421837,-474234.61932605994,299.5244976717602,430.35968349745076,118
1840000,-583583.8866901989,109811.9125376729,-473771.974152526,299.15032633782437,429.91309740127286,118
1845000,-583579.2031498738,110374.41766445787,-473204.7854854159,300.6827064626737,431.5054492563007,118
1850000,-581945.9404029786,110015.3655360908,-471930.57486688776,299.70457431934676,432.9709090781413,118
1855000,-583072.7755959681,110289.07015238306,-472783.70544358506,300.45020221519013,431.4946116462318,118
1860000,-583196.4588455376,110622.62849581323,-472573.8303497244,301.35888402378356,429.9023828031952,118
1865000,-583697.7584156119,110575.56142631604,-473122.1969892959,301.2306636069411,429.82079274687254,118
1870000,-582699.7014051913,109394.0744703479,-473305.6269348434,298.01204915725197,432.3300791096025,118
1875000,-583776.5888915448,109385.8235446153,-474390.76534692955,297.98957193170827,431.52254289518584,118
1880000,-583195.6966173216,109876.93612658462,-473318.7604907369,299.3274640216428,430.8715622132595,118
1885000,-583334.0339597929,110590.33481609513,-472743.6991436978,301.2709093714616,432.3552261145208,118
1890000,-582363.775137872,110599.23628386366,-471764.5388540083,301.2951588078506,431.38251549105485,118
1895000,-584110.5456071873,110713.93926793948,-473396.60633924784,301.60763342308354,431.15530372610544,118
1900000,-584832.0756211164,110843.34962452285,-473988.7259965936,301.9601739581564,431.4871284266259,118
1905000,-584210.549649721,110491.4050473533,-473719.1446023677,301.0014042520284,430.0374315082836,118
1910000,-584119.2852745256,109945.14644745609,-474174.13882706955,299.5132830213921,431.1195108046822,118
1915000,-583983.3158614333,110002.84568330616,-473980.4701781271,299.6704676549634,430.14648769289283,118
1920000,-584713.0896757576,110777.23116081563,-473935.85851494194,301.78005360929916,430.6266228408961,118
1925000,-583787.2037166269,110928.59121965664,-472858.6124969702,302.1923896660204,430.7959365269282,118
1930000,-583298.040905342,109996.88271922106,-473301.1581861209,299.6542233094204,432.42929018609476,118
1935000,-583823.9361856016,110079.31610504066,-473744.62008056097,299.87878887520634,431.8823141116062,118
1940000,-583093.3580055982,109160.10825503117,-473933.249750567,297.3746768717997,432.11895084023854,118
1945000,-583889.5447844495,109998.93403218058,-473890.6107522689,299.65981150952615,431.00612166692633,118
1950000,-583380.6408434608,110226.33696175288,-473154.30388170795,300.2793040492667,430.54451973497817,118
1955000,-583915.5281526032,109911.30011800752,-474004.22803459567,299.4210786305761,431.0086040381052,118
1960000,-583306.0029876563,109990.35560353613,-473315.64738412015,299.63644209841993,432.1347067268689,118
1965000,-584750.091123289,109893.14869930875,-474856.9424239802,299.37163041770236,431.1485057041939,118
1970000,-582378.1821516734,109494.63658184512,-472883.54556982825,298.2860011154359,431.733109514718,118
1975000,-584623.8298694659,109848.07942114677,-474775.75044831913,299.24885239700865,430.3675064847292,118
1980000,-584039.2640542346,109845.86477180495,-474193.39928242966,299.2428192348679,432.17055829125104,118
1985000,-584059.3298822809,110716.88863730605,-473342.44124497485,301.6156681142943,431.0381988984591,118
1990000,-583298.6586520337,110121.4625081516,-473177.19614388206,299.993604380676,430.8399374244139,118
1995000,-583059.6297199056,110249.72593825147,-472809.9037816541,300.3430204511631,431.47903612662964,118
2000000,-582914.2616540832,111001.72297015059,-471912.53868393257,302.3916156563556,431.9084711092121,118
2005000,-583553.494799234,110130.89616892103,-473422.59863031295,300.0193036206994,432.77453378700886,118
2010000,-584621.3562343493,110544.90179104626,-474076.45444330305,301.14714042913283,429.6208244634924,118
2015000,-582713.0775349187,109647.98183379357,-473065.0957011251,298.7037452481319,431.41206192944867,118
2020000,-582504.2343796743,110187.90876549901,-472316.3256141753,300.17461770709986,432.70087400788333,118
2025000,-582859.0127734407,110254.5045818967,-472604.508191544,300.35603846326114,430.26590666599395,118
2030000,-582632.8130832394,110306.23391285643,-472326.57917038293,300.4969598431026,431.52640413908034,118
2035000,-582133.1253901725,110592.32694771013,-471540.79844246234,301.27633634936376,431.8914251486317,118
2040000,-582871.1092707547,110572.89083877148,-472298.21843198326,301.2233883749831,432.5317235821621,118
2045000,-582829.0236549815,110312.83264607046,-472516.19100891106,300.51493615504154,431.4949020019744,118
2050000,-584874.4783091298,109519.79731265723,-475354.6809964726,298.35454414195647,430.49426558656927,118
2055000,-582942.5897468869,110152.85108832264,-472789.7386585642,300.0791133549253,430.7011203889896,118
2060000,-582673.9441558509,109845.56565619318,-472828.37849965773,299.2420043821729,432.21856782927046,118
2065000,-583882.913841656,109248.41784385775,-474634.49599779816,297.6152504280354,432.1480822410023,118
2070000,-583907.242503772,110534.69227079011,-473372.5502329819,301.1193275876496,430.82743229307255,118
2075000,-583044.2452596603,108826.00096841634,-474218.24429124396,296.4644996286123,429.82274553879824,118
2080000,-584141.9386112341,110436.05529769164,-473705.88331354246,300.8506201040124,431.84448874567994,118
2085000,-583859.3911616527,110305.82231237611,-473553.56884927663,300.4958385583971,430.95442994813146,118
2090000,-583754.5127524785,109459.43082917982,-474295.08192329865,298.1900933750514,431.01090259529894,118
2095000,-584058.5453476384,110893.93693332124,-473164.6084143172,302.09798423379846,430.2610616011732,118
2100000,-582625.5741198016,110210.02149737196,-472415.5526224297,300.2348573550865,432.1615449926226,118
2105000,-583505.55303156,110661.72247713734,-472843.8305544227,301.46538410196905,430.78112841437854,118
2110000,-583219.3596421513,110162.28696552105,-473057.0726766302,300.10481863295894,431.74396860797833,118
2115000,-583881.2257583891,110842.1813671898,-473039.0443911993,301.95699138393155,432.06378578705915,118
2120000,-582367.910731981,110113.43793301821,-472254.47279896284,299.9717437809069,431.47439736083385,118
2125000,-582670.4804351069,109045.45626532071,-473625.0241697862,297.06234117574854,430.75467962146615,118
2130000,-583566.7009814335,109573.07687936549,-473993.624102068,298.4996886841066,431.2067819943748,118
2135000,-584527.5947994268,111247.1959951407,-473280.39880428615,303.060334867559,430.21652645021106,118
2140000,-582986.5073330794,110212.64556060534,-472773.861772474,300.24200584521344,430.19235793563905,118
2145000,-583257.3833376165,109808.1824781932,-473449.20085942326,299.14016488552994,430.3223517411888,118
2150000,-583021.6837614817,110645.14390122879,-472376.5398602529,301.420220637654,431.3588003390552,118
2155000,-583471.6795547814,110416.64160963224,-473055.0379451492,300.7977332087369,430.2411008695412,118
2160000,-582851.2888047895,110842.07717678673,-472009.2116280028,301.9567075477579,431.455241371026,118
2165000,-584366.3711652867,109474.50355016859,-474891.86761511816,298.23115457960006,430.8082459193792,118
2170000,-583801.7808610047,110380.40956170543,-473421.3712992993,300.699029628126,431.943064879041,118
2175000,-584194.7906606742,110479.83117617702,-473714.9594844972,300.96987463689504,431.6794269007798,118
2180000,-583877.4815943013,110560.17368647177,-473317.3079078295,301.1887442259775,430.2705443330097,118
2185000,-583135.687658675,110238.563734003,-472897.123924672,300.3126123017518,431.0594304376753,118
2190000,-583501.8148672124,111035.38288020741,-472466.43198700505,302.48331220225214,430.5930740628448,118
2195000,-581873.3955214443,110517.94790188049,-471355.4476195638,301.07371246896275,432.563854993293,118
2200000,-583347.4852465265,110097.70446916376,-473249.78077736276,299.9288825763461,431.46325193195224,118
2205000,-583474.2035563998,109708.539144399,-473765.6644120008,298.86871586754023,430.4979512735246,118
2210000,-584410.9275316894,110134.97542852629,-474275.9521031631,300.03041636624704,429.68440848340424,118
2215000,-583916.6790967672,111053.42047457666,-472863.25862219057,302.5324503341471,430.38994433175617,118
2220000,-583739.7125099218,110029.0662126058,-473710.64629731595,299.7418977914164,430.7573519093512,118
2225000,-583890.2127630841,110206.28302176192,-473683.9297413222,300.2246729755151,430.53380874492666,118
2230000,-583425.0036745574,110115.47146972542,-473309.532204832,299.9772835548305,430.6021899607781,118
2235000,-583637.3417990515,109764.54850332066,-473872.79329573084,299.0212969273923,430.2913390741551,118
2240000,-584399.2521034013,109844.70309297414,-474554.5490104272,299.2396545818416,430.45350176822717,118
2245000,-584366.8579841973,109641.82053951186,-474725.03744468547,298.6869606101774,430.8847831409376,118
2250000,-584063.7350705015,109855.67727380013,-474208.0577967013,299.2695505166224,429.6387932501783,118
2255000,-583961.4966785726,109818.11237933207,-474143.38429924054,299.16721598679527,429.8967650572979,118
2260000,-583508.5241966033,110113.37132555846,-473395.1528710449,299.97156232843173,430.85999079378496,118
2265000,-583477.1330820788,109616.98197978607,-473860.1511022927,298.61929524422555,430.6201558076812,118
2270000,-584043.9837760227,111650.09199185157,-472393.8917841711,304.15790676218296,431.4634718753694,118
2275000,-582151.486177309,109905.17261991103,-472246.3135573979,299.40438606040914,430.642043680801,118
2280000,-584184.2592018326,110315.20920941781,-473869.0499924148,300.5214104043693,430.6013665441944,118
2285000,-583781.0383890504,110591.5986708051,-473189.4397182453,301.2743523726824,431.5300987619807,118
2290000,-583688.0573888333,110169.41892310255,-473518.6384657307,300.12424755818785,430.25927062938484,118
2295000,-583966.2111879783,109754.040877005,-474212.1703109733,298.9926719834429,430.9439810524996,118
2300000,-582081.1291040624,109641.25357602886,-472439.8755280336,298.6854160845695,432.15329451248334,118
2305000,-583687.6100999494,110624.27067357837,-473063.33942637104,301.3633576551319,432.94535131903893,118
2310000,-582353.0321376114,110007.87222480302,-472345.1599128084,299.68416099200107,432.2804182002575,118
2315000,-583156.8398883482,110304.87784849253,-472851.9620398557,300.4932656437428,431.4476012219051,118
2320000,-586493.29296578,109592.5139559108,-476900.7790098692,298.55263929444766,430.5590975148818,118
2325000,-583659.6039142725,111416.93348048336,-472242.67043378914,303.52273482908043,430.36392837622776,118
2330000,-584390.6968144374,110146.10640538309,-474244.5904090543,300.0607394457948,431.6560488379422,118
2335000,-583699.9677328519,110565.51628335082,-473134.45144950104,301.20329856314294,429.86394411790656,118
2340000,-584768.1283497983,110247.48050663795,-474520.6478431603,300.33690343175755,431.8909815988621,118
2345000,-584594.1053779651,110663.14146576892,-473930.9639121962,301.4692497200281,431.1463767522515,118
2350000,-584760.7093740888,110480.00234633751,-474280.70702775125,300.9703409397595,432.4791053532159,118
2355000,-582676.5931614055,111147.47103287233,-471529.1221285332,302.78866347674904,431.7464368558728,118
2360000,-583464.1193920346,110481.83092750248,-472982.2884645321,300.975322372462,430.0642164215012,118
2365000,-583486.2799021504,110185.63748550433,-473300.64241664606,300.1684302713662,430.8218551635338,118
2370000,-583186.1764049241,109701.86678921664,-473484.3096157075,298.85053899415624,431.3599001294941,118
2375000,-583759.4466235004,110999.02409643156,-472760.4225270689,302.3842633670171,431.0954176217499,118
2380000,-583762.3535495214,110322.27238545078,-473440.08116407064,300.5406519544563,428.8810219923815,118
2385000,-583067.0363303716,111139.48180566938,-471927.55452470225,302.7668991720418,428.70629586192604,118
2390000,-583638.9026186541,110785.86132634955,-472853.0412923045,301.8035639623762,429.9849926867265,118
2395000,-583115.2521131462,109746.27478907167,-473368.9773240746,298.97151555618535,430.8632846117699,118
2400000,-584075.4744880223,110765.34551570867,-473310.1289723136,301.74767465759606,429.82582879439923,118
2405000,-583560.8103885711,109901.52715692134,-473659.2832316498,299.39445506642306,429.85018859023955,118
2410000,-583486.4426546269,110803.0053874107,-472683.4372672162,301.85026792502174,430.6485287098801,118
2415000,-583594.4074982828,109725.48092162644,-473868.9265766564,298.91486876725037,429.6132223950533,118
2420000,-584306.9712291495,109059.7711919996,-475247.2000371499,297.1013379921096,431.9894845651572,118
2425000,-582338.8056815644,110355.18589696287,-471983.6197846015,300.63031515658287,433.9725234019264,118
2430000,-583384.3197485893,109686.39997873793,-473697.9197698514,298.808404208456,431.8622991979211,118
2435000,-583694.5919022453,109849.0556696509,-473845.5362325944,299.25151189953306,431.7466254358845,118
2440000,-584070.7716056211,110019.56284082483,-474051.20876479626,299.71600864420196,431.04689834891866,118
2445000,-582118.9208492679,110393.31500751252,-471725.60584175534,300.73418672752905,432.67282533613144,118
2450000,-583302.2805307233,110095.5060624961,-473206.7744682272,299.9228936626039,430.30045345813994,118
2455000,-584164.4284911435,109617.35885419196,-474547.06963695155,298.6203219279332,430.8742659319702,118
2460000,-583568.177016167,110302.68985207786,-473265.4871640891,300.4873050896795,432.37128847426237,118
2465000,-583405.1816477645,110399.68749011241,-473005.49415765214,300.75154668607354,434.0291276261221,118
2470000,-582491.5162817729,109399.80565886939,-473091.7106229035,298.0276620982972,434.16771640248004,118
2475000,-582225.202406201,109386.22362577595,-472838.9787804251,297.9906618354082,431.6926407579019,118
2480000,-584431.4435767224,110589.08883412578,-473842.3547425966,301.26751505927695,431.5816944938294,118
2485000,-583417.8618673603,110096.64877494855,-473321.21309241175,299.9260066472989,432.53133328227005,118
2490000,-584968.696675498,110391.41542926419,-474577.28124623385,300.7290118841104,430.61068148412306,118
2495000,-583695.3302895506,110910.31273347457,-472785.01755607605,302.14259529508223,429.32828059638155,118
2500000,-584489.9558258094,109572.39076732681,-474917.5650584826,298.49781957322847,430.79562203182894,118
