#"Step","Potential Energy (kJ/mole)","Kinetic Energy (kJ/mole)","Total Energy (kJ/mole)","Temperature (K)","Box Volume (nm^3)","Speed (ns/day)"
5000,-647158.2160354871,123474.1738647471,-523684.04217074,298.8455049537792,575.364910052302,0
10000,-653157.018161254,124259.60758591283,-528897.4105753412,300.74649630818675,555.5693552005223,228
15000,-654620.1036517397,124066.71477640414,-530553.3888753355,300.2796363385649,545.028674600009,222
20000,-656511.8870265,124106.0402044194,-532405.8468220806,300.3748159783624,528.2532006808806,223
25000,-658797.6163299517,123642.5980642215,-535155.0182657302,299.2531433559077,514.7914331363809,223
30000,-659975.5284629352,125029.6221201932,-534945.906342742,302.61016848444956,505.22964785338564,221
35000,-660671.8954418912,123409.20126632089,-537262.6941755703,298.68825126762687,496.72749451774973,219
40000,-662628.2013656893,124726.56712574605,-537901.6342399432,301.87668212038176,489.883306627247,219
45000,-663300.8147922205,124133.92779952835,-539166.8869926921,300.4423125420682,486.80051750990697,218
50000,-663657.2691402994,124108.55468745716,-539548.7144528423,300.3809018012483,485.5694107502701,217
55000,-664997.1373754344,123941.56564537017,-541055.5717300642,299.9767369217253,486.564059527105,216
60000,-663048.917575689,123922.17166038358,-539126.7459153055,299.9297975087698,486.1840933368341,216
65000,-665552.9776100242,122826.1795982781,-542726.798011746,297.2771593823222,484.5673864539797,216
70000,-664787.815906731,123898.16815203454,-540889.6477546964,299.87170163050877,484.5914909534443,215
75000,-664839.7067054766,124218.97245158721,-540620.7342538894,300.6481467760027,484.384248190572,215
80000,-664612.0891202707,124919.83982489049,-539692.2492953802,302.3444615398486,485.3719218925566,214
85000,-663542.4197049094,124869.3655386855,-538673.054166224,302.2222982317172,485.322486610028,213
90000,-662977.4125343398,123047.46111952607,-539929.9514148138,297.8127287721343,486.4475889816059,213
95000,-664275.2820451725,124280.47205599991,-539994.8099891726,300.79699474768705,484.9695175848105,213
100000,-665218.7915712968,124244.29313463165,-540974.4984366652,300.7094306224408,484.520592279725,213
105000,-665406.1673446493,123215.72797774867,-542190.4393669006,298.21998636000524,484.092394470093,213
110000,-665860.4897252223,124806.5999257536,-541053.8897994687,302.0703861297507,485.42418101214724,212
115000,-665317.3741797204,123880.23188681668,-541437.1422929037,299.82829034806605,485.1424558538155,212
120000,-664777.7508890815,123915.40560600348,-540862.345283078,299.9134215746414,483.5969814954188,212
125000,-663931.9577936763,123543.83449590148,-540388.1232977748,299.01410512206644,485.9156103314424,212
130000,-664347.2343633692,123176.00511836831,-541171.2292450009,298.1238448139785,485.4623826777282,212
135000,-663662.8334528571,122208.91763011715,-541453.91582274,295.78319543188604,485.37276947944156,212
140000,-663019.6525541795,124126.33129893185,-538893.3212552477,300.42392667249254,485.8864195455812,212
145000,-663531.4370377483,124535.49082618178,-538995.9462115665,301.4142186639302,485.46946316435276,212
150000,-665231.8259574212,123681.256611152,-541550.5693462692,299.3467089382203,485.18701818030013,212
155000,-664806.7527974164,124479.68772940285,-540327.0650680135,301.2791579940516,485.42222559761376,212
160000,-662912.1599257295,124437.5690657616,-538474.5908599679,301.17721786430735,487.9170298510428,212
165000,-664783.8169857357,123436.18205964495,-541347.6349260907,298.7535530919081,485.89924414780535,212
170000,-661863.9592453823,124280.83223248972,-537583.1270128926,300.79786648565135,485.9153927361544,212
175000,-665363.3994199247,124580.07876225899,-540783.3206576657,301.5221351929887,484.8027438507764,211
180000,-665083.6783684972,123983.64900800309,-541100.0293604941,300.0785916121642,484.98499766106835,211
185000,-665321.3940003952,123399.70253011954,-541921.6914702756,298.66526140239705,483.9099776750093,212
190000,-666056.6191669111,123784.44386238305,-542272.1753045281,299.59645384627464,482.98634414864193,211
195000,-666162.028755398,123117.5544561753,-543044.4742992227,297.98237622090187,484.03863454702696,211
200000,-664709.954197078,124941.54454259045,-539768.4096544876,302.3969936371925,484.7945710377906,211
205000,-664405.7424625512,124164.23629585317,-540241.5061666981,300.51566843184725,484.00685118146,211
210000,-665823.9950353708,123996.02492516564,-541827.9701102052,300.10854514088965,485.4607860453995,211
215000,-664341.5954427295,125346.6300062132,-538994.9654365163,303.37742514069373,485.9699289774243,211
220000,-665894.4223503075,123906.86553489859,-541987.5568154089,299.8927519740132,485.2473408335656,211
225000,-664384.0669729537,124643.79241688503,-539740.2745560687,301.6763418476534,485.15100342849,211
230000,-665454.5493721007,122848.72660662292,-542605.8227654778,297.3317300822759,483.8125732466003,211
235000,-664153.3184004212,124932.23904363165,-539221.0793567896,302.37447146556633,483.95838446052744,211
240000,-664892.9854035638,123297.78358087933,-541595.2018226845,298.41858617553214,485.35004559908737,211
245000,-664756.1262333896,122981.37425775756,-541774.751975632,297.6527782257337,483.9869583820035,211
250000,-665623.6249132226,124063.62044901546,-541560.0044642072,300.2721471138791,484.3964311391355,211
255000,-664996.6122298436,123380.74051637482,-541615.8717134688,298.6193674928035,483.8403832098003,211
260000,-665301.3556801877,124129.45772507798,-541171.8979551097,300.431493586051,481.6960303323347,211
265000,-665711.6471867305,123812.9059299553,-541898.7412567752,299.6653408101589,483.2785468331981,211
270000,-662902.8436730443,123887.76073305064,-539015.0829399937,299.84651247326104,485.40863233008184,211
275000,-664464.123115893,125388.02211514377,-539076.1010007493,303.4776067844114,485.25470037881195,211
280000,-664215.4339200049,124436.3690724987,-539779.0648475061,301.17431351126436,485.6570199385318,211
285000,-665032.7002656413,123536.69991997612,-541496.0003456653,298.99683725237105,483.90161373027246,211
290000,-664051.5802403716,124087.43890754163,-539964.1413328301,300.32979511461224,485.07432411701626,211
295000,-663657.2331016613,123830.92908795987,-539826.3040137014,299.70896239989014,485.4625714417999,211
300000,-664816.2884179186,124399.3550907633,-540416.9333271553,301.0847282829057,484.4465585305776,211
305000,-664931.1459003314,123695.67252148205,-541235.4733788494,299.381599878302,483.87253448060557,211
310000,-665258.5986110349,123925.51211026352,-541333.0865007713,299.93788242563863,484.6238861792167,211
315000,-664986.4246984175,123482.10957538942,-541504.3151230281,298.86471181607146,483.6454133912305,211
320000,-665672.6122164284,123480.28712262533,-542192.325093803,298.8603009194484,483.58045413621204,211
325000,-664199.4955477882,123766.96024909522,-540432.535298693,299.5541381208247,485.5355253666908,211
330000,-665866.7452332755,123981.3131078548,-541885.4321254207,300.072938014837,486.2099555717111,211
335000,-663526.2389496337,124149.86458858114,-539376.3743610525,300.4808844767712,486.6991211895213,211
340000,-665303.3565652845,124180.42144043444,-541122.9351248501,300.5548414633707,485.93078387053947,211
345000,-664299.7112404266,124590.59815728542,-539709.1130831412,301.5475953667245,484.3091113041515,211
350000,-663471.2038911646,124589.33249093138,-538881.8714002332,301.54453206458743,484.12415132935433,211
355000,-664345.6485979748,123004.54845694575,-541341.1001410291,297.7088669205719,484.8401702884079,211
360000,-663422.1932998672,124813.68219019065,-538608.5111096766,302.0875273895435,484.0141624788939,211
365000,-664724.931092286,122896.48927920638,-541828.4418130796,297.4473304508338,484.94726493092764,211
370000,-663053.0425824183,123938.45993783709,-539114.5826445812,299.96922015358746,485.75306636298956,211
375000,-663384.668416027,123834.0654347726,-539550.6029812543,299.7165533245153,484.31548793926277,211
380000,-666336.3065976147,124146.60512550315,-542189.7014721115,300.4729955728901,484.2204788690947,211
385000,-664842.130165725,124380.34756471461,-540461.7826010104,301.0387242195283,484.91754655856863,211
390000,-664893.1622096626,123834.89307370008,-541058.2691359625,299.71855646545936,484.987410443118,211
395000,-664211.0787026277,123868.59742980893,-540342.4812728188,299.80013138112975,485.8600213626162,210
400000,-665068.8972961009,123506.39250691177,-541562.5047891891,298.9234839844158,485.13900199487944,211
405000,-664810.2026008014,123460.87122693844,-541349.3313738629,298.8133084758541,485.654222880188,211
410000,-664669.9478223161,124268.12687903875,-540401.8209432773,300.7671156197105,484.87013322500746,210
415000,-664721.2552862335,124091.20441638207,-540630.0508698514,300.3389088049946,485.57148437914935,210
420000,-664281.7535769339,123386.1903863782,-540895.5631905557,298.632557855631,485.4969130787543,210
425000,-665500.2069007535,124064.82484337898,-541435.3820573746,300.27506211894024,485.5038973932814,211
430000,-665439.8132560104,123932.1655823089,-541507.6476737015,299.9539858758652,484.8529059209901,210
435000,-664513.5705849119,124518.33302365197,-539995.2375612599,301.37269150079624,485.44948342052743,210
440000,-665075.9981603329,124260.2793871373,-540815.7187731956,300.74812227392414,484.8626206377838,210
445000,-663568.4689830886,124057.30010187608,-539511.1688812126,300.2568499284578,485.76409099504605,210
450000,-664864.0645099664,123506.95522560581,-541357.1092843607,298.9248459368549,483.66177606250255,210
455000,-664777.5070467838,123682.08401798984,-541095.423028794,299.34871151743596,484.1162426335547,210
460000,-665155.1882414203,123878.62038751406,-541276.5678539062,299.8243900237493,486.18099235811013,210
465000,-664419.6100193337,124132.53288167116,-540287.0771376626,300.43893641151107,483.09879074125973,210
470000,-665354.5477891997,124383.87858563615,-540970.6692035636,301.0472703769738,484.0729894392171,210
475000,-664045.2373924786,123631.90641821662,-540413.330974262,299.22726628178674,485.34974817552273,210
480000,-664594.2286526067,123852.86029151146,-540741.3683610952,299.7620426627053,486.70066959126217,210
485000,-664488.1651270431,123769.64027360163,-540718.5248534415,299.5606246050168,486.0719453141195,210
490000,-665033.2494660588,123308.97387895151,-541724.2755871073,298.4456701411363,484.9370574466501,210
495000,-665119.3710295833,125025.77863175608,-540093.5923978272,302.6008660594417,484.84428426285945,210
500000,-664648.1077265437,124457.97771512752,-540190.1300114162,301.2266130773651,484.9208961751323,210
505000,-665653.5034582731,124807.55480999831,-540845.9486482749,302.07269724352744,483.633718455355,210
510000,-664273.7790698893,123825.33318204572,-540448.4458878436,299.6954185852102,485.90492701584213,210
515000,-665583.3932349854,124458.1367732333,-541125.2564617521,301.2269980469377,487.353478751609,210
520000,-663205.0977987954,122978.90765160759,-540226.1901471878,297.6468082796524,485.6699152037711,210
525000,-665389.7302910024,122396.41577827331,-542993.3145127292,296.2369986606082,485.91223824357854,210
530000,-663542.3194217505,123184.37506351375,-540357.9443582367,298.1441026574217,484.9639370899367,210
535000,-665729.6331946854,123438.94736429298,-542290.6858303924,298.7602459802913,484.2835086763145,210
540000,-664051.5312595875,123488.83394652093,-540562.6973130666,298.8809868639085,485.0816405288787,210
545000,-663729.9659056845,124042.85390496848,-539687.112000716,300.2218856855365,485.01672380074933,210
550000,-664933.440727835,124123.69128870434,-540809.7494391308,300.4175370351714,484.312165647397,210
555000,-663858.00021835,123562.73251405644,-540295.2677042936,299.0598441426355,483.33741128873874,210
560000,-666018.952514912,123934.09424085272,-542084.8582740593,299.9586538231644,483.9756154382509,210
565000,-665541.0074692704,124604.40489917167,-540936.6025700987,301.58101193167585,483.74451196898343,210
570000,-665627.3933431227,123123.85545330774,-542503.5378898149,297.99762657335054,484.7290599113051,210
575000,-665075.8869582885,123626.96667841962,-541448.9202798689,299.21531059107207,483.7995587453382,210
580000,-664677.9006029442,124430.9418492117,-540246.9587537325,301.161177960461,483.9833346093558,210
585000,-664645.7448984212,124306.9687188355,-540338.7761795857,300.8611248271754,484.9750638927202,210
590000,-663681.945257592,124678.02979884902,-539003.915458743,301.75920684995367,486.0299333164938,210
595000,-665105.7234356324,125079.86448389228,-540025.8589517402,302.7317704687331,485.57625173458683,210
600000,-665906.7686838922,123399.19826613506,-542507.5704177571,298.6640409283469,485.64432857901966,210
605000,-664741.7216363321,122970.67321568623,-541771.0484206459,297.62687841024,486.1009679230144,210
610000,-664747.3836056488,124285.30763130661,-540462.0759743422,300.8086983282743,485.6645536204941,210
615000,-662973.5828256551,123871.03888956178,-539102.5439360933,299.8060404651903,485.2980974137738,210
620000,-665008.4883347522,123829.43429551489,-541179.0540392373,299.70534454209013,484.6776070113958,210
625000,-663794.4115463514,124527.53062468627,-539266.8809216651,301.3949525262353,483.53602202050115,210
630000,-665414.6716931541,123957.92461971263,-541456.7470734415,300.0163306747741,482.86752911809896,210
635000,-665705.386552183,123637.16885697498,-542068.217695208,299.24000300331164,483.28012359017566,210
640000,-665920.440710729,123700.51319540292,-542219.9275153261,299.39331579910487,484.42387032760803,210
645000,-665738.3404547861,124273.17029356142,-541465.1701612247,300.77932223517143,485.0354587821799,210
650000,-665973.716040635,123389.81358579424,-542583.9024548407,298.6413271134048,483.49083169103665,210
655000,-665235.7444785065,124148.6173709181,-541087.1271075883,300.4778658261447,483.85788308978294,210
660000,-665059.0839128932,125329.4856811664,-539729.5982317268,303.3359305972169,483.3620761553875,210
665000,-664918.4750284911,123288.38564986008,-541630.089378631,298.39584028986985,483.93509743486356,210
670000,-666092.2789347144,124293.39505761684,-541798.8838770975,300.82827238917963,484.82072134964505,210
675000,-664350.458936817,124063.84978644262,-540286.6091503744,300.27270218104076,484.6447116021236,210
680000,-665348.4285344812,124067.97014088099,-541280.4583936002,300.28267470698836,485.13433469187197,210
685000,-663636.221057931,124574.2263553981,-539061.9947025329,301.50797056706904,484.2704275795297,210
690000,-663699.7047254546,124337.938861987,-539361.7658634676,300.9360821059237,485.54163471105244,210
695000,-665078.4877909869,122761.58035696193,-542316.907434025,297.12080933529205,484.64040929931696,210
700000,-662415.1986446576,125288.5975006643,-537126.6011439933,303.23696861540043,486.70518205280246,210
705000,-664942.626926084,124360.71956339234,-540581.9073626917,300.9912184150124,485.29150410561965,210
710000,-665179.2484373227,123665.06331031956,-541514.1851270031,299.3075161660586,484.97453550089074,210
715000,-664600.0690580588,124456.37857094302,-540143.6904871158,301.22274265623696,485.30015579797316,210
720000,-665468.7879665815,124371.97799585061,-541096.8099707309,301.0184672868021,483.77712194722375,210
725000,-664911.9526113444,123690.81455614709,-541221.1380551973,299.3698421069549,483.45572780366234,210
730000,-663886.3177206311,123940.38722625282,-539945.9304943783,299.97388478475494,484.0700245613159,210
735000,-664847.3899298892,124235.2419419671,-540612.1479879222,300.6875239503197,486.18824176567057,210
740000,-664053.0767685613,124560.91263503065,-539492.1641335306,301.47574726594064,484.4036025684643,210
745000,-664966.9511964507,123155.11842679066,-541811.83276966,298.0732925916314,483.0482483664454,210
750000,-665486.0062514297,123769.6668474793,-541716.3394039504,299.56068892197993,486.4335114139732,210
755000,-663549.7049125,124451.22103369371,-539098.4838788062,301.2102598286516,485.7287522932475,210
760000,-663632.379089776,124075.43759573973,-539556.9414940362,300.30074824615957,487.28023364060385,210
765000,-665960.3202804299,123630.30980021972,-542330.0104802102,299.22340197481014,485.4869323580735,210
770000,-663191.0682856794,124390.67498278373,-538800.3933028957,301.06371974993874,486.49930675599364,210
775000,-664072.3552498422,123645.51057105651,-540426.8446787857,299.2601925188909,486.08092621516226,210
780000,-664196.6119120619,123503.97029860562,-540692.6416134563,298.9176214947817,486.1924460918761,210
785000,-663887.6119895112,123882.85483988572,-540004.7571496255,299.83463870181373,486.19243446980175,210
790000,-663355.1921126228,123595.13879981003,-539760.0533128127,299.13827732851223,486.7813647103559,210
795000,-663992.4986200286,123695.45390588793,-540297.0447141407,299.3810707612764,485.1612168064186,210
800000,-664888.8421392008,124559.25118476892,-540329.5909544318,301.4717260449283,485.25933087974914,210
805000,-664712.378555309,123177.0531328907,-541535.3254224183,298.1263813316918,483.17013337869844,210
810000,-663995.0114546232,124391.72653945006,-539603.2849151732,301.0662648407306,483.37282327422935,210
815000,-664341.2430679263,124610.8779274539,-539730.3651404723,301.59667865245666,483.41263495373175,210
820000,-663875.798700491,123223.81474269275,-540651.9839577982,298.23955882020084,484.66860503949675,210
825000,-664300.803412585,124936.34408436151,-539364.4593282235,302.3844069276259,483.7748270987701,210
830000,-664887.0987841147,123184.19109944603,-541702.9076846687,298.1436574077553,484.51206600224003,210
835000,-663792.5595111963,124674.56078353664,-539117.9987276597,301.7508107651671,484.03406016700706,210
840000,-664606.08465329,123279.16560223041,-541326.9190510595,298.3735249367612,484.9616629879862,210
845000,-664023.2091928646,124025.84457269043,-539997.3646201742,300.1807178661095,485.27920515209365,210
850000,-665187.7302873293,124188.66623483947,-540999.0640524898,300.57479640350186,485.38819886078886,210
855000,-664360.7447213768,123707.51949220989,-540653.2252291669,299.4102731938507,484.63937595447044,210
860000,-664327.771837519,123146.3684445147,-541181.4033930043,298.05211494136046,484.4490287654039,210
865000,-663302.5707334108,123021.81023202438,-540280.7605013864,297.75064572927585,484.926418438836,210
870000,-664166.498831023,124367.75310927333,-539798.7457217497,301.0082417609043,485.5724505788974,210
875000,-665041.6906674043,123540.80550933054,-541500.8851580737,299.00677404227093,485.8807075297466,210
880000,-664674.2440759717,124040.66488682732,-540633.5791891443,300.2165875878755,484.37868206284895,210
885000,-664339.8617234649,123463.99157193408,-540875.8701515308,298.82086067115677,484.212273775568,210
890000,-664173.6455303002,123394.68917352933,-540778.9563567708,298.65312753638426,485.21398275573,210
895000,-664613.2013188978,124606.14950245016,-540007.0518164476,301.58523440858244,485.4299261438555,210
900000,-663686.9374080952,124229.07918943383,-539457.8582186614,300.6726081923514,486.40630155533535,210
905000,-663371.5545663354,123110.51450170192,-540261.0400646335,297.9653373642438,486.20105155892236,210
910000,-665659.1211315282,123626.73583894316,-542032.385292585,299.2147518884888,485.03087734854586,210
915000,-664668.0520888786,122951.21590949525,-541716.8361793833,297.5797857404802,484.8918842058104,210
920000,-663997.5268484922,123487.86679322633,-540509.6600552659,298.8786460552548,484.48553145131734,210
925000,-664678.8765473189,125359.70698884441,-539319.1695584744,303.40907546363474,485.70304719171537,210
930000,-664516.5816378905,124815.85517226771,-539700.7264656229,302.0927866749936,484.4028772437052,210
935000,-664123.8531840974,124221.88208178838,-539901.9711023091,300.6551889766466,485.55683174367357,210
940000,-663828.8946655425,124137.2910597825,-539691.60360576,300.4504526670634,485.1020451716744,210
945000,-664249.6354285693,123840.40125520166,-540409.2341733676,299.7318879600602,485.55200582077657,210
950000,-665246.3769699344,123392.93826578383,-541853.4387041506,298.6488898007271,484.8060934942768,210
955000,-665831.0822892701,123316.97980244225,-542514.1024868279,298.46504694013265,484.40278021573215,210
960000,-663227.1789357173,125189.80691128678,-538037.3720244305,302.99786498228326,485.80754280602656,210
965000,-665366.7591020875,124270.75410867408,-541096.0049934133,300.77347432406486,484.5626923300253,210
970000,-664052.3092211173,123337.24279536057,-540715.0664257568,298.5140896197555,485.75057407896844,210
975000,-663889.1400967445,123600.70626628387,-540288.4338304606,299.1517523109933,485.14007765806133,210
980000,-663736.0395091954,122898.26391227671,-540837.7755969187,297.45162560907954,486.3158874147994,210
985000,-664167.071202606,124234.75498449616,-539932.3162181098,300.68634536335907,484.2555188829673,210
990000,-665737.8440688807,124435.8314077775,-541302.0126611032,301.1730121971508,485.25904242205036,210
995000,-664542.0797405355,123565.64788070146,-540976.431859834,299.06690022723916,484.5149039840155,210
1000000,-666089.4265078669,124714.49903627438,-541374.9274715926,301.84747362941476,486.37039326139046,210
1005000,-664106.5228809044,124340.43929709855,-539766.0835838058,300.9421339285043,484.97088587175875,210
1010000,-663749.9376705489,124803.775366168,-538946.1623043809,302.06354982618046,487.4975992705261,210
1015000,-664741.913267103,124869.67305782117,-539872.2402092819,302.2230425226771,485.88481398987767,210
1020000,-664407.7982441289,122969.36537153489,-541438.4328725941,297.6237130248515,485.9395262981621,210
1025000,-664554.2756764945,123975.95827976952,-540578.317396725,300.0599776827044,485.04513341335553,210
1030000,-666710.7959219017,124791.74417907,-541919.0517428317,302.03443065031587,484.2220679057475,210
1035000,-664810.340432106,124464.70773674286,-540345.6326953631,301.24290180111217,484.1038367678421,210
1040000,-664724.5113463728,123234.73707082681,-541489.774275546,298.26599421607625,483.52120965960864,210
1045000,-665418.5248683728,123887.79696733312,-541530.7279010396,299.8466001713772,485.6434026273494,210
1050000,-664310.5612527765,124545.44972782739,-539765.1115249491,301.43832227116985,484.1825775712685,210
1055000,-664618.3788763839,124104.98861355684,-540513.390262827,300.3722708048051,484.88042328764084,210
1060000,-664589.5276194145,124548.9687522442,-540040.5588671702,301.4468393933815,485.30635136744826,210
1065000,-666164.7236764994,123582.9944358202,-542581.7292406792,299.1088842297347,484.4562041894701,210
1070000,-665352.4750927365,124117.14763456181,-541235.3274581747,300.40169937807065,483.5636979756471,210
1075000,-663743.6548268562,123225.43105426023,-540518.223772596,298.24347079167984,485.3620953963023,210
1080000,-666185.1842007139,123967.95285627246,-542217.2313444414,300.04060209384676,484.38760021174886,210
1085000,-664185.6496316986,123938.09040638863,-540247.55922531,299.9683257737438,484.5790100892361,210
1090000,-665726.6438325136,124383.59623992874,-541343.0475925849,301.04658701345846,485.3263551779679,210
1095000,-664832.4259897694,123929.38953440712,-540903.0364553623,299.9472669855012,484.7614821346419,210
1100000,-665511.320727827,123844.79860870354,-541666.5221191235,299.74253090899924,484.70260295593675,210
1105000,-665252.6465569157,123749.30052703555,-541503.3460298802,299.5113961579423,486.07473058709996,210
1110000,-663500.757630364,125143.96293796011,-538356.7946924039,302.8869084564846,484.74930343990786,210
1115000,-664427.8489202168,124290.20202245866,-540137.6468977581,300.8205442613103,485.7071846152548,210
1120000,-664455.567261972,125155.0325787859,-539300.5346831861,302.9137003944154,484.25610551402195,210
1125000,-665802.1896784073,123248.71142831189,-542553.4782500954,298.2998164623672,483.71744577185024,210
1130000,-664314.0569501817,123799.03820518492,-540515.0187449967,299.631776647858,484.667374839755,210
1135000,-664930.804049456,123836.3066579625,-541094.4973914935,299.7219777744625,483.1811754301223,210
1140000,-665938.0390079124,124045.10475979245,-541892.93424812,300.2273334470027,485.1551819473623,210
1145000,-664792.6904492453,124212.34458010836,-540580.345869137,300.6321052870268,485.6560423177664,210
1150000,-663777.7895131591,123625.16028900538,-540152.6292241537,299.21093857269983,485.1924644816125,210
1155000,-665229.67230298,124538.18408317998,-540691.4882197999,301.4207371748254,484.87394189140684,210
1160000,-663952.937489978,123940.9865642814,-540011.9509256966,299.97533536725473,484.4243501250546,210
1165000,-663334.4487711787,123594.75096434676,-539739.6978068319,299.1373386473189,484.1249131140676,210
1170000,-663421.9521745108,123957.78706830458,-539464.1651062062,300.0159977580296,484.38492306146446,210
1175000,-664488.3798910319,124315.4483474975,-540172.9315435344,300.8816481384881,485.3284398024315,210
1180000,-665515.290342696,123080.9359484707,-542434.3543942253,297.89374816142094,483.851066729508,210
1185000,-664712.6806701324,123796.26677538245,-540916.41389475,299.6250689347157,485.88220580447285,210
1190000,-664691.8787067896,123835.1157254288,-540856.7629813608,299.719095351173,484.80583434571815,210
1195000,-664180.8842141759,123220.81191928993,-540960.072294886,298.232291063325,483.5029748152979,210
1200000,-663475.0297835851,124400.24538735452,-539074.7843962306,301.08688307468145,484.74599884982155,210
1205000,-665010.4947277242,123623.89322482026,-541386.601502904,299.2078718873813,483.37530430079977,210
1210000,-665142.3900127257,123915.08812975069,-541227.301882975,299.91265318439343,483.0202814495701,210
1215000,-664982.782702236,124381.69029131474,-540601.0924109212,301.0419740311794,483.0732079735024,210
1220000,-665660.4616825506,123784.84273299231,-541875.6189495584,299.5974192359177,482.7876158959474,210
1225000,-666534.5135292979,124125.75193413597,-542408.7615951619,300.4225244313634,483.9665430765902,210
1230000,-663637.6090250816,124196.59576211084,-539441.0132629708,300.5939883001332,485.0700245584537,210
1235000,-665804.8391222083,123975.44955976761,-541829.3895624407,300.05874642372055,486.98497208795055,210
1240000,-664468.6669379221,124192.72600441135,-540275.9409335108,300.58462229542505,485.0613743756841,210
1245000,-665248.2524144584,123798.87713420688,-541449.3752802515,299.63138680651497,483.9310259956314,210
1250000,-663500.9143645624,124018.6275867715,-539482.2867777909,300.16325053886465,485.92211998349694,210
1255000,-664472.3017436629,123978.09791168116,-540494.2038319818,300.0651562504894,485.78914407745236,210
1260000,-664206.5528825792,122919.68303221127,-541286.8698503679,297.50346647192686,484.40716060423455,210
1265000,-663302.6663805423,124593.89255678072,-538708.7738237616,301.5555688274886,484.9867876592614,210
1270000,-664291.3912038114,124468.83454302908,-539822.5566607823,301.2528899425174,484.3567694310644,210
1275000,-663780.0747014922,123524.83544433056,-540255.2392571616,298.9681215695336,485.37407829084805,210
1280000,-662857.562336761,124468.67107555657,-538388.8912612045,301.25249430092015,485.5255302669222,210
1285000,-664504.6712442744,123526.95457746103,-540977.7166668134,298.9732505239588,483.6459263048333,210
1290000,-664014.2146843555,124028.29446567556,-539985.9202186799,300.1866473611878,485.9145774936832,210
1295000,-666099.9908528593,124655.1504543525,-541444.8403985068,301.7038317942228,483.93274483649316,210
1300000,-665346.9755938035,123843.3716149297,-541503.6039788737,299.7390771448511,484.12092229677654,210
1305000,-665644.7518126033,124666.29786317621,-540978.4539494271,301.7308119546449,484.7501712812091,210
1310000,-665045.4262843626,123110.56928814019,-541934.8569962224,297.9654699642872,485.5458912078711,210
1315000,-663362.051859593,124555.28204247635,-538806.7698171167,301.4621194989153,484.44455593793947,210
1320000,-663970.437039006,123223.07042496616,-540747.3666140399,298.23775734220845,484.38717745356934,210
1325000,-665823.9859875725,123972.74948445673,-541851.2365031157,300.05221141041017,483.1542123962105,210
1330000,-663418.7046444933,124222.1025903576,-539196.6020541356,300.6557226752546,485.31726236943854,210
1335000,-664896.0388262603,124112.73032610171,-540783.3085001586,300.39100813199076,485.1552090898781,210
1340000,-663380.0633945777,124223.59635279418,-539156.4670417835,300.6593380401173,485.0021656967024,210
1345000,-664044.8906151317,123755.21534974768,-540289.675265384,299.525711849433,485.4390069862314,210
1350000,-663449.6351074176,123760.4659149875,-539689.1691924301,299.5384198333884,487.6564480540741,210
1355000,-662587.260700841,124019.88104232043,-538567.3796585206,300.16628428709504,488.12858179649055,210
1360000,-663794.588095516,124158.72071347281,-539635.8673820432,300.5023190248419,485.5590900344266,210
1365000,-665080.7749153725,123322.89833190653,-541757.876583466,298.4793716031044,485.5685463624543,210
1370000,-664689.1350797876,122926.2200207169,-541762.9150590707,297.5192879961347,485.4398350504452,210
1375000,-664350.7415224118,124163.24074175558,-540187.5007806562,300.5132588845088,482.8201942790066,210
1380000,-663658.7940210849,124292.33845672876,-539366.4555643562,300.8257150898185,483.18266171148457,210
1385000,-664974.8177318,123504.75918192943,-541470.0585498706,298.91953083523623,484.2188216018135,210
1390000,-665188.3454068648,124144.18434494501,-541044.1610619198,300.4671365388457,486.0074179803055,210
1395000,-666495.6166039719,124429.98839038529,-542065.6282135866,301.15887029663537,483.13485704136576,210
1400000,-664856.1846913458,124807.3740909351,-540048.8106004107,302.0722598477708,485.28286808477435,210
1405000,-664718.5119662345,123854.83651864599,-540863.6754475886,299.7668257406351,484.59953219297705,210
1410000,-664932.4766915813,123445.67494472355,-541486.8017468578,298.7765287956199,485.01511309007236,210
1415000,-665251.2749407026,124581.20005234542,-540670.0748883572,301.5248490601205,484.4858157282175,210
1420000,-665173.49859044,123906.186483662,-541267.312106778,299.891108461015,483.5231028498997,210
1425000,-663326.3795026476,123598.06396530115,-539728.3155373464,299.1453571293394,484.8057155992828,210
1430000,-666056.2768174377,123667.0417685993,-542389.2350488384,299.31230464404655,483.55601998179475,210
1435000,-665012.7425034982,123374.8268313916,-541637.9156721067,298.605054554967,482.8940533052068,210
1440000,-664650.3486575047,122611.73086379921,-542038.6177937054,296.7581274395595,484.5493439324769,210
1445000,-663320.6741952002,124610.49967706262,-538710.1745181376,301.5957631700878,485.50879135547734,210
1450000,-663278.1779486057,125548.30567659461,-537729.8722720111,303.8655423369103,485.4334221295032,210
1455000,-663309.3127784198,124006.19107350489,-539303.121704915,300.13315034891644,486.1998192108789,210
1460000,-665126.3702248493,123475.47207651523,-541650.8981483341,298.84864702583553,485.55428129901145,210
1465000,-664397.5528810984,124979.36283608642,-539418.1900450119,302.48852554757144,485.56436061779084,210
1470000,-664727.4149626927,124408.73865360394,-540318.6763090887,301.1074393931533,485.02433151118925,210
1475000,-664907.8057069173,123650.99898354319,-541256.8067233742,299.27347616639094,484.5557457037153,210
1480000,-662621.1965620276,124482.15420389551,-538139.0423581321,301.28512762148176,486.4800340311456,210
1485000,-664343.7259560381,123838.95341905614,-540504.772536982,299.7283837509575,485.57587448025333,210
1490000,-663945.718723481,123854.37793187558,-540091.3407916054,299.765715819502,486.77736183111114,210
1495000,-665320.1638168423,124051.72473337932,-541268.4390834629,300.2433558206491,485.69746583485266,210
1500000,-665709.8934273305,124510.03614926653,-541199.857278064,301.3526105110828,484.95288809570405,210
1505000,-665562.0472482601,124143.15554344299,-541418.8917048171,300.46464652255526,485.22867212719353,210
1510000,-664961.415613825,123960.0586080731,-541001.3570057519,300.0214955834282,484.4276090555005,210
1515000,-665000.756702614,124381.89860561595,-540618.8580969981,301.04247821590553,484.1906959803571,210
1520000,-664944.5317802876,123435.60742297868,-541508.924357309,298.7521622943079,484.9322334221165,210
1525000,-664746.4224184011,123607.04735096893,-541139.3750674322,299.1670996876579,484.6501567923468,210
1530000,-664424.1112087374,124187.57147072104,-540236.5397380163,300.572146737377,484.1007457699788,210
1535000,-664947.2119349628,123684.60600606486,-541262.6059288979,299.354815504822,483.6398841205674,210
1540000,-665613.5784861511,124607.12528075883,-541006.4532053922,301.5875960924249,482.9183341963194,210
1545000,-664803.4799586846,123376.17999484955,-541427.2999638352,298.6083296270263,483.7114627598842,210
1550000,-664935.8744228655,123690.07184739888,-541245.8025754666,299.3680445231854,482.8005276957919,210
1555000,-663807.5963272513,124324.80975684559,-539482.7865704057,300.9043056304651,483.32315846497244,210
1560000,-665144.8839700455,124489.12819411326,-540655.7557759322,301.302006824338,484.7304579875375,210
1565000,-664319.4745962787,124673.15775142435,-539646.3168448544,301.74741499561515,484.3443501709764,210
1570000,-665024.034105048,123463.14427853544,-541560.8898265127,298.81880996034306,484.89456846051496,210
1575000,-664088.0928495438,123569.05026161787,-540519.0425879259,299.075135036278,485.82044081661473,210
1580000,-665492.4552597199,124148.48844323185,-541343.966816488,300.4775537814612,485.4293366372004,210
1585000,-665544.2941378462,124442.92061993625,-541101.37351791,301.1901702725685,483.77620506554416,210
1590000,-664430.158325464,123447.82797462563,-540982.3303508384,298.78173979066554,484.1681314352372,210
1595000,-665449.7123654457,124316.02526874514,-541133.6870967005,300.8830444654784,483.86265586426947,210
1600000,-665816.7740053362,124284.9702411833,-541531.8037641529,300.8078817403304,485.34427313129714,210
1605000,-664502.4807073688,123766.63149358326,-540735.8492137855,299.5533424312979,485.2386179269473,210
1610000,-665563.849614617,124584.6755385467,-540979.1740760703,301.53326080644996,484.5492012770819,210
1615000,-666165.7570538209,124158.72581501643,-542007.0312388045,300.5023313721476,484.04186232411695,210
1620000,-664282.9096470536,124212.61669066874,-540070.2929563848,300.632763878336,486.89909478916974,210
1625000,-665609.2385789137,124055.87591880764,-541553.362660106,300.2534029670819,485.9484705279197,210
1630000,-664321.4189676824,124311.43572340504,-540009.9832442773,300.87193635313605,485.21047990307653,210
1635000,-663577.3870967329,123202.34745495179,-540375.039641781,298.1876013764365,486.18866690290605,210
1640000,-663631.4419372845,123438.71312649909,-540192.7288107855,298.75967905273393,485.169686737766,210
1645000,-664700.2001055856,123679.12534342834,-541021.0747621573,299.3415506143447,484.86979245839484,210
1650000,-663131.9463160965,125898.40635734156,-537233.5399587549,304.7128937420478,486.17978073019265,210
1655000,-662938.412959645,122883.07676027808,-540055.336199367,297.4148680267789,484.42800445649107,210
1660000,-665479.3988275747,123400.13511094177,-542079.263716633,298.6663083811312,484.28118119712684,210
1665000,-664516.7772271615,124098.8619789851,-540417.9152481763,300.35744246342045,484.1504379302981,210
1670000,-663550.428765513,124328.53695396404,-539221.891811549,300.91332659468833,484.425649819242,210
1675000,-664436.770467096,123320.15455390507,-541116.6159131909,298.4727308158316,485.94369022716495,210
1680000,-665070.6805141075,124209.32287016232,-540861.3576439451,300.6247918189032,484.83540759668654,210
1685000,-665788.9756968482,124483.77381012104,-541305.2018867272,301.28904756704725,484.716776481549,210
1690000,-664083.527121901,123878.33767730801,-540205.189444593,299.8237057780351,485.34380708950084,210
1695000,-664502.3237308222,123657.81108965352,-540844.5126411687,299.28996355988073,484.2923620686145,210
1700000,-666186.3960277159,124459.13661100366,-541727.2594167122,301.22941796208266,484.3188216685356,210
1705000,-665833.257892447,124024.4248536047,-541808.8330388423,300.17728170894577,484.4138624382975,210
1710000,-666132.3940905184,123342.7276006133,-542789.6664899051,298.52736453663914,486.03760645000597,210
1715000,-664625.1064034761,124077.7737633877,-540547.3326400884,300.30640249091834,486.0432582416125,210
1720000,-665424.2012061025,124308.0448201756,-541116.1563859269,300.8637293236323,485.8042062183671,210
1725000,-664696.2777677556,124075.30289527448,-540620.9748724811,300.30042222957417,485.7927359686005,210
1730000,-662908.6817005789,124324.35904461949,-538584.3226559594,300.90321476815296,486.29454023934136,210
1735000,-664839.7982036015,124015.91333368447,-540823.8848699171,300.15668121097224,486.9911324571183,210
1740000,-664096.5564550813,125883.21805722144,-538213.3383978598,304.67613338093975,486.01325871731655,210
1745000,-663951.4466524292,124135.74094731931,-539815.7057051099,300.44670091779227,486.2172462606576,210
1750000,-664226.9262015941,123936.00953822653,-540290.9166633675,299.9632894323197,484.2771057112307,210
1755000,-665149.0103085982,124262.55986907834,-540886.4504395198,300.7536417421325,483.6698252176305,210
1760000,-664204.6537972479,124489.41603344929,-539715.2377637986,301.30270348412546,484.4666157519202,210
1765000,-664563.3970218338,124353.73940495218,-540209.6576168817,300.9743242831594,484.35590295881593,210
1770000,-666074.4246912212,123670.75251228095,-542403.6721789403,299.3212857858885,483.4598705062911,210
1775000,-664715.5501181595,124492.00936125946,-540223.5407569001,301.30898013562825,483.8496139197367,210
1780000,-666684.2826510123,123183.04646059067,-543501.2361904216,298.1408870294162,482.85110626590296,210
1785000,-664356.3128283131,124608.74756248598,-539747.5652658271,301.5915225135278,484.62922121174995,210
1790000,-664658.7461266331,124447.08742888454,-540211.6586977486,301.20025523272835,485.6477059229231,210
1795000,-665078.8076628149,123287.861896215,-541790.9457665998,298.39457264484224,484.96569273925235,210
1800000,-664615.8401945331,122776.77968172613,-541839.060512807,297.15759637943205,485.44654979983227,210
1805000,-666510.776635326,123748.71697942753,-542762.0596558985,299.50998379312034,482.1499934149528,210
1810000,-664360.8033342962,123078.84349733358,-541281.9598369626,297.88868378563217,482.25675840362976,210
1815000,-664729.2584483111,123676.82060802693,-541052.4378402842,299.3359724452972,485.12239523505616,210
1820000,-665094.1948202518,123499.84734281071,-541594.3474774411,298.9076426727506,485.2813538249987,210
1825000,-664853.518001229,122752.13521662308,-542101.382784606,297.09794918854584,484.26343894201005,210
1830000,-663539.1424642112,123621.3204329504,-539917.8220312608,299.2016449391748,482.87185547453606,210
1835000,-665511.3612967716,124041.74280730006,-541469.6184894715,300.2191964871934,483.5434804276442,210
1840000,-663308.0904876008,123619.30681638152,-539688.7836712193,299.1967713673057,483.6950461598585,210
1845000,-664931.2946158722,123712.3232801198,-541218.9713357524,299.42189983915387,482.66440165262907,210
1850000,-665157.5672604213,124621.86568330915,-540535.7015771122,301.62327240355535,484.1816835021752,210
1855000,-664484.8214184418,124640.82861760113,-539843.9928008406,301.6691685411565,484.40439951318655,210
1860000,-664781.3277336392,123422.30416810047,-541359.0235655387,298.7199643228846,484.701558097303,210
1865000,-665944.5747478618,123460.77632335247,-542483.7984245094,298.8130787799657,482.91888763567914,210
1870000,-664688.7918365458,124361.845136124,-540326.9467004219,300.9939426474638,483.108892686846,210
1875000,-665248.7431555116,124586.53569909709,-540662.2074564145,301.5377629675219,482.19183165825933,210
1880000,-666931.8900675126,124576.61288039305,-542355.2771871196,301.51374669210696,483.0943389443769,210
1885000,-665275.7765065236,123746.2263159302,-541529.5501905933,299.50395562085373,484.0389690306339,210
1890000,-664224.0639684624,124334.21400606073,-539889.8499624017,300.92706680810613,485.0020800005911,210
1895000,-664777.1539045866,123366.21613088842,-541410.9377736981,298.5842140094558,483.5000526839267,210
1900000,-664149.5694649462,123387.18767100232,-540762.3817939438,298.63497159137626,484.2557775633062,210
1905000,-664128.6287555108,123888.92036536243,-540239.7083901484,299.8493191403796,485.66527985498857,210
1910000,-664727.1120460578,123675.95664990449,-541051.1553961533,299.3338814007226,483.76611598639107,210
1915000,-664506.6484594764,124157.47249460516,-540349.1759648713,300.499297950992,485.13882817417704,210
1920000,-664891.805031429,123669.86713320855,-541221.9378982205,299.3191428960219,483.6631836499951,210
1925000,-664429.4949709866,123117.46309195756,-541312.031879029,297.98215509137384,484.11803929406204,210
1930000,-664767.3308931547,124122.41044128744,-540644.9204518673,300.41443699018953,483.5851041911903,210
1935000,-664320.3539426029,124267.75052614734,-540052.6034164556,300.7662047298754,485.0334444266513,210
1940000,-665329.2430802598,123994.09352978319,-541335.1495504766,300.10387056959866,485.4984837140715,210
1945000,-664066.7960860771,123788.96042918693,-540277.8356568902,299.6073853280972,484.7435670402162,210
1950000,-664511.3274922203,123739.75838383025,-540771.56910839,299.4883012344026,485.5232622802062,210
1955000,-665246.8202974959,124028.95795155852,-541217.8623459374,300.1882532012393,485.2625959048897,210
1960000,-663510.2174860691,123523.67573947435,-539986.5417465947,298.96531472683523,484.41988162388185,210
1965000,-663179.4467148911,123831.49410461297,-539347.9526102782,299.71032991409754,485.5428335652461,210
1970000,-664896.8061687662,124359.28035261226,-540537.525816154,300.9877350819489,485.7884811474146,210
1975000,-664631.9067600551,123357.52705651414,-541274.3797035409,298.5631837750539,487.9552929480057,210
1980000,-663215.951649141,124085.29777078133,-539130.6538783597,300.3246129046303,485.54209510882765,210
1985000,-664657.2582875849,124146.40244398013,-540510.8558436048,300.4725050212209,485.57103514575937,210
1990000,-664685.1322415406,123201.7245695932,-541483.4076719474,298.18609380215037,487.1667356411549,210
1995000,-663568.4956877907,124606.01183015485,-538962.4838576359,301.5849011992535,486.17237249974164,210
2000000,-665457.6912469235,123453.40653039576,-542004.2847165278,298.7952416126568,484.9830747156225,210
2005000,-664623.569460819,124457.97893311348,-540165.5905277055,301.226616025266,484.6282323279745,210
2010000,-663353.8666668297,123749.84390084527,-539604.0227659844,299.51271128980716,484.88224558829137,210
2015000,-665360.8582997555,123230.02557738725,-542130.8327223682,298.25459095179866,484.1383744340688,210
2020000,-667063.9126295582,123647.2700243321,-543416.6426052261,299.2644509373612,484.875385629482,210
2025000,-664548.0421823356,124839.08414424723,-539708.9580380884,302.14900793684535,485.9779140632534,210
2030000,-663109.2229699856,124495.14793559932,-538614.0750343862,301.3165764515546,485.6511730579095,210
2035000,-663891.5949912639,123875.68280580523,-540015.9121854587,299.8172801718536,485.8950467343953,210
2040000,-663987.202069289,123365.16081423801,-540622.041255051,298.5816598183452,486.4416502010428,210
2045000,-665110.9537043124,124416.30701621136,-540694.6466881011,301.12575716013487,484.5709498371404,210
2050000,-665001.4264560016,124520.10461228204,-540481.3218437196,301.3769792905595,484.35151940534246,210
2055000,-664397.0033933921,124527.95561253902,-539869.047780853,301.3959811276462,484.9364711502087,210
2060000,-664885.1806183369,124274.82075870087,-540610.359859636,300.7833168688067,486.48242938853963,210
2065000,-663888.1949105733,124164.66814118234,-539723.526769391,300.51671363046177,485.39349001540916,210
2070000,-664333.124068364,124026.18340323161,-540306.9406651324,300.18153794030803,484.84383078841216,210
2075000,-665370.3941054563,123303.00497753854,-542067.3891279178,298.43122356254463,485.1394787117737,210
2080000,-664995.1824030043,124292.68567643827,-540702.496726566,300.8265554683866,484.3134052331404,210
2085000,-665732.8458756455,123474.55451166874,-542258.2913639768,298.8464262364891,482.1397754718836,210
2090000,-665355.4947126885,123429.19435287989,-541926.3003598086,298.7366406907855,482.8567213845559,210
2095000,-664310.1395671437,123611.12946365052,-540699.0101034932,299.17697965678366,483.57639389526724,210
2100000,-664292.7105999626,123716.52306427434,-540576.1875356883,299.43206460946226,485.31637190629783,210
2105000,-664062.8583979313,123850.62257793685,-540212.2358199945,299.75662670710733,483.98961056359053,210
2110000,-663557.1297323299,123756.7828261524,-539800.3469061775,299.529505624787,484.73109008242955,210
2115000,-663864.357958626,123724.19023395202,-540140.167724674,299.4506215199657,483.69245133159745,210
2120000,-665727.1376083065,122735.55840966786,-542991.5791986387,297.05782821352733,483.9852669157935,210
2125000,-664368.858203812,123813.22080187133,-540555.6374019408,299.6661028971103,485.7806858500731,210
2130000,-664984.5287768804,123828.33551005332,-541156.193266827,299.7026851430772,485.90497093288354,210
2135000,-666026.2269145255,123570.10874103673,-542456.1181734888,299.07769688226176,486.3252853391879,210
2140000,-664294.2630052557,122510.55073092016,-541783.7122743356,296.51324037568935,486.09476250651306,210
2145000,-664337.8931124429,124016.34665572667,-540321.5464567163,300.1577299836868,486.26280446591545,210
2150000,-664986.0333077731,124736.1288643157,-540249.9044434574,301.8998244707344,485.5298744609337,210
2155000,-665691.9455974223,125063.08889860747,-540628.8566988148,302.69116838897486,485.0570937479892,210
2160000,-664098.0204481683,124033.82703493908,-540064.1934132292,300.20003788167884,484.2630746618738,210
2165000,-664158.5957056242,124157.05405467493,-540001.5416509493,300.4982851975689,483.65714348378623,210
2170000,-663366.6116945599,124581.30765483313,-538785.3040397267,301.5251094912598,486.1174601660433,210
2175000,-663901.7997870422,125261.724947221,-538640.0748398212,303.1719287649459,487.5561251163407,210
2180000,-664279.6492089196,123166.19801718427,-541113.4511917353,298.10010861057873,485.1387161994837,210
2185000,-665404.1514050807,124276.54664624705,-541127.6047588337,300.78749404788056,484.69057088686424,210
2190000,-666007.2336685052,123813.76998826955,-542193.4636802357,299.66743209722847,484.71558750598246,210
2195000,-664332.3532340862,124090.1710066474,-540242.1822274388,300.33640763536283,484.2879693776519,210
2200000,-664427.9681172422,122951.91141262185,-541476.0567046204,297.5814690721159,483.82464759673974,210
2205000,-665598.1085769762,124138.71860515338,-541459.3899718228,300.4539077662461,484.4361061451779,210
2210000,-663899.5712640854,124515.07769185354,-539384.4935722318,301.3648125958833,484.8890221598066,210
2215000,-664431.8344696821,123609.69295085425,-540822.1415188278,299.1735028536714,486.572010848902,210
2220000,-665791.6555615314,123857.71719070012,-541933.9383708313,299.77379785365014,486.3359986759481,210
2225000,-665727.0274482681,124300.63329840827,-541426.3941498599,300.845791159758,484.8582497310911,210
2230000,-665840.5397109585,123426.17577302107,-542414.3639379374,298.72933479843647,483.14625122346473,210
2235000,-664579.2470365451,123531.72569259291,-541047.5213439522,298.9847980910828,484.4154795863377,210
2240000,-665491.286779183,124054.18577221979,-541437.1010069632,300.2493122921279,483.70302320568857,210
2245000,-663616.900075363,124068.92724204814,-539547.9728333149,300.2849911863997,485.36280597426384,210
2250000,-664559.5346095478,123977.03596841113,-540582.4986411367,300.0625860209197,484.93181106103134,210
2255000,-665180.5296719442,124483.06200744543,-540697.4676644988,301.2873247854861,484.8952301472416,210
2260000,-664138.2102363398,123153.25950338598,-540984.9507329538,298.0687934248328,486.2527291296421,210
2265000,-665208.7968039913,123200.06163629529,-542008.735167696,298.18206899173407,482.99706044484515,210
2270000,-664782.5356707233,123480.1062074257,-541302.4294632976,298.85986304898125,484.4097245001539,210
2275000,-664822.9755166536,123888.21225110359,-540934.76326555,299.84760528592227,483.0446459470525,210
2280000,-664940.2801464549,124406.65850465279,-540533.6216418021,301.10240479244106,484.2244160361524,210
2285000,-664885.7547269263,124116.26026995899,-540769.4944569673,300.39955168260923,483.96785189935144,210
2290000,-664357.7735566399,123342.50735525344,-541015.2662013865,298.5268314750788,485.7559162350762,210
2295000,-663713.5812836005,124551.50541150488,-539162.0758720957,301.45297888955247,484.3284626428598,210
2300000,-665217.3788528387,124338.47798063548,-540878.9008722032,300.9373869389887,483.54087460268784,210
2305000,-664815.8197238827,124120.55623934092,-540695.2634845418,300.40994925077285,484.6654700287454,210
2310000,-664613.654582365,123332.86827203227,-541280.7863103327,298.50350192686346,483.9455708916224,210
2315000,-664380.9952400471,124744.78282251666,-539636.2124175305,301.9207697131885,484.52749712530044,210
2320000,-664518.3203242784,122808.78540517652,-541709.534919102,297.2350600812457,485.823815816711,210
2325000,-665178.8280500458,124415.78142622509,-540763.0466238207,301.12448507059634,485.71031017022193,210
2330000,-665623.8870965964,124038.54017027169,-541585.3469263248,300.21144511984295,486.1511553353851,210
2335000,-664737.4596029422,123691.73173715489,-541045.7278657873,299.3720619672935,485.69060924009136,210
2340000,-664846.6152105532,124736.93981524033,-540109.6753953128,301.9017872215752,482.61699345125277,210
2345000,-663534.6989993313,124847.49230621906,-538687.2066931123,302.1693582767711,485.2059915729206,210
2350000,-665264.6726865936,122955.43946784848,-542309.2332187451,297.5900080516669,483.79425004911616,210
2355000,-665441.5584519561,124749.66258889897,-540691.8958630571,301.93258024978036,485.22699756215263,210
2360000,-665141.1137501542,124314.06135875559,-540827.0523913986,300.8782911988305,485.40562927850294,210
2365000,-664599.997333318,124152.2217492612,-540447.7755840567,300.4865895311291,485.3856494041613,210
2370000,-665670.9108627914,124745.80186623515,-540925.1089965561,301.9232361126394,484.0561697841774,210
2375000,-664171.6146999975,123562.63662435167,-540608.9780756459,299.059612060036,485.1065217036399,210
2380000,-664725.5002956376,123570.86714980926,-541154.6331458284,299.07953246492247,484.7131075818768,210
2385000,-664727.3892798959,123806.40776472923,-540920.9815151667,299.64961325023705,485.17755543734535,210
2390000,-664314.5371245649,124294.58605251485,-540019.95107205,300.83115496341,484.5585154498315,210
2395000,-663690.9631533092,123819.67434852081,-539871.2888047884,299.6817224663436,483.93686292533334,210
2400000,-665108.1737469146,124661.5743893187,-540446.5993575959,301.71937969406844,484.3891572916178,210
2405000,-665315.7074272903,125060.96311485663,-540254.7443124336,302.68602333800135,486.440845354861,210
2410000,-665456.6793314996,123663.05743674329,-541793.6218947563,299.30266133461475,485.6577069760381,210
2415000,-664085.1377380174,124610.36824940238,-539474.769488615,301.5954450746978,486.4888717838436,210
2420000,-665450.059469372,123470.74127027264,-541979.3181990994,298.8371970186304,483.8482241695183,210
2425000,-665406.384223727,123479.47633036945,-541926.9078933576,298.85833855263485,482.9470956838397,210
2430000,-665230.9065565434,124266.87376743276,-540964.0327891107,300.76408270392795,484.5407143670512,210
2435000,-666685.4680012418,124046.09428916872,-542639.3737120731,300.22972841266113,484.7925114844383,210
2440000,-664560.6071056826,123885.07247256802,-540675.5346331146,299.8400060554716,484.3246174593054,210
2445000,-663428.4075476369,124533.86745272594,-538894.5400949109,301.4102896005079,485.2869260846245,210
2450000,-665326.4583328734,123630.69387321675,-541695.7644596567,299.22433154967706,485.3914824841229,210
2455000,-665353.1979974792,123573.43679605122,-541779.761201428,299.08575179974116,485.95455415461623,210
2460000,-665535.6122029279,124485.7646263577,-541049.8475765702,301.2938659550947,485.256331675722,210
2465000,-663315.0390967452,124806.21748116845,-538508.8216155767,302.0694604961418,484.03709644519665,210
2470000,-665320.4552597655,123148.30545032513,-542172.1498094404,298.0568030916141,483.86371195226303,210
2475000,-664757.9228371815,124142.58071427932,-540615.3421229022,300.4632552590522,482.6824122173642,210
2480000,-662710.4592411374,124385.92825956238,-538324.530981575,301.0522312187459,486.0653289125824,210
2485000,-664498.9636660498,123437.25652225153,-541061.7071437982,298.7561536221256,484.7931582844596,210
2490000,-663168.8690085029,124602.54794005718,-538566.3210684457,301.57651751906405,486.867588602995,210
2495000,-663758.1102124462,124665.49028271233,-539092.6199297339,301.7288573613566,486.11768250390816,210
2500000,-665063.0514201368,123272.71940033144,-541790.3320198054,298.3579231440848,485.5645792841473,210
